102
102
105
49
49
49
11
11
11
6
6
6
5
5
5
5
5
3
3
3
3
3
3
3
3
36
36
36
53
53
53
53
53
53
53
24
24
24
24
24
79
79
6
6
6
12
12
12
39
39
8
8
8
8
8
31
31
31
78
78
63
63
8
8
8
8
8
8
8
7
7
7
7
7
7
7
7
7
7
7
7
0
0
0
0
0
0
0
0
0
0
0
0
27
9
9
9
9
9
36
36
36
22
22
22
22
22
22
22
22
22
22
22
22
22
26
26
26
26
26
26
26
57
57
30
30
30
30
30
30
30
30
30
30
30
30
18
9
9
9
9
9
9
3
3
3
3
3
3
3
3
3
3
3
3
3
3
3
3
3
3
3
3
3
3
3
3
5
5
5
5
5
5
5
5
17
17
17
5
5
5
5
5
5
5
5
5
5
5
5
5
5
5
5
5
5
5
5
5
5
5
5
5
5
5
4
4
4
4
4
4
4
4
