169713
198167
102556
141258
167985
103135
172994
199039
173121
151428
120951
149469
150525
119492
125197
201666
103342
170177
103299
134849
153588
158566
153333
156438
165499
169104
128628
98858
116280
156604
183784
103955
164469
168506
89776
130697
140072
182491
140482
144013
98858
155120
157398
207468
162039
123905
149670
144066
162221
166644
157004
168051
148071
93664
116652
140204
123397
142522
158615
94828
109005
176909
175418
166380
146862
128526
129113
99383
147540
115430
135113
130307
99156
202681
164458
157002
116609
101562
157989
160158
150350
126787
161285
232092
117132
195428
136630
78262
165827
157152
131920
159712
117595
167125
85177
132028
147767
168633
134518
100263
176269
156542
106815
121378
131544
114016
91634
143151
155646
170105
148966
165290
115032
154783
140881
121709
152156
167593
122554
167554
131257
151265
116660
119945
137497
139608
123712
180879
105082
139714
183223
155965
138082
141056
165876
156847
108991
145118
137028
158221
128697
152153
157788
155481
183598
130017
140881
151184
106549
164533
163525
146862
166258
131641
142649
177332
172870
166272
133954
171891
102055
145807
157017
170888
114410
150332
184059
161667
128553
159017
97873
162337
137763
114510
140092
132946
100609
169050
124689
166133
161971
175608
119225
193777
128671
104800
162507
107039
67301
171375
136896
161638
110504
126659
128044
107927
148063
137842
136473
163382
152987
160283
154422
171046
83906
147410
166461
152315
129564
130770
157600
167104
140880
179637
117357
107914
147054
117896
146817
149535
116042
171712
146282
134193
168542
102138
132446
134915
131545
205327
106019
160648
149885
165725
204005
137904
132749
154351
171794
160810
145378
141751
166380
126343
118406
119593
148128
131411
139842
119526
168517
130859
157832
116029
104937
131616
167617
202533
138082
104867
95709
180979
99496
152974
150488
173372
106524
126314
145912
167121
149337
175702
100274
135197
136242
121553
164080
150656
126251
132689
140018
151465
106368
157097
130559
120518
159339
142848
152974
159032
134533
170097
136597
113943
155788
128211
163766
131658
157398
136584
155708
127422
136284
144218
170120
113890
159962
163781
208620
175585
135519
141302
134073
161538
144707
129978
162468
125004
105070
187589
137981
155162
117527
178447
76039
135625
189311
121618
99748
85871
121587
123641
134033
151133
121542
130051
132729
148438
48132
110226
141357
142475
145095
141677
140972
104073
136128
179347
156745
167055
152850
108414
116740
119555
142435
120359
137022
187652
129052
150374
132136
153139
124859
148671
149766
149481
166253
155631
165549
136928
114617
80694
113919
141779
195963
146870
107927
144050
211028
133761
168699
146421
95726
163768
123612
113166
186350
112706
119627
142059
121658
174726
130121
172637
140649
136702
139880
194656
129951
102650
128080
146487
159410
154242
150364
148810
131084
127090
150408
107050
152122
111360
161910
125154
169774
179346
129730
137040
121837
153754
101659
160921
153266
134019
130886
155180
208338
148738
157757
129579
177926
149390
97021
146227
133472
108414
139726
164491
140923
77621
184257
140433
144542
156923
191611
150613
167992
142195
107348
141751
149690
127948
136690
186448
168900
153356
124710
175936
117884
139063
128029
120903
135038
81414
134351
136081
166888
137197
162442
145572
113105
174218
136943
114357
116216
168191
110217
120816
107598
118154
203137
159735
139363
144323
132401
129824
138807
153255
120643
126486
144393
164103
167884
147606
156487
102371
110990
141574
123237
158214
109529
147146
147773
158632
122808
115540
98962
115465
147936
187785
142435
127661
168170
121294
165502
183791
161666
110435
154106
141174
132054
110670
141639
109706
118572
113513
142872
94827
158980
102091
100578
131212
123478
135021
172286
144704
151535
154832
135900
140516
124260
139980
162648
136242
139794
138766
112654
146552
80784
169276
136460
194999
134621
149810
151448
125532
165938
137774
196217
174607
103790
187133
145204
142094
171375
123197
124965
143902
134870
156665
120652
214174
182966
143850
149817
147049
100784
95081
169835
162697
148673
141576
159864
161464
156618
134252
163525
140258
149420
164263
118070
170991
151452
168217
160856
138003
168535
159754
109277
231320
68767
135911
156755
112920
133403
135519
160636
157929
131208
190524
143815
136836
124587
149053
136505
109998
190427
121750
96521
148445
118005
153104
144744
143135
114714
114704
148903
116048
125631
181939
141351
176945
139041
184298
150966
163706
147134
124871
164841
166229
135558
86108
154448
170310
129184
164034
187718
132954
125018
142113
136460
94779
133556
174145
123947
136720
136218
130172
104568
133914
125313
67899
136296
121165
140138
202805
183217
160202
100232
154296
170359
146552
99528
137220
122279
121838
159273
142701
140393
141837
147348
101595
147670
132104
147403
136415
130980
119704
122236
131422
152378
141047
132954
124907
76649
139882
138644
182443
138301
126194
160855
81603
108259
140941
138121
186791
165287
144028
155588
124828
137838
147712
161391
189089
131241
122382
149096
119642
142746
119961
170790
140572
145499
149741
115173
93200
111221
134856
158610
142035
139786
180026
147343
195178
125675
167214
139443
144690
152788
195502
161513
171046
133513
162805
122076
122185
153557
124634
100755
163926
158131
111148
154730
128453
118428
119411
67605
112272
148526
175900
102393
135910
55586
142378
101523
115363
123654
195615
201955
141730
155126
140057
84438
132842
127545
109254
156340
144629
130972
130687
125097
167569
155665
139077
111598
110673
139238
152880
154227
148860
145732
151038
99888
100784
134589
138443
97049
162871
101608
120033
134692
160499
132095
170879
159127
196691
155331
121771
155610
132582
146888
122638
97054
161956
119722
161260
131031
155186
108600
133838
199158
144874
128809
60032
141096
172078
136960
106512
174268
196381
103272
188362
135150
129001
146033
170686
151515
140575
139246
172476
156729
132188
108387
183211
146062
162325
162358
123974
113856
109882
174253
133690
115944
97575
181384
112266
142332
107841
145189
203881
128671
183211
114946
136854
172216
108805
152096
147027
127612
149766
148582
174338
168907
171322
127806
132475
147609
170704
147020
143106
128798
136643
108561
146977
118189
131677
147503
152645
113686
162366
168581
165285
124777
224200
140000
157427
116029
93836
124975
138897
131801
144511
136134
103154
170208
133585
95385
137555
86825
101901
125334
105935
130740
149346
78262
127720
126182
162186
93589
123947
159287
139069
135854
159547
93146
130876
162811
120493
165048
169277
166036
77813
100944
119388
157790
131193
157199
134131
151857
137037
139533
148186
105782
136001
87173
133336
141933
126561
168084
133209
138581
202183
130196
147558
93451
119593
168397
117559
135395
125426
151255
177324
141502
124764
116774
151396
122498
135567
73728
185923
174382
168154
126507
131417
161256
127213
143650
128568
151738
166110
128678
114875
135169
108079
144098
136266
166901
142474
129913
122176
174817
156092
160749
121708
117896
166941
139671
168974
142003
84589
143660
82675
142119
146186
100046
138262
115276
147174
174598
170446
92136
157243
142167
110683
147226
153944
103423
150608
134016
156670
151199
143833
127553
130244
136665
139869
143689
191830
146469
189307
176882
106816
162699
145353
182257
116880
120718
187486
111106
204190
141437
138240
146475
94314
160951
136098
157426
154616
120720
136098
150094
175971
152591
87130
110802
143554
166740
144177
115073
97134
105760
167026
113166
133178
139814
128847
155211
161051
150022
102199
137552
128777
152609
189364
135224
123752
162221
73146
126595
155154
158174
136109
109380
92106
145794
107039
138003
108790
128028
162768
115664
152511
128032
97144
104688
142407
133373
180235
126175
129590
176946
175251
155098
159612
124873
117051
142352
133386
157411
137406
153847
95621
135961
144276
106614
153884
153620
151139
155209
157452
149189
125845
131168
146896
107358
160417
134049
169132
140749
86738
99390
129702
122280
145680
122711
118887
128023
192354
159643
123559
172919
143519
149037
174333
111606
150212
108268
151018
140923
142747
113008
131930
173956
135891
120954
159933
125463
115081
147358
140161
139224
147049
103790
139246
148355
156121
126953
143291
114393
187507
108136
140276
146417
144516
160549
196187
120575
136748
167451
116540
139175
163848
126430
166902
132630
135731
127469
165725
148026
145638
137681
105887
134444
182851
116620
165540
144075
164703
141997
138056
199158
149810
125221
126076
135468
156583
145152
159001
55391
132369
166603
179294
165203
194499
201109
158428
120482
157410
197962
183052
160717
166532
134679
154824
152850
130956
144550
128884
179293
147444
146704
153937
211900
205524
111668
170792
110412
145460
126580
152122
143175
161607
150770
110163
149571
139726
151474
183746
130178
132798
77396
167976
191998
146954
167058
108441
68273
151289
139981
108375
153038
157228
143324
159863
139767
230647
114155
163233
143830
144719
141314
146798
127355
149339
159385
134277
109725
142381
156939
132217
177871
153487
151558
140753
117494
110074
152543
112035
185390
95099
102371
106310
148528
157950
130787
110138
167939
121895
83044
137415
166130
177478
161331
161742
164894
135813
149201
117372
169636
171201
170120
138365
118978
148334
141781
174245
111189
107718
167890
132533
128751
166004
138768
136256
132781
136037
123756
91980
75391
161364
189296
111675
138612
167696
155152
152184
146838
186278
201733
145931
105302
158857
133143
163406
144216
154448
117294
158632
182717
110078
105481
140952
106068
128494
123167
86972
154646
141760
178121
195615
174151
137175
142676
152735
125591
161233
148130
145797
140949
153229
169239
153356
117455
152062
75511
93858
127988
183953
117280
124270
130308
154319
164418
160729
106504
136982
125221
140243
166735
112868
161175
81633
148114
138659
152994
133543
132662
142264
160837
146791
85205
109218
162596
92667
116139
191695
133159
141169
147648
107646
203881
172011
155400
132475
163317
198634
156730
221604
171315
168032
165667
134533
110217
112361
150470
84772
131678
181391
139665
123055
159313
129008
126119
161733
151632
138068
163919
105786
125845
112152
115779
137325
124125
143761
155869
170763
169931
168111
190830
123066
143011
171376
102627
135805
160618
129382
122838
118308
111891
147403
159181
164593
189285
145365
124545
120286
190711
145968
130501
127258
135111
185961
137992
180609
142337
145716
121378
91981
168992
148276
165711
121202
110420
116252
140828
118279
131153
155945
140565
183297
169928
187000
153111
138294
130574
134696
159732
140684
135731
134056
133845
153543
183928
139442
86738
203881
100161
185439
125667
158395
133535
149352
188159
176302
171576
133472
133284
138240
141137
167397
98090
134388
172753
147358
130434
142465
155544
149596
124537
138373
163575
76119
135775
96315
145108
149405
138520
163535
147087
149756
147439
129628
138038
135992
175690
148016
164288
109218
145905
140348
113064
162546
154012
155707
140922
150813
130860
134041
166738
128410
187820
141476
143428
152961
129482
89116
135031
131535
132535
128242
133222
150976
126056
145534
151695
195049
147699
149765
126144
140936
135193
131193
132060
110371
105168
91061
85501
148548
133455
188043
119870
206507
155648
124537
112812
155911
135592
116760
108013
141975
150326
122583
94480
119315
93087
164585
121505
162777
139645
130096
134016
165077
173820
163979
158921
142508
140004
138763
112489
173839
185847
144134
158858
140564
159049
166110
167131
150159
189279
155532
134029
158910
120652
158966
130200
175352
81261
140259
109251
133319
128860
137850
134419
147302
164974
198851
161283
173396
95412
155051
156451
115721
161628
150865
121142
133855
161085
156182
87638
124172
134104
168899
102241
126912
164944
100555
139902
164806
131866
72375
165674
192230
165876
182275
124807
126723
118438
171809
134534
136587
147562
160530
205563
159853
136490
131234
109356
134592
176171
139082
156604
111598
181166
158355
135817
173593
98500
137630
141795
119746
150166
146775
151041
168203
101119
120253
163638
112073
148141
170666
161242
118646
200438
125913
126390
139066
144383
178184
169687
117340
162081
106311
182335
180879
166749
134870
165006
179568
132411
148775
121378
147481
125584
124903
184098
153403
154593
173436
120125
106963
149003
138882
115993
95219
90807
182733
78578
106487
88289
181029
131949
168167
128526
126737
81154
113637
134049
120906
118283
160161
155117
131407
146630
153487
106259
101363
136484
139246
168899
160837
145342
108278
153131
125607
105168
113297
146281
145221
142530
128697
103968
177791
145638
160636
137092
160746
161015
152435
145111
142767
137092
125835
132505
157227
116518
133842
145320
157684
154421
138315
146804
158754
174388
162201
159369
131545
106307
160431
156039
148839
141477
167186
110568
171637
133934
158285
121189
124783
148257
133507
172497
136545
134210
145204
157068
114248
161168
119057
144002
138556
173233
139901
206414
132370
142748
117671
164198
162186
135167
160829
140510
141644
97131
151589
135485
162652
137196
142528
139961
203522
149102
134193
108840
119411
186791
137245
146220
88451
169112
107405
174810
168214
197662
135965
155783
143513
158404
124339
126765
124758
111049
135627
90807
172321
160564
134085
190477
134137
152707
131793
147562
110151
133287
104286
158963
132681
168414
166348
186237
151079
127395
147444
134874
148871
189279
121001
140932
139048
136197
128242
78264
153156
146896
171384
150335
137341
146251
140737
173601
172429
141305
128271
138798
155191
113879
149635
112446
147044
170860
151527
165326
155212
55675
126889
90526
159515
153301
133216
148028
147562
112053
145535
143753
137129
117913
115681
151259
121553
130321
112010
147243
82048
132490
136516
169178
104203
151458
138265
152352
109062
122199
153974
158258
124865
121896
144116
153094
176191
125676
159509
142034
112823
117266
121654
126802
131076
173709
119929
134224
86967
160417
166174
75527
166616
144383
144234
172321
132370
186573
102771
107920
129623
72385
148219
159209
131049
96243
119727
173409
161803
177866
123237
154617
149792
124378
90905
78406
97295
98425
159373
125076
74878
138415
136917
155917
149637
132333
147416
191502
108856
117219
167545
167641
173410
119187
152708
97575
149608
172194
203340
160382
202805
160257
143410
83176
127860
142909
146509
147936
142990
113492
104938
172463
132842
172516
143385
102593
124646
136044
113372
152473
161455
116772
121408
74218
128796
178203
127780
172516
128812
144446
127176
123712
167186
110323
165711
138074
117972
146597
151686
146471
134137
146004
128675
140886
183051
111288
145395
155229
119929
150320
111119
129571
139373
109566
128509
119490
140319
153259
99490
171873
103970
176909
198133
160632
107147
127220
110064
149967
169927
154192
135094
168220
123217
128449
122344
122945
156224
140880
125039
153448
164272
120349
154372
163875
172960
85874
173406
109795
140128
88195
139058
178167
171474
156408
143658
147802
109270
128561
161175
149804
139110
141644
113416
158130
104568
169756
112945
98750
156505
145115
117214
208962
124914
103782
137859
177508
128331
159396
138972
166740
162038
152338
123596
140601
157223
145118
195994
150847
81243
163507
125291
122836
116459
178465
167641
147424
132217
132395
164995
133560
151220
148585
158330
142412
163381
143257
161651
135402
166313
145118
132888
118151
203137
119365
110408
176190
112687
122915
108605
114194
93574
176975
135132
145691
100097
123359
126088
155229
193298
140771
147759
153199
144929
131467
131983
114743
130321
154435
131370
145041
159785
146034
140210
105375
143484
139901
54675
160648
154546
137281
134309
130487
173765
142657
130708
169973
99881
171121
131699
99315
150474
170649
157330
169429
126941
116866
169202
139967
139416
146030
140217
140055
141554
71383
129710
142035
161085
150325
170796
147561
134301
140572
120819
126515
120503
155640
164283
146296
144915
150188
146505
109511
130124
75639
176469
128697
127977
141856
124605
85890
122700
151326
167421
170879
136571
124054
163777
127621
157671
102556
155045
141086
158653
147148
147651
139304
151139
136801
143478
132447
108258
159298
137328
127292
163259
113223
141611
140239
123821
114590
142817
144668
157682
172866
171458
110575
161607
153314
133116
97437
132382
197427
100347
131960
144548
97049
101152
167224
170117
166244
157427
177299
151184
114650
163273
133761
119437
186203
157986
102301
113492
160053
76611
100099
147030
178883
156116
102775
103076
153824
153408
162972
116772
79052
187000
144938
130850
115697
176271
137447
138721
109222
136665
121315
146601
99861
119664
79843
178406
132218
165724
170177
224200
128269
129901
116772
114363
94914
101118
130263
119326
114089
121809
178027
132994
106243
167121
154272
142479
144652
134810
176299
162283
126808
88828
149096
122511
145296
144181
129355
147211
173436
112798
166749
183791
110431
172534
130466
158062
146939
160611
143580
97681
106019
108013
136420
113849
151544
178106
93910
125332
137774
178191
165285
148345
122065
80760
164053
117112
199257
154236
163146
122586
158255
155295
146855
124443
171178
104202
122083
156105
132333
111077
113654
135167
182377
148665
134566
133775
155303
167727
148234
152858
120841
153261
173253
145480
140395
161656
166146
162815
152246
123813
144446
145095
168057
130834
150010
167451
156874
137823
113058
134945
121306
154932
98798
131964
149679
103048
66327
112116
153820
179228
165229
121426
147877
164054
155051
159874
150584
136545
156698
133631
141683
99528
178120
188459
132217
142621
155588
139255
90318
130654
154971
146073
133492
145111
162953
118930
167827
139180
124504
123215
166831
167664
147024
144779
138939
154424
136947
133215
105557
159664
99469
130291
151326
93661
135660
143106
81427
89547
175276
153693
146016
122314
118708
148345
126088
144275
113705
89695
128276
131454
179166
153919
146303
141369
142225
157229
169262
181897
174533
151453
157890
125361
150350
160832
142982
159699
166448
171910
105354
146024
147508
129215
155805
130150
152210
55391
130646
211295
148900
128891
125040
136223
155938
124710
68187
129598
93934
158640
149810
126390
145416
133335
171121
143625
114604
175994
120565
126088
161898
106316
168234
91771
132962
164818
86513
145652
121668
152779
145797
136098
119448
119432
129278
106427
166331
155385
100833
179664
138082
190907
128630
166122
99996
171809
149273
121871
126561
132446
150644
145361
155214
96162
173720
118329
139559
135258
116794
93841
143207
147036
36843
130649
86014
159843
117635
167137
89239
176462
137440
163644
162086
149422
128158
173928
118628
134376
176975
86013
140979
117250
139377
169429
182579
162934
110043
127828
101118
155610
150974
111809
145792
150657
120540
56926
105573
122694
123157
199566
99112
164759
144221
186791
100229
151886
54216
132534
166179
154570
123821
159410
160293
128876
140447
186222
156093
144060
194356
128881
167170
151527
171514
137775
132475
148829
154089
164836
155653
153028
156583
138003
141249
194399
131501
122557
125403
202553
84910
159632
172286
117569
140558
142899
165939
119411
139607
152961
141538
130910
115717
164662
168745
132083
169635
187000
105168
93726
136804
138722
143406
124563
165138
143582
110366
135069
136226
161230
107417
132262
107927
108576
127806
138448
156862
127864
62785
118803
176272
145823
159735
144139
134926
124432
143934
141570
147257
137724
158664
158413
164103
135657
124832
126785
97034
140092
146965
162365
66996
84168
122504
143412
145011
167548
149869
132841
137125
138185
106105
140342
110959
122277
133301
159225
97939
144400
144744
155193
168170
131310
151666
155841
99930
94208
143313
156603
121128
131777
167954
138793
105783
151535
125791
141720
173915
114235
160737
163682
152585
131281
152313
132699
156906
128641
68518
141189
137971
165987
50288
120163
159091
148587
102293
147174
96686
106255
130853
164636
81572
183088
141357
132963
122997
134616
173021
172563
108557
142372
163799
111675
120643
132078
168553
75559
161356
147609
156847
142094
146239
182941
132738
157112
81414
182270
147669
150558
198851
130969
89847
141278
116261
141364
100732
134017
135636
151746
123867
131801
141320
150565
116442
166372
126294
97295
147444
138034
162481
118384
169520
122927
137033
151797
168581
155173
91812
114856
188541
148665
152889
153844
115530
164944
131196
156566
166723
152184
155780
159907
142348
132386
130866
123397
144218
125431
166943
162812
140923
133560
140407
152705
117130
64999
151495
167332
122440
149021
150188
185847
117241
151790
175955
162585
116866
160514
131815
127991
158665
139273
224705
136807
159664
140179
178952
204929
142279
132284
191691
162498
154982
124273
133920
157552
150798
114363
142372
129639
103940
148128
121812
90755
118911
137062
174676
145391
142099
132357
164552
162713
112446
155355
149765
146657
120364
130746
123044
162388
170097
189643
106632
162350
155180
141002
131562
84591
164634
147588
107369
104541
135898
158147
190537
160731
123044
127879
162081
131868
162086
147090
155082
165963
120575
140725
139311
137720
60025
175275
123752
121416
136965
130677
124369
133852
120336
130928
108418
113654
185439
167451
151951
149804
105667
175959
157406
98350
74533
156089
188097
129010
151018
150229
123651
150974
159507
141346
118407
155285
119850
152113
105386
103446
127887
128919
116028
122657
121462
155624
78406
158640
140250
129392
104867
191893
132333
141756
122907
165858
162596
159131
172825
149129
74675
117811
175862
149091
144320
129045
155051
180610
157722
160759
185055
121925
125004
94003
149423
153426
145732
158667
102199
140320
110856
113931
102199
130539
117470
128563
146048
163584
125197
158799
153265
156492
135653
129707
149731
124546
186507
117717
145806
145185
186937
112719
120790
168032
86882
113764
130140
136128
148798
135860
205524
85361
136928
90721
117884
151747
121327
132079
155808
136266
145862
154490
173579
150394
112076
122082
123376
129113
128502
134091
186444
122960
146540
151349
139155
89612
118317
142921
135019
152386
150494
125148
119722
118708
125532
75333
67852
131907
160571
126912
138369
139833
131024
135805
158005
144259
144132
127076
133603
130309
145792
108258
110634
182886
148390
154784
103125
161771
112325
141305
135328
160779
131014
155914
149365
152038
150320
128906
186342
199864
164147
113480
133568
135107
149464
178215
127220
119987
140358
194347
163748
98813
176468
122301
173372
154588
126109
116617
122657
166581
142254
149054
128934
159548
149464
122348
151665
146878
185702
152060
160257
125833
149699
137566
164703
134520
149309
194498
81243
136597
119388
157864
172361
158395
120528
171474
137440
131446
150763
155186
154296
161742
192137
116453
138346
160676
116078
115883
134928
128899
129221
194509
163652
140979
137339
118429
157429
162546
106100
125210
109920
144510
104936
113532
88980
138192
111077
201996
128902
150752
198781
111617
150571
121515
113372
218110
146657
152450
126744
105328
151326
164944
218318
113168
63808
213590
155144
107580
122819
96012
167026
131699
57079
164099
148826
170441
120906
136727
128844
89431
113856
133817
149050
156074
154145
141024
132172
139586
160575
150904
146870
134776
140510
136705
115869
143110
113275
132019
127714
107592
131076
128582
130985
180111
145678
132780
129854
141306
138710
179634
163007
132086
102535
132763
161474
147927
151915
181904
158413
111651
146817
144813
159141
108106
150022
149693
119490
141137
119386
134554
154935
126027
144443
162676
166035
172154
114786
138043
171126
142861
130341
131703
115201
138325
149594
167210
95453
208678
123861
106042
125291
135735
103685
143055
143172
182307
142348
139533
147784
162015
120385
163648
146786
158108
145592
117730
130770
120711
133281
132533
108011
139377
136179
149091
129844
132505
106816
105973
91722
125190
100545
175454
160942
106736
123701
105449
171126
148416
136207
144067
149198
126132
157133
158188
125431
145976
135165
153071
119917
155910
191314
119453
107169
145499
78554
178170
147618
71514
145054
153543
163270
187000
156592
126375
114591
168460
127389
157745
157460
138712
115235
162899
119153
147374
141792
179644
144297
115466
118242
108827
172154
146884
108793
99794
136747
127791
161351
171786
140910
127502
136044
140210
145387
185449
160079
139671
112301
162281
146228
168196
127215
113382
144320
159016
136439
136443
113168
155561
153730
127090
92810
179874
114536
115643
137243
178927
162373
189943
158936
177170
122853
151457
100099
175959
106185
182986
136579
182607
109132
130359
108021
126536
130147
163578
148178
173194
182969
185865
115204
134659
134696
116512
102055
128748
171794
104508
151944
164836
107914
155351
125928
90061
166528
161483
131641
155067
155564
153374
131229
153387
114032
158023
141111
99139
147924
185576
155911
168234
151702
201597
150868
165499
140138
145951
140473
60181
150149
117525
131193
130510
177576
101378
172244
128837
73658
170159
147864
186009
115774
116862
129001
125879
165725
147936
196907
148407
169055
144244
135826
185016
145714
140616
116262
156221
176271
137446
131699
59158
119924
129635
153462
121821
169701
103069
146364
121495
140866
155965
142746
79117
166570
167170
145500
134021
134616
139620
115853
104058
137037
81112
119983
191743
141625
128101
111205
144593
159350
155686
181881
120286
125724
168261
134375
106105
146487
156202
145576
244800
148234
111473
90322
129944
205367
140596
146896
129645
140969
143052
156252
203881
172026
152273
164469
125332
166272
161279
151632
133985
135140
134017
129010
111395
148645
136828
135627
148740
111852
122169
103063
165964
144690
76879
103672
158285
131567
150155
120226
108105
141174
88898
137838
95556
147030
153979
142788
111148
127438
137890
117727
156356
141856
158845
147088
164282
188844
162185
158625
133690
203982
210568
170010
128304
128141
164452
138074
114738
121812
146058
172826
176453
118040
152928
147651
210955
105573
162840
130654
109127
167679
145005
126894
133403
168703
160726
128650
126194
129335
174253
143770
205927
169668
96052
132343
150207
127576
183837
115433
92372
154635
158340
131949
124642
132129
146738
153224
150740
111601
102134
166532
150701
142065
173781
134519
80444
137763
122930
90039
174218
181524
157158
176406
161232
166215
139241
145975
179439
157987
156483
122934
128144
140636
145387
126829
160614
135393
140830
149169
154214
129849
167767
154529
146693
141607
117115
134286
146369
135302
136179
172421
153111
119106
142898
116161
169429
140110
170110
114554
85081
107927
68273
140697
143606
138947
103969
158285
144176
130415
156874
160527
132382
117094
129397
134552
152273
128968
127518
147578
138082
135889
146739
123552
147245
157001
105336
171751
112055
155755
112790
164827
139070
112163
159309
171799
148128
153331
138777
148694
74620
116740
166958
158797
159243
154498
138234
147802
145023
134049
168687
128822
146320
173264
198634
160605
161696
149733
125915
159661
127193
110567
181148
153251
166738
199938
90573
121156
131472
136804
130774
191219
59410
179228
170517
164198
167358
144455
139727
175892
128229
135693
106284
100141
148790
99490
134074
130980
91220
160331
148277
137140
164880
152790
163233
158921
158777
103392
131714
126944
116307
123143
144679
143432
188503
131516
108561
177891
141536
175352
155325
133118
125807
120923
145118
155214
118497
180235
84199
133592
160637
120195
129984
121088
167547
95429
165547
148345
97459
96012
90307
162884
121776
141352
110647
127730
189829
165507
139213
144704
151880
127097
98301
157740
104535
127707
127029
164452
130672
173267
153445
131064
136226
128528
169413
206145
144205
113390
114790
118755
156665
167445
144826
152824
125359
159408
125176
147503
103955
123756
146893
142108
130916
155356
207573
134239
135887
138995
167317
132602
177504
141649
150669
118572
136299
91471
152553
159863
142911
153792
142957
151871
126949
136570
175555
148810
98411
155051
140204
103957
172849
103790
150608
194656
107796
117615
126661
167350
122194
116973
122261
134608
151063
137578
136800
140195
135393
114511
149157
143385
135620
161633
105570
179428
136726
130853
126524
156271
152386
127742
107147
135464
143911
197206
107245
150389
172467
184897
124371
139035
189447
221644
132072
164588
74391
133521
152577
165789
153228
149189
127948
103940
148605
143651
141880
129335
123330
151259
187589
109927
174314
161971
114186
158080
161655
104995
141006
122594
110053
144455
143761
112035
130065
89578
159943
144894
99156
185663
120948
168906
112107
155048
135600
117711
123386
179058
135467
165103
144908
155192
176592
122679
147186
147182
181965
168362
135821
153602
167332
120705
116551
136717
146666
135693
116653
131457
115697
101655
94660
146047
177435
129598
132298
145955
183744
160751
149738
149149
129623
109502
137304
136360
132879
149846
139056
160832
159642
123883
132544
153456
134019
60201
201018
164533
161185
162754
134569
174482
119039
166164
127625
93448
220252
106426
115703
143965
158574
185918
145701
132072
160549
141208
142411
135260
85959
143658
104688
116049
147349
118317
158615
168553
135681
138665
135081
89258
145547
145882
152813
145760
136490
126405
186767
156738
154932
148818
91887
157745
156692
111852
121055
179459
124551
163385
193504
86848
113551
145792
146197
121646
125446
132974
141169
167985
115183
156229
166657
116477
104936
137731
112706
121264
137407
142989
107381
165139
146392
117992
148694
113799
131843
144352
152027
158980
142675
111816
129272
134810
101261
122199
112116
118143
173031
130753
122822
137409
150513
137883
121746
168338
127981
134300
140723
144408
124547
100886
135224
158960
156329
171402
124217
145551
123302
175668
148480
124991
188465
130268
152824
79554
131462
116489
170110
121371
147301
151410
151117
140936
132465
174817
130280
134616
125928
121274
138504
143124
139488
151689
148775
204734
158205
175256
140985
112706
137886
153687
155725
154517
140721
136177
115839
114704
198120
106249
159181
157433
135258
173774
158615
143581
149752
153048
115363
139574
100609
129628
137005
152107
177090
163463
111902
162554
156739
146693
162186
166851
173709
133116
163748
168790
160384
132812
115276
144875
133761
163557
144098
123905
116028
133832
168490
128556
123191
126082
148910
142649
95424
164500
93841
173466
99510
156988
72971
147547
89847
139605
164234
139940
161581
131853
135927
151998
224902
128029
159943
139900
147851
148364
142474
138183
142587
181087
159032
158424
156936
138256
190907
127836
152156
133862
157030
166244
121156
138066
187049
95678
158676
133842
145848
138145
221644
145957
129390
132940
129177
134861
118529
143742
115361
182733
177579
116434
83473
145412
108147
144943
188408
131370
173621
174314
111893
198191
190767
177796
170303
132014
141433
152359
103179
164288
105839
168936
103746
107456
127510
147432
142341
204190
130253
155727
178681
126787
86985
120363
132961
147596
151990
152700
84440
157867
136953
116624
165479
139447
161802
139837
168098
118930
135981
109040
164826
168423
190296
159761
156121
166525
177579
148131
134804
139038
140510
132991
145792
147376
155294
163007
166683
156224
145796
132104
108598
118782
194999
143208
128697
161977
170609
90384
149147
148582
159722
160993
123705
134378
113576
164806
88165
132452
140569
196496
150417
157406
120053
123447
80065
109993
98661
154612
138303
133691
151951
170213
153455
148353
112789
152560
147874
111077
86597
155845
157102
146627
121186
45245
157564
144915
153630
142557
168126
156666
184970
144742
130982
128032
158475
143850
157755
150948
153192
92486
165087
181890
163579
146384
102983
154681
158610
175632
164631
179452
102210
127676
139608
156690
137983
174427
103375
95939
159585
120459
133284
147239
134692
173396
101951
157193
143906
153950
150560
135209
134415
150905
188670
165863
134962
133999
154859
145796
159732
139617
119108
129080
165609
89658
122348
141477
170213
116737
149783
101655
174074
155657
151891
150038
151714
148591
124125
102648
130546
153251
126904
121207
203464
118703
107952
136415
173967
153514
129240
126452
139213
134999
165964
182539
118782
172185
167931
152187
78554
146839
146421
148733
84890
165570
135110
145374
153228
164441
110874
152824
87048
130982
164736
116453
196714
157552
152535
169405
138857
115400
165523
119040
140827
61899
142162
99139
153776
151506
165718
139741
145162
147927
169019
147542
124710
148973
180529
147772
165885
130200
165664
182313
114202
152338
162554
164471
168067
172797
99813
188297
160632
104593
106906
149226
89690
147772
100174
177891
153969
147508
125682
117276
155686
197516
177442
140041
180065
176399
166953
130424
119720
172849
129374
185720
152180
150489
86763
154714
108441
125023
122026
135382
84910
146108
145334
144939
71626
179439
181090
173610
135376
147358
147287
133470
136358
115345
111076
160088
115496
107646
148645
168422
105481
154319
170991
149557
129365
146764
202407
165739
124174
157112
126458
110978
131358
140092
148291
165814
137457
135382
136498
162698
138034
218110
139608
104030
113029
153919
170755
82765
146565
113622
127095
169564
104021
152598
147906
147503
168347
149590
97697
122028
147259
104350
141861
151276
174817
115386
169068
136804
100817
168506
158736
129489
96544
111809
166991
164908
179108
102593
118303
152078
121037
166174
197486
130493
131949
174208
155420
169039
175428
151335
156511
165324
127054
177038
137033
155251
137940
141100
126659
128986
139817
188172
110467
121462
125402
144623
144541
127546
142447
122169
173122
102347
159933
116740
118318
179633
146421
166706
75844
154918
165613
133025
145592
143658
120120
131875
107424
99319
133519
123359
151991
138568
96854
175610
139586
145963
90755
102540
139209
127454
159998
216917
116338
154028
138581
104943
191907
147140
160796
134744
136080
148366
141580
189044
161910
150787
95706
90373
170469
142696
166922
116198
93858
149386
124673
139188
150844
95706
145316
119291
169941
124003
142676
101391
121389
138031
96902
167976
153437
175754
139108
165432
141782
159761
152999
123925
115671
173579
119250
114357
121307
150110
168435
134139
134127
105375
120011
107956
148393
163515
132972
156221
162129
141957
174376
182068
122782
145565
147174
159351
145600
98148
170863
114254
124195
156434
123802
116076
170885
129451
147462
127794
172096
213766
128242
127070
105481
141208
130736
118063
120326
158453
131618
200456
129113
168051
68767
121515
159362
173442
120467
165762
131164
146574
131093
133531
142489
155885
121053
155855
113427
144711
107050
153442
122310
144297
177109
109554
99529
45844
170643
164215
117372
132276
125558
112978
153394
135821
182733
190647
148414
169659
129221
131335
112692
144461
87680
121871
185110
132475
124037
156348
126175
118768
72136
151951
125926
173781
121956
169568
153123
94044
128316
170105
132262
122219
149494
164850
139311
147591
74203
148992
113066
187948
145246
138941
141435
142167
143551
152316
112931
140243
128204
108969
175338
167569
113569
86600
140150
167190
111246
117782
131210
106316
174318
140172
140698
149000
166270
142649
133011
151926
184405
115477
116514
133646
144707
123769
142172
144205
102015
129532
124276
146280
169203
158959
189924
147669
188252
136552
134810
83382
164198
134400
136760
135555
158005
138428
171088
151127
105536
150604
116039
79016
118628
145792
135629
157891
141023
124136
154993
113058
120349
143361
131167
140886
133664
105752
177871
189610
145285
148328
124832
129024
117297
157258
126430
117494
136804
201747
146493
149091
118242
76248
147736
166895
118646
163120
132972
133664
150997
128902
66327
141046
115059
136587
219420
161464
124865
150345
145074
181130
159686
126088
168472
115687
181430
159911
231320
112389
100886
173871
190594
147280
173729
138651
132641
140601
152458
202441
133382
127806
131775
148234
125568
205563
172984
156132
178649
169077
126737
142597
148119
121536
127981
134636
126209
141792
164668
158100
131247
190179
116901
150525
92687
127621
173839
129904
140208
147877
155841
161846
112055
130487
150770
123069
132837
105771
203188
100396
120978
154435
140185
106014
160636
175796
159209
136674
136896
137042
153338
137972
141006
146536
173401
121491
173011
149120
139313
151424
154784
118275
149392
131200
162769
117811
106426
190966
129075
177834
159734
171702
141625
170346
154481
150326
117372
135898
168254
131183
141558
131446
154484
159671
129012
155841
109279
136574
170654
149839
147647
161880
167970
163521
128656
143852
119001
107381
164682
159853
117445
191211
97939
136643
144777
178327
119233
126198
142621
143066
148445
87220
108492
173194
138295
101692
106456
127258
96210
156608
134019
151335
126906
122853
164263
155857
146221
131616
163899
80835
127321
112267
144364
167462
127625
114711
92106
99854
121237
137279
169275
148234
167954
159438
174494
182160
157398
139799
120544
115364
153522
120706
170120
133096
143452
143254
140389
137500
147767
138089
145334
154834
164278
74902
145385
131920
137404
94055
129812
124305
124847
175549
204005
136116
122184
141693
127582
136360
121116
134972
141242
119819
120258
147039
148407
152690
152724
99140
108998
139445
123932
120782
155444
131282
157245
149037
173720
160313
128001
140057
142742
108809
181709
123777
173031
159276
119754
177871
100653
164801
139961
132226
101250
177796
143266
142522
221644
172216
174533
99490
141290
82365
142207
124350
138342
130618
138854
124828
142071
132977
98850
143652
171253
123922
160751
119675
171000
189779
108388
149112
156675
123739
131348
130501
134278
107331
169048
147407
139689
158200
166063
82075
107809
142253
152231
128834
185123
141449
126904
148451
171810
94632
131371
137016
142598
146269
150010
145743
127477
135621
167696
133620
147900
138713
159498
142208
124346
176229
131161
136239
162627
143428
131411
158041
157108
148420
125099
155152
182443
180346
157359
175619
111657
126294
147984
117972
124217
105935
130114
155835
160833
136148
109387
145162
144719
180210
120336
142435
112661
133804
141090
164738
141241
146505
159607
104864
127271
119602
125833
188255
116109
138939
130830
129220
108126
141785
106284
170844
137905
145366
153265
174314
131648
200834
190047
173768
159857
110420
188471
127475
134999
160121
176383
120554
179082
141760
150764
136734
133918
168220
169049
137838
147708
111477
132028
155910
134595
153016
212327
170441
174427
154885
145141
95412
129489
102771
145749
111811
187929
130559
139739
146403
153821
148860
139046
183746
115372
197259
127355
84667
89941
154530
214778
142119
131624
147979
127475
97555
137039
126620
118970
179644
152386
150229
159198
130659
145442
131567
107516
169112
101734
132800
134947
169262
89578
104325
130693
159340
126759
169866
184970
172119
157726
147513
147358
115988
150957
114161
119630
159228
151854
137031
158282
224705
181961
170666
131063
129204
115515
149003
130334
145315
140932
140432
156105
163199
153266
80433
89560
140366
107692
141351
167921
144183
99546
180111
109572
171402
103858
155548
122863
106094
112661
139618
136229
127027
152338
133216
168234
175030
153945
138150
126269
153066
130172
141314
145903
135464
144146
121109
118324
149494
168180
126353
138727
139532
146804
172216
109175
126334
134550
119048
144168
136811
147597
124273
175852
83473
154205
120338
150997
180301
171998
154028
106286
138210
144281
136940
90905
152128
126023
116749
137697
141655
153654
113513
123418
143172
151509
157691
116372
131501
122581
160731
117527
161634
175971
143693
135665
179339
150963
77882
168181
147415
158516
117813
164640
141137
154356
143127
122838
134565
117477
151779
116467
153549
72136
135965
146656
142927
165006
83044
127410
126030
180393
138235
122996
158864
169687
152683
162099
111822
118641
144940
100480
108705
136498
147961
147430
89658
160400
189307
172098
144276
140880
110147
179058
123913
105957
89760
147747
174151
172994
139980
66327
131407
128697
83569
144484
104133
127890
156092
166348
91974
161369
158267
116965
124871
135315
181634
89116
194095
142007
183888
142563
168139
139171
130262
106449
108079
128144
152730
138798
176169
206507
155639
140707
163761
139263
164906
163748
154146
151597
179661
120587
157241
180817
107956
97480
159735
119224
135546
138763
133238
108053
104838
176748
146704
148276
139040
102279
171751
156182
130612
150844
189709
113106
122479
145946
156698
122690
143803
122031
188408
120279
153255
164183
164234
122216
145600
146128
114557
117501
145480
149142
105090
182550
124953
156525
122989
106997
124311
139958
176253
142225
104740
96952
121959
126068
221604
144339
135967
98750
165767
120479
131234
138774
108998
154526
134548
110618
154911
117569
149337
165827
131803
170491
113145
168332
122906
175619
169965
123788
100468
152591
125796
115285
117746
164834
154591
148798
189901
155251
160244
156879
145976
183978
164032
181141
161474
159867
146393
127886
160632
158931
132752
133105
124498
148370
121345
109222
119961
176789
187919
170517
129177
129951
133964
145484
129532
113576
80360
120359
130208
127355
132095
174749
128018
116794
121576
97892
130510
138858
157394
123552
112800
120039
179607
184373
119526
135014
131421
111828
124090
136744
182212
176883
131658
103937
133507
158906
99617
144949
121826
160444
160069
165053
107924
170796
151957
139714
172753
156750
170792
121324
121796
73828
156729
149171
158445
186498
163197
139146
142049
104734
160258
128363
147416
177871
181688
168996
116609
129083
143931
142135
148615
119432
137313
154887
108106
207182
156135
106440
148116
80196
134351
135775
52637
157307
122438
109346
159754
189593
157098
154191
115235
91751
142528
115774
122098
134349
109050
117130
126298
180509
165470
132655
129382
115779
151079
129278
142990
141127
131960
120792
153456
130092
109751
143066
147153
134680
108101
158466
107974
91536
151850
136885
152249
74007
52181
187907
146251
137334
213766
103272
120801
149819
175827
138160
140184
111761
130479
138472
117448
151615
132696
168332
141172
149004
149741
129945
113388
110932
85118
130860
154674
150971
151880
150365
131970
115845
87680
154768
147685
139942
168604
152696
161454
93711
105115
127593
149998
131213
173385
144652
168193
141000
173257
129837
118467
137429
110384
117299
153309
156913
176123
128494
154498
166902
156039
118186
142630
118070
135515
161779
110021
93200
173021
134420
143514
97134
162169
102210
155852
106456
109763
167931
141442
143686
170535
141610
147689
171253
56866
70609
152838
148186
138231
107233
124156
177713
169907
103863
142338
164458
118858
182127
130493
180677
140833
103672
148408
101523
124482
185240
135119
132995
176485
108166
173622
124797
123011
130853
153261
142508
141871
137489
167753
125857
136399
129174
161260
180434
118445
141278
127368
165611
146715
129604
85232
117280
149862
100229
92259
122632
136443
150047
134945
108216
99008
162563
142861
103252
150644
148818
150627
133373
106446
160626
87330
156104
117670
143976
159383
151611
150747
189943
151133
183117
128003
126258
141456
108387
169440
161984
128697
73910
154708
123658
153824
104294
90373
174338
149238
102096
127176
121541
166229
141544
129475
141639
155093
112099
152445
132176
158560
119916
108863
162709
145335
159560
104593
202533
124580
118755
129358
163521
185187
167753
155608
119212
115433
137964
168812
154127
140184
127698
155363
131058
135900
115452
175986
165525
129649
141961
178109
144762
125032
95162
123442
124095
137406
138089
156019
143658
126744
128697
145659
145937
200564
139112
192231
189943
111132
165471
117469
170771
137743
134932
141785
108291
207031
117089
96493
144874
137985
142769
135178
154866
155408
137331
91139
181063
159874
87173
144423
104568
162129
159478
123112
126251
134915
138727
109396
148388
157631
141179
150608
91301
128812
131868
93617
111792
145515
156707
168573
123249
111987
159139
124114
102263
147485
143737
167190
169560
155653
124173
182127
164198
130074
131888
175258
107541
153658
122945
163496
112735
114845
190524
137005
114927
121484
146128
136505
181719
123144
139058
171000
134605
78199
153218
168581
149091
185449
131718
161449
135312
97873
137092
132119
154479
150998
135140
104021
166879
94049
167938
131775
151176
117310
122970
174040
153123
121703
180053
182579
118435
145823
144767
152626
162759
113929
109132
138625
131774
169247
95286
178720
140161
88459
137404
132116
152210
133985
108790
112274
134610
173991
117083
151536
124770
180340
150470
141435
147490
135464
168490
125359
128572
208726
105168
148345
145412
134156
150921
69046
110887
121036
170433
163309
119929
130966
155021
153543
158714
124630
155041
137272
131422
143742
121408
123559
146505
158407
144068
83058
139447
109312
146645
128991
191998
68187
127201
165282
176453
175000
166513
147349
131960
165324
157928
147138
135592
155173
155638
116992
138847
108157
138083
156891
119679
157471
113637
190524
127074
141184
159966
167738
145533
141779
149044
139018
122314
160763
126949
124432
162754
86363
181881
188256
124489
92995
139065
94845
100646
116189
161342
133841
145365
103795
135627
138686
148829
141090
98376
126676
161928
149364
149111
123710
134335
153132
135200
132823
102199
121484
119866
148694
131424
119962
126515
144191
105150
134528
118240
133033
112034
127845
95558
152099
81261
136120
123228
174481
148481
144310
131234
147911
68848
131024
126720
115869
152338
125968
139620
142207
169275
101208
152386
148897
141671
119704
146368
126048
126421
164053
162283
145823
127576
146693
190065
149229
143086
103877
153314
120479
177137
122280
135887
155648
172347
174749
177504
153754
165761
80120
145320
131302
147651
131225
116609
129707
187919
134076
159752
104549
152705
148591
135900
99013
106809
147095
141046
128917
151944
132077
166229
116767
129263
128751
131684
113929
184730
143324
111299
180945
115004
162972
144423
112339
121244
144558
158238
157818
154356
139566
136142
141685
116965
145203
161239
160790
152113
137436
134236
156215
157411
225793
165939
161100
127029
120861
147182
169330
194890
142638
138893
149309
107522
89705
200524
158221
144894
171791
107014
191598
189901
146617
134675
146839
112034
102091
155211
128614
148883
150644
174623
166922
147651
107479
100935
154505
192231
172035
190063
185729
141862
163107
181709
121896
78790
148131
94480
120743
134420
142348
160457
128271
131196
134762
151410
134565
146927
105736
154718
159228
113521
99319
124478
173706
125938
161632
126266
179719
104867
143822
108372
102468
153028
156408
127553
122984
136010
144671
151918
131266
133442
129951
141792
94492
132342
171474
117297
141254
108042
124997
128874
120125
113649
137871
121703
122146
140493
141127
104508
148357
191967
143865
132873
168353
139183
128977
150494
169019
137129
158352
127282
153937
174185
130673
134860
167465
153514
131200
166540
162644
135965
173267
88507
119076
146552
105831
129837
138712
119292
128628
143929
149687
160720
168422
131323
136103
146197
140357
197497
102775
135398
141716
126221
148256
118229
157543
137840
148872
117667
113123
132071
116688
158221
139220
142411
135768
143399
134375
134928
116620
126513
124192
119068
100997
107213
147513
72143
115351
145204
137304
167428
110561
150703
155925
32013
116910
107191
121650
151393
168032
196604
187948
136020
119900
154932
131287
198813
137072
164014
158188
186643
173991
148188
163985
145749
144684
144270
135765
150494
146565
182160
113029
161516
44746
177421
147333
130234
140208
91301
167848
134810
117527
178077
125644
174268
169998
161526
142771
67031
151633
118794
128165
125567
130141
79606
132611
112292
134041
150207
149436
118881
142990
127714
119630
146804
139983
168643
140282
162425
128342
148283
102713
158769
115312
158625
145961
149294
137329
165324
150989
44746
148818
129413
123112
161008
158285
183586
151667
121989
202388
140649
150147
151921
170917
147027
189643
143428
136268
183547
190296
186026
153374
114838
178215
160283
135279
176431
112992
129226
140072
192844
101099
145108
172361
140122
158355
173839
119580
151512
141024
116240
186416
126043
140239
114522
105449
133382
119679
157986
160576
135058
114133
121989
120931
149627
119248
157177
111651
98929
144286
134262
120033
88310
133449
98376
69888
154216
155561
127099
151918
182498
138354
112297
121764
143124
146007
117810
75171
125372
113813
171974
165008
125835
116884
193552
166855
121799
116274
115060
156996
149821
145231
105359
151649
142065
149586
116921
26881
123609
119891
187000
122233
163259
179492
149719
157937
146667
121415
172616
149503
134104
134514
151091
132088
181053
145567
153003
143764
151725
172976
117784
148956
100767
152923
148219
137921
145611
105525
172976
88380
155136
121536
124020
149091
147860
111881
184228
142881
163859
117670
118329
114061
156305
135319
184260
157348
143048
130855
99150
157421
108479
142586
143270
134930
170419
130114
98500
171000
129901
127552
153960
163629
98365
157467
168234
158340
130565
99994
135004
158703
142565
114185
182307
121148
153604
107266
127479
163330
155309
127354
130724
105427
121693
142522
120711
133212
121408
125477
150368
114652
169375
124002
140653
147980
131964
103328
178387
113213
141446
168993
156141
102237
134048
105536
148931
172714
92250
136491
147503
150256
112055
131578
187600
145637
100833
146505
103132
129080
170972
152024
161971
179661
157030
160575
185237
97575
125608
142660
183211
111157
138031
168999
162754
113699
150976
70110
144233
148973
158641
128526
154216
118944
102880
147131
142065
174726
108079
145534
152408
108692
119917
127860
144972
161316
109912
161294
130194
156878
153674
170653
154895
96902
158505
160887
128641
131206
192231
148743
161235
167113
144701
165355
95429
151842
165890
114155
156758
109700
94291
101293
158857
154384
141507
140285
158005
136123
109946
139273
69673
124817
166710
123071
166571
149343
127027
183117
175702
121613
108940
166205
180674
117245
125469
146005
126684
120587
115972
143488
124591
121037
157567
132465
166559
105696
139586
163635
112907
130540
138763
145777
146392
153890
130329
154681
150560
147731
144338
128415
173010
151971
109006
161233
117057
164398
97480
180798
99112
110571
128977
131467
111289
151202
127576
161628
138106
149108
172011
123029
103970
139237
125099
137422
90547
169443
175836
150355
111598
166253
133934
151193
119291
149885
162090
161633
167214
102104
136467
112943
169965
119754
138898
127027
146980
67449
128450
126561
123813
199162
134692
161803
149792
70234
95219
122595
133774
121663
105496
146403
165288
179002
154126
128124
81273
143052
121764
158285
171035
134375
132913
122208
159760
170317
125175
153679
129042
167222
70474
150619
160594
112527
134771
160053
124504
115050
141954
171728
155294
112786
98858
128844
119580
112010
155309
185576
59410
152704
175771
157771
73558
123870
158071
148016
168180
148736
185931
133449
150558
131330
183487
108074
131941
123706
100961
100545
155544
156599
120750
149042
174839
135693
106796
112789
144060
141143
141183
176418
141128
131515
150663
145248
111235
187929
100161
135813
168550
103524
125477
174516
102177
112841
126489
141646
177248
144139
126198
138748
122415
105973
104040
129413
122716
132657
103877
111034
171993
170411
90352
157718
159853
105653
134120
203464
133326
115760
122394
243352
160815
111119
172224
165345
131076
144999
181904
107846
105989
132264
208500
81427
161276
172656
152885
124136
132023
139765
117494
148593
107369
112319
105536
141886
131392
151747
149595
191511
193837
129984
143132
103392
124707
146213
121979
127115
128172
146058
116240
140142
142617
107516
181312
135665
179634
152572
130172
130141
142503
144815
112781
135925
114707
131314
147175
150858
146493
148188
103915
149147
150901
107822
122005
190830
151448
151117
131505
119851
130770
120354
169609
152287
128697
157881
139789
173021
133241
154889
147479
165943
110190
185323
133101
110106
86214
100042
101349
153690
127347
153229
98162
95293
121489
128453
135663
151509
85687
159382
131153
121003
148753
132068
114139
200579
138415
129001
119349
137218
121237
117658
162945
144461
130972
61537
131217
135618
120916
171201
185842
182851
167649
144831
131177
117441
221883
126880
171873
148518
134702
150558
135467
145448
130916
123712
153259
140531
110887
125921
154115
149524
151551
95338
106284
127625
128867
151915
147767
112439
117470
145086
123511
160594
112853
121703
150690
172652
144134
152735
159648
132800
164908
138304
157326
133097
162821
114061
111751
151184
163798
166862
149817
140834
141845
136505
121226
155037
100646
143761
117717
137546
174516
133281
133472
137302
138124
166330
152568
160810
149938
139966
96162
202884
159746
156666
134455
106449
140679
120503
144693
158616
161073
135530
183914
135876
120648
152846
116965
137873
186991
109248
141401
152268
135768
150868
155192
124944
144389
115894
184167
118329
155478
120565
145385
149229
147382
90097
141105
166626
165446
159843
168698
132375
146534
68543
85917
132655
126267
134565
164080
141124
117874
135638
130114
92079
168053
54977
148810
111106
136510
158505
154918
54977
136207
139415
140070
195049
114118
173234
149260
100129
133948
141734
112507
163461
120467
174808
162754
123277
166174
131583
125615
139107
114845
149329
121587
104541
156185
137082
158995
148936
156320
126499
175388
137406
112868
166729
129462
153230
145386
172825
109176
122782
156108
108079
142480
152543
107493
164200
148388
180529
151398
107283
173264
183835
153945
152987
120441
137302
98078
142429
157102
90219
149680
152729
101363
102298
152224
135826
168952
137845
116617
131866
160564
144961
143385
107841
105374
127047
152351
121625
137415
99719
142726
108157
170441
171082
160444
144509
198388
148644
160347
136467
151667
164843
168993
181636
50910
127828
135693
137916
173108
128271
123089
197497
181384
163097
153445
183394
164663
159223
141716
161729
100042
139378
107161
183884
90776
154216
119250
144442
122764
125622
153426
123191
139006
171616
158646
173649
133442
165984
115515
171566
148528
164818
129389
131648
180529
145615
111148
145108
180792
107375
145688
140327
146024
151453
105328
143650
124525
182443
151818
188121
113868
126696
136473
146004
133025
135094
170159
153845
130433
155857
127559
152138
100959
158398
171315
107142
135577
130565
89239
117404
136474
124759
159698
176759
160767
91065
162099
132545
95846
105217
140614
102627
136639
211859
185056
133283
135210
128278
145248
129240
135249
130925
147985
98688
146219
109887
144684
155262
139700
153773
124167
124971
155356
143141
134161
129226
143828
129413
143228
177421
135103
175574
143690
127029
129179
145310
151880
161673
136643
121053
77871
150229
126229
100076
143637
139686
134332
152476
155211
138098
95678
98424
170917
81603
112163
106475
127062
133851
173111
144874
124860
120253
88507
110804
126684
130919
140725
156839
129633
156891
198133
118074
120797
105414
159703
190647
154784
113059
120277
142811
132525
120335
148597
144276
152615
120861
140558
188676
147597
144671
124631
130920
127035
103235
155549
136443
176404
164059
144769
151710
147836
173718
166228
163007
99445
183147
128279
163864
147479
136579
159603
146556
104294
109974
178883
126829
141756
159635
154498
170264
147081
166875
139177
106158
151525
152928
91552
159350
130809
142318
125477
150847
142559
108301
167938
120272
153276
166657
148422
158860
103637
141749
122679
156612
139271
137649
124797
87201
159489
141797
161729
135505
117083
113908
120479
148392
129951
172797
152476
134309
132883
137741
139620
107841
144150
143770
169083
146759
96850
142480
184030
174143
145907
143734
152038
166205
182939
179366
154491
150540
156293
149567
151084
132382
155021
89760
134298
140597
87247
127841
166969
66996
155180
203522
154315
150540
114425
160981
76912
141653
191372
173721
143547
151506
102402
139765
112860
156717
142645
149198
146141
161239
163732
187404
144537
157467
129999
179637
51451
128625
159372
154247
153433
140764
96770
165819
127975
142600
136081
147679
125861
155161
143234
156023
169259
140055
165338
135148
158200
98798
109830
164436
115542
67449
136465
117502
119349
136465
157787
141452
105839
134632
178858
225154
128649
130496
132250
128144
150364
127978
138755
152432
129864
118224
180928
106803
128587
125312
145108
140881
136805
128044
181277
108433
113038
100886
157522
154708
138537
141193
101970
152316
168472
162081
126842
160483
141607
142035
180235
137641
198851
160447
139420
128537
179828
118005
111034
139110
80248
92667
137864
132837
141351
136828
158200
138572
130345
163935
151970
127582
128316
84890
142819
129978
132411
111668
135860
126018
161316
95952
141306
146104
101901
137467
123319
156856
157326
162874
179929
161323
128563
133823
154191
122173
126541
133341
102324
152453
156230
173058
141536
117036
86608
152858
149390
157880
112851
142427
112692
134519
173590
115643
132760
160792
118331
150680
150010
174232
129077
115535
124587
120957
182443
114061
125210
154586
124971
121172
150389
158389
162890
128302
155639
126704
149535
135627
135860
112823
122576
124135
186985
162093
169715
149998
152534
154118
131241
162676
174318
141700
143652
97459
129635
135145
92533
96113
112054
187826
135931
144422
134583
114467
125976
135845
112933
146870
111149
109566
122811
121053
183052
216258
103968
97390
104331
173010
129727
185581
103425
147151
108320
125418
56744
183729
137519
149821
111061
148057
93257
158632
134746
117280
51165
160434
136540
150703
118267
171025
147606
140341
128455
127229
122440
186985
148595
137016
125033
141841
124151
145627
134519
150847
173031
119154
126819
166178
143915
129263
122185
170105
134934
115930
145113
120081
142555
139147
155370
204190
137566
159913
152599
169931
125076
184324
147088
160790
110323
126477
166941
154617
125100
160726
138852
126906
170369
105570
111105
151252
122280
128003
154887
130329
161093
130929
140005
142452
90039
184503
116376
132940
142381
152666
152484
126116
142338
170864
147973
118189
123660
129938
174690
74250
108598
70663
142538
132470
132450
79058
142898
207573
190275
211859
110435
117123
141615
157652
140269
169050
129978
140462
146212
115977
151001
127258
176789
149464
120385
124447
91605
133560
164535
141760
123777
121986
152696
141335
159722
121324
139255
140217
159752
88980
141730
155294
104021
134157
159369
198120
89576
106925
128171
127981
114582
194999
132535
148500
124971
141442
155420
146764
137623
134514
152730
113549
132490
109733
114238
111601
77882
143424
150609
120595
62785
146896
166364
149850
169903
117700
156839
166644
119008
128837
131024
164806
176447
167163
145113
141242
137983
145533
158108
60266
179744
155950
125359
127231
108362
149503
156952
161235
143534
116076
163711
51834
123624
145905
125921
143169
163864
146475
121458
163809
102396
146403
163312
85361
137698
115944
124608
106809
141445
209799
125927
75844
117603
139313
164034
140150
124564
148016
132174
142811
148810
124975
94961
166669
144043
186791
125327
114312
103299
224200
158431
122267
150085
159110
124689
153818
152074
165006
132226
119163
116345
170337
160434
75333
100355
66996
131097
108354
197592
152846
160274
133911
131272
147513
158005
120336
111491
151117
102401
181069
146111
128940
133293
131106
176945
156366
170888
162007
156408
138603
94400
167993
213766
124371
120385
159161
204736
125644
163038
177235
176191
123810
124257
171376
189709
131416
110127
123955
129204
122727
141492
155855
152313
190395
145062
149339
114903
154866
158504
123745
148976
159797
123726
203167
205563
123454
134847
147513
141795
142405
160409
149885
156654
106320
115771
139610
88150
161977
141174
109176
108126
117733
94196
144695
187948
149723
162769
154503
130111
144641
170666
138603
141687
142348
160059
144951
150129
110254
154970
137606
114781
147618
175900
150806
121641
121997
120596
107940
90905
139202
160162
197592
143950
131319
151784
126303
137325
130447
158165
162284
171657
137698
149821
164493
108940
142407
157060
130433
120198
113848
109916
102650
141227
104828
166928
140761
160746
128903
192231
153152
174940
130308
130724
174451
125167
169567
131063
147951
143238
233529
156505
142348
157671
159170
140914
123871
155639
145050
197140
98850
92443
91523
157690
172459
147550
157928
140956
132940
130574
190481
144891
113084
172067
120205
125908
136358
136207
151826
135209
143116
105830
157937
134048
134140
166187
96479
190918
138034
135254
106162
149498
134864
124870
128080
135887
166704
125023
147673
133509
130591
160347
126408
145124
145796
178768
117858
111473
161652
144867
102162
93451
114656
145637
136226
124843
131536
129393
147973
146715
121186
170183
124444
142730
123462
155499
124900
118186
157564
173960
75590
131512
111611
119679
117154
126477
115279
113181
171566
96770
134707
142742
163428
121709
122682
165048
119630
131472
139816
100543
151880
162644
122632
91121
126599
142473
144518
156567
158258
162945
144690
149733
108602
153047
144275
130253
140117
145012
123612
125915
148127
139375
141880
94508
166671
176759
149917
172919
162834
148457
145629
129635
137557
179265
116854
149149
204651
125954
180155
173473
134852
148128
166758
154198
115335
105085
120083
140952
164099
138881
131839
115004
180891
146732
152994
131964
141047
140237
103546
164215
132515
159178
73718
131964
130559
113664
133671
146726
172976
156348
127007
143797
118329
146493
144523
137005
129165
125147
124135
142508
145308
140364
79126
158340
149003
117569
149337
149917
196187
135992
179345
156862
155253
159305
160331
128515
135203
173721
70609
148509
159209
137927
161800
117235
134151
96095
166133
122502
170906
135438
114729
156874
128884
150378
107924
176748
108375
150511
137226
137218
147562
128211
132165
191958
129532
177090
149879
86972
158131
180798
118308
171799
142449
169568
165535
155332
131330
170232
139246
190802
118993
129870
181182
101391
146817
133445
170264
159636
114831
117711
189382
138806
134675
139741
165971
118948
177961
148771
172352
92415
138145
165665
166198
165433
166661
96276
170991
163150
131168
217190
161230
171201
121575
174533
194847
147719
128801
94755
137649
154885
151390
153314
129867
152527
129623
132411
165805
144297
105814
134019
173133
120645
165890
112806
179852
185016
113411
101523
165314
86906
152379
115990
177478
150260
172432
188362
187635
123807
130831
131928
153098
136992
126507
165239
132465
178780
203089
129951
137519
159225
127062
138415
126542
129164
124108
164736
165288
124985
119233
121571
144929
120394
130975
95286
141433
120482
99013
156717
190275
149271
135448
137149
141795
164783
157722
158215
127828
54687
173441
133568
162337
172735
154135
170098
139265
187404
144033
114997
132944
99480
149976
153003
125477
155819
182443
143406
108527
130559
161956
120335
158204
164806
151632
129365
115780
104734
143836
140558
144584
138793
159161
84497
141138
116992
132507
181904
124925
145186
165949
168402
156758
164064
149312
129693
122594
119722
162301
101331
167317
163277
135207
163062
107463
158453
157689
137871
119928
168634
98711
139991
135638
119026
167663
131225
119404
153173
178748
163326
103826
130463
171813
156451
65378
140986
148743
102293
89547
130595
138950
135760
123447
167696
156368
124432
158198
139976
109572
205927
160873
126598
144588
142386
161311
87690
164232
132515
85232
191270
161957
131370
138713
148872
77272
168074
171507
116222
207468
169928
167649
117280
134287
181430
157620
129604
116682
159853
136020
149406
139183
124649
137844
144043
167379
109312
156927
186917
120352
130693
173393
151971
170423
131212
209058
156116
173370
107143
146039
146839
158189
58599
158404
128917
168435
110513
130614
101232
205563
175852
175258
114650
127621
147073
122325
189324
109438
150505
166609
155858
90573
113924
155950
134602
98883
133791
148757
118761
130920
124925
135501
170992
189095
143759
129380
124440
118477
137882
110610
180334
98536
148959
138027
117550
136374
146007
192762
114753
156230
120518
107974
112557
152961
190510
158587
92606
164331
129423
114932
116996
126555
147844
147407
157581
146434
196363
54977
146128
137534
131354
198691
128351
110418
135079
176722
105957
144384
178257
191314
103970
55024
147622
151649
154004
108322
157024
106316
125312
187902
145777
128362
151448
153003
137110
160545
132702
196714
111541
142438
140243
148016
144139
134791
115106
136314
147469
117952
148900
99813
197430
147081
114639
169431
156754
144443
174117
156983
162863
139103
150019
117610
115736
149020
135534
142479
169262
138295
136491
131358
135113
189899
164159
118375
122065
145720
166198
160640
148557
156602
124369
111034
135860
125833
139700
158756
121653
106815
154752
159906
143944
137557
139721
158992
121703
152534
156612
125315
202183
186009
137040
182550
178618
143540
91092
132527
129884
142489
169083
121641
145264
77433
124182
158033
165517
128124
151695
191611
120971
124482
163005
63740
166525
159943
134098
116636
129870
147063
142151
116551
225301
96311
142407
121324
190649
128876
118388
198813
95728
129376
150217
108345
147140
173165
124403
151943
167449
170705
136128
158424
96760
113506
154755
138341
149068
163470
118315
132088
129080
115173
138160
68187
147647
124376
166331
114443
119076
164818
107568
104086
121553
173348
159732
142133
124534
171446
144222
168766
108384
174451
145556
165975
128453
156508
145626
106481
133985
137331
133918
194488
108074
96243
133359
124717
163507
130720
142042
143412
95521
142261
130967
113909
155938
164818
152096
145743
112992
122866
154887
143298
109670
163149
151392
134716
152458
150298
103342
134692
141743
181723
124584
142457
145372
160018
113596
165761
134669
154695
165819
120245
108259
132184
168974
110617
125204
116637
146784
132991
158413
148397
106316
161047
148091
162796
112602
172462
129365
149896
143892
140578
185187
163848
125944
148238
101901
132938
91981
99120
122806
170028
126500
162099
128415
98962
114299
151086
134470
181091
167170
139071
137681
123071
110061
162754
128453
98839
125475
175416
128413
155437
120109
147586
113343
120473
118644
157612
151450
130975
161606
51428
73624
131578
76119
136984
107299
123041
143104
158201
191740
207485
75511
103125
167515
93008
94400
96705
157722
113085
103206
157564
101250
105870
159350
116609
103375
154073
150998
131060
136044
187473
118216
134194
110448
153602
106666
128325
70798
150513
162163
114248
205047
156185
125531
132463
145373
96068
122827
134932
128985
161633
195994
131320
116647
161516
154380
135207
175441
186791
152923
124584
128445
135207
127507
124847
137037
156896
164080
145610
146782
125011
159703
108277
166862
140037
130419
162656
144146
150729
150109
85243
132044
159127
154357
124692
158554
145751
135311
116274
135144
99525
140700
108830
112502
143224
145442
153694
187774
108799
140618
113551
144814
151551
161750
104021
147542
168092
123247
176549
198813
136226
149533
131171
155325
140031
90318
136157
133691
191511
176887
148323
119432
130433
170643
162211
147032
94779
184344
203982
194847
115092
136812
140756
148789
146732
139419
135965
129692
142111
157193
122160
126421
110818
139973
199566
166704
140739
139628
125182
99952
142936
116617
129374
141412
88837
147108
127567
118246
144281
130591
152544
161531
133455
137863
150047
164880
164091
144491
152027
121133
186771
141477
164053
132763
148500
196355
92099
161471
158778
97877
145108
188397
107960
146656
148337
140725
143932
105523
174598
145345
134662
152736
151079
125682
115644
188172
138231
102187
98669
147498
127226
166720
137443
154357
117711
115198
145038
176273
174546
159003
166879
133562
132961
137301
161742
157133
132921
132433
126647
108626
138778
155320
148337
148731
129190
149962
155449
115206
102994
85506
154160
131458
156567
151665
115736
129618
103968
74218
142621
184502
131011
128055
172722
188541
149687
95453
141743
115993
129449
68676
158237
136650
114868
182986
178135
134346
160308
117445
161168
161233
153886
108021
129413
108686
131087
161542
140629
139425
137407
171412
148605
139313
133768
163575
124591
127074
160475
110818
148499
131618
105874
166174
130266
175167
154526
158275
93127
122934
126433
136177
147881
153207
177222
158064
160527
143351
167545
166879
152805
176469
165805
140969
125861
128537
135467
137992
109663
144481
115352
136163
98699
134597
162455
152420
145221
134519
126023
139109
113521
144098
140980
116576
134400
131379
181530
160015
142557
127172
123945
98289
104307
141437
127088
115235
112608
106211
111575
159284
141193
147466
152547
132630
149574
156053
125791
129257
140749
55586
173709
144893
123615
132685
124166
175711
190063
158389
155051
154160
122552
151527
158204
138939
149498
143452
185431
143464
147513
149737
117972
136599
157668
129495
100548
160819
128884
102279
115894
130268
157849
153464
132815
110317
141189
165805
127464
143831
135307
133063
145442
160478
111707
154435
171742
158693
116876
134179
164429
153658
164099
151726
199736
112896
122576
171791
161215
128844
153257
151915
137551
145038
133914
122686
152524
176062
69858
131231
132724
132750
106475
179557
101776
178984
88310
169337
155191
129710
163864
146333
123011
53881
178992
113181
130448
138440
172599
112157
114305
131868
152193
118406
103473
147540
143484
119678
120643
152142
138230
124443
192666
119657
125214
149053
142001
127567
151035
160527
118930
149765
125856
144731
183837
134788
141227
134444
119411
120321
78507
95556
151182
139940
170517
88799
145831
90418
148127
130746
148947
164944
106815
146521
153630
146228
144311
137898
48567
72397
162388
147513
159032
178285
147961
151637
138963
145634
112269
102994
121654
173725
165782
158131
130855
92459
160779
111049
145794
106013
110673
146610
67605
141057
130351
194058
155774
135427
127231
115711
208338
135245
149141
129582
67051
121052
169927
131196
173709
113856
104705
168633
109224
153223
100702
138302
121796
129075
134746
154012
119663
166295
118376
125718
137375
169339
150511
127115
156173
177586
130621
115636
169375
156329
161655
174701
181518
124887
162759
171488
208962
89561
178804
127143
116076
133734
114453
173406
106845
101488
96854
118628
141351
124149
143519
144665
181634
113791
138977
115248
126980
135665
115665
102983
115352
180817
118747
180434
92415
156313
170792
133241
124991
109248
107175
146888
133452
144493
121186
103727
177128
133443
161712
150348
147313
148855
195473
203065
148526
144152
127274
118210
132382
149120
131006
170891
94044
150756
141622
107409
132382
123559
130574
105449
141721
120916
70474
156132
138492
126268
141900
136880
154004
141105
109088
151878
119359
211900
180128
141752
134429
147689
152315
136586
139481
161712
135254
147736
127456
151763
145658
150060
148804
153038
159410
117219
123337
162077
165314
147556
151286
178057
125718
132308
112206
116140
165618
205327
110384
168677
176399
129745
126994
169577
133072
167547
149797
149468
103154
136341
106255
123944
120735
140553
166947
176909
132944
137451
95138
93461
181709
67147
157030
142726
162349
152560
130200
137879
201597
174056
143934
165890
142650
151637
155120
162185
137649
134756
167068
126408
159170
166571
