cejklmnorsuwx
cejklmnorsuwy
cejklmnorsuwz
cejklmnorsuxy
cejklmnorsuxz
cejklmnorsuyz
cejklmnorswxy
cejklmnorswxz
cejklmnorswyz
cejklmnorsxyz
cejklmnoruwxy
cejklmnoruwxz
cejklmnoruwyz
cejklmnoruxyz
cejklmnorwxyz
cejklmnosuwxy
cejklmnosuwxz
cejklmnosuwyz
cejklmnosuxyz
cejklmnoswxyz
cejklmnouwxyz
cejklmnrsuwxy
cejklmnrsuwxz
cejklmnrsuwyz
cejklmnrsuxyz
cejklmnrswxyz
cejklmnruwxyz
cejklmnsuwxyz
cejklmorsuwxy
cejklmorsuwxz
cejklmorsuwyz
cejklmorsuxyz
cejklmorswxyz
cejklmoruwxyz
cejklmosuwxyz
cejklmrsuwxyz
cejklnorsuwxy
cejklnorsuwxz
cejklnorsuwyz
cejklnorsuxyz
cejklnorswxyz
cejklnoruwxyz
cejklnosuwxyz
cejklnrsuwxyz
cejklorsuwxyz
cejkmnorsuwxy
cejkmnorsuwxz
cejkmnorsuwyz
cejkmnorsuxyz
cejkmnorswxyz
cejkmnoruwxyz
cejkmnosuwxyz
cejkmnrsuwxyz
cejkmorsuwxyz
cejknorsuwxyz
cejlmnorsuwxy
cejlmnorsuwxz
cejlmnorsuwyz
cejlmnorsuxyz
cejlmnorswxyz
cejlmnoruwxyz
cejlmnosuwxyz
cejlmnrsuwxyz
cejlmorsuwxyz
cejlnorsuwxyz
cejmnorsuwxyz
ceklmnorsuwxy
ceklmnorsuwxz
ceklmnorsuwyz
ceklmnorsuxyz
ceklmnorswxyz
ceklmnoruwxyz
ceklmnosuwxyz
ceklmnrsuwxyz
ceklmorsuwxyz
ceklnorsuwxyz
cekmnorsuwxyz
celmnorsuwxyz
cjklmnorsuwxy
cjklmnorsuwxz
cjklmnorsuwyz
cjklmnorsuxyz
cjklmnorswxyz
cjklmnoruwxyz
cjklmnosuwxyz
cjklmnrsuwxyz
cjklmorsuwxyz
cjklnorsuwxyz
cjkmnorsuwxyz
cjlmnorsuwxyz
cklmnorsuwxyz
ejklmnorsuwxy
ejklmnorsuwxz
ejklmnorsuwyz
ejklmnorsuxyz
ejklmnorswxyz
ejklmnoruwxyz
ejklmnosuwxyz
ejklmnrsuwxyz
ejklmorsuwxyz
ejklnorsuwxyz
ejkmnorsuwxyz
ejlmnorsuwxyz
eklmnorsuwxyz
jklmnorsuwxyz
