19
8161-8461-3461-3491-3499
13
3313-3413-3433-3533-3593-2593-2591
17
5437-5431-5231-1231-1031-1061
21
8219-4219-4259-4759-4751
24
6871-6571-6521-5521-5501-5503-5003-5009
18
1873-1879-1579-1549-7549
12
3253-4253-4153-4157-4357-4337-6337
18
1783-1733-6733-6737-6637-6607
21
6833-6733-6793-6791-6091-1091
13
2039-2239-2237-5237-5437-5477
12
3433-3833-3823-3821-5821-5521
12
1601-1201-4201-4001-7001
11
5879-5779-6779-6679-6673-4673
17
2843-2803-9803-9203
10
4073-4673-3673-3671-2671
14
3259-1259-1279-1277-1297-1291
21
6481-6421-6221-6211-6011-2011-2017
18
7993-7793-3793-3733-3739
12
3547-6547-6047-6043
11
2087-2089-3089-3049-4049-4349
17
9931-9941-8941-8741-8761-6761-6763-6863-6869
19
4831-4931-4951-4651-5651-5659-6659-6359
11
3847-3547-7547-7549-7649-7639
18
2287-2237-1237-1231-1831
12
5581-3581-3571-3671-3673-3643-3943
13
8629-8627-8527-8537-7537-7547-6547-6047-6037
11
7219-4219-4519-4517-7517
14
4733-1733-1753-1759-1459
16
1523-4523-4513-4813-4817-9817
23
8081-5081-5881-5801-1801
17
1069-1063-1163-6163-6113
18
2837-2897-2797-3797-3697-3691-3391
15
4243-4283-4783-4793-3793-3797
16
7963-8963-8863-6863-6823-6827-6427
12
5351-5651-5653-5693-2693
11
8501-8521-2521-2531-2731
7
7867-7877-7477-7457
16
5419-8419-8429-8929-8999
10
1723-1721-1621-2621-2221-3221-3121
23
8311-2311-2711-2713-2753-1753-1759
15
5021-5023-5323-3323-3343-3347-5347
11
3673-3613-1613-1913
16
4621-4651-4451-1451-1459
14
2477-2473-2273-4273-4073-4093-4091
19
2549-7549-7649-7669-8669-8689-8681
18
1583-1783-1787-1987-5987-5927
10
8623-3623-3823-3833-2833-2843
18
6959-6659-2659-2459-1459-1451
13
6329-6229-6269-2269-2267-2467
17
1949-1549-2549-2539-3539-3533-3433-3413-3313
23
7919-7949-9949-9749-9769-9767-9467-9461-9491
27
2791-2711-2719-8719-8219
15
8693-8893-8863-8861-8821-8521-9521
16
5791-5741-7741-7541-7547-7537
18
8273-8573-5573-5503-5501-5801
11
9067-9467-9497-9397-9377-8377
10
2311-2411-2417-2617-3617
9
8291-1291-1091
7
9739-9839-8839-8837-8807
16
7823-7873-7877-7577-6577-6277
20
3011-3061-3461-3491-3499
12
3631-3637-3617-3517-4517-4507-5507
15
2083-2087-1087-1487-1489-1459-2459
11
1361-1381-1481-1483-1423
11
4637-4639-4649-4549-1549-1949
15
7417-7517-7577-7573-7673-6673-6473
4
3319-3329-3229-4229-4219
21
2113-2153-2953-2963-2969-4969
16
4001-3001-3061-3067-3167-3169
18
9421-9221-6221-6229-1229
15
3391-3361-6361-6367-6067
9
4447-4547-7547-7507-7607
15
1637-1237-1277-1279-5279-5179
19
8537-8237-8233-5233-5333-7333-7393
9
5927-2927-2957-2657
9
4729-2729-2719-3719-3919-3917-2917
6
4201-4261
15
7741-7541-7547-7577-6577-6277
9
5413-5443-5441-5431-5231-4231
20
1399-1999-1993-1913
27
9103-9203-9293-2293-2693-2699
11
4649-4549-4547-4447-4457-3457-3467-3067
8
3659-3559-7559-7549-7547
18
1847-3847-3347-3343-3323-3023-5023
12
9949-9749-9739-9439-9437-9137-9127
14
7883-6883-6833-6733-6737-6637-4637
15
4861-4261-4211-6211-6011
23
2081-2089-3089-3019-3719
17
2711-2713-2213-7213-7243-7043
17
7703-7603-7643-7649-7349-4349
11
4457-4957-4987-1987
18
8731-8737-8237-8287-6287
19
6823-6863-6869-6469-6449-3449
13
1867-1847-1447-2447-2417-5417
21
1867-5867-5861-5821-5521-6521-6221
11
2621-4621-4651-5651-5851-5861-4861-4871
12
2243-8243-8543-8513
11
5323-6323-6823-6803-9803
17
9419-5419-5519-5569-5563-5573
18
9511-9521-9221-9227-9127-4127-4129
