10
9049-9059-8059-8009-8209-9209
16
7873-7877-7577-7547-6547-6047
15
7529-6529-6329-6359-6353-6053
22
7109-7129-7121-7621-7681-8681
10
3797-2797-2897-5897-5867-7867
14
3319-3329-3529-3527-3547-3847-3877-4877
8
3137-2137-2237-7237-7247
10
6337-9337-9437-9497
18
1297-1291-1091-4091-4021
16
6301-6311-6211-6221-6521-6551-6553-1553
15
8689-8699-8693-2693-2593-3593
16
5669-5569-5563-5573-5273-4273-4271-6271
18
9743-9733-9133-9137-3137-3037
12
3779-6779-6679-6673-6653
15
1151-6151-6551-6553-6653-6673-7673
15
8731-8737-6737-6337-6317-6217
14
7213-7219-7019-1019
20
2381-2371-9371-9377-9337-9137
23
4877-4871-9871-9811-9311-8311
13
5507-4507-4517-4217-6217-6317-6367
7
1543-2543-2243-2273
8
6221-9221-9721
8
4733-4723-7723-7753-7853
14
7457-7459-7559-7529-3529-3929
20
3889-4889-4289-4283-4243-2243-2143
12
5407-5417-5419-5519-5569-5669-7669
16
6053-6043-9043-9041-9011-8011-8017
17
8353-8053-6053-6043-9043-9041-9001-7001
6
7417-7411
12
4591-2591-2593-2543-1543-1523
15
4373-1373-1873-1879-1889
14
1301-1303-1373-6373
11
5449-5479-5471
12
9001-3001-3061
17
1483-1493-1693-8693-8699-8599
13
6737-6733-6763-6761-6661-9661
11
7823-7873-7877-7867-8867
11
9787-9887-9857-9859-9829-9929-8929
16
9127-7127-7129-7529-7549-1549
11
5077-5087-2087-2083-2383
14
9973-4973-4933-4733-6733-6833
15
7103-9103-9403-9413-9419-9719
14
3701-5701-5801-1801-1871
13
3049-1049-1039-2039-2239-9239
10
5279-5273-4273-4253-4153
17
2053-2153-5153-5113-5413-5417-5437
14
7321-7351-7451-7457-7417
14
3631-9631-9431-9421-4421
12
3371-3361-3461-3463-3433-1433-1423-1223
19
6037-6337-4337-4357-4457-4451-1451-1471
17
9533-9833-2833-2837-2857-2957
18
1987-5987-5927-5923-9923
9
6701-5701-5741-7741-7541
14
7529-7523-4523-4513-8513
17
7069-2069-2269-2267-2467-8467
8
8737-8537-7537-7937-7927
16
9431-9461-9161-8161-8171-8179
25
5939-5039-8039-8089-8081
21
9679-6679-6659-5659-5651-4651-4951-1951
11
8737-8731-8761-6761
18
9403-9803-9833-9839-5839-5939
17
4493-4423-8423-8429
19
3361-3061-3041-9041-9049
15
5393-5323-5023-5021-5011-3011
15
8513-8543-8443-8447-8467-3467
12
8311-8111-8101-8501-5501-5503
15
7331-7351-2351-2371-2971
15
1723-4723-4721-4751-4651-4657
14
6949-6947-3947-3943-4943-4933-4733-3733
15
7177-7877-7867-8867-8807
13
7603-7703-7723-7823-6823-6827-5827-5857
14
4261-4241-4441-5441-5471-5477
12
8831-8231-8233-8273
24
8059-8039-1039-1031-1021-1621
12
3271-3371-3391-3191-8191-8171
11
2711-2719-3719-3919
17
6829-6029-6089-3089
11
3413-5413-5113-2113-2213-2203-3203
7
3623-3823-1823-1523
8
8147-8447-4447-4457
