54
54
46
46
4
4
4
4
4
4
94
48
114
114
112
116
116
116
116
116
35
118
118
121
113
1
62
62
69
7
7
7
62
69
69
69
69
45
45
45
13
13
13
12
3
3
3
3
3
3
3
3
3
3
3
3
3
11
10
10
10
10
10
10
10
3
3
3
3
3
3
0
0
0
0
0
0
0
0
0
0
0
0
0
0
0
0
0
0
0
0
0
0
0
7
7
7
7
7
7
7
7
7
7
9
9
9
9
9
9
9
9
9
9
9
9
9
9
9
9
9
9
9
9
9
9
9
9
13
13
13
13
13
3
3
3
3
3
3
3
3
3
3
3
3
3
3
3
3
3
12
12
12
12
12
12
12
15
15
15
15
15
15
4
4
4
3
3
3
3
3
3
3
3
3
3
3
0
0
0
0
0
0
0
0
0
0
0
0
0
0
0
0
0
0
0
0
0
0
28
28
28
28
28
65
65
72
72
72
72
12
12
12
12
12
12
12
12
12
12
12
12
12
12
12
12
12
12
12
12
10
