0
49
136
0
0
0
0
168
0
0
171
0
8
137
0
16
0
0
0
11
16
9
20
16
0
3
0
0
84
0
149
189
16
0
0
0
34
171
0
17
0
0
0
0
17
0
5
4
0
42
42
0
0
9
11
1
0
0
16
3
3
49
176
0
42
16
0
0
0
0
42
42
79
20
17
175
0
3
0
0
0
16
0
0
17
0
16
0
71
8
16
0
16
0
0
0
17
0
0
34
0
0
49
0
0
0
6
49
134
0
0
16
8
0
0
0
0
0
9
79
0
0
16
16
0
0
0
144
0
42
91
0
3
16
83
8
0
0
0
0
42
0
0
0
16
0
0
144
0
2
20
0
20
71
0
0
20
42
83
0
8
42
0
49
16
0
15
0
8
136
0
8
0
0
17
0
0
49
0
0
200
11
16
200
0
141
49
3
17
0
0
16
0
79
0
11
0
34
2
16
