71875
79347
72912
75101
54455
63324
42018
41765
106910
87294
86036
107219
103738
90995
91446
82785
47266
49143
83036
55665
106751
60851
103157
103387
78203
94582
69192
106940
73716
50081
69296
68108
38306
57657
29571
83877
49336
70174
95141
101859
68959
72437
40222
105968
50151
96041
107361
67080
96998
86323
89213
99254
82680
109427
99041
45195
96408
102369
102548
99630
100666
41069
58675
88218
91203
52533
61238
106790
106421
104346
74433
78931
79023
63497
18527
71297
63063
96998
84741
107854
93200
79007
109636
69095
40566
91297
85967
76735
99027
40728
68406
47606
56941
69080
70176
76237
96750
29975
86747
32444
92458
67524
94238
43154
81947
73263
73103
59286
71148
98935
49613
69963
52341
86237
39123
68154
97476
104028
61063
97359
97543
88325
44918
105486
60863
87122
102474
78432
32253
51440
98098
45438
100343
103096
92965
78670
99217
88941
60891
56008
64962
96799
80067
91791
91566
70643
47700
105393
97635
101399
94176
100584
101569
75768
102971
94056
98578
66336
47910
103610
50923
60244
104346
101000
43327
87746
97306
55055
50533
82826
105104
58965
39087
98306
39794
107579
75285
88277
43360
91714
52817
72843
74088
100457
54578
46932
69599
88868
105091
94548
65827
80689
99013
103931
84932
37997
44841
92558
45696
83342
94031
68521
68136
66855
52858
70820
82052
79126
75756
83045
104457
99199
62745
61453
72072
99100
99155
90618
101319
108810
74582
83688
100696
71398
102438
98074
78278
103546
85030
41739
85691
99339
106842
95849
48478
58424
91148
80611
89720
44016
86696
68305
94224
62373
50226
58259
88282
94468
59529
59838
57322
61925
37966
74311
98155
99435
73095
37343
84255
106180
87600
101707
86191
87746
71412
97312
72901
108656
102428
44760
85412
77368
104955
27382
102436
96533
37090
56859
93743
104200
84818
84273
78684
75578
103883
55332
91550
73455
80723
72361
74611
82849
52014
62558
103202
57405
59520
65686
66027
93371
78344
80288
55936
76933
78940
90535
84081
55994
102643
101924
64522
49384
102655
74350
108405
97179
108819
61329
94367
48350
99542
80384
78549
87099
75210
101572
67253
96309
99678
51681
93731
95080
100417
100513
95529
83852
85121
98971
41296
83259
94108
102405
41130
98892
68958
65037
77564
77209
98276
87892
103846
53261
110102
86524
72022
104759
88675
72038
96322
73650
92797
108732
66219
83197
100093
110560
75335
67141
92525
97493
88032
99115
98018
36969
94369
90324
77362
86704
100374
73736
60410
68386
75895
85402
66577
105868
68304
93260
81980
78900
105230
32448
109051
88480
85332
106598
105934
38362
68432
60838
50118
84472
106526
100888
101615
105895
37827
48099
51261
60914
54924
56161
101633
51726
82249
100013
44878
80162
97248
86899
47161
57135
65783
101703
55673
105534
87471
107238
58863
71809
76456
101697
74302
110273
71881
94088
102362
35334
86100
104818
65244
37803
70488
80399
95780
62159
98425
66045
101728
63598
93776
77089
100701
65326
106291
37970
103631
103788
49554
54372
71924
72873
71214
95582
75416
48687
94847
49961
72401
67232
59362
42929
59516
79729
104536
53025
89351
101798
41220
91317
47199
69387
80331
83535
78856
67873
35895
84073
110269
54112
85564
77868
32747
99362
100204
65773
50145
74535
86600
62703
84092
90943
90480
70894
48837
91881
42663
75054
72128
96693
97266
96323
97231
86757
84468
54029
94422
51671
34488
93846
101668
96521
96897
38075
45065
69593
43610
79319
99952
71206
91970
95195
98012
26864
92949
103485
43703
94192
83443
56514
78392
91201
101783
73562
91752
68175
104867
79422
85489
33590
89671
66023
75197
86143
76209
75926
101248
59045
104056
46584
88405
65643
33627
60488
40377
65421
100230
107585
104084
73563
96119
94485
64785
89466
73313
57438
103550
37828
94115
98417
37102
65953
70745
100451
70578
83809
56233
96167
93176
92316
104155
68321
67462
94347
78359
57673
70823
37803
44001
97549
105081
98568
72093
82938
89563
64794
63496
98892
54064
87860
104144
92860
66889
73457
80086
81731
42996
69424
69618
102400
101441
95241
41683
92029
69254
111567
106079
87001
46660
42738
87931
83954
82849
77616
82114
52573
88949
102517
76064
68669
37834
105448
60488
93397
65082
70494
95270
78992
103451
80246
87321
51242
89593
65354
93756
73017
73175
108393
80509
92022
89913
98841
53797
69346
86800
108195
93989
54521
72980
76705
63220
82001
94401
104693
75489
104149
62279
42306
67777
82987
96733
72011
67563
95086
60356
81479
101293
97135
55862
77562
98681
55884
72906
102637
80710
71485
98027
75042
95761
99288
31071
79947
77973
56292
93569
100959
105893
93921
68620
35505
92618
68689
101811
98444
100865
92774
79486
31848
61636
101052
94716
63751
81174
99217
50226
87865
82764
74457
56193
73387
94776
74048
74264
88320
29841
100785
60383
88336
75756
90152
109936
110600
85493
88563
97257
103155
96853
103586
94981
104410
94358
75227
33203
42017
89580
94209
61776
95696
104932
63953
80690
87921
70414
76111
73621
92908
56347
49296
59628
96414
102647
101422
62924
32155
97681
91157
34565
102421
92908
74240
101336
98558
37717
97117
85081
69268
91890
82061
77116
48390
101736
39591
96112
104626
85984
100579
92861
49277
99911
57438
69641
55359
86281
70719
100187
97074
53318
107048
64453
54549
94781
62039
77243
100793
45319
64962
81354
76570
85602
54753
99824
94131
65358
47182
68418
69981
47910
69076
62392
102762
94885
58266
73579
102892
69438
98466
82573
44534
35294
93000
73839
68746
108606
89354
93094
88675
76550
73825
67772
107795
105705
90447
46909
82954
66987
81350
41471
86470
42210
62007
106906
49177
108022
93051
50578
101944
104654
46263
43472
83015
75424
93451
40219
60994
76459
77701
85504
92437
65859
93999
40631
42018
76555
76424
55121
80400
62095
80847
53423
46629
69089
54749
38247
53097
77302
94009
53704
101279
41361
71939
81912
95862
104116
101376
67737
84521
72292
83534
78991
40933
24967
110150
68745
55972
92610
103757
105594
85383
95433
76444
71849
98894
72635
66600
64284
89921
67729
65340
53179
91205
104515
92836
97651
95752
41374
109253
92829
73034
52065
82690
83199
44878
23470
94284
53176
48576
72323
68903
104547
90995
75580
103411
39009
55257
78168
102616
67805
94076
65671
76856
68609
62044
102845
80456
100516
87503
103592
107235
35869
98362
99034
94781
96607
77239
95042
67836
73746
60348
38747
66923
75528
78218
52729
81932
61291
80353
50525
85047
100400
94582
77122
46524
94150
44797
103157
61519
101993
100251
104732
28789
107491
68435
89043
78813
106005
61850
77312
108928
72982
100946
87968
81932
59499
78292
67735
93988
94238
97011
34441
42377
52007
67351
93304
85412
67310
41093
105878
106655
37511
97291
46007
84622
51536
97761
68351
97774
54095
35330
100581
74928
38616
102084
101981
51193
42737
86143
73991
90177
43070
68552
102913
77518
101007
72369
72448
48421
103429
107133
100598
111475
55309
85125
70561
67976
76268
76534
76862
43927
54576
77811
61037
70323
80763
90725
41446
39168
80046
90379
92544
77335
84609
50758
82740
71726
73998
99709
82848
39787
49068
80624
71215
92908
97074
99520
66196
94887
64082
89886
77738
72614
71842
107189
77727
62483
93514
73784
43220
96873
69945
103518
97608
108903
106485
74637
69955
74245
107732
81237
90278
69728
82909
34194
100250
43156
97257
99927
34068
67232
63136
55906
61648
47633
46108
93732
91300
98511
102643
104113
74736
68958
95936
64033
54717
66440
70994
39973
49070
49877
76538
103003
87452
97450
73878
46563
63701
31542
99551
82773
102117
71619
59150
105061
98362
85469
109576
70381
101952
101898
71212
55526
67432
101124
87463
54894
92852
102256
85449
60123
56367
98554
64847
53706
98547
74165
93372
51039
58592
39936
72958
67850
44001
86653
87506
60889
103456
92664
49681
93045
91995
86584
107685
71494
68615
58364
40678
60638
106488
106124
68831
104979
82874
102047
49373
60863
86431
106564
76349
66119
108449
52049
100841
82838
59329
108106
90310
106086
85412
82413
81730
57749
92655
69551
78609
76521
100437
103843
49009
84121
46144
84583
52077
88153
83036
87354
50806
84511
59380
46850
97547
84229
56270
99060
67438
93255
50243
82853
103883
89430
65069
84067
61227
63937
85555
66462
97243
77007
91685
57210
77597
106699
83351
86257
98930
67715
85924
100543
88691
68597
105459
51323
98384
33591
38739
77626
42535
50007
79123
68085
89698
62041
95798
28938
100917
63229
96640
100035
66374
104639
99430
97686
70217
70734
100009
104955
99932
90859
58252
72268
98082
100785
50532
64853
45863
45918
79342
61841
54858
76977
98265
103054
83136
85841
90520
59950
68636
44626
73004
84306
91665
52766
48107
48267
68364
90568
100047
100986
66812
102352
90225
93274
45843
90000
51941
62957
99961
90544
69955
75531
100836
101837
70455
67583
78627
54737
103758
101763
71443
65683
94241
51424
92610
41776
97136
98569
67915
44388
74690
34839
70127
96056
44844
98465
67953
71696
52638
98031
59477
84444
41804
102102
99914
42636
88087
93412
99128
64981
96189
100209
68118
102206
97943
47188
70418
104771
102805
88523
98142
86481
99820
53969
94528
86240
101426
69315
54769
102842
106179
101049
102041
95565
60957
69368
50917
83910
71309
109815
89268
66173
92083
99182
109578
70174
74598
85298
92067
81283
101640
87096
102675
71725
67239
80774
78133
46868
61040
48113
67455
70580
55497
100513
86269
93422
100504
86128
92179
94241
74543
65355
59588
43079
73360
52172
88574
79295
83685
74927
86431
95591
81396
101252
88691
93181
57686
52515
35622
96367
102027
76392
75781
97385
76574
74984
62142
89218
59948
49913
88153
45066
50402
79190
108903
95963
108379
111900
34350
85069
105753
102073
60968
95353
41286
39726
93870
67375
102474
103546
68615
100957
81225
49035
93443
64455
86773
69957
29571
102296
99465
96881
108704
97328
95701
42165
102560
58503
66197
48161
109658
85399
94662
101574
76973
55869
44832
67580
73095
93280
90510
95416
78500
75768
96891
68026
58344
106737
95258
34154
98383
83263
66048
68972
38145
43938
46255
50525
84808
60814
100935
87221
68702
73189
94689
102046
53142
78461
65359
66340
94198
93028
48473
100330
40391
87058
63641
103031
97710
96104
78429
73111
61584
58275
72517
100833
75485
36134
52207
109422
89073
69812
97148
54942
49302
86929
75071
78386
94411
44286
73469
94569
57199
101536
84235
45759
73565
95304
73418
109834
49490
69477
77790
58426
100495
74251
99367
84439
41334
60638
74515
65455
90848
89043
70163
69717
40141
107954
68635
63934
95128
77008
103462
62045
92067
98084
45432
106570
64666
45277
95276
49171
30159
47188
69425
55196
62610
70556
32902
55636
55563
97864
59820
90900
99144
103725
12457
65942
109226
70265
104139
76508
83334
93967
77113
97694
76583
74438
80111
108377
59914
105881
91856
48968
84576
28798
78200
68558
97881
101184
93947
101081
99051
95700
94751
93824
75618
71431
42819
71633
74395
75758
73923
43069
54843
59948
72911
87716
72609
46211
74425
42163
101092
30079
69771
88272
75588
45285
54207
72418
73484
102322
80646
100708
104114
73966
66744
103354
101853
74309
46314
95553
67703
88507
68894
86654
62183
66965
92280
80530
78602
65009
61384
104940
108802
99710
64498
91134
38904
39541
76115
100258
90425
83480
72036
52079
94232
63148
70384
55494
80087
80998
58685
99440
96582
67659
36362
65319
62027
65374
61008
84923
94420
79222
92473
61213
103098
42407
108152
94788
70928
83636
102945
70462
89698
80676
21360
102271
75528
83827
73232
102597
73489
97284
51939
102848
94917
72756
94484
51394
91656
59153
72377
48955
106085
76107
44843
91077
37332
96744
51811
40885
84953
76826
65643
53916
101171
78059
104666
65970
68419
95496
44943
49465
85326
94084
107232
98792
62451
57581
82773
82423
101335
82025
100786
75410
93204
42245
82419
97025
92580
87236
79158
70458
90543
91851
73825
94021
94607
93315
39793
95122
66662
96999
57950
60488
105802
79676
103468
107176
47278
53797
78920
98373
90159
99293
102445
75243
67603
51536
80414
97833
84495
43060
68948
64250
81080
88507
53357
87930
33475
86545
43306
94689
108245
76328
56783
75911
76831
95258
66282
42017
83277
47730
88668
20044
84159
87859
55989
58268
92415
62264
101116
98906
86234
100881
68341
90007
97450
62974
71335
71944
103782
88225
93440
43421
41517
66663
54692
59084
103105
104436
53217
111900
38460
88600
77094
93618
98614
64053
69734
107017
90974
106292
106557
67978
76240
108903
76260
98661
94595
73621
86163
41526
62385
86736
100489
49750
86163
92316
68958
79636
57379
100966
56095
96580
58463
107668
86295
62557
94500
92695
79353
76212
105613
66031
68717
72166
50098
94885
44883
75235
63743
91219
83405
95077
90064
23470
103875
88210
76064
99252
78100
71291
65026
55585
46956
92812
90868
79104
96901
48038
98454
70518
84096
98226
73846
81043
67539
98932
77205
81092
63792
50118
67141
98871
86240
74245
62418
63137
80433
46108
47705
38140
51244
58842
50076
31418
94257
87191
70746
98530
56239
80437
101134
47971
69428
48911
112163
104123
85825
77407
103518
61851
107546
77843
58357
65365
39129
103747
61432
81579
100781
41130
77877
107574
54194
89738
67210
39556
50777
65874
69243
81643
49852
101872
69389
81611
90637
60374
107546
106528
66621
44024
64863
37638
54129
109108
62885
102271
101791
66111
33603
30025
65649
95661
71158
97217
68181
79177
79649
62666
45609
43777
42712
64785
101624
83232
54908
48343
50448
87474
76739
76787
64666
72860
96117
74983
27950
60847
100486
42180
45040
71303
93714
97939
50226
51785
25335
31850
81557
72346
75756
77732
86337
82750
99323
101642
67958
84472
60519
88712
80433
43421
37786
66219
104585
40287
107716
99624
41762
42599
69480
102196
94114
33925
42785
49924
77149
108802
79210
70081
101198
59116
109117
63672
40604
78832
41252
70521
102484
94702
80257
98835
83813
107741
84140
105322
96231
37668
104726
93210
75296
64628
45469
85735
60891
53262
102303
100057
87673
57713
83482
71207
76304
96340
69430
73299
66811
107569
110919
109044
99080
98205
43473
68923
106457
107732
98222
101031
76792
66981
81886
45441
75927
98269
82571
105372
106502
99997
91904
107866
32001
105718
76797
100790
79684
57004
107009
80874
63766
92343
69762
94587
57135
66790
87769
95458
85933
95790
77370
58135
112257
53402
80785
66885
100660
73622
82207
59343
73436
100277
98795
59232
55106
95859
78275
72094
79030
100571
50924
51662
86802
97388
60799
95553
50292
68353
88846
96592
63805
95607
81535
93878
63723
92105
101178
86935
75581
102662
99252
67267
103701
91950
41839
101148
62496
47078
106181
86982
98639
89820
99309
93092
98523
72420
74602
57713
74964
35385
37297
85447
102227
105427
105934
101534
92614
103596
93908
94715
67210
65826
97509
78821
104287
98992
74751
61751
93888
41123
74197
65109
99824
104497
46299
76328
101402
84229
83355
101460
78581
102076
101377
75884
90560
98269
97001
100730
51628
103603
49837
78010
69836
70534
74086
98171
51358
102995
39309
74889
63119
105336
99743
77312
78962
87078
87771
105096
82913
107927
48537
85565
93287
99853
44434
71958
96826
83525
88645
99764
43571
42678
96702
45825
30199
74162
93631
48618
98279
72339
81914
104666
108109
100663
76196
76267
51348
86136
83702
68856
67419
70240
51447
72369
70663
70633
59013
58964
88786
101457
95141
77614
71418
95049
71249
74070
74092
97074
80389
49406
67999
73638
53995
48493
109481
72257
102762
63805
72843
47192
91473
90269
99224
104186
44632
93987
68782
91954
59896
108333
100793
77179
74759
67603
92198
73621
35121
88084
71843
108806
30856
49336
104142
68578
45299
74805
93759
51446
102761
76521
73776
67255
80694
51384
78501
97813
44777
104246
50251
67432
77703
72199
72614
96783
67678
76444
95371
77708
18992
92855
90991
74267
91148
82644
51400
95068
95601
49686
96733
90453
74077
61904
50415
70796
54029
33542
69475
100083
92865
61519
92869
37683
95186
68526
87113
46265
106543
55636
70256
67196
82561
102995
50362
68399
69049
46032
86891
65394
84269
81361
68616
98287
43365
62450
62477
60372
82435
50848
59452
100228
108623
71863
111341
28819
70465
100171
89712
100077
40411
104374
69161
76121
90705
32817
108340
90663
53413
72378
98076
91554
106668
68293
80382
60894
83953
47304
67305
102809
100528
87268
69645
98804
69515
105039
63847
96754
67350
74772
75765
93528
87032
92720
64872
45077
92019
60819
73380
105153
50705
100971
61008
103294
78698
108969
79791
105318
63511
60053
92808
107803
58897
22287
80956
98799
55868
98454
50066
93509
96200
94119
86168
98746
71444
75212
99436
46065
46333
87912
100258
66221
34004
101837
44124
76451
70230
86724
66221
104049
78518
78338
108106
50190
91313
100774
75509
74626
78799
68225
48977
49491
44697
82026
108921
95416
41232
84377
78367
101739
91704
64599
71851
72061
105857
107574
51086
51796
60901
92368
83012
77709
99764
90365
99578
101239
62261
100910
74971
81344
98980
103825
51424
66981
95536
43182
47122
80538
61641
98085
103260
42103
31178
58329
86922
67166
90967
96008
98822
96291
80747
80209
45628
93977
53074
41921
58402
80706
110102
68710
54933
101920
96914
49026
43333
102833
65327
102927
104186
62512
78815
85252
92781
101982
63015
48267
108344
48745
102660
101186
85024
31848
92953
67912
76870
90455
69858
58329
86440
76232
74257
66197
98484
61010
100228
64447
73905
88480
76102
110433
86325
99759
76178
78025
94006
73459
77194
40042
63275
109185
94247
58145
103393
100204
83530
90314
104211
67570
53662
107258
70694
104105
41387
74653
99311
74690
68757
67310
99370
105944
83847
94139
99669
72974
66645
96562
39279
80837
82644
100399
96018
76168
89073
99049
89172
103438
42897
41929
44658
79267
77324
58555
102041
42186
92048
81691
68894
44343
50228
65928
49086
104426
90823
87351
95042
103317
67921
69827
57857
98384
105424
100917
97860
99181
76991
72627
97160
25555
55121
89188
95852
70430
93514
83443
108531
97884
92316
71963
102517
64579
54362
72435
56065
83035
46102
88652
83019
95935
43086
102927
52551
80793
78245
99145
73060
79537
49082
60124
85152
87931
76012
75318
72389
87024
84309
39418
40379
73775
34142
81838
89397
66733
51162
62140
63176
72469
105136
46814
102255
85479
69179
79451
77335
73259
98989
98593
33808
82917
67657
56669
73187
73533
101835
97398
35494
70323
77861
82099
107752
97449
103124
69495
66288
93600
89331
76152
43106
69204
84908
89750
92405
60104
66185
58165
102080
97497
74676
54474
57426
84131
73360
72822
69396
77529
55269
50414
109694
70081
74938
73434
51132
52853
73489
74285
53852
94117
69952
80648
91600
105393
80053
76011
72601
94674
96112
67546
45939
100448
85017
104056
66829
57587
88638
87940
100592
81396
86877
85914
64926
74125
69274
52679
67883
51326
97082
77556
47865
74845
98381
50850
40182
107922
97719
52773
81397
105567
47687
67553
44633
88571
43472
58714
104346
63586
47614
51664
83645
90639
104788
32966
48750
42247
52676
107241
92035
53757
84892
59529
74080
64560
92394
72770
96912
109078
94214
109447
90084
82359
87094
81835
111587
59248
73872
43733
102259
79710
56732
61913
92901
98084
48231
95510
94750
76152
78397
95335
71845
93181
105561
31978
74717
99034
66869
94329
64705
104374
101159
65571
59173
61866
61603
72306
42716
84311
85179
37668
71245
94192
84188
70112
59523
60856
62728
81706
85723
78935
66325
99357
67433
45205
94613
94219
85039
77037
82034
100195
76665
42541
59409
102217
77869
53923
98431
91595
103163
100222
105802
78587
65174
77034
55531
66087
105561
54228
39129
101621
39088
69992
73312
87119
82573
99146
87386
101511
64117
104423
76556
64790
76406
36297
100803
93760
93490
91819
70146
107473
69411
99091
20352
37992
49944
95186
87984
76161
102848
28046
40017
99764
59173
96682
105006
43479
38747
96406
101940
42395
99616
76216
36187
52227
32647
86600
33818
71186
43915
78769
71844
105773
74895
93824
94419
101693
81337
72585
62234
104349
105942
100881
109165
101201
55738
63482
52530
98197
93357
79594
77069
89351
68597
110475
34264
24004
94272
92417
104099
20602
73590
103273
95117
76409
75227
33388
75323
98540
34146
101621
86347
53660
90096
53896
84424
68400
95396
96681
71866
63051
56263
56824
92610
78076
82993
78911
71140
94450
78417
102240
70282
40649
80689
89362
70766
97328
56150
50909
93538
90692
34796
100406
51452
95819
109610
107672
65365
106457
32873
55376
105400
78695
37281
18032
25531
101198
93398
34154
81569
61092
76196
56950
93730
104978
76559
42420
91762
73529
85376
34839
99678
78096
98822
92275
85616
47182
75920
43931
73099
70434
78682
96986
66620
102275
75163
88810
106007
50859
44939
53423
74431
99951
103344
86799
82091
59310
58132
63819
49682
68214
74529
58881
42892
91084
92598
95780
65258
87091
66877
51132
88180
70645
73567
74304
40089
92949
90571
70326
108967
101222
84255
100550
74819
105059
59917
108036
89624
92054
43845
100616
74235
67958
95105
36411
105786
49592
77658
56732
80573
52600
76674
88045
83229
39065
55640
61151
96514
66197
75898
99268
99764
70993
101241
95107
99922
50305
105308
83490
89078
83279
100769
103027
60490
83492
62511
46566
71121
75379
69785
100398
69191
107720
103637
98830
96658
73279
92625
72081
75755
100917
35724
47748
107590
77849
103743
86303
87866
94222
105135
79684
105870
60339
82604
76674
73498
66079
81470
95433
77948
108282
75832
107954
89279
76003
94066
101568
101214
43163
95572
106933
50215
88165
72154
89501
61904
75178
61276
110269
75631
71075
71063
72933
75646
82987
54573
38565
75470
66845
103554
85245
83950
88593
97940
69585
94183
70319
66054
75355
82893
104058
101173
87590
101426
79730
69574
58494
73499
57581
47236
91352
65086
76737
98623
65715
95197
104937
106006
67717
103001
102621
108876
41197
49087
80602
66792
79342
39421
74364
70120
100752
77964
71631
68888
110172
110059
37997
91916
39125
39046
67449
102623
94362
98841
65947
69032
96148
80031
55871
75374
73847
92256
99357
74241
79821
48279
92979
98561
43890
70464
60838
59700
84174
71910
106919
83437
68091
110101
54595
76472
101706
98383
42890
73182
82026
101814
45710
99680
95122
75297
110236
96337
51169
102747
91403
100169
94363
106564
47564
63488
54076
106956
106542
71876
65334
46855
96980
39154
91704
95859
44260
96041
85672
58033
41469
70209
72268
75323
83628
34331
76602
61618
68820
80651
88668
87943
79817
85027
102623
92943
84306
101023
104041
74559
48358
59798
58816
84714
86176
104566
69878
51698
96921
91696
35830
99129
96932
100772
104693
83546
42194
92482
45824
77098
63854
92411
100635
78937
50375
106499
56891
89455
89816
57087
79432
84369
104592
38747
84538
74529
79758
55338
59397
107078
74063
99854
86316
69121
108586
55525
86973
96119
74614
45616
89449
90254
88370
56445
94020
67925
75668
72724
39600
102845
85102
40304
103748
95639
107617
80830
47707
98982
81583
86072
89187
95107
55531
44698
75279
79864
58503
95416
101938
102870
98560
104252
96296
69351
98122
74267
85152
30384
30958
73514
79328
72072
75374
108109
106123
85939
105968
69705
80789
92550
30628
98544
64865
102291
67502
101832
62600
87746
43123
97818
101536
50499
47151
92365
72506
74535
95071
91009
103592
85051
96812
55631
75130
63265
97379
46816
46038
60063
76939
85443
102436
59526
100832
58836
76084
42663
80696
100374
38393
86173
87826
104281
84886
82388
73406
105586
74018
75853
101206
95838
82691
41137
52869
85726
100451
71845
105878
59729
77264
76121
67723
100709
38560
82703
53514
72766
81885
74422
100735
71844
71781
104155
95484
86951
89133
84313
11883
79832
76926
40962
96360
68524
76742
70996
74522
97334
80495
41469
86371
102686
106741
91703
109838
101266
61901
72550
50407
101590
88556
75160
107636
88064
92564
80676
64628
100608
57724
62066
70626
100427
100711
66764
97986
75077
101646
90692
96897
77850
69178
61399
87809
40499
83645
75514
82057
105553
93055
60356
65990
95203
67775
91999
61178
103054
83079
43135
100615
64799
67678
91206
104475
83501
99208
63359
81673
102607
98039
87350
97378
87838
74092
74434
72268
75885
82242
46922
60714
50434
63850
72528
102098
47680
102502
67233
98023
84144
96480
35505
87268
97193
52249
41394
66822
101447
103963
56188
81149
41865
92356
88389
100894
72267
71423
91403
107732
62262
31389
74513
106598
89660
73099
74283
78379
106237
88403
33591
44511
95652
38460
92316
99323
99913
75619
94094
88161
98837
104122
85663
88885
85726
48918
91613
71555
93977
75898
42719
47269
88266
102918
72901
77042
67106
50558
69639
54769
78432
69469
38017
91209
88060
73577
75189
103872
75012
108920
72580
99473
45899
76346
55742
75686
106836
86070
97739
92118
90459
49837
47131
71810
49013
72444
42320
97775
84198
93573
72700
99761
72171
106181
97588
96312
47708
90304
104822
71211
49509
69836
86245
72836
70030
108220
112136
102119
103678
87388
103202
98888
66383
86421
87825
100752
96998
68244
92934
92133
80521
109025
92219
85502
61861
67809
102309
66494
82932
67662
61326
48579
75815
89221
70556
70166
48750
43892
36930
109616
87966
86495
97694
68203
102084
100464
72296
85738
67850
93338
100796
38587
94384
46265
82862
57878
67563
57283
86226
53059
98201
98283
65720
37770
41858
44764
32168
79105
94757
69339
80863
62560
59769
94986
70240
81559
62826
107173
98875
75059
53443
103417
71945
69067
102697
67251
99833
98838
73669
106457
74067
97361
42610
53610
73136
78034
99145
95606
84767
74598
101452
92016
103107
71539
61418
89684
87010
65859
69880
57627
106440
81001
83985
82586
92199
44319
49772
54912
77187
41914
107336
75492
71656
105503
86661
33110
51118
67198
79465
100659
72808
83358
53768
26920
106278
108126
46365
80879
89957
86374
93055
60339
102499
64170
105831
68796
40363
79473
77264
86166
92653
66099
41590
101150
82431
103308
78478
48391
71335
59588
99778
103054
78610
48684
49344
92699
109319
89519
66606
59339
70972
76952
91253
97329
74934
75844
100623
70335
41669
98569
104149
75201
108700
100029
45930
65295
94689
68981
91828
54982
73120
107649
70326
29490
76249
67194
78675
88394
93549
100598
70154
95201
106169
65855
70455
73182
103357
95607
44726
89251
51147
102261
98208
87859
70268
97132
104297
94988
56902
102232
44727
67149
76862
45384
93872
79677
77973
74543
63463
99195
39401
102639
107127
54538
92170
40566
64864
45548
71674
99859
88967
98811
47142
102302
102966
79096
98512
101134
102166
100392
76993
90347
45066
100208
52104
93884
74598
59754
75805
105445
53205
106912
63170
43220
58963
44582
88834
61334
95077
101767
71924
100980
37511
66660
70829
80677
40895
75870
24777
77941
56724
72821
105187
63507
37992
79626
86923
94026
71426
107207
37763
53749
45936
81433
71262
63324
107107
97173
41158
99374
59912
95169
68889
98357
72524
83224
77892
95367
83739
86791
83581
84088
90324
70085
78537
109927
49475
42210
88374
104018
54355
101761
102643
57852
75427
93902
55428
71447
86982
88736
51791
48308
95458
42786
77235
81671
99858
78175
88898
107351
31712
78100
51126
29592
101518
95298
85034
72991
73489
93361
73212
82206
79312
95645
93983
61201
89100
100486
105019
64485
104671
97701
69920
94614
98877
107592
66024
42904
65472
58383
56570
102824
70077
81382
80173
82359
80415
54576
46336
85924
95761
67304
96011
99271
76808
75587
42261
76991
74212
106359
73467
50568
89347
109757
62905
85152
51394
90112
76231
101150
100383
101150
73116
76970
52363
84984
97998
83671
97021
101225
104592
54419
38998
99027
69786
66048
89585
101181
76986
98681
61831
68362
75716
68546
86773
85958
85734
63563
96490
77019
56061
104882
85135
83002
98060
99178
93599
53189
73562
96553
73784
60444
73457
39461
98241
97753
71975
100764
98068
96440
53805
55366
78050
81089
105630
96258
103414
50621
74067
94093
47837
35203
80526
88738
85806
70321
94551
94781
59281
39738
105610
101976
104158
80098
92859
92660
84553
85011
13759
68069
92292
98081
49906
97060
71388
91636
70400
80225
93765
97658
79059
75771
59087
65398
97001
42864
50858
92363
88105
61634
49578
78010
95170
68872
101055
100848
106007
76051
62750
48848
103891
42737
101421
77991
95368
98126
107579
86912
71993
83043
83365
83091
73610
45944
67399
86176
102129
73962
40998
67041
86265
98485
50860
100980
81774
91472
108885
78962
97497
44937
80526
105841
93392
73733
83264
46374
71443
51324
102598
34034
101713
82127
49037
100146
44844
86076
89235
50076
82981
82968
101150
37740
99027
69003
26926
64432
100166
107473
103294
83403
51571
102106
104404
89593
45015
92672
79411
98245
64044
54528
100073
72036
50769
87317
97713
92158
84786
78216
28819
106356
80739
90889
96669
84244
99364
68896
75336
53434
66549
79327
52817
50840
56639
44687
75042
99091
60060
71265
63622
41599
71436
70230
105138
34838
35979
69581
82943
76690
61227
106372
90148
65885
65203
86724
85456
49983
70323
73599
77227
81815
106296
110037
91108
102937
48684
47276
86597
68926
104433
63575
101447
75451
104906
98668
87695
95141
35869
80400
93528
83643
98822
78675
73136
89498
49746
100033
74008
68225
61832
99812
82341
100256
56239
67715
49114
50840
79281
73457
106107
65496
94587
97577
91610
25357
96776
55238
72299
91824
40873
58426
101712
100316
74411
105920
77131
91161
93120
47663
51364
107233
52570
103857
49563
101872
39738
67708
83825
62192
75188
53858
43270
77562
92198
62729
45745
49157
70282
53488
107649
65646
31542
39860
89686
98098
107803
100323
69973
75269
64443
34521
94493
63063
98815
35346
62007
101315
53055
76425
69845
89765
74592
96191
81972
79144
79103
105126
100841
107508
96827
93365
67563
96356
109437
84877
107577
69480
99557
85230
97131
95199
67019
99351
104142
91829
93953
100953
104435
45331
100621
98867
70709
82242
100085
54032
96268
98265
55632
69812
57096
96783
110738
104190
106190
34591
83873
77997
100189
106789
73259
111429
62206
103201
100423
68505
34128
104142
107676
92364
94804
32734
49846
82564
103919
83886
100000
103178
52708
97649
46916
42662
97778
77276
103603
90354
45822
86856
66504
45029
84517
32532
95313
79821
72635
101422
92473
79550
67873
63518
83451
49226
66455
48166
101327
40619
104835
98887
95235
93601
82124
73114
72490
95927
78670
74707
103771
105315
64185
97929
30296
69027
100598
59170
73160
42712
102502
103057
77573
74575
110051
107503
82399
84328
85897
92699
76313
101399
90051
62568
104041
98842
75955
72361
52007
95293
92377
61554
67835
65866
105997
55817
67738
39461
62314
42738
99983
82026
60429
88295
68843
75904
99784
97359
85395
51888
98214
108453
93538
100159
107188
100538
102041
69517
71588
47801
101840
45130
45629
72435
64784
89328
71925
100908
101632
100708
100110
47585
96828
102754
105812
51475
95883
45205
51283
89343
99440
91932
73698
81481
79748
71689
85616
66124
67958
102848
59401
57765
62223
99190
61148
54165
82013
101670
94324
67264
92218
64594
47933
85389
106609
92293
65291
71886
78253
70047
100399
83539
92955
63443
87553
49483
84235
95342
101049
42280
84089
39120
85905
103080
71148
59825
85000
94502
60156
108237
106942
83248
63118
104149
64284
105038
53686
109108
66507
64678
48403
44393
89755
101832
51444
67351
78580
69399
97737
43962
101928
80526
82701
76032
58076
70093
67554
87112
103879
99208
70796
78555
87104
104622
51211
104988
65216
104256
98867
98414
36187
61519
57878
78313
71823
72911
100153
47839
35825
96825
91855
41804
100489
75318
91644
76272
93191
85862
42124
72927
95929
68399
97948
73667
80960
98177
48979
77521
75432
97371
76905
78941
63772
70493
72279
50426
92437
54753
108437
83581
101048
102601
70972
75713
39283
91146
30439
94751
62469
57407
82909
91644
70383
70048
83004
100042
92019
98836
98919
80648
73965
74857
85841
95285
66168
103332
107575
81973
72427
92818
93388
79388
55374
96982
98064
67764
98485
89547
101327
72135
98636
105687
99830
70621
104263
53285
63568
79144
90455
45498
112234
70493
89122
80723
104693
78060
92268
86507
48049
69402
106332
72844
80382
43366
70322
100920
45872
83866
104631
87166
40809
54348
72078
104316
74792
92450
85495
65864
101376
36082
76731
65475
102452
88496
61776
69321
66600
87241
70905
70836
88543
95667
79432
106941
101185
105530
61486
78856
49256
77316
66170
97241
74438
76696
100660
106272
78027
75638
99486
60075
102720
64436
97412
65354
70064
70792
75662
89752
48682
44326
24961
106522
48421
33910
100110
81482
97475
75561
45794
109977
74624
86561
60280
93387
84776
74714
79222
44393
93776
63591
71444
93415
97148
67523
85951
100211
77276
101097
99465
96439
53604
52053
70155
94715
40408
36297
57158
90046
58114
54194
79853
87045
49171
102647
95876
76550
51023
32126
87527
99942
103255
88156
73989
56012
82348
97331
77225
94324
41086
70275
92081
73572
47700
46531
104711
67357
93167
69865
70671
95371
93548
45063
85746
88038
33582
99224
100905
48284
85899
73231
95519
106822
73927
108704
44726
46254
81829
62533
68657
96832
57075
41284
101791
78813
49821
79763
61929
86742
75472
94858
97455
68768
87836
99656
101075
43314
95407
31935
79811
96812
26514
73651
105362
101304
95086
71345
89668
66133
49416
69827
87926
80106
57135
73350
36371
100140
72299
42937
75681
75645
87335
75306
42277
89218
104671
85557
74043
105809
90568
97737
104879
75480
59792
70464
62802
64799
63223
53423
87824
64869
92767
40885
100498
45887
67672
83986
75606
102848
92372
74960
92862
41469
104805
94324
54026
76328
97548
92573
94809
44700
23162
59729
52773
84681
73276
44319
100558
56555
95963
49707
83917
70720
26859
94882
72250
103169
103003
32580
65575
75676
98002
105880
67060
97193
89377
69539
100899
83737
97512
79559
52329
93796
76559
49852
97717
51494
78340
69911
66871
55359
76892
37286
69268
104572
77131
58511
85383
82290
67849
32055
100647
73395
73350
39236
65026
108282
60218
63035
97829
65428
34212
94367
82206
98539
98731
106089
73189
58738
83232
71567
102078
82325
82376
65208
78163
74063
43473
101594
99855
52429
91300
66137
100658
85871
87429
66453
56569
60664
64794
101578
81668
69380
64678
73997
105040
57381
97068
81082
47251
103697
97374
54873
103365
104186
54798
47788
64565
90269
74823
87510
70208
98140
84292
51443
95827
82483
96554
99151
51556
92115
94038
101758
34119
107822
102196
96221
84259
83088
106406
93890
54692
54388
98176
59011
69220
105057
70677
59272
58962
98861
103391
48733
91811
86303
85481
87653
73527
77502
72222
69396
100097
102566
104185
101376
47687
45414
97484
92781
100472
50306
61287
74163
85886
105007
70942
37850
54638
93900
73966
93764
57133
100602
91837
105386
76986
83941
76436
33940
61326
99176
88618
107185
66989
48051
60030
76267
108152
75088
89319
79309
71021
43174
91966
45751
102810
95368
83087
56170
103073
68747
111448
89155
53402
103086
94620
91755
109108
35276
64179
81394
101388
100328
82780
37770
95285
106631
67149
86995
59418
70836
28014
80034
90612
57489
56555
86372
43357
90605
75222
78880
101977
35065
50362
87432
107371
96137
101914
92735
59272
88389
77178
103786
65705
104897
77098
70190
37785
93947
92550
97189
75398
57282
28468
78675
62903
56968
100314
91095
59152
52776
103197
78420
47244
68123
51601
57438
92449
38849
84622
95132
87345
66334
90036
73570
96117
42920
89224
100516
76815
106525
60499
40379
46840
75627
41886
75763
72386
71697
86289
93451
100525
52082
82359
76665
108468
91519
82497
81494
83019
80479
97883
98484
70782
93373
72329
92485
102655
104785
46185
63642
93608
84351
83033
102256
89863
68600
88595
57135
74643
79662
70464
87907
66939
72831
69360
73499
107574
49529
98067
83742
101179
46076
52092
52766
64665
84797
103088
86335
103798
40554
64697
96607
86442
100796
108636
47502
67332
83322
105402
34507
84121
100348
50048
79978
68549
66871
61435
64239
96727
97591
96334
51464
60897
101930
75754
85068
44943
68317
85499
95534
77227
97631
96652
72258
91452
84064
55211
44791
70928
89446
45673
94324
94011
46028
74796
92219
92269
97576
95065
75478
96935
74983
95942
60582
97814
103443
74833
51076
56797
92263
77027
92979
83910
87878
77947
81905
68416
105724
98867
65953
98783
101721
76218
63282
77335
100873
85232
99985
80875
57257
75458
28969
82474
61929
89073
77613
25595
87686
74298
100711
94235
54632
75666
70587
102769
88039
100990
61428
84017
41069
101930
81213
100954
63332
100659
108491
101657
46166
98470
73937
102117
100897
94826
69565
89222
43137
92459
103316
56286
55478
73492
76533
88872
39667
84612
105288
69480
69181
46531
34647
90006
107196
110561
60794
101444
55448
87419
96377
86510
62658
81631
42965
92171
41493
47192
85125
94692
102480
105650
58132
64239
56773
82764
100345
86370
89034
67480
62355
87317
60030
70296
77576
70329
96669
88014
89640
102452
85924
70924
77850
81130
93262
73228
102344
105220
80346
40568
90394
72435
42939
91255
63623
66381
51883
86561
72052
97715
103118
64993
32276
42157
77253
95850
106680
44149
100727
56582
67228
98371
103922
43733
11169
94776
98732
53814
94681
91702
95647
101508
25555
89446
44735
78066
91532
102870
97217
101527
81319
83188
84942
97201
84724
99529
81634
82169
69548
58709
88456
94881
34048
94468
101810
65571
81382
93144
47556
104342
67665
75204
81435
84127
99383
66725
100256
101726
70011
67650
89430
101849
89638
106453
66380
35285
29602
105531
20078
69841
39984
92938
65258
98171
37405
98140
110304
108126
77896
44900
95829
32444
98441
92751
76606
93200
67646
46786
45447
93455
71458
81290
87504
94885
89731
83064
49757
58881
69781
64184
87766
89079
75296
31078
66503
89803
103238
84389
70814
59484
44075
98665
64826
29590
43143
97696
95041
75357
55525
103975
101338
58457
69813
71867
94909
68155
70134
37846
98134
104190
64628
99084
88499
67445
101975
62069
65859
69191
35895
93591
72873
45749
73160
84089
65491
91728
75001
81473
97588
66645
86836
58964
93874
62373
92862
58815
81611
99712
81182
69486
101721
55187
81174
108830
38999
74339
86143
83464
95075
102897
74796
99691
80723
99087
93721
61829
72522
43235
82504
97710
100213
97249
82151
35411
105007
86548
75686
67868
80350
104973
91859
51453
75320
60796
74626
85000
61064
69990
51657
70913
51825
86161
71497
66473
98648
100323
70384
86223
71042
67410
101683
35660
78367
109634
72875
41833
67807
70275
43535
98399
69265
98220
100816
72367
53199
105561
43630
102863
73891
102351
90024
78150
98648
100543
60782
106132
105179
112493
93718
57704
98574
82058
78140
79592
35571
66288
44831
100058
85996
74577
42966
94879
98684
93341
38691
74592
76522
76489
89803
108903
44841
102421
74138
76042
71335
90291
71367
37790
84833
69396
37281
102619
87026
87505
93659
107455
97518
88218
102786
83532
41454
109615
41003
89544
96361
73698
82765
95505
95859
40264
74778
112739
107906
48166
60386
92812
76791
57449
108168
77378
106260
95852
81784
94976
104410
102052
108790
87921
61558
44976
102505
70226
108587
95706
76424
105047
93843
102730
49827
37922
61274
70405
92735
47623
103407
105174
69770
95891
74540
72156
103916
99218
87412
78140
44745
77312
43220
74800
80067
104624
98876
62183
81085
93065
76022
91935
93396
84147
102470
66943
98038
76013
46056
67549
100690
100859
45447
94163
97173
100657
79592
57249
71733
86252
96637
71765
62041
76363
78218
71319
100705
53062
88298
65355
68337
41310
101505
103068
85656
58979
77024
108540
98657
51907
104160
98756
98416
85959
97410
79821
65528
95121
85728
58126
106493
81563
42326
56548
93744
46571
89518
95032
96823
94977
81676
71497
96702
75805
70423
63953
110348
101159
88429
67692
86010
62058
101615
81694
92941
97658
53112
102177
101752
102232
60426
86407
81157
58329
98731
66417
96647
39308
97663
44001
101068
110103
76204
82311
101239
32229
54861
71043
95702
32112
65622
67010
96595
60396
108715
40709
84494
56950
62781
92394
72170
47493
98922
64149
72595
55548
48740
102101
71561
84121
100399
87206
41469
69561
109756
49433
62475
66301
100437
46056
56238
50595
34034
106799
59174
44939
63433
78030
74733
74339
64169
82952
98678
50539
50972
93530
83033
68137
105654
95655
41331
41846
37791
70960
103879
107292
93267
46007
87179
94493
108230
104970
90937
60960
91610
70606
49376
85984
82224
96197
58925
65086
39260
59503
78448
74809
89901
65391
108738
93821
94692
66084
66645
55739
71421
81276
68484
52425
89883
49308
105009
94556
92188
95226
98877
56164
84628
94238
102217
64601
87619
38318
38446
66951
98370
75475
76484
87566
76662
107320
44486
102656
59150
101853
88030
71052
72361
35521
101716
93299
98529
40223
74889
89576
84118
64899
77338
44346
97974
87112
89231
47235
70696
99590
95445
79178
75528
106041
52495
38393
48102
79305
78218
97655
95980
96334
92334
85332
95582
70924
98064
44570
82704
71299
104973
93507
81852
91443
95107
50073
80880
64073
80368
88427
93455
81048
72036
60782
77433
100368
52923
75591
61212
43864
73933
96892
88141
80687
68140
73437
97515
81942
44077
69989
65157
108232
47614
77701
66803
48111
99275
108886
100488
71040
45206
103068
27615
57322
65803
47916
49682
99300
46904
69736
45795
81110
94620
42599
72427
69957
82569
72806
105505
95181
86986
57688
77264
101653
101782
53143
51536
69770
72885
40884
80268
99339
61974
63104
98992
82650
29588
75634
56136
75327
89041
46600
79039
97458
35590
49979
104945
37004
95065
78047
107568
46265
69103
66119
64917
89377
56950
100961
110103
101450
94256
94937
91592
69032
105129
56637
75092
71584
74510
51446
41062
104037
84483
95203
100131
106826
99368
81579
68910
99398
56816
94821
68118
67982
86760
75678
61761
103009
51086
49901
63957
91101
36781
84904
91999
101384
57684
92552
94384
77651
43162
97797
76055
65482
32327
37004
93387
98425
68710
94210
74162
35631
106181
79681
97012
105210
74596
37955
90013
60745
90064
101648
103591
58743
47355
71240
67708
94413
51797
69591
71993
101976
106836
57331
79740
104294
68399
87771
97259
73253
55672
83214
90828
75432
49207
66792
101323
64810
83379
61636
70437
81284
58134
84624
74807
58871
56399
52748
44904
34343
86448
88521
74688
79685
83634
50429
78610
106343
50923
100753
44318
52306
88780
72741
92022
102892
40045
45694
64432
94639
112949
96117
97131
96397
58543
89300
65439
98778
50251
78965
58135
64179
76449
79479
78799
49364
83202
78622
96996
86637
109920
73889
92345
65028
69567
57322
36270
43354
73455
104977
44178
73448
47052
40703
78313
83563
105846
104841
52594
67106
99690
63283
60271
43837
79700
99369
64746
78041
89003
73410
99778
99370
45428
64044
72248
70855
92836
81974
98620
101691
48420
41924
109481
105233
98990
72258
82993
88684
68609
100131
86637
43498
88591
68242
112585
81947
63150
107781
78031
78291
44265
48727
109085
88858
92484
67310
78513
52570
76064
54757
89003
67197
97939
88880
103011
109794
73431
83263
35459
86603
85705
106459
71263
103728
67782
106107
43204
100152
99922
82667
80264
90611
106523
100222
79803
73716
54691
92909
55257
84777
100278
94267
82215
67377
73489
88748
77854
70809
78441
63076
77549
37791
76016
99333
69955
92159
53304
70077
100191
78007
86967
56791
90584
30739
107366
45684
68725
62750
40239
90887
79539
80500
99067
59457
41075
103703
90602
84190
70866
60097
108293
100848
51405
88804
75662
60888
93360
66512
92750
102550
100595
98992
57964
81399
85495
108640
37188
68908
89331
85479
98362
53852
62446
75528
107824
87463
71465
61085
83156
92751
85637
67935
86337
106842
71259
68360
77104
101436
109936
69301
88780
52870
94968
73766
80526
104108
90633
67141
110360
95798
76039
80985
95587
53994
88995
105649
47399
89257
79727
58458
104544
107107
84050
76866
99027
43396
42157
89336
72873
83622
104580
83087
41061
87753
100069
74553
44685
107980
74715
104224
85459
70745
88513
51077
82125
62948
68926
93088
70485
46904
75050
99377
48404
84876
63004
105660
65566
88165
97135
34875
49429
37310
85769
97140
58493
93547
106450
51433
107591
50430
55868
93743
96082
90921
79858
65093
95606
100345
92748
81482
41445
63211
78100
104977
31119
114296
52515
49924
49899
72258
97074
86616
59114
89031
48279
71963
95822
98534
53858
64601
50014
107189
98982
106598
85068
75065
52501
98888
70339
87841
93549
98249
67982
63211
93054
35764
76233
88860
81997
64216
95195
101066
38766
69274
101876
78811
108981
106809
70057
45450
73230
103552
76926
42328
97724
94725
77365
62477
105237
67944
73615
76998
97160
45183
90915
61852
52026
75873
76877
86500
99104
105848
87926
87621
59317
88588
87685
51078
101221
81894
53306
52858
67789
70961
74518
100637
53417
82853
87966
100635
101758
41361
77216
50726
89601
75300
98723
100600
102847
50591
79176
82630
98961
62916
96786
102445
86600
60976
87388
84118
53295
89262
37856
100024
80437
97226
65803
98900
67609
108540
95943
75729
87378
30536
48279
102287
82955
79161
50726
28509
63146
73340
79789
94006
32930
107730
78941
31104
57094
62920
60150
85007
34514
50665
73359
69108
39656
105786
74449
90915
100248
89322
41514
73589
84655
78721
69982
38017
108959
71155
97569
37052
80637
71605
73638
82633
90385
54044
83599
61829
74153
89543
92544
79074
47814
73276
105321
72645
84142
32168
86801
71207
87282
100968
91206
80901
56971
98116
66305
53322
66410
74367
79266
67914
99934
90584
104346
63481
73474
83295
95978
100885
54490
72879
87534
91228
67710
95883
80159
79806
88185
70031
99850
43043
104031
49082
86454
83728
102033
63325
56399
100278
36334
100972
36187
96041
92678
101811
74634
93206
102548
68559
89033
48556
37527
54583
57389
103415
81414
72065
93486
66666
80007
74478
81782
53295
97354
90921
98594
72298
93295
69996
92589
109694
45487
68422
51586
63281
67598
102889
54680
69471
105897
71590
54677
73955
69779
79608
100781
36937
62842
95201
94461
100348
88443
44862
85563
76557
57990
86887
92831
67575
98849
65742
101693
86429
99172
32273
40545
84861
63311
92573
74543
85826
82909
49490
107787
92307
90369
62534
102052
67373
56544
67421
91777
102138
50622
107463
97538
75771
37891
69265
76977
91761
100221
66823
101469
83952
89218
76739
61695
55221
82630
70344
78578
96214
79582
44093
101484
59733
105421
41093
104585
74641
70733
72202
78959
80466
101404
93659
72822
39221
87240
82154
61565
91297
69307
77843
44883
80458
81354
71725
93469
76939
56498
62353
97518
94895
61191
78843
99854
105006
88370
87323
102043
76598
36700
104580
93902
91317
77453
38842
67818
102587
100757
73228
45667
65763
76731
106977
86885
40650
60124
104925
105802
88964
90304
65622
96874
83956
76674
92766
94659
80694
87747
70381
94788
105490
34836
65374
74820
70611
71747
95831
91638
109276
94168
66549
96969
69425
100208
98399
86712
99691
61047
59880
99984
61810
51001
93600
102636
83645
27977
68948
45696
89686
94955
72772
80956
78010
51114
98815
50617
70745
51050
107439
68281
65886
95922
64133
37976
49220
79862
87736
98382
85024
68709
78941
95484
78886
101733
59831
66103
108606
54139
102328
87875
76277
70743
88628
78898
82516
92437
39783
41158
89763
73448
98837
89833
74808
97135
105008
93280
99979
57532
68215
52881
89763
47700
70007
49256
82025
74020
69437
90379
52049
73253
95106
72904
67591
83915
100195
52438
66126
66547
72897
77140
48161
35412
101980
47461
75105
91859
79781
86337
50049
87563
83156
103257
33982
86975
70972
69331
106221
85567
48476
99304
84117
66269
47021
57684
92839
65263
95031
56241
105533
70810
53062
43360
74941
101716
63751
98124
29703
58586
70277
62916
73878
63924
36295
87869
98241
72700
73099
74427
48236
71923
76989
88443
72378
98780
69918
101962
82770
95029
49979
84834
65566
91971
65272
89875
97763
94716
48242
48358
90365
63761
58266
83034
103033
73757
88007
96474
27659
100545
48632
82054
105753
103440
60277
93766
36526
21360
106237
107509
85550
82395
43117
76481
85866
92930
66881
52184
103120
96816
99974
92797
108282
77732
80162
45447
75821
99529
84594
37777
84547
87527
63827
93309
64920
101187
104466
45932
76191
52261
69607
79567
110993
67627
94528
72528
37593
76470
98484
108325
76981
94125
107702
34307
103439
106135
74150
106951
85959
83033
66976
52710
56797
70308
39499
65216
86072
43754
101247
44124
86967
64109
53306
104917
105530
106331
87080
86245
107515
53435
85710
80093
58595
90189
92887
66663
104978
101892
101362
53800
97587
61351
61213
108130
50957
70077
47935
104172
98391
27061
61861
59987
69573
70606
90938
96851
83057
86500
67591
69060
78920
70430
67110
68720
107294
101512
75902
59853
43901
105299
76037
68002
95422
97016
81586
100012
65819
30010
47862
102048
76986
69680
76017
93428
68985
67316
99402
81107
92767
71497
67232
86884
67918
98377
71333
105550
77712
92672
92224
94882
97270
93443
97791
74841
57536
51949
34954
65272
90064
53754
87840
66971
87122
65855
106162
76849
100850
61773
89430
68498
82882
48757
97987
91949
88304
73026
98679
101706
108636
91049
84964
58266
85557
89863
100985
76129
101980
83590
41240
71968
108718
56755
104988
99377
74225
55994
100635
81912
85600
44032
98228
49291
48223
91507
36691
52072
78821
67373
97385
38125
49635
102927
100468
75837
51592
69734
79350
78995
85887
75492
74699
55686
36428
59169
34883
82955
102054
72435
104928
69779
58757
94781
76115
48902
64827
68730
88075
53318
94268
96466
70541
109456
91383
79362
99492
89632
99481
97068
99242
71871
105043
60681
105802
67924
53048
103455
70604
52527
98653
82568
71155
93103
62443
64218
52295
64180
40834
68141
111012
46786
75115
84472
67410
71462
96361
74225
94498
107307
95065
86235
99171
93189
95272
102815
74796
99905
72925
86080
95186
64711
46364
85936
67957
82630
102174
98068
66486
43611
64234
36947
56100
86005
94323
101237
65216
28046
38344
87969
109145
70046
96750
63335
65506
74499
93826
76152
74018
39177
40803
67213
105687
73942
55497
38146
99678
101962
84539
107101
76282
33884
52325
43488
81120
86584
75745
98039
79100
70534
105069
105533
87340
90727
76696
48848
52093
58463
72844
71049
44534
104292
96982
74150
102033
67657
49557
38158
78008
67625
63622
73384
62593
89198
104349
40635
58604
82607
48430
80010
65097
108152
69248
91209
93834
43257
55472
93588
86594
70052
105088
45989
79133
89963
64024
107741
94746
87128
75969
101706
84039
68155
42044
39345
69827
60053
45897
100457
74433
45453
88910
94090
78297
43471
67710
99232
91896
89846
98771
77231
51829
80594
98649
68035
74751
68399
39057
98738
101997
70576
75365
54549
58516
66781
74465
103432
84889
76886
79532
63530
19454
74169
95935
51435
90543
67117
61749
108328
85771
79427
69982
97580
47837
45306
79362
70015
64776
91304
43236
70968
105055
93612
91971
68805
108715
109658
25242
98001
66020
87753
40551
95211
74597
49754
85030
55993
49407
102863
85395
102440
106775
49237
74878
55357
85059
67233
92857
106864
83172
72657
74451
64334
56783
76596
81727
98913
75758
35724
76293
90485
95534
85900
83171
69476
66198
41855
100292
74639
77445
74153
86582
102817
82311
51747
42864
61561
59165
93455
68840
91042
80289
105509
86257
81433
71335
51330
41086
89510
79931
71513
101478
70339
49756
84925
69585
102956
70436
70169
98241
49776
49827
73245
89220
109481
73437
46657
87998
42541
105966
97117
50606
52773
77156
105300
63850
84975
87423
67169
88926
70889
36461
26693
39168
70170
52495
100209
104769
72750
55853
35813
50820
93694
82685
84793
45438
110051
70633
84223
104541
56481
83127
95947
92206
69825
70230
86584
77258
41341
74035
45669
78506
73638
73633
60895
71513
105365
67301
43234
32021
97515
75333
57204
57748
72443
101741
66840
52419
72509
56666
45112
108185
62546
66380
105942
98872
75848
99243
83172
93650
91420
82287
96832
97155
82376
37068
37461
81212
51424
55750
108519
78867
68856
53514
73620
105280
92714
55993
90768
91946
61809
76164
61201
104051
102469
25411
105192
96881
86922
93594
33844
54911
105932
73927
38288
108886
70718
56140
70942
98581
41599
65558
45822
80637
68856
81804
38036
52527
36516
84958
97733
48823
99208
44318
75832
66439
31378
48125
92732
66410
68248
102026
83975
65899
92952
103407
85899
74309
85044
75713
68975
103318
63265
100731
100060
92035
87604
101351
72974
104337
78110
105443
100105
94698
109238
107702
84574
91861
80132
85980
106450
104482
95608
103738
95740
91507
69328
69644
96779
73955
83081
92857
74709
105013
96823
54191
98399
82149
101000
103963
88146
74125
97447
93930
76316
81436
75755
90331
48509
87045
68026
99686
89704
86659
105773
74821
72390
95999
32407
75872
69967
74383
80620
79260
110150
51582
77951
55996
42168
66193
45609
96733
57108
86188
45735
64347
101130
100330
51973
58352
91819
106832
39004
60474
75781
71770
48430
91446
106109
84477
71809
95950
106372
105917
72306
77017
99187
73447
41069
85737
56265
81174
95788
90367
109118
100603
103922
104958
75153
94614
70422
75950
95260
95141
91707
102180
74409
40213
96256
51697
40884
94617
40154
60936
74823
102941
90304
84327
69973
103042
33475
95302
55639
76002
99542
42715
99737
75436
97084
69212
64185
80895
48684
95009
97808
107730
46533
96938
40633
56126
51590
71627
78230
104621
76568
87671
95494
78407
67878
76411
78131
95994
53239
100383
74963
98830
104594
62044
80702
75105
94198
100805
102889
71765
111448
100582
54200
32276
55936
80346
80725
43289
101497
37518
102793
56797
106155
35310
74602
89439
87055
77921
103490
56816
93315
47482
105401
80235
40045
75805
86033
88872
90636
71309
86154
54074
70488
86295
35512
95186
51169
80828
106255
44571
84461
68248
65972
49034
91095
94804
73818
69098
95719
56637
80570
37559
105972
96823
69323
72421
93759
88638
80875
86076
31848
83530
43981
46855
97443
50611
69212
103350
43073
84092
87055
104116
45205
88009
57309
83861
83572
66382
38505
73187
65374
98860
61502
105009
62733
94192
72580
18112
39128
100861
42799
96085
88264
98539
109037
109794
69841
41498
82013
93846
90644
96888
16743
38048
79988
38362
76152
97756
63207
67586
83189
99199
79072
75113
87080
99009
77727
73182
102270
44294
78455
105268
35232
78066
90312
103131
94528
104970
99357
64102
52742
82683
76426
103327
63051
82220
67662
69568
86416
82948
49563
17958
76449
79123
87474
55331
49571
98729
97034
40254
88336
94003
33404
102077
80353
52077
97739
104953
52444
86799
78101
60919
75551
103255
76928
98228
38673
89500
52249
80204
99426
55971
89343
84444
56856
81025
19454
86445
100405
50217
63128
96060
108542
61238
66889
68842
77941
105494
68334
80821
48345
97289
92573
45339
74736
74394
42542
81933
41822
94795
77712
62508
56151
90314
55121
71106
102079
49707
62178
91823
107546
98225
102270
104639
101648
102596
70681
98947
62142
72671
94903
36275
68400
99140
95942
82764
71423
83513
73828
61014
82709
93704
99632
66573
97021
91949
91104
65798
98858
88466
91413
66281
63863
31952
84199
38293
89079
100201
90633
57210
84127
87798
67858
102809
67935
68689
42715
104491
94753
52207
56752
55079
105864
93054
82831
66829
106583
69986
85742
64169
67253
71864
48322
67609
69846
45050
100837
89161
45198
98245
90442
99997
87077
68111
50039
86318
93525
93399
79269
95717
36736
84992
70127
106109
67485
81894
69644
105113
84145
54521
66662
97723
97269
98373
93952
109650
75480
56318
85726
57162
93705
74833
71922
108120
102875
36362
60681
107679
48100
108232
24656
56835
94436
97107
85673
99045
53093
73711
76426
71555
64035
83443
108925
85659
93028
71805
72433
106996
83453
53435
97156
58566
93365
65860
52600
100775
92035
97395
97691
77510
81179
60526
57821
101022
38565
85806
74559
76268
74889
34954
71126
102956
69388
81944
106509
69524
97083
35455
67868
106748
69366
39909
49509
81586
102351
81414
98670
88310
84878
52679
94050
88175
99263
107296
46806
85764
91452
71085
92766
42850
71290
70402
103752
72851
61910
73835
66551
105898
25026
68276
75771
57426
54739
99488
100810
103576
85622
31312
56210
37183
107159
76110
73208
60163
95267
56637
88638
82938
47628
102493
62262
102585
74223
47839
56933
76230
72042
92092
54763
52419
84442
79558
85147
72198
99334
97887
44048
102255
80256
109194
43980
107509
104584
101869
105373
84402
32511
97280
106366
80647
43360
49643
61656
104594
71515
78247
80472
69692
68400
79847
89319
56535
82594
38674
93535
75111
51556
67608
98351
98618
71232
73893
99393
70788
64705
49836
50917
66898
86072
95662
87129
76196
80127
86229
107349
103262
84186
102325
97686
98505
79729
78271
82975
89036
77535
43011
109875
65796
100221
92786
67360
100754
34202
75012
42157
88881
96697
60474
50494
96835
96533
78549
104281
87814
97409
50226
52137
86742
64721
97118
77209
92921
103587
58120
82715
69363
93017
67843
99827
99614
70410
98804
108134
97613
38616
52426
98012
66985
78066
92022
98434
102359
67333
78746
63222
79069
93573
66955
74318
73627
92219
51452
73736
75666
80131
98641
76950
63541
68459
64910
37432
88782
55673
106619
55600
102459
101549
110530
104988
63118
97032
98595
95905
101937
63481
99100
103120
57738
83224
52483
82497
103655
73822
105364
101405
108521
43895
49119
92633
84142
41615
56191
75809
99678
80620
88096
37121
101896
65648
85298
81251
56540
47947
97172
85375
81494
86980
103407
46498
76731
76872
67485
91157
84939
46102
37023
72806
51187
49579
70456
100033
45316
100131
94557
85477
95127
57089
97098
68564
99665
36082
69428
53738
101763
105871
91653
82492
96468
106951
74717
72521
86050
70996
46066
72810
72821
74167
86468
95211
72052
110311
79894
57132
45904
92767
74160
105997
77235
44672
93138
94401
74304
57542
91913
108552
72249
58537
72382
76411
79605
76318
58919
47556
98036
91999
94757
61785
60788
75380
73205
100442
91208
92166
34858
46263
99370
95784
34530
64974
40193
74930
102129
44849
52647
101600
46415
68947
92791
73512
53322
46265
104451
71423
65697
85174
102335
103857
101995
97347
74692
101239
81243
63551
63930
98897
87122
102144
103080
67591
66334
83482
66005
103928
40872
44668
71085
49761
75470
102103
56100
105936
69952
48328
70913
74093
76356
86458
76568
85541
81752
95624
107799
97709
67945
72375
73578
89149
77805
46806
99208
82414
85914
80547
98093
87948
102187
67395
99970
107371
105968
63953
66829
55399
64767
80004
39461
52364
99678
84752
109057
111475
97497
76016
50606
70837
89430
98769
26350
90538
32453
98245
92069
61502
101284
92270
86346
83920
98078
103656
58751
98860
82955
61369
81160
59989
101733
65999
98860
77429
60949
37539
77293
103157
103440
75732
24067
70342
77179
67997
53357
99300
93357
29703
104470
86943
83662
109258
99166
49625
54096
100042
45827
75645
55525
104040
89738
87987
96622
40779
93756
37921
98434
48167
68606
72048
85992
40678
85908
105372
104482
88598
99016
89483
95353
83612
93295
60856
73964
50227
106237
104856
101930
89876
95431
87558
99781
98268
74065
69641
106459
100248
85820
86900
79258
78090
90416
102537
82561
73698
94614
73695
59415
89366
95124
105577
99218
99471
90371
68971
77308
77320
81983
76688
23789
74238
76013
62083
52725
69555
94562
67203
92711
75992
100382
94977
103757
42216
98644
69770
60515
40411
92101
99977
86414
97201
57684
101022
33942
94885
89362
83045
97259
102359
96710
103850
47541
51857
105796
69278
75645
64222
36496
97953
53174
42590
93339
79583
66560
57087
79231
79784
99444
36877
103117
106583
73349
83879
82594
57404
68337
100379
86093
67002
90244
65608
73051
87504
90705
48420
58135
72829
81700
97613
37766
74837
70913
77420
45438
78284
95740
74541
72623
78272
109836
43793
108920
104734
62703
88968
100181
73749
64284
102550
87082
70606
48305
63311
72671
90002
68023
75567
78356
80261
103822
92640
36673
104306
68846
49540
86333
79629
61518
49863
84662
111572
66704
85334
61708
76223
64633
51932
105822
102924
86206
65983
73898
109041
109099
99777
49580
50840
49540
67266
101147
63806
65586
44078
51829
102601
77150
97732
78396
84590
88556
87646
100063
75345
62534
70096
77072
63245
75246
58665
90595
62637
94390
62939
67041
65749
69766
79600
85187
81582
75137
66302
86922
106221
81392
56270
61553
54858
106854
100461
69471
58955
69411
85572
92072
60410
81564
68972
106181
83540
95592
53750
106201
87625
100963
91596
66574
40728
76031
97915
102623
80942
53174
81799
109712
85987
103411
81815
81547
76432
85410
98732
30582
93642
43011
93352
44632
74618
98399
98427
102078
65566
78803
64592
82461
83620
98084
69437
104911
50604
83034
89818
58516
50962
96066
90024
78101
86898
58230
104979
61037
101823
86763
75489
69161
100442
84336
60181
103279
74163
100151
66302
100883
45459
74749
68407
78766
59912
95356
71122
102170
71733
101633
84133
49256
80623
102686
34435
68553
74563
53797
79444
94256
70899
50235
97400
64790
61680
100516
65244
69347
99287
51323
86457
91856
87475
73175
77007
80418
94485
68411
70743
40912
73395
90336
91174
84567
77896
32476
92051
92556
100069
95822
75034
74376
49476
38972
108844
39410
80239
84812
83563
85028
94788
62142
92691
70086
79008
97066
90213
62805
84710
83110
42714
24505
86643
69459
99333
54680
100423
109209
66103
95466
85288
97663
49490
67836
71628
110295
58458
97925
65471
45582
90878
66239
89762
55617
73231
94085
70786
72876
78441
109427
104765
100634
106522
69818
41252
76997
76317
45451
42892
86245
55526
102955
71461
34384
81562
104765
60819
73935
71287
73084
98568
67399
54732
78911
66695
71894
94065
101022
61761
72285
77644
77824
105741
93621
32001
60104
88105
79559
100513
104037
58503
44376
47133
88946
103728
63068
70268
69861
100351
93338
76230
48802
88806
66737
62457
75151
107836
41590
70853
73158
98277
105336
102986
105040
92279
78848
50675
46837
77849
92824
85684
74526
84986
40563
53844
91030
99049
88145
77270
55180
92120
100604
94184
71657
53844
101839
69902
43014
36861
73563
97399
98142
38674
97551
67288
50151
96633
86923
69320
43857
88709
46391
92081
78732
99875
59097
87018
77395
93465
54149
61474
69910
83004
97864
34153
101909
101108
102112
92479
91638
103309
97813
71606
86935
107232
40779
101147
69290
77113
85716
89309
49258
90048
70001
50037
69786
59578
97618
39668
59061
104297
97312
81344
73118
51076
79817
106628
98888
68968
66455
86665
49906
70077
81933
106345
93493
40570
103840
73040
93745
69825
42798
88038
103061
87364
90519
92938
68698
41970
53337
71145
74691
87063
30086
68398
95942
97942
86469
65502
98465
94324
54894
53322
69103
68458
83685
56711
96991
105596
84501
102446
95535
99744
111242
92650
79059
105976
78672
92921
61688
70796
108542
106518
94508
93397
88898
61161
63770
56903
100660
79060
79281
61592
102870
99304
106215
98265
49152
73635
93796
90967
96647
94020
100921
93375
87160
67523
94812
102947
68175
43271
84050
71805
103951
69973
36798
53114
78270
58424
79028
102190
102262
78984
38625
98083
87734
68242
84425
62140
63433
85334
74939
66892
92485
79918
96701
102518
94527
98481
108690
71628
108135
95031
96674
86229
104389
76324
42540
92791
81160
65483
47879
73360
78117
83110
72675
83358
71581
100463
94467
90879
83268
106251
100059
102120
99645
92640
103077
99642
41404
76742
101668
99866
58437
82290
74763
98657
106910
65355
53195
54804
88495
59187
101938
87790
56019
76830
72299
109057
94885
91600
55740
53535
88009
37745
71498
86723
99675
102849
106084
42261
101768
96932
96497
42059
88660
52669
41527
104099
84864
49384
95994
76511
99402
59912
55151
50245
64717
87318
101962
70837
107001
44689
69412
91855
92063
109984
64567
74596
90697
44152
102892
36696
53174
102467
95112
68771
32166
90564
92812
95726
105976
61716
83331
74806
77098
89351
39541
102517
62137
85616
101927
44395
101233
98360
53289
45562
108726
52175
65566
56337
97756
72094
105461
81423
58761
49292
83966
95831
33643
95656
59526
50723
98897
102680
48144
60687
86717
100459
60724
91219
68796
101484
74393
64874
27079
53554
104457
72976
64656
70455
57239
64149
90754
65677
78378
90631
83156
103637
93851
52850
62920
69795
87998
105993
68149
95997
69000
81078
68282
48102
70326
71444
89291
94115
98181
98830
77195
87841
80200
51433
39909
70112
108232
96106
31378
102613
92772
98948
93837
98830
96186
100963
109054
63386
77252
50073
105047
75926
56937
75674
46210
71202
103307
57821
89043
55068
35226
97940
89614
70245
90027
76134
48357
36730
78088
94760
100033
51552
76639
100551
62392
70435
42274
102369
82868
93373
80346
108097
74719
68319
75345
90043
100613
73329
49937
52425
98386
93580
81080
68669
97115
62735
75160
86448
63954
70007
75068
106034
73734
77405
90337
45066
93226
103371
102190
68895
97476
86747
32580
93762
98313
65798
103003
95900
70348
31271
90803
75318
101329
73013
85073
89949
98465
82130
95175
92752
96402
66282
102232
88352
86601
85925
95920
100938
109566
93878
53514
73313
63554
85034
92797
76240
85826
90372
47017
100327
106931
88439
75365
47273
52007
105691
92506
76328
42326
77296
83475
105927
74795
48076
