38083
77788
65393
83439
104357
43328
85346
88737
73853
94405
102452
55724
83324
104773
87279
65561
68333
104442
84411
95414
71192
77471
47143
76651
43179
69390
47259
82974
75869
80847
66512
78225
83250
98881
42198
98396
84200
25844
66062
100401
46543
77907
71721
81653
43537
74584
84662
44682
93035
70631
79642
65107
81076
70868
74747
99254
94488
59386
80021
101211
23255
81180
42876
64664
78126
82298
80247
44462
48675
66226
84671
60482
97906
31602
82322
88819
80445
82668
66423
26485
56399
106962
66706
35276
45367
56729
22274
53814
102413
82621
85948
66159
92882
46784
54575
75181
107784
104142
82719
84343
79037
93455
102804
103490
27220
80002
34103
102534
65300
65397
99145
90598
69203
100502
104176
83718
86614
64762
47276
45656
29726
74519
30961
65389
45936
38124
73202
85737
105401
88602
50031
66918
104886
95215
42240
85062
90045
61854
81535
40226
88554
72251
101388
101179
61011
90335
102566
51865
39605
47491
62466
50826
50097
37889
92244
106353
42800
101882
89669
77270
105094
47498
92603
68915
39929
53726
48850
57319
78952
81338
85503
104635
102881
83217
105341
76842
78427
50857
56966
46289
21545
68078
73526
73940
58744
46566
78363
35931
57641
82963
61191
105016
95034
94453
63999
36782
104979
105559
99549
87442
98822
96116
105094
88629
55274
94667
31654
27036
97617
104392
57027
43472
93170
80659
42213
100176
80943
82579
50612
103169
91119
41948
95252
42084
88130
77537
83433
41014
85071
78458
101657
83082
98259
31794
85540
64225
79226
82724
85307
20734
72868
51532
45673
82170
94173
59910
79564
95990
86936
83962
57432
81714
68938
101356
54614
45860
101354
43738
79989
102300
100872
77814
80962
79848
18867
75230
28077
44843
102166
102865
70682
102417
65960
98023
106000
96463
55118
55313
86029
75052
87675
96455
67128
87741
83049
30650
47454
89538
35859
80922
49083
88565
33517
71619
59384
104531
73114
81784
62990
96901
40284
102831
43249
94003
96031
104925
46162
50247
73238
84343
93155
67462
37906
65605
93571
106246
95787
88153
96857
99822
103609
59372
39803
42857
76055
54468
59410
61735
94856
78411
31725
106813
70209
93714
99617
98553
42312
48513
104721
80664
79897
83439
101423
79870
88253
80533
105937
86633
88453
74438
103483
79839
85635
98330
103142
59357
94364
94788
34145
97595
60181
26321
100726
74299
94453
97720
84523
47822
93110
97962
69410
81105
100401
44402
82120
89014
59101
66493
36553
96199
37591
69840
68033
67155
65824
93702
94018
56983
99037
73732
68286
29281
44478
46600
105338
48522
76335
102761
23449
49992
28452
77826
102121
52428
60029
77096
70021
99115
85322
41576
104583
92366
107448
79900
43482
43184
97010
96624
52965
45308
43151
54048
106091
84871
64828
96166
53430
24606
98026
45387
74623
100779
93455
40629
75436
47887
57790
27897
82487
95642
107275
104292
83536
90149
25844
47728
38900
98490
75736
44708
102542
61813
88975
84523
62357
41234
92433
64910
97231
88673
85284
66964
73226
49512
100915
48900
95647
44459
85720
40735
46092
57818
98881
102809
108954
100479
84364
103150
50229
46604
80324
68865
82856
47890
100180
21677
55467
92897
95775
51046
48293
63753
42219
84984
76587
49452
96146
34718
77885
100368
81578
106453
65764
103371
96008
35611
71394
85059
81026
68398
92116
56286
73819
102970
91661
61325
54498
94180
55485
37591
82930
66030
79158
37857
72529
63928
60266
87524
79268
76597
76832
102746
72343
76483
73960
102542
84229
61854
102980
54756
32039
76004
102486
30871
107683
43536
77630
76607
70848
79264
86336
102151
100392
85911
69291
64475
103488
88452
102489
80243
101680
98662
81649
61290
44973
99836
72976
81988
85315
81737
99585
78469
35145
79142
47847
81620
49485
35203
78563
95040
69401
51158
80098
103565
100843
83091
78575
70553
73801
46464
86912
103455
86221
48981
63145
74309
99222
48887
101501
55591
35314
89638
78670
101805
86386
89514
103547
51137
82934
61610
95644
77628
92351
61881
43482
99391
47789
81612
78462
53656
100618
88198
56657
49829
102935
83501
89947
45832
41473
71972
40898
54467
69276
42686
103144
77907
76661
92774
74322
93571
92943
31912
80853
76196
62131
91906
95740
103913
102946
87129
95511
101627
88321
65344
87809
93571
64050
97050
102983
104821
81130
63460
48256
68596
87873
97224
81026
102178
97015
80280
102705
98849
76764
77062
73123
41608
73199
93549
96939
62682
63343
111002
86666
52804
37631
73226
71826
71703
50591
81545
103363
100435
60258
71308
65366
35060
29541
92107
103497
82200
64771
87095
89196
74622
76085
69700
98244
82236
93455
104559
59354
81900
38450
102540
99518
58987
48580
81828
30042
95091
84319
58746
34178
99428
65824
103455
103985
46556
62447
40804
81475
80194
56619
72577
87006
90713
59911
105078
99979
83768
95216
102540
104872
75518
83383
83176
107683
101410
94939
49512
78327
83642
64858
103568
100002
67222
67391
92153
80725
83191
107202
98886
84988
55659
67718
103648
47385
104486
104641
82704
101597
51833
82344
102757
45540
47914
79096
105471
85879
69529
82601
96901
92240
43157
85148
102853
33517
102331
67082
80705
101900
105187
91255
85567
99270
67486
52706
78374
42873
73361
85585
79035
79679
46289
84729
36307
80742
86362
66772
66871
70936
100295
84338
103329
79761
64223
50272
41720
93444
41720
54273
38098
38869
98075
65035
35392
85168
33285
45223
86391
92716
65855
48053
80322
50608
86276
38900
51867
66912
30619
85555
65224
85685
44455
80725
66503
46451
66020
14352
105421
83080
107645
85322
105181
54121
90156
82952
103605
93671
53210
84410
47617
76915
37552
71239
64364
90148
64771
34728
28645
82567
66365
80240
77176
44606
66932
58433
83106
55732
60945
80481
80050
103516
103524
32932
77371
72258
74352
103455
103882
84755
107705
45193
81420
103420
56402
87667
78516
105052
69019
28110
39303
80421
79602
80497
86911
61557
93571
51424
86909
81161
85222
77634
61926
79430
96924
49834
98346
47916
101539
104170
72624
99535
102355
83763
105719
85996
73458
55610
39605
103335
76260
74719
61955
80378
69519
59548
30377
94250
59291
98864
102037
48143
77158
77125
65855
52477
65872
97134
99533
67633
73679
94430
83125
50025
37582
56777
58968
78048
87401
50225
98244
82026
79206
63118
51384
77145
92597
41122
67504
78184
33815
52816
51112
58054
61637
101354
57559
82130
81741
102946
40610
71046
100551
103043
59214
104020
76430
45788
79504
46984
97553
82361
32963
47294
92351
103958
52831
50808
85262
53309
78441
69622
107710
68086
47953
78361
87516
45274
75129
99847
93827
98206
103888
85599
79041
73186
103876
30065
37687
99567
79219
98496
93015
33690
103023
79369
76335
90200
95044
99337
35128
92943
101589
84713
53317
104402
103871
86268
67638
80237
84568
103532
63016
45874
83463
34080
47652
98023
80148
28482
46845
74213
99629
69123
77058
99315
63565
52201
106180
100041
78945
103931
70686
105313
75526
46578
93529
85361
102166
60622
40440
77887
30683
43834
105654
64114
74892
37816
47890
70868
62700
52551
73662
105299
101196
94493
94902
85270
91869
67658
39023
39118
64319
81792
58770
36324
89888
104017
78933
83369
101954
47236
42900
55282
91618
84360
60703
59422
86946
83432
35530
84048
43392
80759
93088
57427
83258
41438
77823
98082
61877
88550
48707
80673
26246
103418
58523
39457
85483
53684
54468
80582
84361
45086
21102
81354
54243
62359
84364
93085
71658
78265
46390
53888
47980
101523
89855
97729
104329
77376
87862
79241
66503
49281
13451
81064
33058
106260
84672
81782
63125
44501
82274
50733
78678
98804
35540
51165
71809
18793
55282
64879
82485
80242
76129
83168
53476
99447
39990
64223
96361
63612
77538
102316
85859
78028
67061
103066
52021
66718
82254
74623
79379
65792
62725
103529
103580
78374
87237
102461
84452
96865
23171
100872
80421
60337
49185
68048
35239
94273
79171
65528
62308
98287
73853
31912
51660
82585
38431
52349
56477
98995
90075
103983
97875
91255
90424
75311
84823
47525
43148
79521
84983
81215
85400
79035
61208
41948
61736
22311
55082
102760
25925
69265
78134
82313
104697
71949
85804
56619
50111
52595
86971
103317
91954
55460
102582
87174
85879
24755
67934
92445
50213
36459
103271
103982
83168
52426
103192
100435
79264
95566
87879
50607
37816
85021
54614
86670
40302
97231
76265
105483
52706
70041
107683
104404
78788
80879
101022
42857
55215
82693
94435
99291
58263
77468
92723
71363
102760
77854
78863
97551
83287
88154
15115
105880
84237
36226
26542
45073
46646
104384
56643
63558
54982
103522
36171
84713
81065
81017
50717
78565
77371
75722
53367
43969
78182
69946
63232
85145
95551
65516
95241
47028
80225
88101
61118
54842
65534
65816
71449
83648
89502
80559
36144
94321
83141
74900
60441
87602
76852
100285
55010
90563
103522
89681
88755
102020
24778
77479
98915
58130
48729
42502
54561
79409
76717
81824
97158
35537
83078
65946
43409
86862
77828
49224
48675
78473
81005
70686
102809
48458
88280
79095
104739
101804
42219
82893
105341
93223
85873
42540
102687
70421
81486
80430
87205
67923
107544
56030
71389
51391
91701
89864
61923
88083
102625
19624
40437
56322
46647
94473
82762
79051
78067
63018
76646
83899
92597
55250
105193
96145
51810
50229
35713
54041
83364
58705
100357
88486
32136
37580
84407
73766
80645
45276
66737
68159
62083
103624
36271
102046
102649
86872
46928
32178
95020
39118
94591
74275
103857
26956
85340
40544
95454
105719
26016
64827
48143
30663
104590
84759
92635
67745
86596
85034
57740
72446
82960
51981
53292
38342
96038
82816
52220
45108
78656
50111
67258
46888
66449
35927
81238
28498
77343
81381
92777
81964
75423
86824
91427
99228
73610
102216
57650
56057
54954
76004
84417
86131
49110
98092
86706
80462
81773
66735
49149
77361
103624
79738
42630
49330
104886
98889
103023
104988
44266
97792
85071
103547
103271
69410
74841
36768
59375
82485
104586
45213
40858
104957
75629
66124
40794
105821
73115
60970
60360
104410
34272
102039
84228
67459
65855
80688
38107
101566
94293
79669
36933
87408
79211
36000
68755
88273
82695
74137
56222
76974
90563
29721
66959
98505
30296
62454
73527
56698
81311
77570
104456
80828
50066
65824
30286
98601
27981
42873
44762
80605
77433
85481
64833
79964
78933
46162
78389
99567
94841
66134
83887
59538
103690
82565
83886
79211
28682
96760
64911
53774
46739
79440
82454
30270
78716
79581
76457
81121
78383
61991
59538
47778
57493
83347
60750
81021
103458
72258
98004
81534
83919
85148
86572
81231
99563
51375
104929
94757
80426
26485
104060
100013
102958
49772
45719
55173
98189
30331
75133
84181
104425
61018
47717
44973
81460
42709
79441
86463
95035
101624
58158
48559
45540
49208
95589
64436
102892
33551
84373
51867
81287
89537
82977
80440
65516
105522
105549
71376
83631
53939
64890
101168
77267
55376
57770
50838
47498
78099
101243
39558
64967
41992
53953
102768
92780
77161
32115
78491
56657
67078
47689
46087
101378
84547
47538
77581
68685
104369
94871
81535
104216
80423
20275
77565
61557
102505
101052
104603
78383
79321
103983
77612
70493
94533
41315
49313
73008
65048
50518
80545
40017
102417
100934
93508
46695
80462
78265
70536
105108
49897
77107
82170
96861
43157
61628
66798
96414
83250
85299
60110
69393
65879
74232
78834
86172
104537
70786
84504
74638
70539
100221
49221
76759
60111
87481
49224
39225
80806
40799
85449
84373
81395
100551
58238
52138
61017
72192
94010
48911
80462
62693
45568
81395
92633
100162
81105
104686
65881
34054
82216
90882
96407
80333
75278
103904
83423
50948
84761
95937
106032
74838
69494
57329
94286
80256
42821
87522
65952
104915
101650
64614
84200
73849
98952
104136
75039
85792
92196
82280
63697
103715
59157
92186
37552
104063
61726
104198
81610
106548
79904
62814
56963
103760
83412
92775
104721
68286
68220
101882
87397
73321
56381
93398
31473
87292
74050
105750
85821
71407
92434
85159
98516
99518
77494
53244
47942
95660
80283
75869
31204
89840
92210
44506
46906
56152
67745
85337
79237
99177
66306
77717
56475
43177
49242
88708
47361
53826
102096
64617
34866
96350
54851
23333
87860
98536
98771
66603
84333
23724
86142
99688
43145
88057
71746
92300
86703
104717
67992
79932
66107
43811
89414
77797
45903
85855
49257
71153
81993
61203
103326
103613
83992
85792
72021
67795
59190
69061
63613
104357
44119
104198
79751
85879
79429
35392
104051
69279
79652
73279
106410
89811
45937
75326
94163
83868
82586
81521
86906
66222
83250
47056
105683
104718
41435
29011
80082
103957
57465
68366
61831
80582
83637
96284
80841
86362
62048
97729
105338
36069
78566
71169
39029
95949
74439
78146
43126
82454
41221
77924
103343
81387
97693
102517
63942
62582
106599
61150
49136
79731
75799
104095
85575
51673
76675
88007
25496
75348
70005
67370
78810
91423
103536
79797
35380
57315
67934
88168
77879
66966
94339
80650
69413
104142
78110
48923
102185
72900
63696
61031
100411
104467
57554
60780
76322
77133
80016
99533
81612
81181
43254
77338
48181
59776
43618
49546
105034
43530
74101
82623
106790
84745
57128
56689
43366
79210
86711
63594
34754
39923
73114
77532
58214
70078
47916
104197
45899
66960
82497
88740
58773
77439
59453
39630
96450
103566
40775
28786
90848
66832
41546
96082
72696
100790
79440
35702
68771
35072
91675
81991
30583
66389
99314
49762
105122
99939
26398
84509
87868
66426
26398
81395
87789
49389
49136
81759
80423
64814
39686
98682
52943
34175
85267
100759
98190
61871
104816
60074
79775
95922
99195
78416
80083
52031
92366
103987
73287
34745
51806
75653
80888
95532
95589
94864
83123
79709
82784
78350
47721
96145
54573
79605
71645
86651
86170
70173
64529
60698
50606
35560
47294
53877
81624
81491
58248
50961
54034
40511
76015
98581
47001
66881
84353
85145
57357
78274
85573
66304
55552
43250
71370
78317
94511
81238
52665
65919
57238
34278
14352
65924
43392
42777
103252
103147
56207
84527
98105
107645
32440
68351
107202
88486
98426
95870
84630
85604
49793
78272
98082
79263
82304
64740
43036
81966
105749
93469
105338
80865
54710
42630
82671
80003
104734
37705
86089
97134
73861
89052
37298
82934
90424
85899
47623
73684
102677
40217
36410
30732
71314
93081
84742
89033
54089
100404
85721
65343
85673
87606
101103
100287
40471
97652
98346
85141
54600
52892
80119
92989
61440
92451
54401
104519
80663
58763
72602
66809
76591
86148
32932
93647
68525
93693
87177
68677
34363
84095
43576
75266
93792
69344
99391
69561
83694
102210
80472
74584
42309
104197
102237
61409
104831
96166
103711
43706
71456
61931
69768
106161
80149
61137
59222
48094
20389
80276
32367
50268
78208
79900
98597
64545
49167
64959
65367
47326
103935
74012
80664
61991
84823
67919
83388
103221
98602
62217
77624
50682
80258
65557
67780
87602
33371
61863
85508
49966
59222
50612
52551
97799
102411
96778
61199
37341
101281
78507
103608
30065
66389
102865
71980
69560
79402
96114
101803
84455
79822
56619
101196
88651
91422
78111
49687
81007
85189
102710
62413
51553
82031
98717
73883
32718
101863
52687
36226
70645
91981
63914
70336
77595
94187
73046
34255
101490
103870
75873
53309
82238
59578
56378
88191
83982
54243
68345
64071
86111
77315
78267
86867
72408
31843
39179
81985
82586
87746
56828
97652
44862
65879
83631
99503
37441
92702
34999
97223
42486
47228
81806
98901
100058
104576
49725
47361
54763
63241
94833
79595
84509
98201
52101
103865
102725
66752
75061
36158
62654
84078
61501
43583
46356
47968
41461
64895
47299
48311
98630
100464
76580
61372
95566
39162
43613
69011
41367
86325
26340
101428
55502
74560
50611
91618
79099
88439
94541
79264
66857
53187
61128
79211
82449
75507
97697
106347
60326
47326
84943
71667
54940
76055
95052
89061
41014
84729
88040
57413
39367
56795
61628
77762
64367
66310
37264
78844
64167
64762
46117
94902
54034
81017
49848
85988
78593
47349
65224
67826
103916
86419
100698
80618
68256
81154
27383
67638
81447
95551
104559
53151
78757
48889
50952
97900
87667
85821
46335
55516
81966
67700
82856
105737
86881
99847
54047
54983
53916
74607
79362
43617
99104
103913
87516
57339
79512
71441
78425
104751
63455
72679
104659
79110
79258
50666
77885
69228
89215
84246
33330
45308
103797
34434
55243
47721
93463
101686
83506
45635
56150
81573
77935
42662
87339
49419
78192
97348
94816
78948
73742
37792
53851
86682
29511
83148
81377
42581
103434
47538
29722
46471
105122
96304
48654
59194
83917
81328
72366
78353
83160
104052
79119
81364
100849
65503
49898
80753
99901
48729
74339
89475
79652
104069
60420
57234
88254
105928
35966
71339
36192
51532
70253
105314
75985
63866
33579
62750
85703
61065
85016
68688
78490
61831
31602
83718
59475
41288
103624
55294
47588
32415
44204
68740
38637
82781
74816
88047
72740
104496
87202
65953
50041
49221
59797
68800
22387
23107
81340
87973
51085
36639
69016
86436
86186
106249
66932
65813
66411
79268
52650
105187
64817
87401
33330
64784
78304
73735
97607
65936
49288
106245
54153
101568
89937
80659
94321
80945
78857
22101
20275
47737
42618
103745
85650
37975
50945
67036
81215
98813
103055
86012
59686
51994
56167
41652
34684
47835
93810
88186
67526
83808
94231
81578
75995
67150
37906
50615
59984
102111
82744
104449
38124
104997
102841
46762
52486
54191
44252
48500
101678
85687
102390
90059
76758
91496
28862
104353
52699
42530
100367
104946
45853
40335
55455
79900
60655
39374
104968
82644
97551
84671
94310
69999
83278
92556
91205
53824
71085
47080
79822
94541
41889
32963
66427
102413
79539
89023
62177
76155
24606
97851
82313
80016
100934
102677
102600
76246
99445
80574
77152
85198
44902
80576
95032
90425
85720
82118
84797
42681
103643
57319
86096
94885
94413
101196
81094
59398
94428
56754
52982
67745
63232
42567
96530
92215
30331
35128
75250
49658
80583
81034
75412
78458
49512
31379
87992
36857
79740
54947
56294
21652
103961
81468
84557
37906
100001
90605
73460
64242
34858
95185
83564
107784
66308
48029
93636
103412
103737
103108
105117
99585
97197
88171
36563
74714
73202
103108
47076
56242
104362
88058
88034
81492
80128
43378
94163
45023
38602
59303
38646
78472
45318
45855
76518
87220
88007
100064
62981
45267
42112
102885
49573
100203
68676
51214
69130
102962
92683
72348
106810
82925
79166
93693
82088
94964
50119
103747
51969
51994
73599
96983
33962
100391
84319
66940
33670
83971
98771
86391
49191
102713
53349
32341
82407
45308
82247
83394
105479
93498
54811
82872
71678
62996
60111
104275
81227
78670
63313
90073
98280
87973
73634
62990
84518
75132
99775
82079
79361
34565
83176
85148
82948
38871
86746
84315
100832
82695
74143
52488
42312
52945
88904
64364
79448
100180
50820
50945
44626
51791
86144
34345
54045
100753
103412
53392
64436
39259
56795
102584
82393
72809
78252
78678
67034
47113
96796
81007
97777
102425
103309
80700
96350
78754
76430
48887
71087
29587
58740
67064
26470
99999
79296
70149
82669
92286
78098
50892
46267
78465
107167
101880
50097
85510
46087
36388
98642
91844
46832
31273
38181
90163
53502
88809
70645
86416
85633
74903
90419
93793
104167
101758
94187
85224
89851
73190
47236
73452
34275
33448
20734
80542
77270
42083
32415
43366
80661
36515
80462
101460
80144
102566
69564
69329
78865
102125
80953
60380
48053
18793
50563
94010
59157
101804
34467
94550
46076
81700
61630
47890
80256
80378
84822
43534
63344
79083
81041
63395
73782
70493
90474
63295
46888
60952
31209
55739
97149
80128
40437
104185
94757
58640
83085
101633
51193
63356
68529
35932
46604
92445
73287
37125
74826
38955
67780
71119
53187
103500
76078
101722
35380
29924
104345
53425
104572
47301
83193
56690
104490
76308
21582
41585
72437
103268
40434
79900
85446
18106
80464
93024
97328
73807
94403
77306
99778
64980
81036
54349
87482
80014
106548
37552
46763
101792
65525
97564
32903
103025
58561
83124
84567
84174
85374
104501
85311
106548
103336
104212
103363
36171
64300
82832
37552
45026
67599
33794
49224
87667
71746
73218
54263
23333
49512
66864
60236
79152
67099
103553
40069
44626
50961
46739
65534
79884
68391
74892
69467
43885
72621
61268
38327
62071
103203
76613
95551
50691
94942
74607
62073
94906
76035
52541
104831
50240
83886
82094
86944
79839
51297
25844
100014
78507
78948
45811
71816
77479
94275
94881
68913
52112
66410
77916
63138
87159
100221
34407
40036
71136
103140
95914
81749
60945
94451
72192
66411
90419
71415
79258
79516
78541
50073
53695
79787
102802
34486
99827
34928
47578
103515
55336
95391
87726
81411
103039
45485
83358
34011
55436
64961
83839
87158
84672
93702
77713
70993
95621
69383
87061
97034
85938
57276
70936
27492
96872
93702
60609
76361
86494
62048
86325
69459
107544
32119
101978
58247
49775
44365
98082
89855
92196
102917
40182
61597
98378
38327
103552
30746
82354
83134
42676
95740
46215
80426
94269
106245
82967
54807
49288
100673
99827
89103
104176
40950
67133
102533
93455
56294
47977
70612
66304
82201
78864
48029
66523
78173
55449
77331
99278
59229
56777
82026
83491
94575
104455
56151
82980
76847
80016
68982
81231
51275
72097
72749
40003
94149
83490
96149
82170
57110
53650
100313
78465
37631
61440
98597
77942
49898
80897
56688
93495
65739
48433
47275
74831
30042
94120
90156
63380
84666
57850
48311
49741
67165
31164
103535
102781
42149
29557
100775
65863
88222
52032
69700
85158
76048
83982
83447
33803
85236
75461
67274
65747
87332
47258
53724
53869
104329
105034
73963
86830
103718
30583
90393
79267
81734
93155
79158
94463
26540
81227
86616
75526
42903
38608
39853
44442
45760
103643
51540
69784
51879
46565
68628
31957
78572
68290
64238
40149
100415
87484
42765
99338
38271
97396
49429
79245
102057
76487
102363
70631
104378
97229
63110
86902
82022
81251
102178
44337
78130
107170
104375
85862
94299
73556
101280
52212
27822
49171
79046
71531
36515
52558
71280
88565
103261
53361
88819
93118
51219
79393
52985
60180
103281
66414
81411
63410
59046
44760
25031
102373
54712
55739
83995
45211
48285
46730
79706
67601
58408
102517
52583
97767
76651
105776
60591
83617
81612
87522
82855
56616
82432
76887
80534
57245
73805
103205
102399
88070
33579
41165
38265
94010
96370
77433
79691
92210
67043
103283
82454
94339
74408
102417
107967
58528
101073
88326
94173
81668
94059
43512
80848
92771
66100
97347
85031
35627
79971
48164
39457
41735
89402
59260
75198
59375
104287
80773
58411
95745
54639
98812
61020
35530
33055
37705
87712
78945
32992
104246
55859
98557
50433
61926
102929
80144
86572
100753
68516
78222
83153
45632
40192
80440
56643
94434
45108
64919
54470
82844
103140
99346
63395
75440
71096
90593
50062
97117
103066
79908
64701
89061
47935
37582
73738
62452
59194
55889
67130
45467
86531
74503
38450
77650
103574
85590
76815
85496
99563
103943
101491
66384
73746
73680
103012
45764
41142
103183
86172
79971
103961
99827
51046
102749
97343
89267
77979
82865
100326
56091
57512
102528
62591
59721
86234
66820
93636
50290
50433
90944
45860
49308
77834
73831
72192
34011
33542
68682
104051
79603
93954
57676
88297
45650
34516
60949
84418
85835
42778
107237
66957
102620
84361
42329
91556
73824
33212
40807
59911
29892
93719
85250
82922
56140
73227
88385
70077
84624
43530
53654
105609
89497
88629
98009
103229
68529
101152
105224
76210
94362
61023
103904
48942
55933
88029
102276
43613
76458
92195
104879
98281
65889
53654
65865
62408
76075
46763
74361
79206
98110
103514
31602
77776
103949
62674
67638
77947
80441
71766
49762
74342
79609
56258
65897
79797
91739
76815
68834
33764
93895
51112
26977
88631
102789
45421
51593
99754
63138
80021
93348
48531
37792
40190
85735
72391
31413
36226
93571
66107
83887
101281
63150
105726
82170
63411
56695
78502
104123
87292
84319
78038
64862
102384
48005
45464
45068
46771
102527
88371
103229
104925
47525
102750
55933
78244
45427
95294
86144
73101
102766
42627
59773
45836
43372
62869
90059
82781
101801
58032
40672
83062
53007
37868
53063
95942
83861
82298
72367
74831
32903
79575
24129
95034
105119
79015
81034
96669
103419
43633
46323
64706
55508
44730
45822
104723
78760
63370
70931
105837
85996
98230
36774
61406
34541
79176
105772
21622
82856
97993
101256
80482
64901
84471
65792
27981
94149
93035
78040
73804
52293
78435
75474
82115
45249
101167
28110
97117
86896
104884
55084
86247
44007
85012
34816
80737
76930
77741
87301
77371
89855
97825
88207
87401
103876
103114
87505
87042
79193
53233
46695
44276
76739
82355
52480
93482
91095
99405
93793
24755
61610
104212
80240
58340
43345
45357
80444
94464
87540
62223
102102
67892
88254
87598
84968
50475
86211
43969
86609
102724
105078
54086
57748
31164
83808
88094
48638
105023
61155
94671
79902
33847
77065
87166
39558
69061
76487
43151
80287
74121
90519
78181
60374
91329
33517
61349
85641
40598
104672
76591
49994
101646
102542
83697
98822
48654
79612
79268
79775
40867
102858
91334
53990
44682
72274
78656
104575
54868
75869
62395
84369
55377
76593
103949
94405
78215
86696
84008
103333
39767
25685
81486
61735
15327
52665
66257
51137
74747
98539
80835
80083
55250
76308
41651
82809
25457
54883
86941
100121
27070
52570
40794
59945
90408
37152
51046
99822
85435
50880
78508
105167
49557
72071
39266
102540
76967
81867
48622
73287
73698
100480
90194
46717
61596
85590
44002
100251
41213
104822
43718
88177
37849
85873
58470
97799
44618
52130
74920
40073
59222
46250
104467
31164
66292
63875
86456
82816
24201
79116
55554
57740
59440
55591
99833
88140
66408
105158
34196
72993
62237
98173
71166
95775
47215
77343
36694
60218
51532
80398
80781
99143
25618
87239
97117
102540
65741
79637
89571
87958
85007
55836
86945
104008
81572
67029
73387
40275
106091
85650
36587
47692
67995
92688
23388
52376
80890
59143
80350
90183
105349
21629
78563
89458
47080
86012
77532
37244
49926
86724
53696
92641
80354
69088
67129
77729
45869
71000
46471
70536
41559
48330
57964
94881
31500
77090
105094
77651
71518
57676
102540
101942
97710
80311
78615
63247
88997
47731
99278
48952
48463
35046
61871
88360
79285
102720
100470
34858
77993
85500
24755
104659
101547
41986
59164
87260
93133
51207
103802
85149
27029
99314
54741
39725
90071
46642
107955
81406
101576
86468
69972
76599
104491
64273
78503
105833
60685
82474
83369
26340
52130
93463
77947
42277
104176
19868
102190
68188
102904
34220
68813
80832
65131
98641
52689
86641
45654
71575
100092
105505
45357
47397
87202
73028
63860
79530
102789
104405
84979
68394
86368
47960
81767
82987
102446
105696
66751
86296
77795
42876
83354
50808
100938
75184
86862
65065
56134
98045
21225
97354
65849
82549
54271
104503
103259
96455
55764
65793
89414
83592
87809
54497
38060
42587
82661
38917
85338
63455
70149
41762
102054
58130
80124
96691
90419
96920
79515
85610
106172
56690
69291
68066
56425
81088
61846
111582
82130
80570
46862
54590
90347
47505
40840
67565
57164
72158
56151
37341
93463
60580
78155
81538
86579
72784
97895
79558
103580
37816
35517
96822
57665
27777
104078
104883
78716
106580
42198
93035
68314
73924
59357
104275
74712
66768
104789
84527
92594
45223
43386
86847
97229
87101
94550
104659
103108
67210
69075
62890
82247
102230
67486
56111
83106
99214
105029
83373
82474
102885
48717
98158
102133
89648
89115
70864
36469
85599
50682
81217
88829
87216
30583
66751
75564
79986
70078
96993
85975
92707
52660
85400
80582
51967
100942
60146
46033
98086
82329
69526
75400
63875
54397
93614
102841
53939
101145
77257
72163
67275
60199
72265
36768
78199
65558
86276
81447
80828
30697
103699
79538
102992
38107
48403
59507
83176
39750
72238
76282
62048
93282
47795
76270
85465
39872
69668
74143
101203
54397
36244
80137
53815
84047
71575
83711
105942
81882
101378
103522
61927
79749
68496
84080
106180
23587
105700
75198
94321
61660
103492
59578
85824
82980
88210
85149
38384
88969
61923
51535
85575
100348
102399
50979
74691
102461
107275
80128
93571
56134
103477
55133
105872
106032
57220
87214
64511
72366
50607
64906
86554
66062
37904
54561
91911
36096
41894
94429
104296
76362
69899
63918
81094
39625
37829
44674
71749
95942
53233
56615
103333
89174
48651
83827
99187
30125
93391
28645
52410
84823
47588
48887
37308
45147
89650
104220
85593
88227
62447
62354
82122
45494
84146
97703
66798
91048
61567
90944
35547
34710
77091
97537
35966
43015
63293
83788
44007
103430
98058
85762
62989
82901
85554
94305
65846
34080
95677
80232
79176
31912
100124
59635
64342
82611
65380
72651
65607
79603
74173
35523
103622
96357
80705
78747
35537
47840
44018
60897
54091
28498
105122
105401
78363
84956
79752
68061
41541
102440
77371
67370
66198
57763
87450
65340
58057
64638
106100
71435
77496
68516
78952
96689
83723
45822
38903
56148
99497
54807
88486
89358
75102
79402
74050
91199
28667
41721
47847
55066
83398
43036
55612
46929
32810
102206
72812
51297
65389
99588
83972
77328
100618
61332
102223
100622
71816
39510
64005
57744
87383
82248
85461
26771
99891
53744
48994
97511
101527
91590
33360
75358
102188
64661
79318
38918
54187
75062
100285
89773
48654
80012
82274
60424
68596
70906
77315
82336
53124
81653
67872
88070
100582
57339
49638
71202
41869
72021
106080
106075
59894
47532
51440
79676
84721
69098
100744
102252
60258
101735
54854
92221
63337
82704
85996
78892
93063
69185
58773
82824
46707
102678
66410
78904
99778
83504
81977
97529
71038
79361
106038
46279
29313
81289
79897
76755
92641
71407
48676
82626
39734
29578
39510
43718
83756
59307
71038
63875
85311
31436
58196
85541
85618
78438
83601
88293
70906
83471
104262
54575
67983
77523
94339
84333
73526
56795
100076
84983
81173
97636
31843
88872
19976
86320
87336
104482
103551
65425
102696
61019
49754
21874
68446
89072
66097
60366
79780
99563
78474
84078
74299
57611
107571
49911
83381
105301
107237
81825
34745
99218
83089
80574
74226
98323
36469
38689
82052
66691
62750
38955
59538
62432
99635
41834
40629
79044
85062
101277
45023
77433
89023
79584
89778
101804
43032
70021
31042
55667
103490
79602
87101
64741
42298
107202
56688
50157
79681
64191
66306
63409
76043
76143
52452
73705
63666
62413
69410
105456
43738
103053
64432
64413
50216
61469
84527
54271
40791
80586
41559
53185
88499
95032
48084
51916
83263
97486
85741
54378
94508
58106
99327
36878
64638
80324
104313
41461
28979
31177
84713
74158
103522
89899
81424
65764
31961
83321
50030
92816
86374
98679
35996
85992
56066
41122
68810
97703
60266
41647
77026
90059
79681
83850
51490
43447
65343
70123
82499
61987
76097
96343
79699
101650
78531
47243
47131
48895
92469
104753
71467
96991
79515
102129
78904
78989
102192
49980
83971
102028
51660
86884
52948
101144
31450
52349
39265
62052
87453
99894
43576
106893
66746
66738
84200
79695
58528
76663
49083
59493
102853
48969
94728
87610
104561
40943
51193
47497
96684
68984
98684
44439
100639
104790
83096
65809
80074
71363
83622
79260
49725
79874
103268
50304
78604
85731
91046
37054
80515
54010
76486
78631
102308
31758
86905
58968
67952
49897
99268
89196
48887
81217
102962
102440
97792
36932
90722
69653
82160
26138
43530
100849
58604
46929
87958
27653
93140
98641
72211
69185
53787
78823
81747
71952
89512
27029
32482
83152
79855
88629
105193
82437
33212
96860
54668
90042
99314
42547
106249
83612
86981
78586
78369
84973
43583
86282
87265
66134
88320
76763
61349
32693
101644
85657
66160
103797
77527
104395
33522
45357
46921
56475
98176
52138
74019
100689
81344
49100
102125
104536
84208
105836
104496
24871
80559
36932
93946
62134
61048
97942
17601
93148
104596
47312
100972
101646
102824
83618
56207
75181
99693
53968
67863
79064
95703
78902
87891
93101
48326
37142
82832
78622
47770
93652
94117
38646
55486
86592
80130
22748
27900
27383
90551
44653
36973
56107
74917
86261
39182
73718
78308
65397
55621
83080
52892
33815
41652
74857
78618
84765
26540
87416
66469
64802
91391
77164
82835
99620
48933
73526
87733
102111
63198
54712
36510
95222
81227
58537
80660
54705
44768
99833
46591
58711
83285
84910
60257
47520
77725
85797
49611
48647
95832
104862
21068
42540
72538
51569
51065
82835
102530
75650
68870
27101
75216
53722
89571
73460
101768
71924
92688
71644
78551
65076
45220
80570
79839
66735
65824
66798
95576
68763
94849
102345
50381
39118
78620
104697
36170
44435
104349
49839
64683
33857
81755
51810
79733
22757
63790
75326
74771
106888
61854
97224
80291
76807
81335
88314
51273
60780
48471
95943
21968
86554
46076
71038
47250
79719
105820
56735
71816
63199
73218
55508
49664
77635
96795
67872
59422
79966
77306
62934
37900
46043
44588
86618
49171
101388
44842
71874
28489
65384
54807
104831
76764
69017
76693
65960
93309
90877
101774
28979
92149
94347
21188
69358
41387
65851
77735
27446
100383
79787
70661
60622
78146
104155
44864
78400
87525
43227
42812
76270
75583
41510
84033
81483
86108
56402
98679
54879
92707
56835
47113
102757
102047
80879
48900
78563
93254
77525
38552
68995
86812
67038
46919
90347
47474
32791
74105
48933
51895
84944
47920
43145
53595
91141
34988
81462
75582
104858
61630
82298
67946
103488
50603
95487
67097
82044
74449
66874
94577
81059
81618
78025
76930
54807
78271
49576
55962
53843
45772
73017
73687
101001
78469
70055
56286
67378
76868
64342
62269
27594
75558
61406
75691
101805
100076
96059
69840
49725
58383
57027
60622
82866
83868
67558
45143
66960
68039
87059
88399
53435
98912
88083
63356
91455
96856
96929
89246
50603
40554
75873
101882
85575
54163
31646
80879
38507
56698
73153
53822
82881
77975
82720
43235
87400
86705
94871
98052
104232
83612
52417
94322
63938
61750
94543
84237
60317
82776
74040
39382
95235
88207
99091
68725
85550
57470
39649
20151
79530
57162
104020
59422
59587
78054
103865
65903
50746
31794
71977
93393
75195
74328
75267
103551
75072
73926
68984
78548
104049
32373
45668
37125
48322
86042
85772
49042
48458
86154
69684
68834
40309
60831
88550
85198
79627
96067
103903
79037
44439
96857
46213
81534
99210
94228
40950
77138
82274
56982
91911
103802
103199
86963
57245
103709
38083
74799
47449
65525
67658
23333
81749
103040
84882
103418
48309
30219
41473
79841
56874
59312
45042
97417
83070
101414
77126
33764
104747
105536
40598
64050
78320
77633
68867
72752
81857
85855
49254
99520
80860
60543
62359
97027
71064
79560
94479
105349
50163
78547
98684
48028
77062
84440
52169
67487
60626
79855
72654
57805
79733
45556
83405
103740
48799
85626
81417
88036
74691
36144
67459
100760
103432
41910
57315
56738
81031
36469
57771
53778
82416
81974
33055
67742
85649
38379
77822
86089
98269
81435
77912
98505
79749
102787
79353
103745
44412
96872
88923
88595
55250
66706
47250
85586
104989
95487
74215
69808
82365
66742
100023
87186
53968
60317
45318
41020
86144
96778
79032
103580
106245
56193
27079
106498
101501
101138
106246
78181
79379
43409
35314
71724
102768
50752
64313
74101
74415
87010
46874
35091
51280
43063
72140
104826
82704
45039
104312
98269
19976
68345
104559
44469
82405
82816
101220
64789
80445
66554
49796
46297
83618
79764
65955
57649
94902
85655
40772
101934
49820
69805
75362
98144
99883
103672
23283
85236
85977
63666
57465
98452
58210
49089
99837
101924
78363
60215
100134
105165
76733
61854
80155
43620
88631
85213
63190
83436
89103
68685
104176
50877
101331
94671
95789
62418
103317
79661
88177
103826
101372
57315
61603
103144
48659
79919
100435
66964
93050
92064
30270
84279
64215
51142
81528
59849
30690
81767
45609
56066
64581
49772
80619
97939
66691
102300
65097
102527
23283
62777
70868
29588
42824
79516
78327
99689
74059
92366
77026
102841
82742
59811
39223
101801
89363
46682
103965
56690
72483
57055
50908
103228
82256
43806
102756
51500
61439
82873
70207
84761
44937
34606
73226
84507
101079
45874
75326
82953
47427
81039
86013
31642
55552
80201
97760
91903
84280
94293
104700
43904
79029
86403
66777
103336
58604
103671
94596
58968
71909
48429
71064
44963
86602
50983
30064
100639
85590
62048
81517
44214
82864
107761
71575
96086
77938
82917
79657
31523
40802
61675
43684
48983
88554
87010
66469
87301
40226
55817
54705
73215
83388
93989
69556
74584
82548
85586
77124
91155
93637
89813
46739
46312
88550
103280
86618
93737
78281
63125
91946
79822
39346
102046
103568
84615
64784
93111
82342
11426
48856
62186
73292
110124
50817
90425
62636
93417
72258
53877
82497
99883
53519
79142
74029
27968
69849
98471
73453
75795
87576
96804
36768
105117
76155
68366
53474
102258
42675
64191
104531
93487
80071
81181
25685
79448
105449
17624
63042
70859
52671
55967
91759
80768
48771
80190
103615
35392
103390
88532
50025
102885
65620
72300
80445
88029
76842
74438
90489
81963
60337
86131
61251
84407
77559
103802
81174
25457
66959
100756
44071
83405
102046
73540
102726
59589
75348
43392
78565
85556
39223
37631
79148
78223
42530
79704
28489
34866
41119
73297
100313
98395
99268
91169
83768
103858
96743
78492
63662
98431
83471
106580
68450
79558
62073
39510
79625
80876
44286
65277
64734
80841
101281
47131
96145
64826
86126
55102
57110
46432
71749
83888
36329
96305
102635
86834
88311
60215
105850
48661
37121
85041
43036
42524
68834
97895
64617
89086
49980
64838
54970
65366
83412
100761
39198
66673
103643
46565
89114
39558
104111
93774
82237
80290
82695
97223
66438
45357
73088
82201
86526
34820
99330
88315
77433
98546
59773
64895
88041
104731
89669
98402
49848
52293
99137
29149
84823
55377
105276
85198
98517
79661
27968
47652
32903
47165
80016
46771
46782
98255
46506
79158
77331
79353
36078
42800
74712
99991
102340
101110
60266
102879
93988
99535
60651
103012
73527
33285
95539
44899
80685
79884
94515
102172
104575
79000
55454
75518
50304
45568
105433
81467
98214
72377
74040
103407
50982
62893
40260
42900
96865
33850
76113
79004
60941
96847
104583
44378
75795
105401
84852
37511
84181
58485
38209
104111
82044
76930
49028
73110
77058
64809
24899
65805
85650
67076
51967
84064
103624
52892
74623
84407
93653
62907
101554
80093
66365
31700
34858
44754
44580
103006
64278
83973
48935
84463
45891
71982
94429
102735
82623
47299
73726
102340
39171
73463
88399
94939
95595
25781
106810
27785
57055
64384
83546
107004
83178
48471
95460
54980
77741
76346
81828
58945
79404
104198
81552
93523
82342
77139
99461
77468
96053
94702
108954
84567
97720
68542
97711
98539
101851
79560
103477
88371
35936
81287
96836
62879
105761
56224
96856
44355
102308
99405
82893
92465
102237
62871
98157
104216
66354
104467
85087
47727
45899
92858
75398
91661
42899
89512
81049
75650
104773
104983
47691
106080
97902
79836
51065
34103
83960
79947
82619
28860
88131
24201
39622
49996
81752
46767
55250
40939
92820
35517
79897
87973
55486
37438
60797
57247
104332
83919
95566
83091
85649
88308
94914
40498
83049
79971
99518
60617
47653
102979
73939
63409
91427
91816
55746
77083
103536
65525
51921
57055
94120
82979
83322
64827
59357
104596
58076
55376
97942
32525
56378
84851
103497
53185
104572
91954
83126
45979
84983
76807
81726
96649
75719
40629
63666
104957
51879
80188
62359
81034
87568
87423
103754
44217
105158
98086
43576
47080
68053
72308
50733
63201
98974
85464
63016
93704
58002
61678
84242
81302
99174
54963
90419
31176
103319
104432
32469
77465
69213
40302
101686
32982
84574
88404
92107
80130
63836
66987
72784
83962
103123
59963
57658
57404
46749
68314
43564
71673
97280
78892
49702
52909
81336
99706
87659
92064
79904
81550
66067
59797
69849
79606
103885
34583
59982
105714
91755
44373
87874
60181
104988
35523
82869
52837
69075
59611
102466
90458
105423
77840
39382
101624
24899
104573
66745
103415
104313
62995
45836
104734
86843
78320
41628
31136
62806
66832
49419
63377
63864
66296
80528
103553
43418
95839
103240
78696
104049
69436
82553
23107
49435
46267
93502
76617
80016
86419
53574
94667
88887
84787
18867
89465
81026
99421
39367
60701
82403
95452
64838
32483
92723
83490
61351
75926
68514
73004
75326
36235
92897
94783
52459
23255
85641
51297
104153
56749
63618
51508
87814
53425
95771
100401
58530
68361
80583
96343
40779
88609
78696
71575
86706
94649
95700
104032
48783
74818
101030
31136
104561
107061
30650
46384
75289
102789
62682
28979
81612
43718
99024
61548
91704
103407
73164
95870
63230
78578
79679
48771
81308
96581
98051
100622
73908
67609
83681
77759
83971
30125
79390
79806
68748
90387
100655
80098
73506
77467
95804
77152
102043
34367
62046
85079
76649
102413
77595
68053
61954
91783
76266
49108
77500
67638
85446
96994
44173
104297
95027
66536
103882
100959
79142
45155
87658
87610
75783
82393
91343
56835
60199
69529
73463
100227
84575
62049
97671
50697
78223
97503
105849
103012
85079
86936
78970
36823
83737
70154
102566
53419
74768
83793
39303
41678
38036
82044
75115
80462
53439
37552
105375
34516
44917
105145
65803
98378
70283
81663
105942
88095
49406
75518
82919
75181
85505
27830
99629
82342
79816
82952
102341
57602
48983
37352
82747
39818
63650
91954
52669
78422
102121
63525
52397
99805
108954
102642
59922
48403
70149
72520
70816
29183
98158
79142
78620
45689
35890
95702
91035
102992
93503
37564
80188
89129
79818
96485
48830
66144
103757
104198
98690
83763
71813
68917
36226
103691
69611
83861
98700
100582
56828
81422
98321
71032
106381
34034
49578
65384
86947
97229
103444
56450
36772
102028
51424
87067
79699
103393
54018
54243
65561
83197
62191
62654
79158
51673
28407
100445
43945
59773
102566
94034
56608
28247
83281
65305
58248
82325
45609
77145
81413
36771
62993
76954
82130
88131
35674
82663
36487
71857
65919
77067
102534
86812
88122
71972
82241
74347
49673
85731
51865
46784
47884
45026
67746
51219
27036
41869
56519
66752
66656
94430
94180
62071
32427
84628
84200
53367
52909
82883
48900
104929
31413
83447
78963
50483
65397
39699
62582
35276
79110
51828
55573
62622
63811
99043
84215
40807
84033
79300
64408
65027
80311
68688
53740
58593
48021
81534
103550
94120
100894
83258
89086
75246
52101
103299
88274
32246
25372
104170
67619
33285
102129
71812
97010
101315
77624
34310
69203
105473
77073
80567
103730
81238
103117
80051
69227
104369
95163
45427
48856
45144
46891
84523
45735
69009
45467
23587
40595
100526
77828
96522
81309
84299
79136
77917
35560
31450
77211
43366
105838
103372
100673
94544
97958
57611
63095
45438
60540
72959
38447
99278
99346
69526
81241
77924
103412
73011
79571
76237
85235
79265
63579
94322
25495
59922
62516
43263
27923
83617
65960
87965
74831
35517
60048
54565
86459
103391
69051
81417
100014
83423
75555
41255
71129
93286
55961
39354
31986
104375
73680
61566
88989
59194
83645
72323
61910
65244
63617
102668
72418
55841
94784
104300
65201
87841
97220
66306
64177
76818
82041
106893
49431
32482
40353
64230
86018
56475
89052
73556
94551
61112
47453
74004
35784
64762
68223
96254
104376
85740
56145
89179
21636
80452
72391
75385
60580
45785
67824
85762
48361
90107
70164
87336
50176
79322
46556
79110
76995
69077
49992
34046
69644
39803
66103
68800
101315
71767
102258
74816
104210
87358
33803
84797
44506
46438
102558
51919
91474
38843
96689
95043
22698
101356
64080
88915
95832
100002
67646
52953
57220
25679
105103
102393
97595
28860
81699
78693
50545
41585
20952
83062
85496
99562
79406
84511
94926
92221
64429
79065
46832
80570
79612
76483
77439
58990
91975
82875
58057
80533
50733
90277
64641
102590
99190
82729
64237
37059
76386
65233
77122
62139
54895
86510
101597
98710
83784
82298
105719
47886
59587
76495
57714
81308
104100
51954
66961
56450
102766
102982
105034
102445
56986
88463
77886
62354
51046
66384
59189
38766
73595
71344
40501
83725
52221
39997
67171
55143
67475
41651
99428
79439
43057
99617
104858
87737
96199
69211
81211
66529
103691
47996
103917
41651
53309
82130
104008
62962
68356
105401
40091
74271
51301
94986
60580
93508
84315
83570
67071
81154
82847
80533
59890
83178
42566
97896
22757
82494
53813
51440
41678
40091
94010
61690
50704
102613
101144
77473
101103
71142
87456
96673
96530
84828
73969
85630
84697
87691
70245
47857
81607
59885
38327
67514
26988
94238
96544
104127
106075
53637
43618
85703
67798
104179
63365
81943
62996
96016
98844
92857
39077
62893
82847
75913
32446
79201
49079
52437
88177
102341
84523
105048
45293
107155
83383
102424
69369
80240
88404
77051
33340
83920
79032
53303
104190
95768
76967
99963
35611
39022
77475
107645
43168
56818
102413
85247
76521
67983
23187
40143
65548
76542
103918
48201
64313
81036
97725
63875
40956
100426
66743
81257
77291
98700
98291
66761
67520
94865
49888
79412
80165
94971
104218
85462
77940
57740
33416
80001
71106
95916
93487
78324
44325
50073
41887
103698
88161
81221
64591
105160
62778
46615
96059
72310
69455
84180
79966
58397
102237
104036
34080
98330
81997
88915
37703
68870
54800
93704
59572
101073
97348
94056
73824
45609
78296
77775
48255
42333
51195
28009
64092
56813
99520
90900
33433
46043
75400
47237
81660
79370
93909
83718
67835
21102
85087
47795
80333
79732
63253
87383
55313
47871
87707
70539
102133
63490
94273
27897
100001
78353
82134
84656
98840
87151
49498
49571
40595
81511
66311
66182
32161
103496
48285
103921
69227
83286
75653
42676
85878
88616
38119
49435
85259
79024
102185
92641
52706
47991
40549
36113
79211
97819
50062
91459
106100
102590
80429
33962
93789
90944
25031
103901
75347
89358
81758
69251
47449
59952
72749
44653
63150
41557
46647
80016
83378
71727
100200
67730
34276
80111
81337
35818
38327
102687
85599
86862
57719
53317
98157
105277
93613
37544
79035
44169
35936
77544
37152
53196
88809
80367
36316
104514
47389
91334
83568
84362
67380
33330
41596
54220
56258
91141
98870
60910
60975
71238
22311
54922
47520
81629
43289
45123
106889
103985
97287
21636
66159
99790
104882
86155
79366
59502
59281
69684
50163
34754
46323
105130
68322
97627
57665
104940
24462
57304
22377
55175
61798
78416
72097
106000
80746
79584
28532
77133
86653
78908
79865
22236
55581
77697
76301
93024
46068
83771
102121
62555
60303
22274
81617
101281
63579
68155
60303
60949
53409
65814
91210
80169
63362
53667
105512
31164
46884
58136
33436
74316
89402
91199
102389
65924
94430
73017
78126
94942
68094
63078
71449
75512
49258
68428
72323
60267
62814
56657
102650
48806
79873
93878
51333
37631
78768
42720
93463
83592
44913
22507
74459
91496
46631
66384
81739
41510
84339
48516
79623
47219
53965
32972
87205
79919
24635
53656
45635
63609
105053
37121
63460
55419
80545
89941
38782
85220
74258
35937
62272
46782
77085
40963
97836
87752
85315
61017
81997
50475
104802
80771
30478
74439
93261
26678
34506
38689
37059
104312
77593
59031
62996
102704
79231
44119
65541
93398
89285
73527
80533
75461
50162
107132
82643
80395
65669
30296
81176
62493
63962
94593
67168
48910
47059
53354
66311
92775
45190
67258
104741
80594
59707
82977
76614
103407
83828
79067
54197
103203
38076
32903
86432
80610
66262
102683
82832
87086
49085
105114
59478
85975
88282
83040
40069
77527
76867
75347
95262
71584
50041
63942
46335
79764
98189
100435
52111
41330
37152
70038
94435
93398
95504
102621
71767
87383
30471
26283
100923
101942
77565
94326
30471
90300
36933
107705
93024
98092
83106
33847
103444
70347
81752
55709
40859
88190
53676
82571
88186
85016
73555
88631
102534
32718
40595
87683
108450
99735
83259
103466
28825
79578
83496
68428
82445
102766
77093
80806
34879
102543
99037
101138
57018
64941
67433
78545
69410
39263
66642
78111
53126
61249
103909
99447
65872
83070
46446
93194
69088
84237
35910
49347
93235
89086
28032
69508
82055
101378
33470
86881
38317
87450
93220
105187
100815
59012
98924
90700
78012
71788
98092
88904
36931
81094
102214
55200
80188
98330
67856
105838
72303
97640
45632
50041
74059
52644
49195
64746
100915
103983
89215
72058
56026
61611
102929
75440
104275
77523
42566
98601
37857
102129
30356
71772
80016
56747
60108
86416
45930
73704
94181
81663
105698
33764
54722
99891
51301
53991
73115
79908
56562
55859
87845
66397
106303
70664
71699
63728
53696
69369
49070
32642
36144
91133
101688
98739
85741
25843
87857
31786
60181
52575
40865
39818
94034
42540
86199
67437
74296
34046
40791
61931
91689
50119
66064
78349
99225
93427
76586
48635
104756
100877
102129
80818
96343
95342
103495
35367
94610
105117
90162
43799
73186
35932
103023
47525
33715
56270
52816
95968
46591
56302
54220
67730
80953
46556
71129
32427
61290
92539
47538
90283
84701
81287
83104
84247
62674
99284
84431
88565
92195
48394
59438
38531
102305
99429
104731
34196
86618
86244
103802
80725
81705
75347
33932
69701
56690
102074
73088
76927
102997
44789
84010
78695
102275
95392
56619
78539
59117
73373
23107
81534
43839
66863
93946
86958
35129
45308
47131
70884
61660
27497
104983
41557
102428
77083
79642
84484
102827
62256
33858
101861
71024
82160
69518
99187
81569
68206
65111
100203
95180
98259
47689
89376
42222
89702
32390
77828
42581
47243
76740
51863
57247
76380
52635
80355
102278
33058
79377
79173
76833
50997
55103
82626
81604
40017
85045
81111
52290
71980
92320
76676
85311
55659
99097
49185
104098
58415
103514
72699
78192
101596
104500
73662
88451
74252
105103
28509
46759
101781
81993
81612
86358
37816
93793
56547
54009
86424
73814
56378
61895
77371
52901
85040
103674
49739
55612
86946
56591
55521
74282
105271
102341
65855
51065
86170
83788
45002
77828
68351
78310
93190
82669
71262
53805
57648
35449
104364
100774
55916
98952
53784
69692
34794
62304
100782
28713
84633
78327
77125
51891
87862
104095
45373
51219
79310
76362
47233
29387
35119
82059
49308
58640
47222
84497
51258
31500
77635
59014
66940
81180
97991
93675
83850
76290
84630
30356
36823
68800
102048
85824
80209
45042
39990
79870
50932
61621
100041
68272
67777
33950
41926
58760
78304
68476
88698
102191
81447
95914
55419
84364
80314
71238
60512
101768
55143
106265
111439
67981
48394
92097
81302
82418
65099
90059
104028
85959
91704
82253
38876
67835
94487
76651
50058
54741
68982
67923
96808
36638
58201
82835
78875
74449
88755
65851
103518
57188
95495
55102
34785
103514
58136
84523
81154
67526
84618
33436
87525
83771
61660
54947
48255
98817
43276
93737
97486
102941
87006
67742
91087
58794
76199
47745
98764
89819
82995
46438
103311
79530
84507
50339
80688
79971
99443
90928
102984
94435
103904
79597
81289
51563
94544
45410
49626
55991
77451
103146
90163
51457
65269
62907
50875
69076
19420
80913
33058
16669
79551
81559
76864
50945
73824
47335
49347
72242
100832
80497
88186
63928
94180
45709
41119
60675
104369
77907
56966
78857
88358
99291
55262
106777
105048
50004
85738
91195
52811
78267
51806
101596
49866
75118
68018
82418
69399
98196
79553
107202
27540
104340
91611
86554
57493
42525
89336
38265
61507
64605
37544
92606
104734
60257
82693
59894
50738
100625
44910
103450
48303
78566
76030
99417
85878
100285
105220
45026
104925
49888
87249
105262
104989
72941
103882
105107
81196
61204
39055
87180
75289
94470
99919
97217
104313
91675
71351
74857
64824
47491
82901
78741
88603
104347
101523
54304
69953
36933
97991
68730
91046
65704
45499
42361
76853
31263
103743
68836
84202
76524
54607
100330
83059
52523
79296
85446
55830
68018
74417
101963
86033
105745
53450
63574
102757
53474
78012
51684
37386
76666
44467
64278
80619
87279
48433
45153
88650
46033
96808
69626
103170
91547
87635
85699
27220
87692
78296
47404
39367
67638
86060
77776
69999
100313
66751
103536
59017
102566
78492
86578
73542
94364
24400
52266
99924
79855
78825
33433
57998
91928
87083
35537
79242
51457
52214
83104
105292
48676
59963
102558
87626
78184
83979
79046
68513
83712
104794
39020
51555
81918
80131
76728
77611
59098
105313
30682
60221
80124
69375
81161
71782
38076
87080
104477
104537
48799
74137
72959
85167
57280
26977
103609
99137
86068
46365
69653
68838
94437
104826
82881
73213
104405
95495
89490
46235
87209
85021
81972
104774
101522
81648
76868
60941
45740
86912
50176
93756
80214
74439
81381
95726
97530
67522
78265
48952
66768
84823
58962
52065
97851
80373
68529
104076
70898
104575
98360
81480
103918
58226
82757
82856
103169
95768
68001
74625
39020
76819
109079
107132
86868
95176
61137
59117
71467
102004
102531
101656
76014
44569
86570
74231
79296
70116
65004
82454
34794
44169
73219
89413
91323
86841
105505
67718
79268
90209
78422
99522
68542
100923
69413
73753
65605
80462
39706
79561
81363
77532
51500
56939
94299
79706
37822
102210
107202
49364
76386
98313
27157
35784
80416
59538
102094
83073
85105
105377
49195
80287
80742
62243
88358
86285
102768
94423
70168
43399
67638
97915
106051
85966
78622
79795
78298
47464
41853
54565
37752
62497
74275
101253
78870
61387
100401
87522
60653
80781
100920
102376
71105
62395
61435
96629
78281
82407
103755
86009
37154
67517
76158
57378
79361
58002
88535
74513
51954
31148
66864
103205
105292
53691
52305
84715
45776
75278
97569
61726
58390
67359
81783
97506
91590
62334
82186
50301
54934
104033
44778
95835
50150
74442
56283
100318
106224
93269
98822
66746
79766
102658
79661
102237
73570
62488
50838
67099
55436
48429
84618
101841
42645
79206
28144
49881
60287
73199
59728
105700
90347
51273
74691
31986
48611
101331
35223
39263
59328
80742
66764
95855
99833
49429
85704
61625
77624
77900
76249
73400
76137
38087
94166
76622
94581
67371
54144
96370
84568
44506
77096
81491
69302
28683
79987
67992
65657
72526
82682
68802
94451
93692
94624
102919
58130
79412
77032
49194
88273
48911
50101
25148
71046
39156
69230
104848
39174
33465
105313
91857
99999
34658
66746
52266
76156
94864
62094
35510
88861
99291
92784
59098
103280
61204
94089
31418
69474
92511
87627
80559
77211
89829
44937
73153
54214
67923
51050
85148
58238
89417
92381
44902
58226
46471
104405
68697
78794
73724
53815
104635
79373
77749
71342
102546
53676
44882
52032
90944
34684
102647
52112
81410
80214
100320
84153
72752
101103
102658
104989
38564
81106
37253
86374
95185
24755
69692
71997
65774
82719
87862
95003
75412
44973
54737
86940
33058
74826
81974
88522
56643
53001
77537
57935
102543
81039
80532
84219
90310
50610
41975
47496
92240
83787
53595
84760
102275
93613
65245
86362
27785
55610
66365
48522
95835
99690
79792
96300
85868
71743
103709
73908
95610
65094
101220
69929
103987
95644
55103
79092
105970
35449
36096
81977
65813
102687
85303
86510
42214
63460
79822
26393
41350
95027
56867
71889
70598
88690
80659
59214
45421
83788
101646
81127
70739
71003
105628
88812
61367
90095
101096
70539
54435
49824
104360
50333
95770
81903
65881
81752
77494
86963
77191
25843
47590
72760
57716
45144
59307
44002
82083
89537
95896
74519
100884
97495
85914
79176
104888
34449
78348
101743
80606
92777
64377
80098
105957
49108
52892
85879
75102
71239
93470
40608
62996
31957
62918
74142
94298
68654
78865
53392
75500
89810
46136
63558
90125
81503
71752
53926
55402
84361
55448
72162
57805
52074
55797
84983
78810
98092
49966
28618
96114
76995
104857
44014
94012
26094
79805
88673
48654
21179
86322
76643
103404
56033
82957
88453
69742
102316
64641
73218
104689
105536
88376
104822
57920
64789
58369
104638
98946
81459
84125
89406
96250
50259
59398
51488
58542
102517
34103
29263
59139
80354
85069
82403
59101
79040
40864
98206
86068
95200
88931
71153
100092
77467
56698
103676
90748
80753
60337
85266
94347
46359
28956
75370
95009
105928
81059
60840
65851
82842
102695
60463
101778
68676
103521
40335
96499
61675
104697
72303
76864
72457
31052
71619
102705
87265
93414
48156
49842
83982
85459
64941
65936
100134
79015
64116
23187
88360
98168
72976
64687
81926
77713
93840
81480
102546
99480
95454
90424
86517
88975
37511
107132
90042
55961
44015
105299
100371
37298
90968
103941
66881
97607
48156
23720
103583
62083
35412
104479
78739
40388
104774
83398
40073
99303
78469
33447
66322
49083
34011
43399
97486
96204
82866
95403
103066
85573
94939
88604
50569
42359
94071
99574
107571
80535
89285
93614
83808
47968
59702
84927
64874
65267
59442
83152
87114
97886
78970
57465
30471
64545
61625
86825
101904
83286
81195
39232
92807
104829
44569
53211
66763
102690
51318
77537
41122
61367
52997
80242
93382
35278
49085
77596
42084
103535
105292
71952
70054
79261
63078
46117
71016
87260
99805
77223
80630
50083
79920
72274
53976
86306
51165
37335
78350
102919
55103
41438
91960
34179
87397
61119
76593
93841
80700
69409
101067
99505
91920
38327
31450
105824
49137
61651
86020
105760
60590
49802
68435
104167
46928
76553
95463
75047
71214
69805
81994
63330
94134
105483
99827
98516
52929
59513
36392
83398
89440
55962
95109
69410
95182
80746
91701
80746
49301
71888
81133
95502
100411
83618
96322
75763
97323
102993
31567
98727
99429
78275
22100
49313
28956
64701
102583
28261
37963
105707
102836
41862
97469
102893
59982
106606
86320
40798
59721
79354
64846
79402
97958
80259
103700
48256
61164
69823
87505
45635
47731
79945
86484
59596
95841
77523
79836
64342
88215
88677
76847
99445
32094
62930
66600
97217
71344
80149
41318
83944
81211
81557
86090
93969
79597
51151
31843
95576
79310
30219
95112
60160
78314
47068
34310
81511
45913
103802
41193
53888
85496
50225
50935
83988
83644
64296
75549
90848
51261
72677
37244
79300
70816
72067
87131
75370
89099
65952
52737
80919
66099
80580
79407
80062
83763
60776
82776
44217
40956
83648
45002
73849
48022
86149
83763
95463
66411
95549
82334
106180
46291
57347
35581
49621
84944
75039
76267
34486
100972
65076
84218
39872
67097
95216
64036
79030
40950
95044
74173
90162
81031
46267
94818
64273
102861
61357
19868
98654
94543
80629
82704
96499
61854
76867
93731
75302
95864
79369
48255
77828
80542
73321
104235
80807
50307
44874
78700
78525
52675
68176
99254
66159
79296
94149
82062
53822
97636
60591
59361
98537
80162
62777
82916
57220
85972
76227
103472
56259
97851
80889
65216
58661
80605
61298
42903
86948
83669
105937
105158
80107
88315
84094
61260
100480
71192
79191
75584
34259
44619
44679
62907
82157
34748
39640
64570
66929
104687
56258
80452
53574
49824
80540
70400
49852
70285
90163
105253
103726
89422
96861
31413
49963
51222
81068
78319
46734
104372
101267
48539
55902
87516
83273
77765
76676
101678
74915
87860
64638
51978
8325
103671
69377
90761
83470
33567
71011
78904
39459
74583
82878
89237
104774
84547
73746
50150
85546
94543
98739
51034
80576
83214
62195
56755
81105
49911
26485
100368
71980
79680
64511
80953
76199
50389
105837
104210
93498
99818
80970
103274
85267
85841
103058
80907
45983
104833
65108
69803
105433
85948
96202
103346
50229
78366
80455
98700
104826
36316
101549
83743
39266
105821
37152
103372
95702
45244
45683
81381
41288
45202
77467
30261
88036
81180
96250
58158
79912
51261
36695
60283
80227
80291
104650
60645
82451
78416
93502
59596
81749
78503
68682
101923
85508
91155
44569
93412
82238
52511
61678
40931
51085
65897
30022
93440
104658
83286
85152
30563
90300
97149
88764
37253
82771
48309
60617
34120
101707
105719
103916
55817
78870
101162
43894
86618
60445
101880
64412
58812
71857
103016
103849
91270
104831
48079
78304
92727
102192
86905
78369
86362
71262
81996
68838
43392
65107
74691
50304
82718
46642
46591
97299
98123
30828
52201
73114
71042
91422
81876
45081
33436
104635
102188
104384
55250
52169
91659
63999
104918
48647
87635
80516
45414
84921
50611
99060
65881
77508
78322
93398
99706
101669
105349
67718
51151
77705
61023
86009
65366
73168
68290
92300
55432
42323
52868
79236
84333
45387
50462
47105
79264
72006
45494
66134
85020
46381
69427
87857
84417
51958
48895
80242
104879
52997
98662
55739
32119
61652
45147
73529
108079
81835
27143
96872
64923
80897
76458
42777
66708
49911
31418
94849
100475
34661
48573
58586
55586
85635
79670
102621
43994
78215
62334
40544
86596
47389
81078
66446
34730
33514
38379
79354
44018
80462
29541
47326
101553
93728
48324
67746
50045
102970
40501
34541
69844
82571
104041
80661
62359
44756
102267
106000
76015
77497
91871
97553
92364
104584
79652
99053
101576
94328
82893
75407
98082
94366
35517
73788
82875
60108
83752
100134
76308
103025
95040
68015
80464
61924
56290
97842
81146
86625
92351
104824
93647
98330
80134
99635
79578
89596
62032
84568
55267
37152
41923
48280
80705
50191
105211
70019
87555
66772
72679
43177
85403
104929
82186
78810
104662
58990
88829
103878
88222
81039
76739
64364
61683
75343
84696
50307
69986
80963
69560
66074
61065
90183
87261
51261
69571
38823
88321
102405
85041
96250
81232
73801
62934
93050
103430
63074
82908
36069
40554
66874
59507
34080
93286
82874
91095
53826
71441
93611
87523
88593
53233
72420
34651
94486
77532
81620
49863
78572
98923
66400
68688
76301
28600
63612
80449
72303
97627
96860
74897
50475
74938
59602
45979
44528
104052
80840
80115
81387
82386
104407
59538
46423
89414
41097
96808
94735
82663
38076
71166
63952
49300
83496
67459
50278
100866
59475
83049
85500
79111
52816
61084
43475
56150
45648
49904
80533
64821
87144
106889
95574
55521
78655
41608
77490
99375
68116
90496
62674
87081
43537
71575
69070
99104
99315
61927
66354
71370
83456
104731
92617
50101
63365
53824
74202
85500
88436
98662
39640
41239
16441
103117
75985
85462
65219
57648
73226
94289
92381
46543
82661
46451
36316
96345
72411
49197
75377
92064
48898
99939
83206
51384
33232
95690
66384
37125
74425
64161
57641
76346
62212
57349
57707
100058
44506
55065
48051
85235
64874
85330
51034
96901
95132
81695
106220
29221
62568
50272
96658
110583
85158
92097
93443
31136
86306
80515
102687
35937
73526
86300
103648
38060
98604
103802
94104
55621
70686
52397
34728
30746
67413
98190
46356
86553
87610
98630
31711
100106
43254
42083
89414
71202
67797
46653
92785
51207
98471
63413
53643
29587
103933
81385
63790
49258
94726
54048
78508
84200
29511
65740
82329
103317
102789
77952
90900
87045
67086
98536
100313
102949
48830
47745
94845
102314
25372
105263
58486
55513
84697
80443
77809
50766
91662
94533
80039
72991
94816
101678
83463
79519
78989
74636
107132
31615
59159
39304
98727
67032
34034
82435
66536
81974
57450
46618
60181
85197
56738
104213
43322
70162
79252
95787
87831
86018
89220
37125
56510
90882
89835
86641
60969
79288
61038
46424
30323
86108
78989
103853
79994
49133
33026
99840
96291
60750
104157
55336
82943
53656
49015
76418
69719
76098
89541
85147
102399
74438
44862
56713
75518
71767
83412
83456
69335
27708
90373
81749
38798
94437
82186
50278
34320
74900
35119
95958
100337
84338
26542
24129
50250
73990
102190
68688
57199
48471
84902
32940
102813
79196
65267
49492
85040
70601
62123
50582
46633
82689
77635
65099
95771
76822
62622
86053
74778
73778
57012
79171
44341
62052
43620
54187
98313
42040
85481
56140
65384
85835
86221
49070
100758
87528
79806
76353
98378
53724
65683
26714
43633
81008
36907
32718
93211
104369
92970
79178
55065
42662
103522
87845
72648
98748
95844
84362
86510
34928
93902
38823
67283
55243
72941
60380
82661
96605
76055
78723
79231
78551
97858
35469
36477
30663
51065
103223
91391
34710
48361
82835
95835
104286
67601
86320
92437
66306
87094
54798
86266
85714
77572
102114
55047
7723
45023
68330
70336
75326
48345
94376
72805
24801
60719
83830
67013
80737
44501
79992
78080
64920
99143
94104
93965
43889
41833
27594
62568
78223
45772
82931
85749
98052
104915
102566
43343
45072
78176
73772
72861
103743
81309
95262
104734
57745
46384
57268
78892
76876
69213
90791
24400
103205
52214
77138
58134
99251
99414
57110
43633
84431
61401
99919
100920
83824
103229
54862
84624
81465
56947
78439
34516
50945
94434
53769
81176
101787
53096
50945
43539
34363
86029
98812
74202
76658
106619
54940
81041
96725
79402
47068
81248
79749
80481
66867
47312
80124
65773
77154
45373
41821
103982
101456
80913
91754
37631
88215
104041
73912
88677
81540
52266
46662
36186
54190
79551
76428
101554
93015
67681
33408
84301
50100
81483
75250
65953
96827
64377
45108
25148
47233
49476
65320
83178
75024
81755
106038
59214
62682
83609
80258
52997
84672
72964
94485
