2506
2612
2722
2136
1864
2571
2188
2281
2257
2722
1143
2686
2645
1891
2058
1675
1226
2552
2457
1930
1865
2632
1938
1577
3041
1711
1388
1904
2638
2246
2352
855
2670
2095
2109
2640
2870
2389
2099
3032
2223
2762
2505
1351
3110
2182
889
2741
1544
2284
2165
1932
1744
1911
2088
2703
2362
2683
1925
3030
1433
1762
2374
1813
2510
2342
2311
2419
2554
2367
1988
2774
2489
2086
2516
2189
3207
2474
2547
2256
2493
2823
2854
1466
2218
2423
1850
2099
2457
2077
1815
2952
1983
2094
3076
2627
2570
1804
2213
2650
2334
2303
2482
2701
2508
1986
1830
2282
2568
2614
2452
2447
2136
1847
2404
2861
2667
1791
1830
2181
2369
2925
628
2802
2103
2189
1424
2821
2660
2469
2445
2535
2034
1629
2369
2282
1769
2502
2702
2731
2352
3108
2223
1972
2566
2419
2362
2311
2238
2572
1990
2796
3179
2293
2259
2573
2929
2546
2619
2697
2124
1925
2189
2382
2434
2191
1622
1437
1570
2057
2500
2005
1935
1970
2381
2656
2362
1797
2700
2811
2197
2279
3065
2577
2189
3415
2687
2442
1797
2216
2647
2502
2538
2469
1929
2267
2109
2245
2292
2898
2051
3143
2335
2474
2114
2426
2253
2566
2598
2276
2034
2184
2191
2898
1301
2334
2163
2214
2821
2479
2698
2140
2400
2669
2180
1998
2278
1954
2249
2782
2297
1732
977
2657
2184
2162
2634
3126
3184
1638
1838
2653
2398
2998
2251
2506
2288
1976
2395
1838
2519
1837
2475
2006
2426
2346
2729
2494
1569
1787
1759
2194
1692
1233
2282
1987
2458
1826
1829
2054
1669
2196
2300
1794
749
2089
1289
2061
2411
2700
2463
2216
1829
2057
2481
2086
2758
2158
3137
2563
1918
1312
3076
2790
1679
3491
2477
2768
2772
2529
2785
3084
1445
1707
1955
2398
1962
2861
2395
2492
2472
2833
1807
2526
2617
2337
2541
2572
1996
1830
2660
1180
2300
2748
2053
2444
2120
1807
2025
3030
1877
1879
1953
2186
2469
2572
2296
2038
2144
2386
2123
2069
2249
2191
1703
2365
2249
2782
2293
2281
2630
2456
1975
2824
1895
2269
2192
2423
2586
2166
2078
2917
2278
2687
2201
2712
2622
1834
2221
3164
2292
2370
2264
2322
1955
2384
2074
1665
1883
2247
2205
1675
2208
1704
2623
2465
2230
2040
1975
1723
2672
2435
2807
2569
2273
2337
2918
2033
2501
2321
2432
1668
2647
1765
2745
2056
2952
2291
2588
2835
1867
2010
2627
2540
1743
1876
2114
1930
2534
2692
2541
2450
2195
1942
2269
2659
2115
2635
2852
742
1585
2662
2122
2489
1357
1786
2950
1615
2223
1695
2177
2807
2122
2533
1676
2651
2721
2435
2244
2069
2379
2717
2343
2552
2764
1810
1830
2177
1815
2110
2387
1788
2189
2812
2813
2617
2024
1641
2643
3055
1689
2819
3046
2772
2647
1781
1832
2626
2597
1255
2571
1843
2068
2166
1284
2645
2322
2509
2820
3078
2642
2247
2077
1469
2083
2030
2220
2633
2275
2080
2721
1733
1927
2522
2549
2668
2291
2812
1593
2067
1766
2350
2066
1984
2162
2616
2342
2627
1977
2389
2639
2011
1835
2396
1932
1801
2133
1784
2445
2732
1929
2024
2552
2351
2102
2098
2243
2434
1776
2923
1974
2569
2278
2123
2701
2358
2331
2490
2432
1633
3017
2901
1942
2152
2742
1043
1710
2910
1614
2635
1351
1593
2384
2230
1977
2206
607
2623
1436
2393
2818
2441
2783
2718
2701
2191
2854
2432
2509
2720
617
1696
2536
2343
2656
2606
2783
2104
3131
1797
2068
1977
3184
2203
1905
2043
2732
2556
1163
2628
2118
2988
2300
2001
2784
2306
2213
3003
2136
2335
2161
2172
2583
1738
2724
1944
2121
2206
2314
3394
2494
2008
2556
3062
2597
2557
1397
2764
2096
2167
2033
1531
1689
2195
1766
2802
3920
2392
2634
1833
2001
2204
2551
1977
2843
2388
1661
1607
1864
2647
1762
1947
1766
1803
2443
3001
2606
2457
2057
2372
2215
3032
2019
1972
3109
2562
742
2251
2428
1987
2206
2352
2895
1800
2684
1761
2398
1325
2858
2430
2306
2451
2231
1655
2238
1664
2015
1867
2535
2001
2692
1697
3084
2295
2312
2674
2840
2569
2233
1900
2035
2277
2503
3286
1827
1953
2567
2491
1697
2357
2949
1950
1941
1803
2574
2475
1784
2271
2433
2383
1803
1957
2108
2517
2721
1908
2177
2040
2929
2307
1213
2209
2526
1271
2042
1653
2270
3152
1911
2332
1734
913
2703
2135
2106
2847
2687
2492
1862
1603
2679
2222
3096
2940
2163
2130
2013
1769
2184
2048
1777
1971
2660
1932
3110
2164
1939
2813
3749
3061
1345
1850
2707
2092
2381
3101
2037
1535
2395
2862
2357
2005
2696
2820
2238
1996
1846
2195
2358
2564
2540
2278
2505
2598
2064
2342
2501
2051
2768
2430
1507
2320
2710
2508
3069
3286
3203
1910
2545
1917
2343
2220
2318
2119
2675
2472
2942
1640
2682
1967
1860
2112
2001
2502
3046
3110
2598
2691
2221
2785
2812
2541
2552
2695
2490
2255
742
3596
2502
3189
2739
1501
2612
2808
2275
3044
2355
1953
2701
2160
2106
2015
2493
2988
1507
1846
2139
2757
1114
2093
1937
2069
2510
2004
2055
2561
2421
2108
2127
889
1826
2271
2418
2098
2481
1901
2506
2192
2344
2496
2598
2213
2495
2460
2412
2781
2187
2507
2229
2821
2102
1983
2400
2063
2729
2340
2600
1648
2752
1901
2737
1501
2538
2730
2221
1767
2487
2215
2672
1965
2536
2785
2784
1844
2451
2092
1821
1838
2008
1502
2147
1934
2651
2348
2350
2202
2247
2184
2548
2136
2199
3474
1858
2103
2159
2156
2613
2335
2365
1782
2685
2067
2708
2658
2526
2316
2644
2820
2424
1778
1127
1740
2224
2625
2745
2562
2723
2586
3045
2997
1669
1744
2225
2333
2665
2127
2666
2489
2386
2692
2082
2426
2573
2659
2276
1784
1872
2106
768
2506
2396
1955
2283
1555
2815
2720
1298
2361
2994
1888
2650
1952
2499
2206
1879
2998
2481
2189
2960
2109
2341
3108
1922
1491
2553
2437
1618
2701
2037
2181
2179
2220
2947
2385
2171
2290
2168
2141
2697
2884
2307
2965
2502
1820
2637
1887
2051
2637
2807
2556
2950
2150
1962
2151
2010
2579
3125
2361
2846
2872
2881
2388
2415
1345
2469
2525
1502
2161
781
2309
1913
3057
971
2328
2260
2432
2256
1661
2508
2253
2287
2242
2501
2160
3050
3392
2262
2888
2465
2215
3003
1476
2189
2151
2500
2224
2086
2101
2791
1727
2125
2469
2243
1601
2522
1767
1882
2290
2774
1736
2220
2489
1592
2155
2321
1902
2647
1807
2070
2168
2825
2244
2657
2433
3394
2058
2229
2620
1647
2285
2148
2627
1638
1910
2159
2078
1986
1890
2697
1867
2106
2073
2111
2330
2249
2316
2306
2108
3022
2350
2451
2143
2189
1638
1518
2770
1701
3013
1731
1818
1843
2308
1701
2295
2056
3287
2279
1243
950
2411
2708
2038
2607
2527
2584
2397
2796
2627
2228
2188
950
1989
2293
1946
2605
2597
1867
2256
1748
1715
2523
2221
2576
2302
1971
2974
2568
2558
1837
2323
1839
1990
2530
2104
2460
2050
2174
3120
2712
2361
2018
2520
2277
3233
2424
2692
2265
2990
1987
2389
2351
3054
1392
1027
2034
1976
2686
2540
2127
2730
1950
2179
2640
2570
2047
2491
2532
2621
2012
2294
2545
2569
1924
3254
2765
2079
2560
2369
2251
2497
1726
2584
1797
2139
2213
2626
2001
2484
1456
2009
2626
1456
3039
2091
2128
1769
1942
2292
2447
2163
2568
2092
2788
1891
2308
2254
2263
1977
2272
3129
1845
2146
2550
2666
2767
2514
2195
2227
2289
2980
2396
3394
2679
2024
1981
2645
2652
1539
1247
2610
1812
2387
2075
2078
2302
2443
2614
2577
2477
2321
2015
1706
2098
2039
1942
1411
1959
2496
2180
1790
1990
1702
2153
1734
2065
2425
2154
2306
2490
1454
1942
1821
2181
2241
2128
2901
2430
2574
2619
1662
2493
2823
2342
1936
1877
2007
2608
2635
2877
2128
1978
2136
3166
2223
2396
3075
2790
1740
2259
1468
1705
2831
2301
2610
2287
2747
2452
2808
2573
2017
2231
2818
2257
3101
2422
2310
1767
3045
1815
1883
3024
1651
2412
2509
2424
2221
2562
2490
2827
2872
2431
2571
1729
2003
1830
2615
2234
2352
2179
1201
2868
906
1810
2938
2814
2587
1594
2100
1638
2185
2256
2055
2047
2387
2611
2703
1393
1774
2486
1504
2258
2641
2457
2769
904
1160
2444
2273
2490
2404
1710
2204
2294
2098
2179
1932
1300
1976
1729
1583
2130
2757
2340
1608
2045
2295
3337
1870
2270
2421
2652
1476
2947
2441
2085
2171
2092
2095
1673
2200
2841
2283
1911
2390
2615
2046
2136
2842
2625
2614
1597
2668
2812
2846
2064
1865
2441
2021
3240
1937
2533
1968
2415
2512
2278
1829
1909
2360
2666
2641
2202
1845
2109
2635
2237
1691
1866
2041
2717
2575
2447
1897
2230
1976
2565
1985
2601
2920
2500
2554
2612
1726
2609
2231
1830
2145
2733
2220
1967
2504
1891
2077
2111
2197
1652
2920
2207
2393
1419
2213
2687
1989
2281
2142
2619
3089
2318
2058
2124
2484
2384
1586
2821
2997
2651
1932
2068
2495
2926
2581
2338
2214
1521
2296
2171
1751
2932
2101
2050
2812
1989
2357
1939
2623
2262
1521
1970
1403
2092
2003
1929
1982
2269
2423
2585
1444
1904
2648
2488
2164
2478
1823
2950
1552
3786
2281
2134
1728
2108
2308
2479
1573
2768
2990
1803
2129
1991
2449
2441
2521
2945
2724
2019
2629
1164
1533
1254
2554
2139
2342
2219
2612
1934
2253
1742
2791
2346
2081
2390
2282
1664
2826
1957
2787
2840
2378
2689
2707
2690
2398
1929
2271
2870
2524
3078
2511
2695
3125
1550
2320
2562
2783
1810
2435
2369
2364
2868
2666
1928
1796
2689
2596
2344
1979
1828
1952
2351
2457
2411
2087
1911
1398
2225
2103
2700
2037
2983
2473
2057
2380
1565
2094
2270
2201
1873
1792
2733
2572
2192
2376
2105
2390
2045
1547
2939
2060
2561
2833
2479
1412
2245
3154
2794
3422
1809
2845
2156
2612
2395
2326
3121
2303
1880
2115
2353
2146
2305
2143
2274
2125
2414
2511
2022
3606
2553
2407
1840
2891
1744
1554
2222
2102
2977
1873
2474
2306
2258
2130
2482
3046
1530
2619
2333
2053
2779
2642
2415
2559
2270
2490
2073
2054
2096
2074
2542
3299
1983
3515
2816
2291
2887
2732
1815
2703
2358
1788
3003
2291
1915
1900
2591
1989
874
2248
1956
1764
2005
2090
2533
2163
2134
2264
2472
2017
2377
2491
1891
2678
2341
1842
2024
2237
2507
2565
2516
1948
1800
2001
2362
2210
2597
2507
2226
2987
1663
2536
2262
2214
2466
2444
2201
2642
2306
2127
1939
2632
2107
2777
1167
1837
2457
2492
1846
2373
2572
1987
3239
531
2764
2541
2801
2498
2291
2824
3046
1878
2806
1923
2388
2349
2663
2572
2271
2654
2386
1883
1064
2294
1621
1306
2265
1627
2106
2015
2284
1907
2355
1950
2159
3089
2673
2616
1477
2051
2355
1946
2552
1969
2258
3019
2660
2195
2596
2411
2203
2164
2634
1312
2966
1983
2507
2006
2698
1552
2743
2264
2605
1904
1559
2606
2110
2542
2380
2542
1976
1872
1254
2247
1783
2176
2269
3045
2147
2167
2406
1964
1229
3095
2029
2238
2203
1623
2205
1741
3108
2197
2475
2739
2704
2324
2119
2457
2456
2553
1612
1834
2827
1740
2010
2100
2120
2299
2588
3109
2254
1779
1998
2714
1928
3080
2160
2219
2764
2108
2536
3030
1901
2078
2886
2034
2505
2630
3060
2594
3288
2220
2748
1692
1861
1824
2387
2345
2162
2026
2407
2945
2404
2312
2454
2069
2615
2330
1528
2485
1883
2289
1962
2093
2276
2541
2034
1984
2136
2587
3122
2558
2580
2498
2540
1697
2083
2533
2077
2167
2721
2045
2654
2210
2470
2376
2098
2763
1546
2383
2681
1963
1504
2342
1930
2393
1866
3178
2606
2179
2205
2566
2757
2238
2561
2374
1858
1971
2209
2281
2438
2449
2098
2189
2066
2459
2490
2836
3331
2333
2731
2221
1953
2369
1731
2097
2599
2238
1782
2810
2698
2504
1787
1964
2903
2777
2151
1848
2847
2886
2272
2395
2199
2340
2506
2923
2742
1843
2223
2025
1702
2747
2300
2482
3134
2289
2623
2046
1962
2254
1498
2919
3027
2400
2699
2656
1931
3266
1561
2139
2331
3121
2238
2748
2032
2413
2665
2275
1521
2219
1935
2322
1894
2639
2847
2172
2118
2231
2019
1826
2413
1946
2989
1876
3040
2086
1856
2812
2651
2111
2214
2562
2730
2087
2624
3042
2445
1477
1722
2203
1965
2286
1893
1779
1646
2420
2134
2035
1841
2831
2508
3224
2576
1333
2558
1947
2811
2619
2672
1724
2674
2698
3091
2938
2433
2216
1189
2067
2582
2030
2495
2674
1328
2207
2465
2277
2110
2287
1538
2395
2447
2164
1820
2840
2223
2281
1806
2111
2167
2157
2775
2161
2464
2600
1765
1595
1615
2997
2244
1701
1784
2227
2330
2605
1830
3296
2707
2822
2647
2496
2316
2388
2502
2331
2717
2103
2473
2457
2939
2584
1963
2318
2599
2103
2182
2395
2086
2885
2384
2308
2482
2698
2556
2764
2417
1474
2308
1857
2294
2958
1979
2438
2032
2463
2442
2937
2232
1638
2277
2317
2757
1902
1010
1872
2621
2557
2700
2223
977
2074
2148
2571
1913
2395
2719
2239
2786
2121
3249
1934
1877
2405
1693
1835
3250
1666
2307
2929
2497
2128
1958
2069
1419
2327
1738
2962
3041
2684
1952
1910
2497
3142
2169
2484
2788
2519
2310
1974
1769
2238
1614
1584
2002
1851
2539
1740
3310
1951
2444
1901
2430
2241
2291
2176
1913
2018
2752
2072
2813
2278
1890
2482
1364
1772
2645
2704
2362
2475
2644
2021
2411
3570
2433
2397
2827
2677
1747
2952
1981
2402
2263
3048
1809
633
2669
1701
2201
2090
2669
1861
1371
2470
2501
2908
2874
2681
2192
1702
1279
1868
2269
1586
2481
2130
2157
2204
1289
2734
1912
2451
1904
1703
2434
2685
2989
2362
1898
1673
3112
1713
2462
2377
2745
2674
2234
3142
2040
2212
3028
2417
1976
2794
2432
2316
2285
2690
2065
2358
2550
2430
1953
2693
2469
2163
2017
2208
2243
1781
2613
2047
1769
2727
2723
2789
2866
1850
2143
2294
1976
2198
1970
1498
2273
2632
2806
2825
2358
2262
2177
1752
2337
2546
1452
2316
3178
1956
2458
2412
1705
2093
2966
2216
2609
2087
2756
2187
3082
2950
2982
1926
2356
2335
1998
2210
2221
2211
2215
1803
2710
2551
2007
2447
2802
2608
2397
1924
2274
2692
2502
3166
2245
2445
2140
2498
2521
2334
2512
2837
2117
2276
1927
2002
2202
2348
2212
2182
2734
2291
2086
2294
2223
2413
2113
2402
2265
2162
2193
2553
2671
2540
1962
2360
2605
2422
2204
2937
2578
2885
2365
1889
2289
2250
2945
2271
2638
2463
2345
1618
2806
1453
1829
3197
1796
3046
2300
2440
2232
2058
1753
1813
2984
2267
2008
2045
1991
2872
2477
2443
2012
1738
1914
2295
2259
2482
1900
2480
1976
2669
1929
2114
2090
3131
2798
2012
2259
3394
2657
2740
2732
2520
2135
2152
2023
2731
2357
2656
1918
2265
1814
2448
2416
1579
1842
2765
1963
1289
2508
2024
2090
2239
2834
2527
2499
2662
2206
2457
2170
2994
2669
2887
2494
2925
2233
2090
2008
2667
2112
2357
1871
2737
1916
2342
3249
2092
2536
2632
2488
2268
2130
1942
3065
1779
2363
1742
2653
2248
2246
2466
2511
2344
2014
2554
2389
1590
2906
3072
2010
2486
2190
2513
2745
1627
1821
2093
2227
2794
1778
2275
2229
1565
1837
2848
2638
2265
1749
2566
2501
2534
2760
2399
2390
1496
2284
2679
1808
2261
2157
2213
2710
2652
2010
1577
2733
2405
2709
2816
2020
2093
3237
1714
2591
2352
1047
2164
2557
2601
2093
2046
2430
2309
2332
2571
2105
2309
2653
3001
1998
1733
2074
2114
2824
2234
2128
2069
2325
2415
3181
2654
1913
1727
2252
2605
2357
2139
2369
3214
2262
2218
2235
1997
2787
2569
2061
3227
2269
1740
1646
2157
2284
2292
2226
3070
2957
1987
2172
1737
1796
2672
1632
2430
2293
1652
2698
1995
2099
2292
2796
2324
2262
2192
2411
667
2300
2691
2136
2216
1951
1975
2132
2743
2055
2799
2935
2089
2367
2719
2397
1675
2357
2238
2584
2852
2086
2367
2710
1994
2039
1998
2373
1701
2068
2139
1565
2229
2139
2643
2231
2742
2282
2644
1843
2289
2073
2360
855
2456
2248
1427
2721
2520
1798
2876
2053
2852
2826
2694
2762
2178
1826
2391
1979
2375
2542
1793
2060
1879
2384
3176
2289
1806
1787
2513
1928
3004
2631
2091
3037
2368
2638
2918
2349
2120
2163
2441
1960
1950
2596
2048
2259
2601
1797
2422
2601
2639
1740
2339
2415
2682
3227
1936
2648
2080
2635
1528
2376
2419
2028
2472
2389
1962
2321
1850
1840
2110
2462
2533
1567
1664
2103
2611
2252
1674
2268
2514
3167
2159
2096
2540
2301
3255
3147
2360
2782
2176
2026
1972
2798
1819
2798
1836
2220
2674
2157
2215
2094
1812
2095
1644
1604
1696
2805
2650
2268
2707
1310
2399
2046
1835
2458
2444
1466
2640
2171
2292
2547
2611
2442
2193
2209
2542
2509
2091
2768
2145
2229
2499
2279
2152
2215
2077
2184
2440
2578
1452
2118
3749
2079
1800
2182
1601
2463
1403
2515
2391
2514
2387
1833
1990
2352
2146
1836
2592
1833
3005
2216
2715
3146
1271
2161
1706
2107
2306
2497
2174
2467
2492
3308
2730
2211
3036
2881
1991
2415
2806
2106
3053
2716
1524
2613
2002
2845
2399
2320
2598
2428
2314
2918
2648
2570
1974
2208
2130
2608
2101
2745
1899
1625
1855
2193
1977
2868
2416
2331
2010
1918
1989
2694
2745
2019
2456
2732
2298
2720
3159
2304
2449
1508
2448
2498
2992
2489
1946
2041
2341
2775
977
2521
2214
2817
1772
2257
2613
2710
3422
2588
2621
2562
2067
2232
3043
2205
1787
2489
2966
2606
1679
2989
1983
1472
1999
2330
1744
2294
2906
1695
2294
2687
1927
2307
2124
2519
2153
2471
2792
2220
1174
2192
2287
2297
2909
1232
3130
1716
2558
2203
1841
2559
1481
2314
2432
2457
2164
2783
2021
1675
2402
2448
2188
1806
2047
2001
1885
2275
2323
2191
3287
1880
1676
2024
2109
1802
2682
1709
1928
1964
1593
1950
2092
2478
2455
2644
1706
1840
3442
2426
2750
2047
2566
2392
2154
2405
3013
2717
2633
2697
2943
2385
2630
2513
2357
2393
1927
1397
2111
2672
2488
1863
1712
2236
2486
2681
2766
2143
2393
2122
2441
2239
2006
2173
2233
633
2869
2837
3234
2094
1254
1894
2131
1929
2551
2272
2489
2312
2788
2124
2313
2144
2204
2112
2782
1982
2550
2198
2282
2267
1848
2180
3159
889
2637
2285
2242
1777
2444
2620
2036
2846
2451
2154
2922
2258
2109
1552
2407
2837
1824
1731
2936
2909
2868
2387
2724
2620
3160
2217
2124
1532
797
1919
2866
2900
2616
2144
640
1963
2112
2557
2492
2017
2725
1976
2647
2113
2367
2122
2233
1833
1745
2030
2323
2958
1774
2619
2446
2832
1981
2088
2387
3076
2588
2302
1927
2084
1760
2627
2861
1546
1835
2341
2342
3192
2696
2316
3131
2736
1818
2196
2022
2222
1767
2830
3249
2567
2086
3078
2371
1647
2438
1336
2126
3086
2306
2409
2690
2319
3224
1862
1487
2030
2743
2142
2641
2605
2745
2485
1885
3212
2276
2330
3172
1661
2779
2401
2154
3334
2554
2020
1656
2315
1569
2114
2504
2249
1579
2166
2211
2053
2667
2090
1817
2721
2615
2671
2204
2777
2124
2192
1747
2457
2686
1900
1926
2743
1877
1029
1360
1686
2064
1949
2001
1756
2602
2096
1702
1833
2112
2778
2931
2928
2334
1929
2569
1488
1873
1659
2146
2602
2083
1803
2431
3041
2540
1357
2060
1732
2581
2166
1884
2432
2259
2210
2252
1927
2092
2015
1895
2692
2451
2264
2432
2234
2491
2361
2163
2670
2493
1882
2451
2128
2120
2342
2294
2015
2218
2427
2358
1719
2727
2674
2384
2001
2388
2339
2130
2018
1786
1730
3176
1974
2697
2639
2845
2276
3476
1615
1805
1921
1766
2093
2067
2489
2432
2958
1702
2110
2712
1943
2175
3596
2263
2541
1662
1705
1534
2267
2159
2200
2108
2599
2511
2288
2322
2695
2442
2504
1840
1974
1552
2975
2290
1478
2973
2184
1823
2485
2153
2733
2621
2554
2591
1873
1740
2488
2001
1800
1450
2021
1982
2608
2171
2938
2727
1707
2605
2273
3070
2588
2763
2024
3006
2909
3134
2093
1887
1979
2220
3196
2493
2509
2717
1672
2026
2603
2333
2464
2328
2901
2535
3596
2154
2321
2140
2605
2215
1961
2073
2268
2018
1977
2742
2288
2434
3016
2390
2913
1312
2183
2619
2472
1900
2358
2896
2820
2689
2259
2318
2744
2057
2193
1902
2154
1417
1664
2405
2992
2189
2642
1924
2289
2221
2656
2625
2254
2066
3142
2192
2556
2465
2533
2194
2195
2472
1521
2427
2478
2632
2691
1789
2210
2544
1945
1731
2679
2340
2198
2641
2507
1658
2076
2764
2055
1929
2647
2475
2627
2333
2299
1951
1823
2483
2040
2270
1631
1877
1174
1840
2238
2206
2253
2214
2302
2510
2584
2494
1732
1421
3142
2239
1842
2434
1788
775
1900
2119
1613
2248
2426
2931
2888
1796
2596
2598
2412
2575
2305
2541
1531
2837
2210
2295
2203
2732
1655
3126
2000
2441
2232
2836
3375
1937
2153
2570
2282
2211
2479
1891
2190
2391
2177
2048
2440
3055
1908
1968
1548
1934
2630
2430
2112
2611
2388
2218
2255
2249
1912
2632
1855
2437
2499
2647
1435
2942
1471
1848
1970
1070
2775
2301
2448
2018
2069
3233
2211
2561
2428
1815
1436
2279
2372
2486
2874
2056
2870
2598
1321
2236
2650
2030
1868
1987
2009
2368
2895
2700
2835
1848
2415
1854
2198
2319
2050
2449
2457
2635
2450
2016
2692
2511
2742
2519
2721
2782
1489
1887
2388
2651
2212
2545
1282
3066
2614
1936
1864
3004
1841
3157
2324
2490
2371
1672
1726
1994
2206
3070
2276
2298
2398
1905
2717
2704
2790
2209
2350
2332
2631
2075
2220
2492
2166
2632
2381
2432
2083
2498
1584
2180
2503
1555
2733
1784
2553
2010
2350
1798
3041
2934
1787
2125
2489
2197
3104
2837
2442
2308
2107
2269
2207
2968
2839
2155
2562
3196
2870
2824
2397
2554
2289
2150
2650
2694
2117
2153
1607
1593
3254
2876
1852
1835
2273
2591
2759
1978
1331
1891
2165
2563
1598
2684
2082
2578
2050
2367
2298
2577
2082
3334
2581
2188
2492
2774
2652
2151
2296
2518
2346
2103
2192
3202
2556
1731
2794
2673
1893
2076
2366
1714
1943
2303
2051
2534
1257
1818
2322
3062
3428
1749
2516
2539
2362
2372
2047
2660
1849
2472
2435
2211
2546
2084
2339
2405
2128
1838
2411
2305
1855
2316
2729
1787
2351
748
2636
1707
1815
1840
2415
3206
2097
2550
2041
1229
1920
2240
1586
2458
2864
2411
833
2470
2806
1479
1869
2070
2615
2214
2937
2392
2918
3287
2544
1668
1976
2265
2106
2066
2647
2824
2394
2896
2588
2789
2466
1893
2387
2424
2383
2703
2872
2821
2404
1808
2211
2569
1525
2936
2473
2236
2621
2449
2247
3104
2707
2307
1865
1689
1661
2496
2995
2522
2111
2513
2501
1984
2028
2434
2109
2471
1775
1560
2199
2195
2266
2111
2531
2662
1719
2129
1528
2901
2158
2657
2434
2198
2266
2746
2103
2185
1929
2506
2579
2802
2259
2820
2111
2487
2884
1714
2177
2048
2108
1478
1899
2438
2669
2494
2481
2423
2000
2601
2648
2621
2499
2474
1752
2299
2413
2358
2563
2763
2239
2818
2004
1421
2293
1942
2181
2685
2431
2245
2071
2105
2281
2160
2331
2568
2750
2524
2672
2656
2149
1787
2479
1827
1828
2216
3109
2453
2404
2230
2111
2031
2404
2095
1450
1851
2002
2048
1255
1672
3206
2198
2379
2222
2192
1679
2520
2145
2007
3051
2312
1823
2469
2323
2870
2613
1946
2079
2424
1855
2690
2736
2162
2459
1988
1806
2402
2219
2296
2051
1971
2098
2499
2429
3095
1573
2361
2613
2153
2268
2189
2077
1043
2048
2836
2775
2279
2440
2402
2640
2628
3579
1568
2931
2781
1701
2341
2657
1994
2250
2412
3076
1787
2616
2306
2149
2633
2558
2436
2966
1344
2413
2539
2173
1906
2605
2231
2628
2046
2885
2785
2351
2205
2503
2237
1279
3122
2159
2499
1115
2265
1990
2270
2238
2484
3232
2194
2415
2403
2575
2414
2407
2437
2859
2505
2426
3254
2575
1672
2727
1305
1785
3095
2079
2490
2066
2628
2015
2599
2484
2856
2548
2554
1843
2625
2958
2167
2420
2282
1971
1501
2707
2220
2937
2648
1692
2118
2691
2384
947
2627
1616
2417
2210
3076
1460
2898
1810
2489
2067
2526
1910
1653
1692
2533
2203
2570
2092
2427
2262
2035
3267
2314
2482
2567
1402
2314
2422
1829
2836
1853
1955
2583
1985
2401
3178
3249
2353
1950
2945
2015
2837
2515
2355
1785
2853
2245
2724
2006
1782
2083
2143
2454
2391
2184
2741
1923
2322
2447
2311
1839
1589
2231
2345
2617
3037
2963
2093
2475
1881
2627
2171
2016
2855
1312
2364
2024
2802
1993
2161
2139
2022
2279
1437
2369
2459
2919
1839
1487
1676
2245
2753
2485
2653
2104
1767
2220
2316
2334
2739
2200
2173
1553
3030
2233
2639
1035
2867
2401
1985
2503
2734
2647
2113
2481
2712
2681
2075
2279
2839
2225
2082
2391
1924
2204
1740
2440
1028
2563
2489
3003
1903
1879
2098
2396
2091
2552
2407
1478
1693
2524
2615
2427
2517
2006
2778
2061
3003
2351
1987
2653
1298
1906
2315
2378
1855
2872
2436
1781
2343
2437
2141
2483
1943
2281
2111
2289
2417
3337
2672
2637
2394
1584
2201
2340
1998
1617
2557
1909
1818
2596
2316
1552
1989
2723
2272
1936
2007
2317
2962
2351
2558
2914
3108
1939
2730
1243
914
2681
1667
2866
1895
2193
2352
1908
2164
3196
2264
3026
2426
2198
1209
2358
2146
2683
2322
2216
1778
2469
2305
2042
2864
2697
1929
1807
2228
2434
2859
1640
2957
1158
1946
3044
2179
1753
2640
2613
2488
2092
2304
2461
2452
1519
2273
1257
3474
1706
2821
1713
2880
2600
2945
2749
2937
2314
2626
2521
2479
1763
1917
2266
1912
2666
2657
2989
2380
2048
2914
2500
2843
2641
2590
2224
2198
2453
2881
2200
2216
2444
2006
1715
2693
2513
2091
1900
2550
2321
857
2441
2567
2242
2108
1489
2229
2570
3570
2123
2137
2101
1841
2434
2826
2874
2196
2657
1752
2494
2516
2440
2468
2550
1764
1834
1352
2189
2709
2195
2035
2501
2392
2243
2384
2627
2308
1749
2415
2028
2208
2146
2737
2859
2684
2119
2136
2367
2420
1959
2104
2601
2698
2573
2406
2066
2245
2257
1834
2393
2748
3174
1966
2290
2350
2333
2694
1949
2200
2103
3154
2368
2248
2834
2547
2433
2613
3050
2127
2900
2326
2119
2741
2602
2753
2593
2641
2551
2491
2842
1839
2424
2500
2376
2065
2183
2856
2615
1865
2402
2366
2054
2263
2594
2606
2231
1255
2294
2488
2546
2798
2506
2035
2767
2673
2479
1943
2149
1665
1906
1942
2482
2780
2127
2362
2660
2468
2183
1882
2637
1888
2086
2346
2087
1528
1859
2650
2459
1864
3675
1899
1928
2775
1995
2974
2084
2484
3212
2665
2485
2253
2034
2448
2355
2223
1921
2779
2399
2541
2606
781
2581
1996
2352
2685
1706
2459
2008
2856
1683
913
3196
2215
1236
2323
2245
1959
2553
2215
1997
2730
3124
2992
2018
2451
2554
2066
768
2789
2042
1981
2039
1342
2267
2409
2596
1751
2878
2885
2834
2728
2288
2775
1927
2504
2212
2292
2332
1629
2310
2491
2995
2553
1904
2504
1987
2284
1927
2094
1312
2768
1802
2553
1934
2387
2212
1951
2509
2101
2739
1653
2550
2863
2481
2159
2154
2520
2177
2430
1928
2746
2864
1704
2386
1783
2576
2249
1672
2842
2482
1936
1719
2239
2271
2788
2337
2899
1504
2133
1209
1982
2253
2161
2264
1877
2387
3369
1929
2902
2762
2315
2835
2621
2563
2550
2432
2493
2273
2727
3078
2569
1697
2784
2763
2877
2463
2106
2734
2176
2272
1434
2362
2163
2677
2284
1703
2716
1794
1891
2895
2002
1941
3072
2590
2086
973
2977
1902
1862
2794
2008
2195
1672
2278
1525
2247
2845
2722
2395
2320
2063
2295
2128
2315
3108
1617
2401
2176
3179
2801
2015
1729
2098
2469
1830
2253
2150
2205
2055
2516
2478
2252
2656
2458
2325
2686
2722
1907
1491
1653
1808
1724
2212
1740
1695
2436
2678
2812
2115
2243
1655
2407
2023
1929
2303
2287
2405
1560
2591
2937
2572
2669
2365
1891
1351
1449
2833
1234
2160
2669
2717
2061
1684
2597
2346
2539
1934
2630
2619
1167
2070
2085
2513
3053
1973
2552
2172
2984
2084
2017
1562
1891
2209
2702
1695
2740
2362
2320
2490
2727
2689
2800
1849
1437
2208
2396
2000
2242
1978
2752
2855
2046
1051
2313
2422
2285
3406
2550
2852
3218
1934
3141
2389
1325
2439
3164
2354
2775
2196
1855
2797
2438
1833
2272
2217
2513
2129
2519
2393
2218
1782
2594
1738
2518
1531
2230
2415
2275
3286
1967
1844
1525
2132
2775
2779
2415
2104
2512
1364
2791
2663
1974
2444
1998
2312
2501
2601
3019
2330
2301
2078
2893
2218
2296
2635
2186
1918
2521
1403
1702
2550
2836
2533
2581
2076
2600
2413
2650
2554
2192
1838
2991
3076
2199
2247
1929
2301
2689
3039
2508
2926
2086
2176
1831
2180
1996
3172
2265
2562
1951
2508
2437
1970
1902
2167
2066
2271
2252
2904
2312
2118
2416
2504
2369
2797
2484
2709
2336
1798
2235
2372
2096
2462
2231
2290
1789
2352
2576
2580
1932
1852
1842
3045
2494
2436
2244
1948
2197
2448
2533
2722
2581
2281
2484
2503
2354
1560
2100
2309
2421
2533
1823
2001
2595
2389
2630
2226
1964
1824
1807
2290
2807
1523
2160
1989
2623
2233
1740
2467
2254
2662
1866
2866
2612
2464
2682
2467
2320
2877
2510
2391
2040
2551
3025
3065
2353
1717
2449
2437
2449
1208
2561
3021
2717
2769
2399
2831
2272
2533
1839
2405
2148
2628
2654
1946
1696
2415
2835
3044
2263
2041
2752
2570
2375
2215
1887
2786
2867
2499
2679
1642
2035
2801
2156
1944
2836
2036
2244
2278
2334
1773
2248
2434
2170
1737
2143
2720
2563
1581
1837
2562
2994
2332
1916
2811
1781
2479
2376
2317
2509
2434
2922
2696
2573
1999
1851
2876
2415
2303
2020
2078
2196
3196
2391
2236
2788
2238
2845
2179
1980
1825
1070
2199
1339
1904
1760
2173
3095
2662
2989
2656
1904
2265
2691
1993
2151
2651
2368
3749
2410
2616
1706
1904
2685
2294
2606
2189
2477
1593
2320
2384
3829
2172
2082
2281
1779
2177
2611
2837
2700
2401
2079
2885
1045
2436
2203
2472
2989
2189
2323
1643
2001
2060
2264
2731
3003
1813
2105
3001
2244
2393
2619
2029
2296
2075
2542
2574
1977
2162
1676
2511
2247
2321
2101
2298
2573
1840
2777
2612
1070
2685
1826
2451
2412
2216
1988
2009
617
2798
2276
1996
2352
2332
2736
2595
2605
2797
3015
2483
2117
2666
1979
3109
2437
2140
3066
2620
2805
874
2650
2657
1431
2327
2715
2454
2645
2332
2229
1870
2618
2104
2462
2396
2304
2593
3025
2218
2441
2405
1975
2573
2619
1839
2789
2778
2662
2346
2810
2653
2572
1745
1934
2273
2544
1825
2746
2201
2039
2775
2529
2036
2053
912
2339
2337
1450
2469
2307
1726
3237
2041
2238
1776
2076
2421
1981
609
2376
2728
2236
1521
1820
2689
2282
1918
2856
2973
2198
2322
2001
1751
1003
2189
2615
2127
3415
2194
2516
2541
2992
2806
2692
3056
1625
2015
2236
2821
1943
1900
1934
2120
2816
2173
1468
1928
2876
2270
2245
2404
2213
1818
1953
2665
2132
2557
2599
2100
780
1789
2195
2057
1819
2615
1985
1840
2361
2353
1928
2198
1563
2019
2324
1607
2183
2066
2320
2471
1269
889
2096
2545
2566
2193
2821
2043
2442
2087
2144
2606
1840
2770
2159
2016
1779
2199
1842
2106
2150
1516
2988
2516
3129
2597
1778
2135
2231
2166
1681
2282
1937
2489
2397
2426
2211
3263
2038
2942
1910
2546
3028
2319
2032
1587
2346
1964
1661
2258
2441
2314
2601
1988
2659
2349
2989
2852
2274
2544
2022
2783
2610
2220
2173
1533
2425
2484
1552
1864
2333
2493
2279
2617
2281
2647
1931
3034
1893
2728
3070
2245
1948
2362
2200
2617
2594
2669
2576
3198
1942
2467
2271
2353
2852
3587
2652
2516
1837
2383
2632
1900
2525
1837
2958
2713
2239
2733
2743
2122
2139
2317
1844
1499
2629
1923
2368
2048
2639
2548
1641
2415
2188
2221
2743
1873
1859
2458
2266
2078
2727
2457
2644
2193
923
2221
2564
2562
2105
2440
2775
2874
1666
3040
2422
1848
3239
2770
2464
1863
2899
2702
2321
2520
2766
2079
2062
2686
2310
2233
2648
2228
2745
2565
912
2364
2323
2556
2458
2777
2151
1648
3043
2195
1962
2173
3025
2788
2581
1979
1807
2612
2296
1901
2737
2517
2813
1859
2578
1884
2129
2627
2038
1929
1946
2756
2330
1295
2501
2111
2186
2600
2127
2145
2929
2518
2513
2898
299
2116
2149
2570
2760
1816
2492
2660
1354
2743
1986
2348
2350
1463
2616
3232
2535
1976
1809
2939
2565
2576
2764
1598
2001
1011
2340
2547
2423
2570
2013
1091
2036
2436
2260
2196
2458
2508
2376
2089
1837
2342
2949
2233
1456
2240
2204
1563
2357
1906
2551
2586
2992
1587
2118
1732
1382
2463
2214
2654
2206
2955
2147
2081
1854
1271
2128
1990
2449
2927
2822
2265
2200
1327
2425
2789
2767
2059
1746
2535
1974
2131
2372
2723
2881
2084
2565
2151
2441
2289
1967
2292
2583
2189
1951
2155
1636
2613
3400
2256
1862
2898
2292
2342
2945
2868
3127
2909
3006
2227
2569
2002
1366
2880
2104
2277
2118
2389
2358
2896
2323
1932
2233
2441
2710
2099
2598
3210
2377
2544
2127
2434
2120
2415
2409
757
2829
2697
2362
2424
2061
1929
2379
1564
1908
2317
2246
2525
1893
1499
2036
2279
2673
1946
2105
2175
2338
2447
1780
1689
2684
2140
1971
2516
2150
2402
3755
3037
2541
2623
1842
1875
2381
2653
2111
2568
2680
1593
2671
2675
2440
2241
1863
1992
2166
1934
3017
1669
2537
2012
2168
2495
1961
1924
2011
1638
2430
2181
2473
2262
2371
2013
2384
2554
1053
2580
2108
2257
3078
2555
2395
2063
1663
1638
2679
2978
1470
2846
2108
2209
2008
2562
2038
2096
2451
2353
2406
1958
2130
1856
2573
2234
2891
1274
2211
2786
2910
2970
1912
3027
2216
2640
1845
2377
773
2386
1725
2634
2113
2410
2785
1778
2364
1785
1737
2270
1619
2343
2603
2385
2421
2023
1468
2364
2119
3130
2571
3196
2494
3211
2850
2710
1922
1653
2457
2886
2179
2238
2027
1760
3112
2913
2764
2655
2568
2616
2384
2423
2710
1657
1495
1949
2432
2275
1356
2915
2663
1717
1673
1875
3081
2186
2687
2432
2709
3176
1935
3160
2822
2310
1823
1714
2613
1878
2525
2720
2978
1839
2128
2317
2124
1836
1996
3157
2206
1988
2762
2190
1755
2144
2749
1500
2942
2765
2396
2721
2131
2230
2256
1646
2133
2845
1783
2752
2144
2811
710
2243
2258
2293
1711
2852
2054
2557
1907
2233
2218
2740
2105
2208
2050
2415
1411
2412
2721
2214
2593
2637
1901
2255
3104
2204
1907
2222
3067
2852
1598
2330
2689
2276
3353
1857
2235
710
2479
2637
2616
2081
2602
2681
2376
2271
2303
2670
1644
2183
1431
2240
2067
2343
2767
2562
2802
2465
2265
2616
2032
2406
1453
2639
2724
2210
2606
2282
2906
1979
2403
2329
3027
2629
2674
646
2457
2041
2107
2410
2824
2156
2741
2387
1777
2293
2287
2055
3152
1990
2587
2885
1625
2005
2398
2307
1711
2332
3030
3224
2741
2529
3125
2367
2717
1954
2061
2621
2288
1803
2541
2155
2489
2173
2720
2670
2649
1908
3013
2570
2184
2975
2107
404
2709
2077
2113
2091
1312
2769
2458
1530
2962
1980
2742
2303
2188
2340
2210
2303
904
1930
2019
1715
2242
2018
2513
2496
1826
2361
2175
1224
2683
2541
2393
1254
2265
1748
2067
3096
2625
2314
1801
3122
2120
2265
2479
2585
2147
1705
3050
1436
2086
3072
2413
2116
1766
2585
1715
2395
1993
2410
2393
3029
2834
1627
2559
2615
1883
1665
2968
2671
2918
2319
2656
2221
2150
2734
1872
1898
1488
2564
2098
1598
2808
2032
2281
2808
2674
2303
1656
2155
2512
1304
1667
1798
2234
2108
2482
2445
2055
2419
2179
2226
2397
2500
2188
2193
2872
2355
2499
2521
2813
2768
2318
2731
2055
2717
2183
2330
2868
1985
1028
2570
2457
2782
2653
1989
2128
1944
2121
2262
2731
2594
1743
1974
2210
1914
2702
2681
2671
2337
2460
2881
2391
2186
2699
2066
2639
2679
2207
2309
1928
2684
2511
2228
1934
1638
1537
2357
2537
2233
1927
2904
2384
2742
2419
1714
2141
2709
2620
2045
2123
1882
2775
2583
1942
2772
2091
1714
2093
2853
2208
2454
2318
2282
2602
2173
2179
2436
2472
1978
2300
2213
2477
2506
2084
1890
1483
1581
2762
2992
2866
2722
2437
2752
2340
1877
2420
2491
3025
2287
2693
1858
2848
2312
2065
1765
2844
797
1948
2767
1931
2477
1808
2975
2075
2683
2669
1812
2620
2537
2506
2763
2005
1990
2016
2752
2256
2937
2788
3193
2171
2109
2425
1024
2243
2452
2399
1224
2405
2820
1551
2559
633
2176
2563
3385
2548
2405
2021
3011
3043
2367
2641
1661
2654
1997
2786
2469
1047
2472
1939
1906
1976
2402
2570
2332
1613
2457
1994
2779
2146
3039
2721
2157
3061
1730
2196
2121
2965
2354
2722
1795
2037
2162
2914
1821
2022
3179
2182
2051
2420
2091
2764
2914
2513
2949
2628
2259
2727
1798
1543
2393
1964
2542
1525
2229
1948
2189
2231
2179
3394
1729
1873
2502
2447
2302
2028
1113
2352
2393
2396
2000
2093
1846
2418
2848
2748
1961
1971
3026
2465
2713
2388
2070
1945
3244
2277
3224
1922
3202
2200
2120
2130
1279
3090
2506
2797
2217
2750
1878
1987
2120
2299
2727
2422
2180
2266
2502
1447
1412
3239
2954
1715
1499
2031
2498
2057
3032
3025
2327
2484
2176
2752
1929
1547
2412
1687
1428
2412
2511
2227
1952
3159
2518
2792
2283
2901
1978
2730
3075
3029
2163
1403
2454
2138
1933
2553
1840
2025
1911
2449
2439
1767
2877
2160
2132
2234
2606
2263
2901
2061
2559
2619
1080
2597
2586
1772
2099
1367
2339
2204
2701
2604
2244
2224
2272
2471
2083
2386
2686
2779
748
1724
2700
2438
2976
1839
2737
2233
2670
2339
2475
2732
2604
2128
2923
1959
2623
3019
2598
2185
2087
2777
3288
2747
2472
2091
2110
1936
2139
2108
3375
1879
2991
3124
2936
2234
2669
2437
3213
2691
2989
2216
1996
2342
2810
1970
2176
2523
2419
2590
2712
2275
2513
2074
2774
2358
2063
2644
2409
2887
2616
1544
1552
3026
1989
3052
1986
2136
2232
2413
2432
2479
2433
2547
2773
1689
3375
2722
2274
1841
2070
3010
1932
2422
2255
2353
2396
2639
2391
2502
2352
1583
1947
2271
2389
2180
2603
3671
2063
2048
2654
2086
2950
2783
2465
1952
2939
1780
1338
2631
2287
1864
2570
2422
1652
1501
1978
1972
2008
2352
3095
2589
2822
2200
1854
2536
2601
2481
2760
2345
2420
2382
2377
2017
1692
2219
2309
2404
1850
2259
1564
2210
2516
2578
1591
1825
2800
2144
2282
1664
2682
2901
1968
2780
2593
404
2818
1864
1862
2460
2955
2184
2032
2686
2100
2285
2659
2594
1961
2896
1907
2264
3422
1763
2361
2656
2154
1840
2617
1948
2570
1928
2039
2105
1953
2601
2275
2364
2460
2457
1931
1477
2255
2349
2117
1711
2559
2716
1982
2472
2006
1843
2425
2164
2221
2184
1787
1724
2351
2579
2259
2082
2520
2082
1264
1994
2369
1852
1789
1968
2764
1926
2304
1985
2450
2654
2522
2989
2657
1408
2064
1840
3030
2770
2028
2056
2704
3119
2260
2284
2449
1814
2465
2293
2179
2728
2786
1868
2476
3174
2466
1615
1367
2249
2622
2653
2554
2569
1749
2055
1898
3041
3091
1832
2450
2380
2475
2149
2872
2298
1859
1836
2137
1670
1779
2589
2065
2827
2590
2273
3104
1787
1532
2263
1951
2432
2439
2056
2798
1831
2397
1577
2950
3069
2337
2941
2728
2533
1787
2432
1918
2555
3415
2587
2754
1736
2415
3193
1873
1520
2501
2357
1493
2341
2103
2914
1523
1371
1474
2179
1664
2111
1920
2209
1950
1824
2717
1862
2294
2013
1743
2247
2509
2223
1994
2007
1855
2434
2521
2422
1904
1347
3078
3232
2161
2559
1243
1625
2785
2337
2056
2340
1646
2069
2559
2250
2654
1351
1932
2857
2941
2295
2192
2740
1816
2400
1993
2524
2261
2868
1965
2401
2324
1912
2127
2444
2122
2744
2780
1051
2701
2502
2287
2811
2313
1949
2371
2387
2483
2437
1940
2199
2828
2690
1566
2436
3019
3128
2489
2333
2487
1655
2079
2407
3236
2189
1867
2335
2519
2207
2404
2160
2703
2342
2453
2540
2592
1589
2463
3196
2457
2645
2167
2120
1813
1294
2314
3085
3027
2155
2326
2034
3056
2801
2495
2649
2489
1043
1224
2517
2764
2878
1660
1938
3042
2534
2326
2502
1803
2310
2085
1767
2217
2171
2502
2081
2481
2425
1158
2051
3100
2453
1666
1793
2856
2306
2121
2713
2294
2706
2191
1724
2279
2135
2340
2114
2602
2663
2265
2075
1910
2533
3176
2493
1934
2656
2705
2432
2215
2844
1724
2838
2593
1930
2747
1787
2739
2160
2462
1865
1957
3233
3167
2274
3254
2758
2200
2845
2512
2857
2033
2415
1472
1803
1961
2551
2586
2103
2815
2485
1589
2508
2362
2007
2238
2066
2594
2627
2572
2334
2293
2139
2791
2117
2448
2338
2160
2278
2030
2674
2092
2440
1979
2332
2392
2176
2381
2138
3388
2053
1753
2537
2130
1873
2619
2365
2580
928
2599
2818
1897
2968
2214
2050
2910
1674
3176
2267
2310
1664
2261
2693
2062
2898
2652
2479
2210
1772
2398
1898
2241
2083
2201
2091
1929
2736
2160
2550
2668
3515
1783
3059
2470
1666
2252
2364
2637
1691
3243
2798
1450
2349
2118
2079
1997
2987
2816
2553
2217
2707
2050
2028
2143
2289
2603
1864
2531
2190
2351
3181
2697
2114
2822
1948
2579
2265
2783
1923
2739
2259
2851
2556
2130
2069
2101
2303
2484
1327
2314
2604
2225
2468
2143
2451
2452
2839
2287
2106
1630
2361
2564
2115
2544
2541
1733
2440
2313
2742
2068
2700
2995
2282
2397
1664
2346
2590
1041
2983
1726
2405
2326
2421
1821
2203
2270
2713
1900
2423
2980
1696
2326
1984
2468
2167
2556
2125
2490
2165
2826
2254
3075
2812
1590
2503
2608
1127
2170
2206
2294
2223
2079
2622
3050
913
2012
2026
2265
1767
1450
2263
3021
2538
2163
1629
2753
2421
2576
3067
1891
2381
2957
1934
1952
1519
2654
2963
2668
3037
3296
2606
2302
2221
2617
2456
2456
2151
2139
1922
2714
2438
2090
2105
2065
1976
2290
2554
2019
1270
2555
1762
2876
2501
2768
2466
2028
3041
2656
2282
2039
2226
2585
2613
1489
2355
3363
2439
1301
2898
2258
2544
2103
2143
2614
1961
2555
1769
2159
1887
1470
2806
1740
2818
1954
1705
2105
2262
1827
2629
1696
2069
3005
2802
3196
1535
2909
1926
2665
1908
2415
1426
1532
2237
3308
2647
2730
2106
1749
1847
1993
2199
2404
2802
2289
2189
2376
2269
2269
2415
2696
2721
1676
2506
2989
2493
1833
1971
2620
2393
3056
2613
2786
2152
1897
2909
2628
2527
2813
2015
2058
2140
2131
2486
2228
1640
2290
2626
2534
2344
2656
2684
2217
2189
1325
2712
2260
2775
2338
2430
2120
2142
3283
2433
1896
1803
1751
2346
2532
2701
2596
2231
1453
2367
2309
2717
3375
2302
2211
2510
2125
2453
2252
2340
2774
3406
2029
2471
2050
2496
718
1976
2835
2667
2469
2331
2290
3142
2672
2378
2380
1941
2364
2309
2222
2056
2770
2391
2153
2337
2162
1988
2539
2340
1942
2490
2039
2389
2386
1638
2008
1338
2690
2625
2406
2081
2482
2222
1975
2779
2556
2206
2437
2571
2044
2104
2839
2438
2384
2688
2626
1647
2004
2131
2432
3124
2656
1989
2497
2536
2230
2252
1994
1821
2146
2062
2445
2741
1672
2001
2310
1489
2345
2939
2656
2594
2361
2290
2541
2164
2900
2340
2250
1965
2942
2351
2013
2716
1915
2772
2639
2527
2151
2485
1884
2404
3077
2268
3030
1664
2681
2185
1870
2228
2580
2782
2300
2561
2285
1897
2841
1875
2161
2282
2785
2063
2514
2694
1974
1652
2605
1990
2733
2032
2633
2560
1452
1398
1865
1854
2015
1732
2156
2336
1397
2397
1732
2007
2164
2994
2119
1934
2307
2172
1737
2460
2209
1897
2689
2651
2620
2336
2503
3132
2558
2785
2252
2318
2599
1963
2333
2335
1552
2479
2633
2654
2119
1686
2799
2754
2450
2686
2513
2849
3132
3172
2827
2401
1453
2570
2253
1970
2620
3096
2513
2075
2560
2312
2963
2296
2630
2420
2548
2271
2077
1449
3093
3002
2342
2082
1854
2038
2091
1462
2108
1921
2402
1765
1705
2034
1740
2100
2648
2114
2432
2371
1656
1825
1747
1784
2499
2491
2995
2297
2176
2036
2836
2608
2220
1878
1560
1115
2619
3108
2075
1808
1962
2593
1976
2720
2105
2414
1783
2098
2131
2035
2811
1817
2490
1989
1388
1808
2074
1879
2501
2263
2187
2772
2756
2475
2298
2965
3025
2848
2172
2430
2651
2102
1975
3199
2233
2888
2796
2554
1665
2266
2269
1915
2193
1932
1459
1590
3041
3090
1988
1411
2536
2606
2513
1622
2595
2529
2332
2535
2556
2918
2587
1999
2390
1593
1982
2124
2468
2713
2212
2829
2586
2764
2124
773
2543
1779
2502
3038
2351
1586
2122
2581
2666
2333
1371
2043
2699
2167
2393
2739
2011
2496
2369
1957
2949
3044
3069
1469
1528
2404
2613
2105
2384
2622
1907
2446
2902
2263
2540
660
2111
2903
2499
2285
3250
1606
1859
2731
2166
2376
2641
3076
1930
1183
2066
2399
2958
1769
1585
1784
2381
1070
2296
2533
1485
1926
2707
2855
2174
2126
2161
2616
2934
1946
2212
2556
3069
3178
2658
2078
2491
1949
2511
2569
2082
2501
1986
2220
2925
1927
2397
2610
2576
2392
2112
531
1849
1914
2013
2769
2005
2105
2015
1617
1746
2484
1887
3166
1619
1881
2405
1772
2539
1960
2481
2824
2713
2627
3406
2665
2764
2706
2364
1863
1643
2441
2131
2909
2117
2457
1454
2545
2648
1200
2251
2016
1756
2258
2314
2963
2295
2046
2613
2063
2861
2647
2109
2220
857
2631
2599
1757
2877
2668
2866
2233
1325
2463
2384
2294
1804
2668
2149
2968
2785
720
1948
2796
2213
2175
1925
2208
1235
2628
2132
2580
2810
1974
2181
2360
2004
1449
2041
2397
2062
1842
2432
1990
2441
1872
2022
1115
2279
2096
2019
2143
1726
1883
2718
2559
2598
1819
2963
2145
1746
2294
2270
2886
2397
3137
2683
2001
2115
2489
3057
1731
2828
1753
3001
1279
2870
1995
2119
1740
1724
2397
2513
2883
1995
1647
2226
2707
2802
2749
2333
2250
2044
2007
1577
2332
2209
2289
2359
2377
2109
2796
2489
2302
2188
2195
1944
1942
1934
1010
2359
1702
2344
2055
1315
2193
3109
2670
1994
808
2183
2263
2217
1815
1403
1820
3078
2312
3028
2456
2670
3017
2202
2426
2573
2301
2572
3068
2146
2211
2310
2818
2290
2047
2023
1601
1803
3227
2569
1684
2785
1679
2748
2351
2300
2283
2865
2261
2408
2298
1646
2245
2456
2768
2252
2454
2569
2732
2355
2306
1528
2669
2537
3109
2697
2232
2098
2239
2253
1988
2225
2850
1927
2694
2739
1995
2527
1955
2578
2957
2702
2284
1875
3325
2010
1828
2898
1938
2190
1930
2309
2139
2824
1980
2470
3224
2484
1929
2663
1814
2380
2349
2569
2707
2347
2162
2482
2788
2733
2712
2008
2393
2457
2769
2367
1868
2277
1982
3353
3154
1684
2104
3124
1434
2113
2206
2285
1988
2385
2478
2731
1643
2306
2103
1789
1873
2619
1840
2657
2695
1864
2743
2311
2556
2673
2472
2304
2346
1784
2066
2877
2106
2459
2717
1795
3232
2684
1801
2505
2220
2215
1942
1832
2737
2376
2605
2290
2598
2066
2092
2425
2405
3348
2577
1908
2507
2072
2623
2180
2105
2129
2543
2001
2998
1763
2273
2323
2341
3038
2003
2234
2182
2232
2697
2675
2166
2043
2040
2698
2340
1788
2307
2244
2220
2558
2581
2055
1963
2190
2619
2501
1902
3375
2228
2503
2253
2101
2506
2141
2549
2785
2422
2210
3022
1822
2678
2998
1840
2581
2179
2979
2780
1851
2609
2511
2041
2842
2632
2310
1584
2515
2152
3211
2034
2546
1976
1518
2432
2512
2175
2513
2575
1377
1871
2939
2535
2103
2089
2025
2659
2414
2244
2479
2191
2404
2273
3120
1666
2569
1838
2119
2270
2417
1928
1895
2233
2533
2668
1679
2569
2673
2608
2348
1552
2654
1657
2598
2065
2109
1890
2404
3054
1942
1553
2511
2723
2653
2145
3104
1996
2684
2663
1784
2734
2272
1806
2319
2615
3749
3189
2430
2257
2664
2210
1788
2179
2340
1644
2331
2185
2076
2127
2258
2775
3027
2179
1950
2155
2495
2719
2619
2093
2220
2317
1948
2085
1932
2876
2431
2160
2001
2982
1959
2351
2463
1744
2402
2560
2542
2915
1882
2468
2915
2507
2832
2423
2098
2897
2877
1921
1594
2391
1711
2356
2290
2139
1434
2490
1500
2055
3146
3142
2460
2870
2631
2542
2029
2665
2055
2181
2827
1943
2173
2623
2791
2451
1305
1293
2617
2744
2718
2038
2053
2046
3283
2122
2423
1889
1782
2175
1080
2460
2230
2065
2969
2303
1901
2005
1226
2464
2956
2252
1942
2281
1800
2472
3003
1489
2212
2663
1733
2798
2611
2001
1648
2415
2201
2621
2358
2708
2507
2419
2711
1989
2159
2080
1436
2625
2107
2560
2001
2573
1945
2943
2613
2872
2352
2187
2109
3154
2533
3134
2955
1937
3119
2244
2258
1796
2533
2851
1921
2425
1778
2464
1523
1151
2191
2606
1823
2149
1789
1176
2674
1339
2308
2109
2366
2239
2156
2733
2358
2262
2817
1902
1347
2389
2368
2242
2302
1502
2307
2574
2221
1841
912
2540
2463
2239
1994
2151
2003
1832
2060
2866
2362
2506
2213
2290
2137
2385
2325
2608
2210
2357
2117
1802
1544
1450
2210
2085
1587
1816
2009
2590
1898
2179
3122
2374
2050
2117
2293
2156
2259
2913
2153
2063
2578
2547
2273
2618
2038
2335
1785
2390
2440
2866
2649
2505
2271
2242
833
2394
1121
2982
768
1941
1695
2106
2750
2558
2220
2495
2136
2183
2018
2756
2099
1535
2063
2466
1208
1788
2034
2154
2522
3392
1339
1897
3385
2176
3109
1856
2797
2557
2071
2268
2310
2357
2651
2610
1434
2019
2346
2544
2591
2160
2648
2602
1737
2015
2205
1383
2068
2346
2691
2274
2221
2425
2634
2095
2647
2737
2718
1955
2613
2619
2608
1518
2681
3282
2669
2356
2507
1929
2626
2376
2542
2615
2469
2424
2399
2423
2034
2344
2484
2045
1546
1942
2558
3100
2158
2489
2739
2377
2252
1981
2139
3282
1711
2037
2339
2698
2034
2126
1984
2221
1840
2322
2279
3260
1045
1684
2024
2142
2477
2436
2180
2266
2407
2323
1604
2669
1672
1936
2737
1399
2459
2008
2263
2861
1930
1704
2015
1394
2103
2364
3035
2598
2114
2530
3675
2469
2501
2163
2099
2615
1443
3099
2196
3090
2270
3152
2784
2108
2542
2680
2721
2216
2332
2111
2233
2783
1958
2568
2147
2821
1976
2203
1953
1835
2866
2192
2161
2804
1927
1367
2595
2352
2559
1454
2568
2334
2024
2619
2296
3210
1164
3381
3176
2444
2689
2085
2597
2491
2541
2416
2270
2288
1947
2416
2503
2090
2658
2609
2561
2150
2560
1800
2264
1346
2178
1593
2674
1840
2180
2024
2734
2282
2609
2086
1910
3036
2508
2265
1857
2240
2261
1997
1998
2936
2990
2688
2477
2450
1706
2006
1998
2355
2140
2212
2114
2554
1500
2321
2753
2440
2184
2353
2352
2861
1226
2042
2195
1681
2289
2198
2442
2242
2805
2527
1926
2109
2125
2100
2025
2620
2644
2562
2345
2479
1773
2679
2463
2303
2056
2223
2091
1219
2452
2703
3120
2275
2483
2110
2938
2252
1963
2111
2237
2206
1870
2208
2751
2582
2184
2180
2843
2116
2635
2533
2248
2013
2512
3002
2015
2247
2335
1743
2483
2350
2654
1866
2869
1594
2378
1835
2751
2154
2331
2488
3330
1647
2237
2264
2178
2266
2136
2462
2732
2730
1661
2369
2868
633
2259
2196
748
2387
1997
2507
973
2645
2426
2192
2034
2148
2231
2505
2197
1700
2303
2280
1770
1818
2343
2367
2136
2253
2264
1164
2360
2920
2577
2163
2198
1471
2616
1584
2124
1970
2145
2520
2544
2432
2770
1705
2764
2757
2580
1667
2139
2055
1528
2859
2401
2619
2495
1942
2161
1947
2917
1950
1921
2107
3394
3241
1927
1444
2386
2252
1638
2440
2874
2261
2226
1940
2661
1960
2129
1562
2643
2159
2434
2125
2109
3061
1929
1731
2714
1840
2478
2282
913
2150
2647
2812
1752
1840
1732
3065
3114
3233
2256
3155
2870
1815
1893
2525
2176
2905
2219
3056
2076
2618
2642
1961
2655
2737
2994
2582
2067
2697
2271
2769
3282
2550
2315
2015
2313
1638
3120
3109
2164
1604
2330
2868
2477
2336
2162
2427
2405
1981
2184
2217
2881
2925
2291
2246
2229
2268
2702
2092
2722
3050
2132
2317
2310
2654
2710
1867
2701
3047
2275
3143
3156
2246
1801
2833
2434
1984
2247
2031
1889
1936
1333
2206
2653
2223
2155
2261
1692
2511
2513
2667
2896
2453
3886
2096
2532
2659
2313
2397
2702
2152
2074
2406
2088
2063
1489
2332
2263
1735
2680
1888
1910
2108
1436
2314
2151
2324
2629
2083
1702
2067
1839
2463
2627
2861
3090
2518
2643
2939
2536
2877
2240
2851
2107
2412
2183
2632
2169
2026
2133
780
2393
1545
2283
2061
2734
2846
2215
1985
2119
2701
2093
2252
2677
2490
2914
2473
1453
1891
2296
2825
1867
1653
3606
1855
2741
2004
1931
2098
1321
2379
1593
2059
2322
2727
2069
1093
1936
2017
2779
2397
2545
2341
2393
2028
2468
2310
2540
2130
2190
2218
2759
1939
2550
2523
2619
2626
1902
3224
1463
3043
2750
1787
1864
2006
2887
2123
2945
2308
2216
1411
2227
2640
2465
2350
2502
2318
1984
2525
1967
2526
2357
2403
1913
2471
1748
1617
2237
2724
1727
2287
1763
2467
1722
1948
2307
2336
2097
2723
2310
2212
2744
2542
1803
2008
2092
2691
2817
1905
2414
1717
2227
3046
1701
1617
2520
2689
2672
1895
2586
2441
1962
2498
2416
2407
2264
1849
2387
2148
2872
2013
3101
2673
2255
2203
1958
2161
1948
2221
1983
2472
2055
2868
2312
2309
2466
1938
1959
2619
2489
2012
2256
2092
2755
2560
2263
2146
2275
2377
2687
2759
2242
2132
2732
2681
855
2310
1861
2813
2505
1927
2117
2542
2277
1434
2641
2384
2173
1808
1462
2681
2152
2414
2437
2501
1279
2266
2571
2126
2175
1899
2872
1738
2136
2529
1459
1686
2828
3039
1849
2330
2579
2456
1905
2473
2317
2531
2021
2464
2390
2455
1794
2040
2359
2966
2508
2156
1502
2424
2383
1810
2327
947
2298
2693
2553
2612
1912
2750
1235
2657
2419
1787
2124
1115
1931
2856
2488
2692
2160
3002
2196
1468
2609
2468
2220
2840
1691
2034
2836
2275
2666
2190
3060
2005
2060
2923
2157
2103
2057
2851
2647
2639
2664
2040
1961
2096
1961
2130
2454
2252
1960
2188
2646
775
2038
2744
3209
2884
2736
2573
2456
1980
3075
2412
2055
2802
2919
2143
2757
2083
2054
1912
2198
2677
3004
1499
1921
3134
1852
2605
2440
2323
2197
2245
2872
2581
2070
2892
2479
2067
3209
2140
2463
2107
2015
2504
1990
2372
2945
2885
2674
1964
2141
2634
950
3045
2301
2151
2557
2007
2716
2663
2521
2737
1581
2414
2826
2619
2648
2407
1706
2551
2427
2643
2200
2463
1933
2625
2197
2459
2432
2287
2329
2539
2553
3127
2722
3130
2185
1974
1477
2872
1880
2560
2087
2402
2496
2601
2222
2650
2413
2692
2158
2335
2020
1937
1751
2533
2313
2452
2586
2457
1638
1907
2136
2236
2374
2738
2123
2151
2235
2825
2955
2114
1902
2079
2496
2581
2417
2421
2396
2660
2219
2335
2355
2928
2256
2248
2714
2218
2016
2476
1948
1835
3212
2104
1855
2196
1782
2063
2108
2170
2311
1946
2840
2098
2268
2275
2262
1966
2888
2846
2059
2632
2086
1646
2190
2210
2385
2123
2143
1865
2737
921
2389
3260
1233
1955
1813
2678
1992
2713
392
3149
2196
1824
2079
2839
1916
2660
2499
2196
2602
2552
2781
2932
2440
1914
2152
2196
2092
1569
2026
2932
2118
2317
2589
2209
2378
2289
1003
2099
2132
2382
1801
2650
2850
1839
2277
2203
1470
2559
1466
2869
1880
1607
2400
2101
1598
1604
2569
2880
2093
1781
2577
2176
2486
2876
1918
2441
2488
2640
2295
2065
2277
2195
2076
1749
1664
2547
2330
2581
2753
1114
2700
2085
2686
3045
2253
1932
2634
2301
1951
2666
2460
2526
2621
1850
2973
2562
2407
2381
2187
2403
2496
1941
2539
2689
3027
1887
3200
1838
2317
1929
2352
2708
2495
2192
2554
2284
2519
2263
2150
2137
2133
2492
1648
2264
2501
1841
2193
2372
2701
3223
2401
1895
3121
2378
2629
2259
2364
2172
2148
2799
2718
2785
2069
2262
1578
2420
2463
2542
2520
2150
1918
2600
1934
2489
2477
2171
1437
3020
2783
2601
2176
1340
2044
2139
2596
2608
2926
2740
2218
2266
2237
2044
2438
1991
2466
1813
2259
2422
2614
2122
2306
2182
2533
2679
2203
2215
2055
2472
607
2645
2641
2154
2000
1997
2484
2205
2460
2668
1460
1932
2111
1368
1592
1623
2342
2673
1913
1723
3002
2540
1537
1963
2870
2784
2521
2215
2457
2053
2125
2294
2679
2360
2730
2669
2590
2507
2136
1840
2632
2293
2468
1760
2556
2276
2369
2548
2794
1974
2481
1721
2815
2451
1926
1797
2374
2409
2458
2325
2467
1835
2273
2645
1189
2222
2123
2531
3157
1901
2909
2577
2558
1644
2501
2216
2222
2066
2224
2619
2906
2501
2555
3363
2572
2126
2420
1855
2055
2567
3108
2843
3054
1606
2213
2599
1875
2157
2074
1270
1944
2050
1753
1934
2327
2221
2495
2290
2845
2923
2307
2411
2360
1779
1329
2366
2598
2268
2000
1884
2221
2547
2057
2184
2260
1802
2263
2745
2421
2407
2691
3207
1325
1924
1714
2461
2560
2415
2261
3206
2092
2514
1114
2333
2626
1833
2551
1837
1887
2203
2241
1942
2213
1987
1661
2216
2840
2529
2563
2351
1793
2483
2696
2362
1751
2827
2222
2522
2171
1942
2001
2722
2330
2287
2619
2523
2436
1686
1569
2008
2066
2437
2593
2134
1887
2147
2557
1715
2854
1491
2910
3021
2639
2375
2674
2282
2010
2120
2403
1998
2094
2509
1720
2383
1807
2832
2712
1937
2473
1726
2414
2397
2887
2765
2123
1877
2687
2047
2547
1434
2116
2368
2525
2041
2174
2111
2466
2603
2765
1530
3713
2302
2077
2214
2652
1615
3029
2038
2195
2189
1612
2182
3042
3241
2460
2550
3047
2191
2444
2950
2149
3074
2553
2271
1615
2874
2386
2401
1909
1928
2748
2457
2404
1749
1801
507
2038
1976
1243
2243
3053
2456
2122
2037
1937
2197
3142
1893
1735
2556
2641
2504
1784
2802
2550
2501
1992
1373
2588
2303
2424
1554
1981
2771
2366
2652
1862
2484
2095
2289
2275
2361
3375
2606
1420
2568
2340
2490
2364
2572
1964
2195
2726
3786
2184
2241
2085
2000
2647
2384
2837
2502
3143
2994
2393
2415
2247
2127
1927
2401
2457
2764
2432
1881
2139
2346
2182
3038
3239
2608
1893
2303
2124
2781
1817
3172
2302
2525
2637
1676
2121
1772
2317
1255
1845
2416
2906
2699
2282
2760
1442
3334
2552
