104023365041
51730171324
7926026798
3122154
15021956299
4990
558880
1377297761
2593299
162422250
1699740
0
749017154
1023500
1485729
2169820
768959834
1142075062
69598
2396372961
14366
64647
406242878
905058
1009017373
240776417
0
421769123
661888677
662032903
0
1008841133
278514228
362835
153750
666379092
998982
522373414
782828
2154330
565978699
1137600
966960
0
0
496083058
496005292
1007
1298554553
0
1201968
42486554
175287
2352283662
158593
1192275
2310364
576225433
667674
58429
0
0
252786535
618233883
618375436
418418790
32829
2897325346
455947095
455947095
455947095
0
753500
154704366
791301446
36168
0
765710291
465153633
384404358
80417429
0
377600432
80625239
392152068
365215548
362504140
1224022013
444459858
362937650
561354330
294008
883036
70455
582428
323839349
739666881
1061899613
1061765603
19731
582469311
580965237
177578524
179413633
1165031639
1278135337
2594926127
792640654
197866
0
319284428
284635423
604814293
0
482566175
0
482443332
1038258
2300454
1475486644
0
2731420
473002
732820
1352386
268238
907630
67020618
1654764
900762
106436679
0
0
0
1060878
288115796
0
392027
765807682
453120
124608
895697107
406529384
687654
244915789
1280406661
0
604610880
1021124
601289075
856328642
600588811
747123336
1359607208
579728671
0
219527
687469893
0
2498747
345540
305676
102322814
233888302
0
0
102377414
0
0
0
0
59153927
58552142
0
418550158
2242952
417825226
0
473431607
246792052
0
246792052
0
791085136
77186357
288487493
2106020
777207
196197496
591012123
68135169
622599
70876
779394
191139
93119
65221
173420
0
324097518
364538539
872615672
0
1246517195
815452
237328
11912556
785008
12494466
394321818
419888
394175770
394383432
244174
394285306
11424208
157862096
157951094
563676582
394182616
444439
552436918
2306136
47809771
1501108
0
20349486
332220
94876143
553189491
283541934
1615614
286328121
0
4110741
113465488
1757392
1170416
111603472
265200
274527
374559488
61326
1121550622
92070
0
806403385
470234451
470234451
216799505
0
0
0
457890832
457890832
748794290
0
0
774561302
748902465
481687
25258939
589230135
0
193599266
1031688765
311167269
496818
1269019689
1013243971
542010
1242236028
466393633
0
493890425
172892991
1697823412
0
776275077
500378939
522393
542265
328172048
376715748
525454108
118370
0
0
928424
0
938169113
721961038
0
1267886092
0
578553500
1047852
376119775
401208532
86895594
742827854
0
767954330
768780521
25914184
491530108
745375
102140007
0
101832957
0
0
31150
101777332
0
326672
776461758
449019684
2035904
703556525
472532133
653472
768947883
0
345318
1189488
0
20421
303800
870467232
731683508
729381991
1000103426
963886
970972
79218
253888
721994
1182166
1610602
3149798
1495061042
1491353323
76126
31346
376664
90304970
167740
1429467162
0
0
756285094
2299652951
820318975
134711978
763761606
734884397
734884397
0
1657728
677740787
1049615202
70770
0
227703994
56044335
340996484
56591497
266450706
387136
266897800
265927004
563667105
305348232
2663481
6916342
550565094
276718175
2207783
3300410
223136
679802431
1372294
691176
826503992
1066964
2029838
512991439
2124308
3244682
521033064
131068
973055839
1125173495
52850
87312
509229
92998428
462594495
2353429
1240549
1469544
159616
1730093
151927196
1995435
631684495
628567895
150201
479610588
845576
631132737
631811709
630215735
1833735
854167382
817313534
734273046
1800124384
816592649
1583909801
3692
560518894
256775928
560147764
514531648
113529
257533254
256655312
437443345
555351514
555079784
4456391
0
240543051
0
1327435059
1623594
865004615
1036738593
1265568660
0
1334554134
519279475
853776
332640
299376
83160
237443
0
0
288288
977358985
288288
288288
604051020
258864
0
138560
662152485
4431256
1966125
378469313
1445776
1224416
1445892790
1365
45570677
627454355
530078499
1026816126
187670
22980
1515559104
0
0
528849412
0
0
2468194819
0
0
0
1558240633
131276994
1771893
0
1273725
0
1805859
762831
433656678
369953252
0
0
31878
594500475
1624845
