0
20131022539
0
0
9658886366
718608
14839793156
3943981888
422021363
688832535
0
5996539548
688057563
0
43420979
358998
60368
0
0
295250255
586773987
343109822
520436436
520804146
0
1531821
750741654
540395805
2504763
102448808
1158833741
1157313307
601873830
708819665
558862003
895517946
708468615
72992642
1236801323
0
0
0
0
0
0
453867919
453851799
0
452517414
452517414
0
0
452517414
452517414
452517414
0
526772318
336933910
1118221507
104365218
0
122952782
14962414
14519864
817475836
433561689
50639767
263897
437840056
437511690
0
665998854
0
38350006
0
0
820923230
38350006
0
282514681
549367029
0
855154583
93600
376622863
344113238
1188800568
838517
365278005
626834547
341388
522451395
917168
512401013
1266829719
0
0
69225292
651700102
804440
651700102
1506778
1104558
380388304
379815914
380512064
409410612
1258024223
227846687
1392641804
926505571
276752817
927191086
0
0
420545153
37880
0
0
210414439
209959879
210709216
462514428
462463752
462669128
0
537550643
650341836
136224388
487445886
53217
0
137087011
987132578
171232
208689
331762
1310995
809558233
504348416
362582887
1246003
0
767605378
309836
108640
737196
297890441
1731609384
82603599
1180297445
385482701
147966
134928
0
36543
2910360
1239801123
953629402
423095634
1309936
1251834
808711812
2239568
0
224579936
385541732
419377106
0
261423
586926647
971938803
1500170087
227744
973349428
1543715090
456960844
1572652482
1944151748
865406731
0
2429755725
0
1366085316
227126
1172501585
1207165
0
0
523439219
1611225
123537573
373153369
599207378
60620
0
124775
136692465
395150895
640064
0
233954586
543616
0
1455489953
2648355426
1455489953
566189549
599009391
1165867036
0
1061247743
0
957694347
975437612
975437612
222318528
975437612
753130288
225792
316897866
0
0
2340166077
466768053
861583583
0
1072598862
0
211015279
111655561
243000
643126346
641814791
1547146935
1020855494
216000
599300
96513267
429875770
0
429875770
159088
429875770
865041
775554
598907270
96562272
1928718
1439553
104356
1938040
775440323
1317656657
818089152
541986573
859285397
11466
0
0
85995
781981241
251825327
126414832
126644448
377783308
1340905
614854
2616400
66308
575608
0
0
504286015
0
504459629
1237350759
2608038
390819504
4020742
359393516
272606943
530939087
0
402590184
2917622
164237
227073720
986833191
227073720
820135409
0
1484412334
0
0
0
0
600645328
798358550
0
0
208097549
0
0
2240490
2358930
674118125
0
0
424410
2378670
1816080
291467562
0
1825950
67008002
831072
324602304
54330
175015136
1188265
994911368
359095393
994845896
636007253
635922839
3316622
754669206
1168224
336276056
582260
2096136
1771734
2004638
343640
301284246
956570
542080
0
192213954
336941113
335565972
112814
144361001
220223594
60609
1138292379
1387223752
16326
1385071136
325774787
580834377
0
580794161
0
3280539
1223593
3721091
180941
2493839
2488843
370722
670804842
2148603
201323705
471495089
580979930
111686057
25628
111861617
112042439
6270
501709926
0
190456
70224
95760
1224855
966175960
0
768929605
854071438
3216
0
157536
130768
347683868
2899260
1067398897
517449652
549715975
549512395
566784
18040
0
518479012
251225
467485004
517998423
517433451
500653656
1375146
500348880
307998
747964908
289548
2169
922206160
1772839845
327436890
839734336
917272542
58563
328616049
836289733
15567
1338762
1027422
108956216
785781
108612815
749736
1375870550
360558
473191734
473367429
404072
1046681667
127881
301668
432828
0
1692209393
0
1046621981
1046681667
0
538895703
1046681667
597362428
125686173
221551286
3042729
35968681
279647597
190491130
34204141
473460
153729560
677412
65963831
0
0
1313456
1938304
794468939
0
1089804
1061432906
794972351
795376187
1062506268
299136888
906175948
473978184
168049633
1092286090
295108146
422752
1542556817
0
0
325710
18984
156241714
156961793
48448854
0
156635281
0
168603
1801107277
851628946
0
0
0
0
159085516
0
0
510768098
0
178006478
65060138
