abc
abd
abf
abg
abh
abj
abk
abl
abm
abn
abp
abq
abr
abs
abt
abv
abw
abx
abz
acd
acf
acg
ach
acj
ack
acl
acm
acn
acp
acq
acr
acs
act
acv
acw
acx
acz
adf
adg
adh
adj
adk
adl
adm
adn
adp
adq
adr
ads
adt
adv
adw
adx
adz
afg
afh
afj
afk
afl
afm
afn
afp
afq
afr
afs
aft
afv
afw
afx
afz
agh
agj
agk
agl
agm
agn
agp
agq
agr
ags
agt
agv
agw
agx
agz
ahj
ahk
ahl
ahm
ahn
ahp
ahq
ahr
ahs
aht
ahv
ahw
ahx
ahz
ajk
ajl
ajm
ajn
ajp
ajq
ajr
ajs
ajt
ajv
ajw
ajx
ajz
akl
akm
akn
akp
akq
akr
aks
akt
akv
akw
akx
akz
alm
aln
alp
alq
alr
als
alt
alv
alw
alx
alz
amn
amp
amq
amr
ams
amt
amv
amw
amx
amz
anp
anq
anr
ans
ant
anv
anw
anx
anz
apq
apr
aps
apt
apv
apw
apx
apz
aqr
aqs
aqt
aqv
aqw
aqx
aqz
ars
art
arv
arw
arx
arz
ast
asv
asw
asx
asz
atv
atw
atx
atz
avw
avx
avz
awx
awz
axz
bce
bci
bco
bcu
bde
bdi
bdo
bdu
bef
beg
beh
bej
bek
bel
bem
ben
bep
beq
ber
bes
bet
bev
bew
bex
bez
bfi
bfo
bfu
bgi
bgo
bgu
bhi
bho
bhu
bij
bik
bil
bim
bin
bip
biq
bir
bis
bit
biv
biw
bix
biz
bjo
bju
bko
bku
blo
blu
bmo
bmu
bno
bnu
bop
boq
bor
bos
bot
bov
bow
box
boz
bpu
bqu
bru
bsu
btu
buv
buw
bux
buz
cde
cdi
cdo
cdu
cef
ceg
ceh
cej
cek
cel
cem
cen
cep
ceq
cer
ces
cet
cev
cew
cex
cez
cfi
cfo
cfu
cgi
cgo
cgu
chi
cho
chu
cij
cik
cil
cim
cin
cip
ciq
cir
cis
cit
civ
ciw
cix
ciz
cjo
cju
cko
cku
clo
clu
cmo
cmu
cno
cnu
cop
coq
cor
cos
cot
cov
cow
cox
coz
cpu
cqu
cru
csu
ctu
cuv
cuw
cux
cuz
def
deg
deh
dej
dek
del
dem
den
dep
deq
der
des
det
dev
dew
dex
dez
dfi
dfo
dfu
dgi
dgo
dgu
dhi
dho
dhu
dij
dik
dil
dim
din
dip
diq
dir
dis
dit
div
diw
dix
diz
djo
dju
dko
dku
dlo
dlu
dmo
dmu
dno
dnu
dop
doq
dor
dos
dot
dov
dow
dox
doz
dpu
dqu
dru
dsu
dtu
duv
duw
dux
duz
efg
efh
efj
efk
efl
efm
efn
efp
efq
efr
efs
eft
efv
efw
efx
efz
egh
egj
egk
egl
egm
egn
egp
egq
egr
egs
egt
egv
egw
egx
egz
ehj
ehk
ehl
ehm
ehn
ehp
ehq
ehr
ehs
eht
ehv
ehw
ehx
ehz
ejk
ejl
ejm
ejn
ejp
ejq
ejr
ejs
ejt
ejv
ejw
ejx
ejz
ekl
ekm
ekn
ekp
ekq
ekr
eks
ekt
ekv
ekw
ekx
ekz
elm
eln
elp
elq
elr
els
elt
elv
elw
elx
elz
emn
emp
emq
emr
ems
emt
emv
emw
emx
emz
enp
enq
enr
ens
ent
env
enw
enx
enz
epq
epr
eps
ept
epv
epw
epx
epz
eqr
eqs
eqt
eqv
eqw
eqx
eqz
ers
ert
erv
erw
erx
erz
est
esv
esw
esx
esz
etv
etw
etx
etz
evw
evx
evz
ewx
ewz
exz
fgi
fgo
fgu
fhi
fho
fhu
fij
fik
fil
fim
fin
fip
fiq
fir
fis
fit
fiv
fiw
fix
fiz
fjo
fju
fko
fku
flo
flu
fmo
fmu
fno
fnu
fop
foq
for
fos
fot
fov
fow
fox
foz
fpu
fqu
fru
fsu
ftu
fuv
fuw
fux
fuz
ghi
gho
ghu
gij
gik
gil
gim
gin
gip
giq
gir
gis
git
giv
giw
gix
giz
gjo
gju
gko
gku
glo
glu
gmo
gmu
gno
gnu
gop
goq
gor
gos
got
gov
gow
gox
goz
gpu
gqu
gru
gsu
gtu
guv
guw
gux
guz
hij
hik
hil
him
hin
hip
hiq
hir
his
hit
hiv
hiw
hix
hiz
hjo
hju
hko
hku
hlo
hlu
hmo
hmu
hno
hnu
hop
hoq
hor
hos
hot
hov
how
hox
hoz
hpu
hqu
hru
hsu
htu
huv
huw
hux
huz
ijk
ijl
ijm
ijn
ijp
ijq
ijr
ijs
ijt
ijv
ijw
ijx
ijz
ikl
ikm
ikn
ikp
ikq
ikr
iks
ikt
ikv
ikw
ikx
ikz
ilm
iln
ilp
ilq
ilr
ils
ilt
ilv
ilw
ilx
ilz
imn
imp
imq
imr
ims
imt
imv
imw
imx
imz
inp
inq
inr
ins
int
inv
inw
inx
inz
ipq
ipr
ips
ipt
ipv
ipw
ipx
ipz
iqr
iqs
iqt
iqv
iqw
iqx
iqz
irs
irt
irv
irw
irx
irz
ist
isv
isw
isx
isz
itv
itw
itx
itz
ivw
ivx
ivz
iwx
iwz
ixz
jko
jku
jlo
jlu
jmo
jmu
jno
jnu
jop
joq
jor
jos
jot
jov
jow
jox
joz
jpu
jqu
jru
jsu
jtu
juv
juw
jux
juz
klo
klu
kmo
kmu
kno
knu
kop
koq
kor
kos
kot
kov
kow
kox
koz
kpu
kqu
kru
ksu
ktu
kuv
kuw
kux
kuz
lmo
lmu
lno
lnu
lop
loq
lor
los
lot
lov
low
lox
loz
lpu
lqu
lru
lsu
ltu
luv
luw
lux
luz
mno
mnu
mop
moq
mor
mos
mot
mov
mow
mox
moz
mpu
mqu
mru
msu
mtu
muv
muw
mux
muz
nop
noq
nor
nos
not
nov
now
nox
noz
npu
nqu
nru
nsu
ntu
nuv
nuw
nux
nuz
opq
opr
ops
opt
opv
opw
opx
opz
oqr
oqs
oqt
oqv
oqw
oqx
oqz
ors
ort
orv
orw
orx
orz
ost
osv
osw
osx
osz
otv
otw
otx
otz
ovw
ovx
ovz
owx
owz
oxz
pqu
pru
psu
ptu
puv
puw
pux
puz
qru
qsu
qtu
quv
quw
qux
quz
rsu
rtu
ruv
ruw
rux
ruz
stu
suv
suw
sux
suz
tuv
tuw
tux
tuz
uvw
uvx
uvz
uwx
uwz
uxz
