bcdefghjklmnpqr
bcdefghjklmnpqs
bcdefghjklmnpqt
bcdefghjklmnpqu
bcdefghjklmnpqy
bcdefghjklmnprs
bcdefghjklmnprt
bcdefghjklmnpru
bcdefghjklmnpry
bcdefghjklmnpst
bcdefghjklmnpsu
bcdefghjklmnpsy
bcdefghjklmnptu
bcdefghjklmnpty
bcdefghjklmnpuy
bcdefghjklmnqrs
bcdefghjklmnqrt
bcdefghjklmnqru
bcdefghjklmnqry
bcdefghjklmnqst
bcdefghjklmnqsu
bcdefghjklmnqsy
bcdefghjklmnqtu
bcdefghjklmnqty
bcdefghjklmnquy
bcdefghjklmnrst
bcdefghjklmnrsu
bcdefghjklmnrsy
bcdefghjklmnrtu
bcdefghjklmnrty
bcdefghjklmnruy
bcdefghjklmnstu
bcdefghjklmnsty
bcdefghjklmnsuy
bcdefghjklmntuy
bcdefghjklmpqrs
bcdefghjklmpqrt
bcdefghjklmpqru
bcdefghjklmpqry
bcdefghjklmpqst
bcdefghjklmpqsu
bcdefghjklmpqsy
bcdefghjklmpqtu
bcdefghjklmpqty
bcdefghjklmpquy
bcdefghjklmprst
bcdefghjklmprsu
bcdefghjklmprsy
bcdefghjklmprtu
bcdefghjklmprty
bcdefghjklmpruy
bcdefghjklmpstu
bcdefghjklmpsty
bcdefghjklmpsuy
bcdefghjklmptuy
bcdefghjklmqrst
bcdefghjklmqrsu
bcdefghjklmqrsy
bcdefghjklmqrtu
bcdefghjklmqrty
bcdefghjklmqruy
bcdefghjklmqstu
bcdefghjklmqsty
bcdefghjklmqsuy
bcdefghjklmqtuy
bcdefghjklmrstu
bcdefghjklmrsty
bcdefghjklmrsuy
bcdefghjklmrtuy
bcdefghjklmstuy
bcdefghjklnpqrs
bcdefghjklnpqrt
bcdefghjklnpqru
bcdefghjklnpqry
bcdefghjklnpqst
bcdefghjklnpqsu
bcdefghjklnpqsy
bcdefghjklnpqtu
bcdefghjklnpqty
bcdefghjklnpquy
bcdefghjklnprst
bcdefghjklnprsu
bcdefghjklnprsy
bcdefghjklnprtu
bcdefghjklnprty
bcdefghjklnpruy
bcdefghjklnpstu
bcdefghjklnpsty
bcdefghjklnpsuy
bcdefghjklnptuy
bcdefghjklnqrst
bcdefghjklnqrsu
bcdefghjklnqrsy
bcdefghjklnqrtu
bcdefghjklnqrty
bcdefghjklnqruy
bcdefghjklnqstu
bcdefghjklnqsty
bcdefghjklnqsuy
bcdefghjklnqtuy
bcdefghjklnrstu
bcdefghjklnrsty
bcdefghjklnrsuy
bcdefghjklnrtuy
bcdefghjklnstuy
bcdefghjklpqrst
bcdefghjklpqrsu
bcdefghjklpqrsy
bcdefghjklpqrtu
bcdefghjklpqrty
bcdefghjklpqruy
bcdefghjklpqstu
bcdefghjklpqsty
bcdefghjklpqsuy
bcdefghjklpqtuy
bcdefghjklprstu
bcdefghjklprsty
bcdefghjklprsuy
bcdefghjklprtuy
bcdefghjklpstuy
bcdefghjklqrstu
bcdefghjklqrsty
bcdefghjklqrsuy
bcdefghjklqrtuy
bcdefghjklqstuy
bcdefghjklrstuy
bcdefghjkmnpqrs
bcdefghjkmnpqrt
bcdefghjkmnpqru
bcdefghjkmnpqry
bcdefghjkmnpqst
bcdefghjkmnpqsu
bcdefghjkmnpqsy
bcdefghjkmnpqtu
bcdefghjkmnpqty
bcdefghjkmnpquy
bcdefghjkmnprst
bcdefghjkmnprsu
bcdefghjkmnprsy
bcdefghjkmnprtu
bcdefghjkmnprty
bcdefghjkmnpruy
bcdefghjkmnpstu
bcdefghjkmnpsty
bcdefghjkmnpsuy
bcdefghjkmnptuy
bcdefghjkmnqrst
bcdefghjkmnqrsu
bcdefghjkmnqrsy
bcdefghjkmnqrtu
bcdefghjkmnqrty
bcdefghjkmnqruy
bcdefghjkmnqstu
bcdefghjkmnqsty
bcdefghjkmnqsuy
bcdefghjkmnqtuy
bcdefghjkmnrstu
bcdefghjkmnrsty
bcdefghjkmnrsuy
bcdefghjkmnrtuy
bcdefghjkmnstuy
bcdefghjkmpqrst
bcdefghjkmpqrsu
bcdefghjkmpqrsy
bcdefghjkmpqrtu
bcdefghjkmpqrty
bcdefghjkmpqruy
bcdefghjkmpqstu
bcdefghjkmpqsty
bcdefghjkmpqsuy
bcdefghjkmpqtuy
bcdefghjkmprstu
bcdefghjkmprsty
bcdefghjkmprsuy
bcdefghjkmprtuy
bcdefghjkmpstuy
bcdefghjkmqrstu
bcdefghjkmqrsty
bcdefghjkmqrsuy
bcdefghjkmqrtuy
bcdefghjkmqstuy
bcdefghjkmrstuy
bcdefghjknpqrst
bcdefghjknpqrsu
bcdefghjknpqrsy
bcdefghjknpqrtu
bcdefghjknpqrty
bcdefghjknpqruy
bcdefghjknpqstu
bcdefghjknpqsty
bcdefghjknpqsuy
bcdefghjknpqtuy
bcdefghjknprstu
bcdefghjknprsty
bcdefghjknprsuy
bcdefghjknprtuy
bcdefghjknpstuy
bcdefghjknqrstu
bcdefghjknqrsty
bcdefghjknqrsuy
bcdefghjknqrtuy
bcdefghjknqstuy
bcdefghjknrstuy
bcdefghjkpqrstu
bcdefghjkpqrsty
bcdefghjkpqrsuy
bcdefghjkpqrtuy
bcdefghjkpqstuy
bcdefghjkprstuy
bcdefghjkqrstuy
bcdefghjlmnpqrs
bcdefghjlmnpqrt
bcdefghjlmnpqru
bcdefghjlmnpqry
bcdefghjlmnpqst
bcdefghjlmnpqsu
bcdefghjlmnpqsy
bcdefghjlmnpqtu
bcdefghjlmnpqty
bcdefghjlmnpquy
bcdefghjlmnprst
bcdefghjlmnprsu
bcdefghjlmnprsy
bcdefghjlmnprtu
bcdefghjlmnprty
bcdefghjlmnpruy
bcdefghjlmnpstu
bcdefghjlmnpsty
bcdefghjlmnpsuy
bcdefghjlmnptuy
bcdefghjlmnqrst
bcdefghjlmnqrsu
bcdefghjlmnqrsy
bcdefghjlmnqrtu
bcdefghjlmnqrty
bcdefghjlmnqruy
bcdefghjlmnqstu
bcdefghjlmnqsty
bcdefghjlmnqsuy
bcdefghjlmnqtuy
bcdefghjlmnrstu
bcdefghjlmnrsty
bcdefghjlmnrsuy
bcdefghjlmnrtuy
bcdefghjlmnstuy
bcdefghjlmpqrst
bcdefghjlmpqrsu
bcdefghjlmpqrsy
bcdefghjlmpqrtu
bcdefghjlmpqrty
bcdefghjlmpqruy
bcdefghjlmpqstu
bcdefghjlmpqsty
bcdefghjlmpqsuy
bcdefghjlmpqtuy
bcdefghjlmprstu
bcdefghjlmprsty
bcdefghjlmprsuy
bcdefghjlmprtuy
bcdefghjlmpstuy
bcdefghjlmqrstu
bcdefghjlmqrsty
bcdefghjlmqrsuy
bcdefghjlmqrtuy
bcdefghjlmqstuy
bcdefghjlmrstuy
bcdefghjlnpqrst
bcdefghjlnpqrsu
bcdefghjlnpqrsy
bcdefghjlnpqrtu
bcdefghjlnpqrty
bcdefghjlnpqruy
bcdefghjlnpqstu
bcdefghjlnpqsty
bcdefghjlnpqsuy
bcdefghjlnpqtuy
bcdefghjlnprstu
bcdefghjlnprsty
bcdefghjlnprsuy
bcdefghjlnprtuy
bcdefghjlnpstuy
bcdefghjlnqrstu
bcdefghjlnqrsty
bcdefghjlnqrsuy
bcdefghjlnqrtuy
bcdefghjlnqstuy
bcdefghjlnrstuy
bcdefghjlpqrstu
bcdefghjlpqrsty
bcdefghjlpqrsuy
bcdefghjlpqrtuy
bcdefghjlpqstuy
bcdefghjlprstuy
bcdefghjlqrstuy
bcdefghjmnpqrst
bcdefghjmnpqrsu
bcdefghjmnpqrsy
bcdefghjmnpqrtu
bcdefghjmnpqrty
bcdefghjmnpqruy
bcdefghjmnpqstu
bcdefghjmnpqsty
bcdefghjmnpqsuy
bcdefghjmnpqtuy
bcdefghjmnprstu
bcdefghjmnprsty
bcdefghjmnprsuy
bcdefghjmnprtuy
bcdefghjmnpstuy
bcdefghjmnqrstu
bcdefghjmnqrsty
bcdefghjmnqrsuy
bcdefghjmnqrtuy
bcdefghjmnqstuy
bcdefghjmnrstuy
bcdefghjmpqrstu
bcdefghjmpqrsty
bcdefghjmpqrsuy
bcdefghjmpqrtuy
bcdefghjmpqstuy
bcdefghjmprstuy
bcdefghjmqrstuy
bcdefghjnpqrstu
bcdefghjnpqrsty
bcdefghjnpqrsuy
bcdefghjnpqrtuy
bcdefghjnpqstuy
bcdefghjnprstuy
bcdefghjnqrstuy
bcdefghjpqrstuy
bcdefghklmnpqrs
bcdefghklmnpqrt
bcdefghklmnpqru
bcdefghklmnpqry
bcdefghklmnpqst
bcdefghklmnpqsu
bcdefghklmnpqsy
bcdefghklmnpqtu
bcdefghklmnpqty
bcdefghklmnpquy
bcdefghklmnprst
bcdefghklmnprsu
bcdefghklmnprsy
bcdefghklmnprtu
bcdefghklmnprty
bcdefghklmnpruy
bcdefghklmnpstu
bcdefghklmnpsty
bcdefghklmnpsuy
bcdefghklmnptuy
bcdefghklmnqrst
bcdefghklmnqrsu
bcdefghklmnqrsy
bcdefghklmnqrtu
bcdefghklmnqrty
bcdefghklmnqruy
bcdefghklmnqstu
bcdefghklmnqsty
bcdefghklmnqsuy
bcdefghklmnqtuy
bcdefghklmnrstu
bcdefghklmnrsty
bcdefghklmnrsuy
bcdefghklmnrtuy
bcdefghklmnstuy
bcdefghklmpqrst
bcdefghklmpqrsu
bcdefghklmpqrsy
bcdefghklmpqrtu
bcdefghklmpqrty
bcdefghklmpqruy
bcdefghklmpqstu
bcdefghklmpqsty
bcdefghklmpqsuy
bcdefghklmpqtuy
bcdefghklmprstu
bcdefghklmprsty
bcdefghklmprsuy
bcdefghklmprtuy
bcdefghklmpstuy
bcdefghklmqrstu
bcdefghklmqrsty
bcdefghklmqrsuy
bcdefghklmqrtuy
bcdefghklmqstuy
bcdefghklmrstuy
bcdefghklnpqrst
bcdefghklnpqrsu
bcdefghklnpqrsy
bcdefghklnpqrtu
bcdefghklnpqrty
bcdefghklnpqruy
bcdefghklnpqstu
bcdefghklnpqsty
bcdefghklnpqsuy
bcdefghklnpqtuy
bcdefghklnprstu
bcdefghklnprsty
bcdefghklnprsuy
bcdefghklnprtuy
bcdefghklnpstuy
bcdefghklnqrstu
bcdefghklnqrsty
bcdefghklnqrsuy
bcdefghklnqrtuy
bcdefghklnqstuy
bcdefghklnrstuy
bcdefghklpqrstu
bcdefghklpqrsty
bcdefghklpqrsuy
bcdefghklpqrtuy
bcdefghklpqstuy
bcdefghklprstuy
bcdefghklqrstuy
bcdefghkmnpqrst
bcdefghkmnpqrsu
bcdefghkmnpqrsy
bcdefghkmnpqrtu
bcdefghkmnpqrty
bcdefghkmnpqruy
bcdefghkmnpqstu
bcdefghkmnpqsty
bcdefghkmnpqsuy
bcdefghkmnpqtuy
bcdefghkmnprstu
bcdefghkmnprsty
bcdefghkmnprsuy
bcdefghkmnprtuy
bcdefghkmnpstuy
bcdefghkmnqrstu
bcdefghkmnqrsty
bcdefghkmnqrsuy
bcdefghkmnqrtuy
bcdefghkmnqstuy
bcdefghkmnrstuy
bcdefghkmpqrstu
bcdefghkmpqrsty
bcdefghkmpqrsuy
bcdefghkmpqrtuy
bcdefghkmpqstuy
bcdefghkmprstuy
bcdefghkmqrstuy
bcdefghknpqrstu
bcdefghknpqrsty
bcdefghknpqrsuy
bcdefghknpqrtuy
bcdefghknpqstuy
bcdefghknprstuy
bcdefghknqrstuy
bcdefghkpqrstuy
bcdefghlmnpqrst
bcdefghlmnpqrsu
bcdefghlmnpqrsy
bcdefghlmnpqrtu
bcdefghlmnpqrty
bcdefghlmnpqruy
bcdefghlmnpqstu
bcdefghlmnpqsty
bcdefghlmnpqsuy
bcdefghlmnpqtuy
bcdefghlmnprstu
bcdefghlmnprsty
bcdefghlmnprsuy
bcdefghlmnprtuy
bcdefghlmnpstuy
bcdefghlmnqrstu
bcdefghlmnqrsty
bcdefghlmnqrsuy
bcdefghlmnqrtuy
bcdefghlmnqstuy
bcdefghlmnrstuy
bcdefghlmpqrstu
bcdefghlmpqrsty
bcdefghlmpqrsuy
bcdefghlmpqrtuy
bcdefghlmpqstuy
bcdefghlmprstuy
bcdefghlmqrstuy
bcdefghlnpqrstu
bcdefghlnpqrsty
bcdefghlnpqrsuy
bcdefghlnpqrtuy
bcdefghlnpqstuy
bcdefghlnprstuy
bcdefghlnqrstuy
bcdefghlpqrstuy
bcdefghmnpqrstu
bcdefghmnpqrsty
bcdefghmnpqrsuy
bcdefghmnpqrtuy
bcdefghmnpqstuy
bcdefghmnprstuy
bcdefghmnqrstuy
bcdefghmpqrstuy
bcdefghnpqrstuy
bcdefgjklmnpqrs
bcdefgjklmnpqrt
bcdefgjklmnpqru
bcdefgjklmnpqry
bcdefgjklmnpqst
bcdefgjklmnpqsu
bcdefgjklmnpqsy
bcdefgjklmnpqtu
bcdefgjklmnpqty
bcdefgjklmnpquy
bcdefgjklmnprst
bcdefgjklmnprsu
bcdefgjklmnprsy
bcdefgjklmnprtu
bcdefgjklmnprty
bcdefgjklmnpruy
bcdefgjklmnpstu
bcdefgjklmnpsty
bcdefgjklmnpsuy
bcdefgjklmnptuy
bcdefgjklmnqrst
bcdefgjklmnqrsu
bcdefgjklmnqrsy
bcdefgjklmnqrtu
bcdefgjklmnqrty
bcdefgjklmnqruy
bcdefgjklmnqstu
bcdefgjklmnqsty
bcdefgjklmnqsuy
bcdefgjklmnqtuy
bcdefgjklmnrstu
bcdefgjklmnrsty
bcdefgjklmnrsuy
bcdefgjklmnrtuy
bcdefgjklmnstuy
bcdefgjklmpqrst
bcdefgjklmpqrsu
bcdefgjklmpqrsy
bcdefgjklmpqrtu
bcdefgjklmpqrty
bcdefgjklmpqruy
bcdefgjklmpqstu
bcdefgjklmpqsty
bcdefgjklmpqsuy
bcdefgjklmpqtuy
bcdefgjklmprstu
bcdefgjklmprsty
bcdefgjklmprsuy
bcdefgjklmprtuy
bcdefgjklmpstuy
bcdefgjklmqrstu
bcdefgjklmqrsty
bcdefgjklmqrsuy
bcdefgjklmqrtuy
bcdefgjklmqstuy
bcdefgjklmrstuy
bcdefgjklnpqrst
bcdefgjklnpqrsu
bcdefgjklnpqrsy
bcdefgjklnpqrtu
bcdefgjklnpqrty
bcdefgjklnpqruy
bcdefgjklnpqstu
bcdefgjklnpqsty
bcdefgjklnpqsuy
bcdefgjklnpqtuy
bcdefgjklnprstu
bcdefgjklnprsty
bcdefgjklnprsuy
bcdefgjklnprtuy
bcdefgjklnpstuy
bcdefgjklnqrstu
bcdefgjklnqrsty
bcdefgjklnqrsuy
bcdefgjklnqrtuy
bcdefgjklnqstuy
bcdefgjklnrstuy
bcdefgjklpqrstu
bcdefgjklpqrsty
bcdefgjklpqrsuy
bcdefgjklpqrtuy
bcdefgjklpqstuy
bcdefgjklprstuy
bcdefgjklqrstuy
bcdefgjkmnpqrst
bcdefgjkmnpqrsu
bcdefgjkmnpqrsy
bcdefgjkmnpqrtu
bcdefgjkmnpqrty
bcdefgjkmnpqruy
bcdefgjkmnpqstu
bcdefgjkmnpqsty
bcdefgjkmnpqsuy
bcdefgjkmnpqtuy
bcdefgjkmnprstu
bcdefgjkmnprsty
bcdefgjkmnprsuy
bcdefgjkmnprtuy
bcdefgjkmnpstuy
bcdefgjkmnqrstu
bcdefgjkmnqrsty
bcdefgjkmnqrsuy
bcdefgjkmnqrtuy
bcdefgjkmnqstuy
bcdefgjkmnrstuy
bcdefgjkmpqrstu
bcdefgjkmpqrsty
bcdefgjkmpqrsuy
bcdefgjkmpqrtuy
bcdefgjkmpqstuy
bcdefgjkmprstuy
bcdefgjkmqrstuy
bcdefgjknpqrstu
bcdefgjknpqrsty
bcdefgjknpqrsuy
bcdefgjknpqrtuy
bcdefgjknpqstuy
bcdefgjknprstuy
bcdefgjknqrstuy
bcdefgjkpqrstuy
bcdefgjlmnpqrst
bcdefgjlmnpqrsu
bcdefgjlmnpqrsy
bcdefgjlmnpqrtu
bcdefgjlmnpqrty
bcdefgjlmnpqruy
bcdefgjlmnpqstu
bcdefgjlmnpqsty
bcdefgjlmnpqsuy
bcdefgjlmnpqtuy
bcdefgjlmnprstu
bcdefgjlmnprsty
bcdefgjlmnprsuy
bcdefgjlmnprtuy
bcdefgjlmnpstuy
bcdefgjlmnqrstu
bcdefgjlmnqrsty
bcdefgjlmnqrsuy
bcdefgjlmnqrtuy
bcdefgjlmnqstuy
bcdefgjlmnrstuy
bcdefgjlmpqrstu
bcdefgjlmpqrsty
bcdefgjlmpqrsuy
bcdefgjlmpqrtuy
bcdefgjlmpqstuy
bcdefgjlmprstuy
bcdefgjlmqrstuy
bcdefgjlnpqrstu
bcdefgjlnpqrsty
bcdefgjlnpqrsuy
bcdefgjlnpqrtuy
bcdefgjlnpqstuy
bcdefgjlnprstuy
bcdefgjlnqrstuy
bcdefgjlpqrstuy
bcdefgjmnpqrstu
bcdefgjmnpqrsty
bcdefgjmnpqrsuy
bcdefgjmnpqrtuy
bcdefgjmnpqstuy
bcdefgjmnprstuy
bcdefgjmnqrstuy
bcdefgjmpqrstuy
bcdefgjnpqrstuy
bcdefgklmnpqrst
bcdefgklmnpqrsu
bcdefgklmnpqrsy
bcdefgklmnpqrtu
bcdefgklmnpqrty
bcdefgklmnpqruy
bcdefgklmnpqstu
bcdefgklmnpqsty
bcdefgklmnpqsuy
bcdefgklmnpqtuy
bcdefgklmnprstu
bcdefgklmnprsty
bcdefgklmnprsuy
bcdefgklmnprtuy
bcdefgklmnpstuy
bcdefgklmnqrstu
bcdefgklmnqrsty
bcdefgklmnqrsuy
bcdefgklmnqrtuy
bcdefgklmnqstuy
bcdefgklmnrstuy
bcdefgklmpqrstu
bcdefgklmpqrsty
bcdefgklmpqrsuy
bcdefgklmpqrtuy
bcdefgklmpqstuy
bcdefgklmprstuy
bcdefgklmqrstuy
bcdefgklnpqrstu
bcdefgklnpqrsty
bcdefgklnpqrsuy
bcdefgklnpqrtuy
bcdefgklnpqstuy
bcdefgklnprstuy
bcdefgklnqrstuy
bcdefgklpqrstuy
bcdefgkmnpqrstu
bcdefgkmnpqrsty
bcdefgkmnpqrsuy
bcdefgkmnpqrtuy
bcdefgkmnpqstuy
bcdefgkmnprstuy
bcdefgkmnqrstuy
bcdefgkmpqrstuy
bcdefgknpqrstuy
bcdefglmnpqrstu
bcdefglmnpqrsty
bcdefglmnpqrsuy
bcdefglmnpqrtuy
bcdefglmnpqstuy
bcdefglmnprstuy
bcdefglmnqrstuy
bcdefglmpqrstuy
bcdefglnpqrstuy
bcdefgmnpqrstuy
bcdefhjklmnpqrs
bcdefhjklmnpqrt
bcdefhjklmnpqru
bcdefhjklmnpqry
bcdefhjklmnpqst
bcdefhjklmnpqsu
bcdefhjklmnpqsy
bcdefhjklmnpqtu
bcdefhjklmnpqty
bcdefhjklmnpquy
bcdefhjklmnprst
bcdefhjklmnprsu
bcdefhjklmnprsy
bcdefhjklmnprtu
bcdefhjklmnprty
bcdefhjklmnpruy
bcdefhjklmnpstu
bcdefhjklmnpsty
bcdefhjklmnpsuy
bcdefhjklmnptuy
bcdefhjklmnqrst
bcdefhjklmnqrsu
bcdefhjklmnqrsy
bcdefhjklmnqrtu
bcdefhjklmnqrty
bcdefhjklmnqruy
bcdefhjklmnqstu
bcdefhjklmnqsty
bcdefhjklmnqsuy
bcdefhjklmnqtuy
bcdefhjklmnrstu
bcdefhjklmnrsty
bcdefhjklmnrsuy
bcdefhjklmnrtuy
bcdefhjklmnstuy
bcdefhjklmpqrst
bcdefhjklmpqrsu
bcdefhjklmpqrsy
bcdefhjklmpqrtu
bcdefhjklmpqrty
bcdefhjklmpqruy
bcdefhjklmpqstu
bcdefhjklmpqsty
bcdefhjklmpqsuy
bcdefhjklmpqtuy
bcdefhjklmprstu
bcdefhjklmprsty
bcdefhjklmprsuy
bcdefhjklmprtuy
bcdefhjklmpstuy
bcdefhjklmqrstu
bcdefhjklmqrsty
bcdefhjklmqrsuy
bcdefhjklmqrtuy
bcdefhjklmqstuy
bcdefhjklmrstuy
bcdefhjklnpqrst
bcdefhjklnpqrsu
bcdefhjklnpqrsy
bcdefhjklnpqrtu
bcdefhjklnpqrty
bcdefhjklnpqruy
bcdefhjklnpqstu
bcdefhjklnpqsty
bcdefhjklnpqsuy
bcdefhjklnpqtuy
bcdefhjklnprstu
bcdefhjklnprsty
bcdefhjklnprsuy
bcdefhjklnprtuy
bcdefhjklnpstuy
bcdefhjklnqrstu
bcdefhjklnqrsty
bcdefhjklnqrsuy
bcdefhjklnqrtuy
bcdefhjklnqstuy
bcdefhjklnrstuy
bcdefhjklpqrstu
bcdefhjklpqrsty
bcdefhjklpqrsuy
bcdefhjklpqrtuy
bcdefhjklpqstuy
bcdefhjklprstuy
bcdefhjklqrstuy
bcdefhjkmnpqrst
bcdefhjkmnpqrsu
bcdefhjkmnpqrsy
bcdefhjkmnpqrtu
bcdefhjkmnpqrty
bcdefhjkmnpqruy
bcdefhjkmnpqstu
bcdefhjkmnpqsty
bcdefhjkmnpqsuy
bcdefhjkmnpqtuy
bcdefhjkmnprstu
bcdefhjkmnprsty
bcdefhjkmnprsuy
bcdefhjkmnprtuy
bcdefhjkmnpstuy
bcdefhjkmnqrstu
bcdefhjkmnqrsty
bcdefhjkmnqrsuy
bcdefhjkmnqrtuy
bcdefhjkmnqstuy
bcdefhjkmnrstuy
bcdefhjkmpqrstu
bcdefhjkmpqrsty
bcdefhjkmpqrsuy
bcdefhjkmpqrtuy
bcdefhjkmpqstuy
bcdefhjkmprstuy
bcdefhjkmqrstuy
bcdefhjknpqrstu
bcdefhjknpqrsty
bcdefhjknpqrsuy
bcdefhjknpqrtuy
bcdefhjknpqstuy
bcdefhjknprstuy
bcdefhjknqrstuy
bcdefhjkpqrstuy
bcdefhjlmnpqrst
bcdefhjlmnpqrsu
bcdefhjlmnpqrsy
bcdefhjlmnpqrtu
bcdefhjlmnpqrty
bcdefhjlmnpqruy
bcdefhjlmnpqstu
bcdefhjlmnpqsty
bcdefhjlmnpqsuy
bcdefhjlmnpqtuy
bcdefhjlmnprstu
bcdefhjlmnprsty
bcdefhjlmnprsuy
bcdefhjlmnprtuy
bcdefhjlmnpstuy
bcdefhjlmnqrstu
bcdefhjlmnqrsty
bcdefhjlmnqrsuy
bcdefhjlmnqrtuy
bcdefhjlmnqstuy
bcdefhjlmnrstuy
bcdefhjlmpqrstu
bcdefhjlmpqrsty
bcdefhjlmpqrsuy
bcdefhjlmpqrtuy
bcdefhjlmpqstuy
bcdefhjlmprstuy
bcdefhjlmqrstuy
bcdefhjlnpqrstu
bcdefhjlnpqrsty
bcdefhjlnpqrsuy
bcdefhjlnpqrtuy
bcdefhjlnpqstuy
bcdefhjlnprstuy
bcdefhjlnqrstuy
bcdefhjlpqrstuy
bcdefhjmnpqrstu
bcdefhjmnpqrsty
bcdefhjmnpqrsuy
bcdefhjmnpqrtuy
bcdefhjmnpqstuy
bcdefhjmnprstuy
bcdefhjmnqrstuy
bcdefhjmpqrstuy
bcdefhjnpqrstuy
bcdefhklmnpqrst
bcdefhklmnpqrsu
bcdefhklmnpqrsy
bcdefhklmnpqrtu
bcdefhklmnpqrty
bcdefhklmnpqruy
bcdefhklmnpqstu
bcdefhklmnpqsty
bcdefhklmnpqsuy
bcdefhklmnpqtuy
bcdefhklmnprstu
bcdefhklmnprsty
bcdefhklmnprsuy
bcdefhklmnprtuy
bcdefhklmnpstuy
bcdefhklmnqrstu
bcdefhklmnqrsty
bcdefhklmnqrsuy
bcdefhklmnqrtuy
bcdefhklmnqstuy
bcdefhklmnrstuy
bcdefhklmpqrstu
bcdefhklmpqrsty
bcdefhklmpqrsuy
bcdefhklmpqrtuy
bcdefhklmpqstuy
bcdefhklmprstuy
bcdefhklmqrstuy
bcdefhklnpqrstu
bcdefhklnpqrsty
bcdefhklnpqrsuy
bcdefhklnpqrtuy
bcdefhklnpqstuy
bcdefhklnprstuy
bcdefhklnqrstuy
bcdefhklpqrstuy
bcdefhkmnpqrstu
bcdefhkmnpqrsty
bcdefhkmnpqrsuy
bcdefhkmnpqrtuy
bcdefhkmnpqstuy
bcdefhkmnprstuy
bcdefhkmnqrstuy
bcdefhkmpqrstuy
bcdefhknpqrstuy
bcdefhlmnpqrstu
bcdefhlmnpqrsty
bcdefhlmnpqrsuy
bcdefhlmnpqrtuy
bcdefhlmnpqstuy
bcdefhlmnprstuy
bcdefhlmnqrstuy
bcdefhlmpqrstuy
bcdefhlnpqrstuy
bcdefhmnpqrstuy
bcdefjklmnpqrst
bcdefjklmnpqrsu
bcdefjklmnpqrsy
bcdefjklmnpqrtu
bcdefjklmnpqrty
bcdefjklmnpqruy
bcdefjklmnpqstu
bcdefjklmnpqsty
bcdefjklmnpqsuy
bcdefjklmnpqtuy
bcdefjklmnprstu
bcdefjklmnprsty
bcdefjklmnprsuy
bcdefjklmnprtuy
bcdefjklmnpstuy
bcdefjklmnqrstu
bcdefjklmnqrsty
bcdefjklmnqrsuy
bcdefjklmnqrtuy
bcdefjklmnqstuy
bcdefjklmnrstuy
bcdefjklmpqrstu
bcdefjklmpqrsty
bcdefjklmpqrsuy
bcdefjklmpqrtuy
bcdefjklmpqstuy
bcdefjklmprstuy
bcdefjklmqrstuy
bcdefjklnpqrstu
bcdefjklnpqrsty
bcdefjklnpqrsuy
bcdefjklnpqrtuy
bcdefjklnpqstuy
bcdefjklnprstuy
bcdefjklnqrstuy
bcdefjklpqrstuy
bcdefjkmnpqrstu
bcdefjkmnpqrsty
bcdefjkmnpqrsuy
bcdefjkmnpqrtuy
bcdefjkmnpqstuy
bcdefjkmnprstuy
bcdefjkmnqrstuy
bcdefjkmpqrstuy
bcdefjknpqrstuy
bcdefjlmnpqrstu
bcdefjlmnpqrsty
bcdefjlmnpqrsuy
bcdefjlmnpqrtuy
bcdefjlmnpqstuy
bcdefjlmnprstuy
bcdefjlmnqrstuy
bcdefjlmpqrstuy
bcdefjlnpqrstuy
bcdefjmnpqrstuy
bcdefklmnpqrstu
bcdefklmnpqrsty
bcdefklmnpqrsuy
bcdefklmnpqrtuy
bcdefklmnpqstuy
bcdefklmnprstuy
bcdefklmnqrstuy
bcdefklmpqrstuy
bcdefklnpqrstuy
bcdefkmnpqrstuy
bcdeflmnpqrstuy
bcdeghjklmnpqrs
bcdeghjklmnpqrt
bcdeghjklmnpqru
bcdeghjklmnpqry
bcdeghjklmnpqst
bcdeghjklmnpqsu
bcdeghjklmnpqsy
bcdeghjklmnpqtu
bcdeghjklmnpqty
bcdeghjklmnpquy
bcdeghjklmnprst
bcdeghjklmnprsu
bcdeghjklmnprsy
bcdeghjklmnprtu
bcdeghjklmnprty
bcdeghjklmnpruy
bcdeghjklmnpstu
bcdeghjklmnpsty
bcdeghjklmnpsuy
bcdeghjklmnptuy
bcdeghjklmnqrst
bcdeghjklmnqrsu
bcdeghjklmnqrsy
bcdeghjklmnqrtu
bcdeghjklmnqrty
bcdeghjklmnqruy
bcdeghjklmnqstu
bcdeghjklmnqsty
bcdeghjklmnqsuy
bcdeghjklmnqtuy
bcdeghjklmnrstu
bcdeghjklmnrsty
bcdeghjklmnrsuy
bcdeghjklmnrtuy
bcdeghjklmnstuy
bcdeghjklmpqrst
bcdeghjklmpqrsu
bcdeghjklmpqrsy
bcdeghjklmpqrtu
bcdeghjklmpqrty
bcdeghjklmpqruy
bcdeghjklmpqstu
bcdeghjklmpqsty
bcdeghjklmpqsuy
bcdeghjklmpqtuy
bcdeghjklmprstu
bcdeghjklmprsty
bcdeghjklmprsuy
bcdeghjklmprtuy
bcdeghjklmpstuy
bcdeghjklmqrstu
bcdeghjklmqrsty
bcdeghjklmqrsuy
bcdeghjklmqrtuy
bcdeghjklmqstuy
bcdeghjklmrstuy
bcdeghjklnpqrst
bcdeghjklnpqrsu
bcdeghjklnpqrsy
bcdeghjklnpqrtu
bcdeghjklnpqrty
bcdeghjklnpqruy
bcdeghjklnpqstu
bcdeghjklnpqsty
bcdeghjklnpqsuy
bcdeghjklnpqtuy
bcdeghjklnprstu
bcdeghjklnprsty
bcdeghjklnprsuy
bcdeghjklnprtuy
bcdeghjklnpstuy
bcdeghjklnqrstu
bcdeghjklnqrsty
bcdeghjklnqrsuy
bcdeghjklnqrtuy
bcdeghjklnqstuy
bcdeghjklnrstuy
bcdeghjklpqrstu
bcdeghjklpqrsty
bcdeghjklpqrsuy
bcdeghjklpqrtuy
bcdeghjklpqstuy
bcdeghjklprstuy
bcdeghjklqrstuy
bcdeghjkmnpqrst
bcdeghjkmnpqrsu
bcdeghjkmnpqrsy
bcdeghjkmnpqrtu
bcdeghjkmnpqrty
bcdeghjkmnpqruy
bcdeghjkmnpqstu
bcdeghjkmnpqsty
bcdeghjkmnpqsuy
bcdeghjkmnpqtuy
bcdeghjkmnprstu
bcdeghjkmnprsty
bcdeghjkmnprsuy
bcdeghjkmnprtuy
bcdeghjkmnpstuy
bcdeghjkmnqrstu
bcdeghjkmnqrsty
bcdeghjkmnqrsuy
bcdeghjkmnqrtuy
bcdeghjkmnqstuy
bcdeghjkmnrstuy
bcdeghjkmpqrstu
bcdeghjkmpqrsty
bcdeghjkmpqrsuy
bcdeghjkmpqrtuy
bcdeghjkmpqstuy
bcdeghjkmprstuy
bcdeghjkmqrstuy
bcdeghjknpqrstu
bcdeghjknpqrsty
bcdeghjknpqrsuy
bcdeghjknpqrtuy
bcdeghjknpqstuy
bcdeghjknprstuy
bcdeghjknqrstuy
bcdeghjkpqrstuy
bcdeghjlmnpqrst
bcdeghjlmnpqrsu
bcdeghjlmnpqrsy
bcdeghjlmnpqrtu
bcdeghjlmnpqrty
bcdeghjlmnpqruy
bcdeghjlmnpqstu
bcdeghjlmnpqsty
bcdeghjlmnpqsuy
bcdeghjlmnpqtuy
bcdeghjlmnprstu
bcdeghjlmnprsty
bcdeghjlmnprsuy
bcdeghjlmnprtuy
bcdeghjlmnpstuy
bcdeghjlmnqrstu
bcdeghjlmnqrsty
bcdeghjlmnqrsuy
bcdeghjlmnqrtuy
bcdeghjlmnqstuy
bcdeghjlmnrstuy
bcdeghjlmpqrstu
bcdeghjlmpqrsty
bcdeghjlmpqrsuy
bcdeghjlmpqrtuy
bcdeghjlmpqstuy
bcdeghjlmprstuy
bcdeghjlmqrstuy
bcdeghjlnpqrstu
bcdeghjlnpqrsty
bcdeghjlnpqrsuy
bcdeghjlnpqrtuy
bcdeghjlnpqstuy
bcdeghjlnprstuy
bcdeghjlnqrstuy
bcdeghjlpqrstuy
bcdeghjmnpqrstu
bcdeghjmnpqrsty
bcdeghjmnpqrsuy
bcdeghjmnpqrtuy
bcdeghjmnpqstuy
bcdeghjmnprstuy
bcdeghjmnqrstuy
bcdeghjmpqrstuy
bcdeghjnpqrstuy
bcdeghklmnpqrst
bcdeghklmnpqrsu
bcdeghklmnpqrsy
bcdeghklmnpqrtu
bcdeghklmnpqrty
bcdeghklmnpqruy
bcdeghklmnpqstu
bcdeghklmnpqsty
bcdeghklmnpqsuy
bcdeghklmnpqtuy
bcdeghklmnprstu
bcdeghklmnprsty
bcdeghklmnprsuy
bcdeghklmnprtuy
bcdeghklmnpstuy
bcdeghklmnqrstu
bcdeghklmnqrsty
bcdeghklmnqrsuy
bcdeghklmnqrtuy
bcdeghklmnqstuy
bcdeghklmnrstuy
bcdeghklmpqrstu
bcdeghklmpqrsty
bcdeghklmpqrsuy
bcdeghklmpqrtuy
bcdeghklmpqstuy
bcdeghklmprstuy
bcdeghklmqrstuy
bcdeghklnpqrstu
bcdeghklnpqrsty
bcdeghklnpqrsuy
bcdeghklnpqrtuy
bcdeghklnpqstuy
bcdeghklnprstuy
bcdeghklnqrstuy
bcdeghklpqrstuy
bcdeghkmnpqrstu
bcdeghkmnpqrsty
bcdeghkmnpqrsuy
bcdeghkmnpqrtuy
bcdeghkmnpqstuy
bcdeghkmnprstuy
bcdeghkmnqrstuy
bcdeghkmpqrstuy
bcdeghknpqrstuy
bcdeghlmnpqrstu
bcdeghlmnpqrsty
bcdeghlmnpqrsuy
bcdeghlmnpqrtuy
bcdeghlmnpqstuy
bcdeghlmnprstuy
bcdeghlmnqrstuy
bcdeghlmpqrstuy
bcdeghlnpqrstuy
bcdeghmnpqrstuy
bcdegjklmnpqrst
bcdegjklmnpqrsu
bcdegjklmnpqrsy
bcdegjklmnpqrtu
bcdegjklmnpqrty
bcdegjklmnpqruy
bcdegjklmnpqstu
bcdegjklmnpqsty
bcdegjklmnpqsuy
bcdegjklmnpqtuy
bcdegjklmnprstu
bcdegjklmnprsty
bcdegjklmnprsuy
bcdegjklmnprtuy
bcdegjklmnpstuy
bcdegjklmnqrstu
bcdegjklmnqrsty
bcdegjklmnqrsuy
bcdegjklmnqrtuy
bcdegjklmnqstuy
bcdegjklmnrstuy
bcdegjklmpqrstu
bcdegjklmpqrsty
bcdegjklmpqrsuy
bcdegjklmpqrtuy
bcdegjklmpqstuy
bcdegjklmprstuy
bcdegjklmqrstuy
bcdegjklnpqrstu
bcdegjklnpqrsty
bcdegjklnpqrsuy
bcdegjklnpqrtuy
bcdegjklnpqstuy
bcdegjklnprstuy
bcdegjklnqrstuy
bcdegjklpqrstuy
bcdegjkmnpqrstu
bcdegjkmnpqrsty
bcdegjkmnpqrsuy
bcdegjkmnpqrtuy
bcdegjkmnpqstuy
bcdegjkmnprstuy
bcdegjkmnqrstuy
bcdegjkmpqrstuy
bcdegjknpqrstuy
bcdegjlmnpqrstu
bcdegjlmnpqrsty
bcdegjlmnpqrsuy
bcdegjlmnpqrtuy
bcdegjlmnpqstuy
bcdegjlmnprstuy
bcdegjlmnqrstuy
bcdegjlmpqrstuy
bcdegjlnpqrstuy
bcdegjmnpqrstuy
bcdegklmnpqrstu
bcdegklmnpqrsty
bcdegklmnpqrsuy
bcdegklmnpqrtuy
bcdegklmnpqstuy
bcdegklmnprstuy
bcdegklmnqrstuy
bcdegklmpqrstuy
bcdegklnpqrstuy
bcdegkmnpqrstuy
bcdeglmnpqrstuy
bcdehjklmnpqrst
bcdehjklmnpqrsu
bcdehjklmnpqrsy
bcdehjklmnpqrtu
bcdehjklmnpqrty
bcdehjklmnpqruy
bcdehjklmnpqstu
bcdehjklmnpqsty
bcdehjklmnpqsuy
bcdehjklmnpqtuy
bcdehjklmnprstu
bcdehjklmnprsty
bcdehjklmnprsuy
bcdehjklmnprtuy
bcdehjklmnpstuy
bcdehjklmnqrstu
bcdehjklmnqrsty
bcdehjklmnqrsuy
bcdehjklmnqrtuy
bcdehjklmnqstuy
bcdehjklmnrstuy
bcdehjklmpqrstu
bcdehjklmpqrsty
bcdehjklmpqrsuy
bcdehjklmpqrtuy
bcdehjklmpqstuy
bcdehjklmprstuy
bcdehjklmqrstuy
bcdehjklnpqrstu
bcdehjklnpqrsty
bcdehjklnpqrsuy
bcdehjklnpqrtuy
bcdehjklnpqstuy
bcdehjklnprstuy
bcdehjklnqrstuy
bcdehjklpqrstuy
bcdehjkmnpqrstu
bcdehjkmnpqrsty
bcdehjkmnpqrsuy
bcdehjkmnpqrtuy
bcdehjkmnpqstuy
bcdehjkmnprstuy
bcdehjkmnqrstuy
bcdehjkmpqrstuy
bcdehjknpqrstuy
bcdehjlmnpqrstu
bcdehjlmnpqrsty
bcdehjlmnpqrsuy
bcdehjlmnpqrtuy
bcdehjlmnpqstuy
bcdehjlmnprstuy
bcdehjlmnqrstuy
bcdehjlmpqrstuy
bcdehjlnpqrstuy
bcdehjmnpqrstuy
bcdehklmnpqrstu
bcdehklmnpqrsty
bcdehklmnpqrsuy
bcdehklmnpqrtuy
bcdehklmnpqstuy
bcdehklmnprstuy
bcdehklmnqrstuy
bcdehklmpqrstuy
bcdehklnpqrstuy
bcdehkmnpqrstuy
bcdehlmnpqrstuy
bcdejklmnpqrstu
bcdejklmnpqrsty
bcdejklmnpqrsuy
bcdejklmnpqrtuy
bcdejklmnpqstuy
bcdejklmnprstuy
bcdejklmnqrstuy
bcdejklmpqrstuy
bcdejklnpqrstuy
bcdejkmnpqrstuy
bcdejlmnpqrstuy
bcdeklmnpqrstuy
bcdfghjklmnpqru
bcdfghjklmnpqsu
bcdfghjklmnpqtu
bcdfghjklmnpquy
bcdfghjklmnprsu
bcdfghjklmnprtu
bcdfghjklmnpruy
bcdfghjklmnpstu
bcdfghjklmnpsuy
bcdfghjklmnptuy
bcdfghjklmnqrsu
bcdfghjklmnqrtu
bcdfghjklmnqruy
bcdfghjklmnqstu
bcdfghjklmnqsuy
bcdfghjklmnqtuy
bcdfghjklmnrstu
bcdfghjklmnrsuy
bcdfghjklmnrtuy
bcdfghjklmnstuy
bcdfghjklmpqrsu
bcdfghjklmpqrtu
bcdfghjklmpqruy
bcdfghjklmpqstu
bcdfghjklmpqsuy
bcdfghjklmpqtuy
bcdfghjklmprstu
bcdfghjklmprsuy
bcdfghjklmprtuy
bcdfghjklmpstuy
bcdfghjklmqrstu
bcdfghjklmqrsuy
bcdfghjklmqrtuy
bcdfghjklmqstuy
bcdfghjklmrstuy
bcdfghjklnpqrsu
bcdfghjklnpqrtu
bcdfghjklnpqruy
bcdfghjklnpqstu
bcdfghjklnpqsuy
bcdfghjklnpqtuy
bcdfghjklnprstu
bcdfghjklnprsuy
bcdfghjklnprtuy
bcdfghjklnpstuy
bcdfghjklnqrstu
bcdfghjklnqrsuy
bcdfghjklnqrtuy
bcdfghjklnqstuy
bcdfghjklnrstuy
bcdfghjklpqrstu
bcdfghjklpqrsuy
bcdfghjklpqrtuy
bcdfghjklpqstuy
bcdfghjklprstuy
bcdfghjklqrstuy
bcdfghjkmnpqrsu
bcdfghjkmnpqrtu
bcdfghjkmnpqruy
bcdfghjkmnpqstu
bcdfghjkmnpqsuy
bcdfghjkmnpqtuy
bcdfghjkmnprstu
bcdfghjkmnprsuy
bcdfghjkmnprtuy
bcdfghjkmnpstuy
bcdfghjkmnqrstu
bcdfghjkmnqrsuy
bcdfghjkmnqrtuy
bcdfghjkmnqstuy
bcdfghjkmnrstuy
bcdfghjkmpqrstu
bcdfghjkmpqrsuy
bcdfghjkmpqrtuy
bcdfghjkmpqstuy
bcdfghjkmprstuy
bcdfghjkmqrstuy
bcdfghjknpqrstu
bcdfghjknpqrsuy
bcdfghjknpqrtuy
bcdfghjknpqstuy
bcdfghjknprstuy
bcdfghjknqrstuy
bcdfghjkpqrstuy
bcdfghjlmnpqrsu
bcdfghjlmnpqrtu
bcdfghjlmnpqruy
bcdfghjlmnpqstu
bcdfghjlmnpqsuy
bcdfghjlmnpqtuy
bcdfghjlmnprstu
bcdfghjlmnprsuy
bcdfghjlmnprtuy
bcdfghjlmnpstuy
bcdfghjlmnqrstu
bcdfghjlmnqrsuy
bcdfghjlmnqrtuy
bcdfghjlmnqstuy
bcdfghjlmnrstuy
bcdfghjlmpqrstu
bcdfghjlmpqrsuy
bcdfghjlmpqrtuy
bcdfghjlmpqstuy
bcdfghjlmprstuy
bcdfghjlmqrstuy
bcdfghjlnpqrstu
bcdfghjlnpqrsuy
bcdfghjlnpqrtuy
bcdfghjlnpqstuy
bcdfghjlnprstuy
bcdfghjlnqrstuy
bcdfghjlpqrstuy
bcdfghjmnpqrstu
bcdfghjmnpqrsuy
bcdfghjmnpqrtuy
bcdfghjmnpqstuy
bcdfghjmnprstuy
bcdfghjmnqrstuy
bcdfghjmpqrstuy
bcdfghjnpqrstuy
bcdfghklmnpqrsu
bcdfghklmnpqrtu
bcdfghklmnpqruy
bcdfghklmnpqstu
bcdfghklmnpqsuy
bcdfghklmnpqtuy
bcdfghklmnprstu
bcdfghklmnprsuy
bcdfghklmnprtuy
bcdfghklmnpstuy
bcdfghklmnqrstu
bcdfghklmnqrsuy
bcdfghklmnqrtuy
bcdfghklmnqstuy
bcdfghklmnrstuy
bcdfghklmpqrstu
bcdfghklmpqrsuy
bcdfghklmpqrtuy
bcdfghklmpqstuy
bcdfghklmprstuy
bcdfghklmqrstuy
bcdfghklnpqrstu
bcdfghklnpqrsuy
bcdfghklnpqrtuy
bcdfghklnpqstuy
bcdfghklnprstuy
bcdfghklnqrstuy
bcdfghklpqrstuy
bcdfghkmnpqrstu
bcdfghkmnpqrsuy
bcdfghkmnpqrtuy
bcdfghkmnpqstuy
bcdfghkmnprstuy
bcdfghkmnqrstuy
bcdfghkmpqrstuy
bcdfghknpqrstuy
bcdfghlmnpqrstu
bcdfghlmnpqrsuy
bcdfghlmnpqrtuy
bcdfghlmnpqstuy
bcdfghlmnprstuy
bcdfghlmnqrstuy
bcdfghlmpqrstuy
bcdfghlnpqrstuy
bcdfghmnpqrstuy
bcdfgjklmnpqrsu
bcdfgjklmnpqrtu
bcdfgjklmnpqruy
bcdfgjklmnpqstu
bcdfgjklmnpqsuy
bcdfgjklmnpqtuy
bcdfgjklmnprstu
bcdfgjklmnprsuy
bcdfgjklmnprtuy
bcdfgjklmnpstuy
bcdfgjklmnqrstu
bcdfgjklmnqrsuy
bcdfgjklmnqrtuy
bcdfgjklmnqstuy
bcdfgjklmnrstuy
bcdfgjklmpqrstu
bcdfgjklmpqrsuy
bcdfgjklmpqrtuy
bcdfgjklmpqstuy
bcdfgjklmprstuy
bcdfgjklmqrstuy
bcdfgjklnpqrstu
bcdfgjklnpqrsuy
bcdfgjklnpqrtuy
bcdfgjklnpqstuy
bcdfgjklnprstuy
bcdfgjklnqrstuy
bcdfgjklpqrstuy
bcdfgjkmnpqrstu
bcdfgjkmnpqrsuy
bcdfgjkmnpqrtuy
bcdfgjkmnpqstuy
bcdfgjkmnprstuy
bcdfgjkmnqrstuy
bcdfgjkmpqrstuy
bcdfgjknpqrstuy
bcdfgjlmnpqrstu
bcdfgjlmnpqrsuy
bcdfgjlmnpqrtuy
bcdfgjlmnpqstuy
bcdfgjlmnprstuy
bcdfgjlmnqrstuy
bcdfgjlmpqrstuy
bcdfgjlnpqrstuy
bcdfgjmnpqrstuy
bcdfgklmnpqrstu
bcdfgklmnpqrsuy
bcdfgklmnpqrtuy
bcdfgklmnpqstuy
bcdfgklmnprstuy
bcdfgklmnqrstuy
bcdfgklmpqrstuy
bcdfgklnpqrstuy
bcdfgkmnpqrstuy
bcdfglmnpqrstuy
bcdfhjklmnpqrsu
bcdfhjklmnpqrtu
bcdfhjklmnpqruy
bcdfhjklmnpqstu
bcdfhjklmnpqsuy
bcdfhjklmnpqtuy
bcdfhjklmnprstu
bcdfhjklmnprsuy
bcdfhjklmnprtuy
bcdfhjklmnpstuy
bcdfhjklmnqrstu
bcdfhjklmnqrsuy
bcdfhjklmnqrtuy
bcdfhjklmnqstuy
bcdfhjklmnrstuy
bcdfhjklmpqrstu
bcdfhjklmpqrsuy
bcdfhjklmpqrtuy
bcdfhjklmpqstuy
bcdfhjklmprstuy
bcdfhjklmqrstuy
bcdfhjklnpqrstu
bcdfhjklnpqrsuy
bcdfhjklnpqrtuy
bcdfhjklnpqstuy
bcdfhjklnprstuy
bcdfhjklnqrstuy
bcdfhjklpqrstuy
bcdfhjkmnpqrstu
bcdfhjkmnpqrsuy
bcdfhjkmnpqrtuy
bcdfhjkmnpqstuy
bcdfhjkmnprstuy
bcdfhjkmnqrstuy
bcdfhjkmpqrstuy
bcdfhjknpqrstuy
bcdfhjlmnpqrstu
bcdfhjlmnpqrsuy
bcdfhjlmnpqrtuy
bcdfhjlmnpqstuy
bcdfhjlmnprstuy
bcdfhjlmnqrstuy
bcdfhjlmpqrstuy
bcdfhjlnpqrstuy
bcdfhjmnpqrstuy
bcdfhklmnpqrstu
bcdfhklmnpqrsuy
bcdfhklmnpqrtuy
bcdfhklmnpqstuy
bcdfhklmnprstuy
bcdfhklmnqrstuy
bcdfhklmpqrstuy
bcdfhklnpqrstuy
bcdfhkmnpqrstuy
bcdfhlmnpqrstuy
bcdfjklmnpqrstu
bcdfjklmnpqrsuy
bcdfjklmnpqrtuy
bcdfjklmnpqstuy
bcdfjklmnprstuy
bcdfjklmnqrstuy
bcdfjklmpqrstuy
bcdfjklnpqrstuy
bcdfjkmnpqrstuy
bcdfjlmnpqrstuy
bcdfklmnpqrstuy
bcdghjklmnpqrsu
bcdghjklmnpqrtu
bcdghjklmnpqruy
bcdghjklmnpqstu
bcdghjklmnpqsuy
bcdghjklmnpqtuy
bcdghjklmnprstu
bcdghjklmnprsuy
bcdghjklmnprtuy
bcdghjklmnpstuy
bcdghjklmnqrstu
bcdghjklmnqrsuy
bcdghjklmnqrtuy
bcdghjklmnqstuy
bcdghjklmnrstuy
bcdghjklmpqrstu
bcdghjklmpqrsuy
bcdghjklmpqrtuy
bcdghjklmpqstuy
bcdghjklmprstuy
bcdghjklmqrstuy
bcdghjklnpqrstu
bcdghjklnpqrsuy
bcdghjklnpqrtuy
bcdghjklnpqstuy
bcdghjklnprstuy
bcdghjklnqrstuy
bcdghjklpqrstuy
bcdghjkmnpqrstu
bcdghjkmnpqrsuy
bcdghjkmnpqrtuy
bcdghjkmnpqstuy
bcdghjkmnprstuy
bcdghjkmnqrstuy
bcdghjkmpqrstuy
bcdghjknpqrstuy
bcdghjlmnpqrstu
bcdghjlmnpqrsuy
bcdghjlmnpqrtuy
bcdghjlmnpqstuy
bcdghjlmnprstuy
bcdghjlmnqrstuy
bcdghjlmpqrstuy
bcdghjlnpqrstuy
bcdghjmnpqrstuy
bcdghklmnpqrstu
bcdghklmnpqrsuy
bcdghklmnpqrtuy
bcdghklmnpqstuy
bcdghklmnprstuy
bcdghklmnqrstuy
bcdghklmpqrstuy
bcdghklnpqrstuy
bcdghkmnpqrstuy
bcdghlmnpqrstuy
bcdgjklmnpqrstu
bcdgjklmnpqrsuy
bcdgjklmnpqrtuy
bcdgjklmnpqstuy
bcdgjklmnprstuy
bcdgjklmnqrstuy
bcdgjklmpqrstuy
bcdgjklnpqrstuy
bcdgjkmnpqrstuy
bcdgjlmnpqrstuy
bcdgklmnpqrstuy
bcdhjklmnpqrstu
bcdhjklmnpqrsuy
bcdhjklmnpqrtuy
bcdhjklmnpqstuy
bcdhjklmnprstuy
bcdhjklmnqrstuy
bcdhjklmpqrstuy
bcdhjklnpqrstuy
bcdhjkmnpqrstuy
bcdhjlmnpqrstuy
bcdhklmnpqrstuy
bcdjklmnpqrstuy
bcefghjklmnpqrs
bcefghjklmnpqrt
bcefghjklmnpqru
bcefghjklmnpqry
bcefghjklmnpqst
bcefghjklmnpqsu
bcefghjklmnpqsy
bcefghjklmnpqtu
bcefghjklmnpqty
bcefghjklmnpquy
bcefghjklmnprst
bcefghjklmnprsu
bcefghjklmnprsy
bcefghjklmnprtu
bcefghjklmnprty
bcefghjklmnpruy
bcefghjklmnpstu
bcefghjklmnpsty
bcefghjklmnpsuy
bcefghjklmnptuy
bcefghjklmnqrst
bcefghjklmnqrsu
bcefghjklmnqrsy
bcefghjklmnqrtu
bcefghjklmnqrty
bcefghjklmnqruy
bcefghjklmnqstu
bcefghjklmnqsty
bcefghjklmnqsuy
bcefghjklmnqtuy
bcefghjklmnrstu
bcefghjklmnrsty
bcefghjklmnrsuy
bcefghjklmnrtuy
bcefghjklmnstuy
bcefghjklmpqrst
bcefghjklmpqrsu
bcefghjklmpqrsy
bcefghjklmpqrtu
bcefghjklmpqrty
bcefghjklmpqruy
bcefghjklmpqstu
bcefghjklmpqsty
bcefghjklmpqsuy
bcefghjklmpqtuy
bcefghjklmprstu
bcefghjklmprsty
bcefghjklmprsuy
bcefghjklmprtuy
bcefghjklmpstuy
bcefghjklmqrstu
bcefghjklmqrsty
bcefghjklmqrsuy
bcefghjklmqrtuy
bcefghjklmqstuy
bcefghjklmrstuy
bcefghjklnpqrst
bcefghjklnpqrsu
bcefghjklnpqrsy
bcefghjklnpqrtu
bcefghjklnpqrty
bcefghjklnpqruy
bcefghjklnpqstu
bcefghjklnpqsty
bcefghjklnpqsuy
bcefghjklnpqtuy
bcefghjklnprstu
bcefghjklnprsty
bcefghjklnprsuy
bcefghjklnprtuy
bcefghjklnpstuy
bcefghjklnqrstu
bcefghjklnqrsty
bcefghjklnqrsuy
bcefghjklnqrtuy
bcefghjklnqstuy
bcefghjklnrstuy
bcefghjklpqrstu
bcefghjklpqrsty
bcefghjklpqrsuy
bcefghjklpqrtuy
bcefghjklpqstuy
bcefghjklprstuy
bcefghjklqrstuy
bcefghjkmnpqrst
bcefghjkmnpqrsu
bcefghjkmnpqrsy
bcefghjkmnpqrtu
bcefghjkmnpqrty
bcefghjkmnpqruy
bcefghjkmnpqstu
bcefghjkmnpqsty
bcefghjkmnpqsuy
bcefghjkmnpqtuy
bcefghjkmnprstu
bcefghjkmnprsty
bcefghjkmnprsuy
bcefghjkmnprtuy
bcefghjkmnpstuy
bcefghjkmnqrstu
bcefghjkmnqrsty
bcefghjkmnqrsuy
bcefghjkmnqrtuy
bcefghjkmnqstuy
bcefghjkmnrstuy
bcefghjkmpqrstu
bcefghjkmpqrsty
bcefghjkmpqrsuy
bcefghjkmpqrtuy
bcefghjkmpqstuy
bcefghjkmprstuy
bcefghjkmqrstuy
bcefghjknpqrstu
bcefghjknpqrsty
bcefghjknpqrsuy
bcefghjknpqrtuy
bcefghjknpqstuy
bcefghjknprstuy
bcefghjknqrstuy
bcefghjkpqrstuy
bcefghjlmnpqrst
bcefghjlmnpqrsu
bcefghjlmnpqrsy
bcefghjlmnpqrtu
bcefghjlmnpqrty
bcefghjlmnpqruy
bcefghjlmnpqstu
bcefghjlmnpqsty
bcefghjlmnpqsuy
bcefghjlmnpqtuy
bcefghjlmnprstu
bcefghjlmnprsty
bcefghjlmnprsuy
bcefghjlmnprtuy
bcefghjlmnpstuy
bcefghjlmnqrstu
bcefghjlmnqrsty
bcefghjlmnqrsuy
bcefghjlmnqrtuy
bcefghjlmnqstuy
bcefghjlmnrstuy
bcefghjlmpqrstu
bcefghjlmpqrsty
bcefghjlmpqrsuy
bcefghjlmpqrtuy
bcefghjlmpqstuy
bcefghjlmprstuy
bcefghjlmqrstuy
bcefghjlnpqrstu
bcefghjlnpqrsty
bcefghjlnpqrsuy
bcefghjlnpqrtuy
bcefghjlnpqstuy
bcefghjlnprstuy
bcefghjlnqrstuy
bcefghjlpqrstuy
bcefghjmnpqrstu
bcefghjmnpqrsty
bcefghjmnpqrsuy
bcefghjmnpqrtuy
bcefghjmnpqstuy
bcefghjmnprstuy
bcefghjmnqrstuy
bcefghjmpqrstuy
bcefghjnpqrstuy
bcefghklmnpqrst
bcefghklmnpqrsu
bcefghklmnpqrsy
bcefghklmnpqrtu
bcefghklmnpqrty
bcefghklmnpqruy
bcefghklmnpqstu
bcefghklmnpqsty
bcefghklmnpqsuy
bcefghklmnpqtuy
bcefghklmnprstu
bcefghklmnprsty
bcefghklmnprsuy
bcefghklmnprtuy
bcefghklmnpstuy
bcefghklmnqrstu
bcefghklmnqrsty
bcefghklmnqrsuy
bcefghklmnqrtuy
bcefghklmnqstuy
bcefghklmnrstuy
bcefghklmpqrstu
bcefghklmpqrsty
bcefghklmpqrsuy
bcefghklmpqrtuy
bcefghklmpqstuy
bcefghklmprstuy
bcefghklmqrstuy
bcefghklnpqrstu
bcefghklnpqrsty
bcefghklnpqrsuy
bcefghklnpqrtuy
bcefghklnpqstuy
bcefghklnprstuy
bcefghklnqrstuy
bcefghklpqrstuy
bcefghkmnpqrstu
bcefghkmnpqrsty
bcefghkmnpqrsuy
bcefghkmnpqrtuy
bcefghkmnpqstuy
bcefghkmnprstuy
bcefghkmnqrstuy
bcefghkmpqrstuy
bcefghknpqrstuy
bcefghlmnpqrstu
bcefghlmnpqrsty
bcefghlmnpqrsuy
bcefghlmnpqrtuy
bcefghlmnpqstuy
bcefghlmnprstuy
bcefghlmnqrstuy
bcefghlmpqrstuy
bcefghlnpqrstuy
bcefghmnpqrstuy
bcefgjklmnpqrst
bcefgjklmnpqrsu
bcefgjklmnpqrsy
bcefgjklmnpqrtu
bcefgjklmnpqrty
bcefgjklmnpqruy
bcefgjklmnpqstu
bcefgjklmnpqsty
bcefgjklmnpqsuy
bcefgjklmnpqtuy
bcefgjklmnprstu
bcefgjklmnprsty
bcefgjklmnprsuy
bcefgjklmnprtuy
bcefgjklmnpstuy
bcefgjklmnqrstu
bcefgjklmnqrsty
bcefgjklmnqrsuy
bcefgjklmnqrtuy
bcefgjklmnqstuy
bcefgjklmnrstuy
bcefgjklmpqrstu
bcefgjklmpqrsty
bcefgjklmpqrsuy
bcefgjklmpqrtuy
bcefgjklmpqstuy
bcefgjklmprstuy
bcefgjklmqrstuy
bcefgjklnpqrstu
bcefgjklnpqrsty
bcefgjklnpqrsuy
bcefgjklnpqrtuy
bcefgjklnpqstuy
bcefgjklnprstuy
bcefgjklnqrstuy
bcefgjklpqrstuy
bcefgjkmnpqrstu
bcefgjkmnpqrsty
bcefgjkmnpqrsuy
bcefgjkmnpqrtuy
bcefgjkmnpqstuy
bcefgjkmnprstuy
bcefgjkmnqrstuy
bcefgjkmpqrstuy
bcefgjknpqrstuy
bcefgjlmnpqrstu
bcefgjlmnpqrsty
bcefgjlmnpqrsuy
bcefgjlmnpqrtuy
bcefgjlmnpqstuy
bcefgjlmnprstuy
bcefgjlmnqrstuy
bcefgjlmpqrstuy
bcefgjlnpqrstuy
bcefgjmnpqrstuy
bcefgklmnpqrstu
bcefgklmnpqrsty
bcefgklmnpqrsuy
bcefgklmnpqrtuy
bcefgklmnpqstuy
bcefgklmnprstuy
bcefgklmnqrstuy
bcefgklmpqrstuy
bcefgklnpqrstuy
bcefgkmnpqrstuy
bcefglmnpqrstuy
bcefhjklmnpqrst
bcefhjklmnpqrsu
bcefhjklmnpqrsy
bcefhjklmnpqrtu
bcefhjklmnpqrty
bcefhjklmnpqruy
bcefhjklmnpqstu
bcefhjklmnpqsty
bcefhjklmnpqsuy
bcefhjklmnpqtuy
bcefhjklmnprstu
bcefhjklmnprsty
bcefhjklmnprsuy
bcefhjklmnprtuy
bcefhjklmnpstuy
bcefhjklmnqrstu
bcefhjklmnqrsty
bcefhjklmnqrsuy
bcefhjklmnqrtuy
bcefhjklmnqstuy
bcefhjklmnrstuy
bcefhjklmpqrstu
bcefhjklmpqrsty
bcefhjklmpqrsuy
bcefhjklmpqrtuy
bcefhjklmpqstuy
bcefhjklmprstuy
bcefhjklmqrstuy
bcefhjklnpqrstu
bcefhjklnpqrsty
bcefhjklnpqrsuy
bcefhjklnpqrtuy
bcefhjklnpqstuy
bcefhjklnprstuy
bcefhjklnqrstuy
bcefhjklpqrstuy
bcefhjkmnpqrstu
bcefhjkmnpqrsty
bcefhjkmnpqrsuy
bcefhjkmnpqrtuy
bcefhjkmnpqstuy
bcefhjkmnprstuy
bcefhjkmnqrstuy
bcefhjkmpqrstuy
bcefhjknpqrstuy
bcefhjlmnpqrstu
bcefhjlmnpqrsty
bcefhjlmnpqrsuy
bcefhjlmnpqrtuy
bcefhjlmnpqstuy
bcefhjlmnprstuy
bcefhjlmnqrstuy
bcefhjlmpqrstuy
bcefhjlnpqrstuy
bcefhjmnpqrstuy
bcefhklmnpqrstu
bcefhklmnpqrsty
bcefhklmnpqrsuy
bcefhklmnpqrtuy
bcefhklmnpqstuy
bcefhklmnprstuy
bcefhklmnqrstuy
bcefhklmpqrstuy
bcefhklnpqrstuy
bcefhkmnpqrstuy
bcefhlmnpqrstuy
bcefjklmnpqrstu
bcefjklmnpqrsty
bcefjklmnpqrsuy
bcefjklmnpqrtuy
bcefjklmnpqstuy
bcefjklmnprstuy
bcefjklmnqrstuy
bcefjklmpqrstuy
bcefjklnpqrstuy
bcefjkmnpqrstuy
bcefjlmnpqrstuy
bcefklmnpqrstuy
bceghjklmnpqrst
bceghjklmnpqrsu
bceghjklmnpqrsy
bceghjklmnpqrtu
bceghjklmnpqrty
bceghjklmnpqruy
bceghjklmnpqstu
bceghjklmnpqsty
bceghjklmnpqsuy
bceghjklmnpqtuy
bceghjklmnprstu
bceghjklmnprsty
bceghjklmnprsuy
bceghjklmnprtuy
bceghjklmnpstuy
bceghjklmnqrstu
bceghjklmnqrsty
bceghjklmnqrsuy
bceghjklmnqrtuy
bceghjklmnqstuy
bceghjklmnrstuy
bceghjklmpqrstu
bceghjklmpqrsty
bceghjklmpqrsuy
bceghjklmpqrtuy
bceghjklmpqstuy
bceghjklmprstuy
bceghjklmqrstuy
bceghjklnpqrstu
bceghjklnpqrsty
bceghjklnpqrsuy
bceghjklnpqrtuy
bceghjklnpqstuy
bceghjklnprstuy
bceghjklnqrstuy
bceghjklpqrstuy
bceghjkmnpqrstu
bceghjkmnpqrsty
bceghjkmnpqrsuy
bceghjkmnpqrtuy
bceghjkmnpqstuy
bceghjkmnprstuy
bceghjkmnqrstuy
bceghjkmpqrstuy
bceghjknpqrstuy
bceghjlmnpqrstu
bceghjlmnpqrsty
bceghjlmnpqrsuy
bceghjlmnpqrtuy
bceghjlmnpqstuy
bceghjlmnprstuy
bceghjlmnqrstuy
bceghjlmpqrstuy
bceghjlnpqrstuy
bceghjmnpqrstuy
bceghklmnpqrstu
bceghklmnpqrsty
bceghklmnpqrsuy
bceghklmnpqrtuy
bceghklmnpqstuy
bceghklmnprstuy
bceghklmnqrstuy
bceghklmpqrstuy
bceghklnpqrstuy
bceghkmnpqrstuy
bceghlmnpqrstuy
bcegjklmnpqrstu
bcegjklmnpqrsty
bcegjklmnpqrsuy
bcegjklmnpqrtuy
bcegjklmnpqstuy
bcegjklmnprstuy
bcegjklmnqrstuy
bcegjklmpqrstuy
bcegjklnpqrstuy
bcegjkmnpqrstuy
bcegjlmnpqrstuy
bcegklmnpqrstuy
bcehjklmnpqrstu
bcehjklmnpqrsty
bcehjklmnpqrsuy
bcehjklmnpqrtuy
bcehjklmnpqstuy
bcehjklmnprstuy
bcehjklmnqrstuy
bcehjklmpqrstuy
bcehjklnpqrstuy
bcehjkmnpqrstuy
bcehjlmnpqrstuy
bcehklmnpqrstuy
bcejklmnpqrstuy
bcfghjklmnpqrsu
bcfghjklmnpqrtu
bcfghjklmnpqruy
bcfghjklmnpqstu
bcfghjklmnpqsuy
bcfghjklmnpqtuy
bcfghjklmnprstu
bcfghjklmnprsuy
bcfghjklmnprtuy
bcfghjklmnpstuy
bcfghjklmnqrstu
bcfghjklmnqrsuy
bcfghjklmnqrtuy
bcfghjklmnqstuy
bcfghjklmnrstuy
bcfghjklmpqrstu
bcfghjklmpqrsuy
bcfghjklmpqrtuy
bcfghjklmpqstuy
bcfghjklmprstuy
bcfghjklmqrstuy
bcfghjklnpqrstu
bcfghjklnpqrsuy
bcfghjklnpqrtuy
bcfghjklnpqstuy
bcfghjklnprstuy
bcfghjklnqrstuy
bcfghjklpqrstuy
bcfghjkmnpqrstu
bcfghjkmnpqrsuy
bcfghjkmnpqrtuy
bcfghjkmnpqstuy
bcfghjkmnprstuy
bcfghjkmnqrstuy
bcfghjkmpqrstuy
bcfghjknpqrstuy
bcfghjlmnpqrstu
bcfghjlmnpqrsuy
bcfghjlmnpqrtuy
bcfghjlmnpqstuy
bcfghjlmnprstuy
bcfghjlmnqrstuy
bcfghjlmpqrstuy
bcfghjlnpqrstuy
bcfghjmnpqrstuy
bcfghklmnpqrstu
bcfghklmnpqrsuy
bcfghklmnpqrtuy
bcfghklmnpqstuy
bcfghklmnprstuy
bcfghklmnqrstuy
bcfghklmpqrstuy
bcfghklnpqrstuy
bcfghkmnpqrstuy
bcfghlmnpqrstuy
bcfgjklmnpqrstu
bcfgjklmnpqrsuy
bcfgjklmnpqrtuy
bcfgjklmnpqstuy
bcfgjklmnprstuy
bcfgjklmnqrstuy
bcfgjklmpqrstuy
bcfgjklnpqrstuy
bcfgjkmnpqrstuy
bcfgjlmnpqrstuy
bcfgklmnpqrstuy
bcfhjklmnpqrstu
bcfhjklmnpqrsuy
bcfhjklmnpqrtuy
bcfhjklmnpqstuy
bcfhjklmnprstuy
bcfhjklmnqrstuy
bcfhjklmpqrstuy
bcfhjklnpqrstuy
bcfhjkmnpqrstuy
bcfhjlmnpqrstuy
bcfhklmnpqrstuy
bcfjklmnpqrstuy
bcghjklmnpqrstu
bcghjklmnpqrsuy
bcghjklmnpqrtuy
bcghjklmnpqstuy
bcghjklmnprstuy
bcghjklmnqrstuy
bcghjklmpqrstuy
bcghjklnpqrstuy
bcghjkmnpqrstuy
bcghjlmnpqrstuy
bcghklmnpqrstuy
bcgjklmnpqrstuy
bchjklmnpqrstuy
bdefghjklmnpqrs
bdefghjklmnpqrt
bdefghjklmnpqru
bdefghjklmnpqry
bdefghjklmnpqst
bdefghjklmnpqsu
bdefghjklmnpqsy
bdefghjklmnpqtu
bdefghjklmnpqty
bdefghjklmnpquy
bdefghjklmnprst
bdefghjklmnprsu
bdefghjklmnprsy
bdefghjklmnprtu
bdefghjklmnprty
bdefghjklmnpruy
bdefghjklmnpstu
bdefghjklmnpsty
bdefghjklmnpsuy
bdefghjklmnptuy
bdefghjklmnqrst
bdefghjklmnqrsu
bdefghjklmnqrsy
bdefghjklmnqrtu
bdefghjklmnqrty
bdefghjklmnqruy
bdefghjklmnqstu
bdefghjklmnqsty
bdefghjklmnqsuy
bdefghjklmnqtuy
bdefghjklmnrstu
bdefghjklmnrsty
bdefghjklmnrsuy
bdefghjklmnrtuy
bdefghjklmnstuy
bdefghjklmpqrst
bdefghjklmpqrsu
bdefghjklmpqrsy
bdefghjklmpqrtu
bdefghjklmpqrty
bdefghjklmpqruy
bdefghjklmpqstu
bdefghjklmpqsty
bdefghjklmpqsuy
bdefghjklmpqtuy
bdefghjklmprstu
bdefghjklmprsty
bdefghjklmprsuy
bdefghjklmprtuy
bdefghjklmpstuy
bdefghjklmqrstu
bdefghjklmqrsty
bdefghjklmqrsuy
bdefghjklmqrtuy
bdefghjklmqstuy
bdefghjklmrstuy
bdefghjklnpqrst
bdefghjklnpqrsu
bdefghjklnpqrsy
bdefghjklnpqrtu
bdefghjklnpqrty
bdefghjklnpqruy
bdefghjklnpqstu
bdefghjklnpqsty
bdefghjklnpqsuy
bdefghjklnpqtuy
bdefghjklnprstu
bdefghjklnprsty
bdefghjklnprsuy
bdefghjklnprtuy
bdefghjklnpstuy
bdefghjklnqrstu
bdefghjklnqrsty
bdefghjklnqrsuy
bdefghjklnqrtuy
bdefghjklnqstuy
bdefghjklnrstuy
bdefghjklpqrstu
bdefghjklpqrsty
bdefghjklpqrsuy
bdefghjklpqrtuy
bdefghjklpqstuy
bdefghjklprstuy
bdefghjklqrstuy
bdefghjkmnpqrst
bdefghjkmnpqrsu
bdefghjkmnpqrsy
bdefghjkmnpqrtu
bdefghjkmnpqrty
bdefghjkmnpqruy
bdefghjkmnpqstu
bdefghjkmnpqsty
bdefghjkmnpqsuy
bdefghjkmnpqtuy
bdefghjkmnprstu
bdefghjkmnprsty
bdefghjkmnprsuy
bdefghjkmnprtuy
bdefghjkmnpstuy
bdefghjkmnqrstu
bdefghjkmnqrsty
bdefghjkmnqrsuy
bdefghjkmnqrtuy
bdefghjkmnqstuy
bdefghjkmnrstuy
bdefghjkmpqrstu
bdefghjkmpqrsty
bdefghjkmpqrsuy
bdefghjkmpqrtuy
bdefghjkmpqstuy
bdefghjkmprstuy
bdefghjkmqrstuy
bdefghjknpqrstu
bdefghjknpqrsty
bdefghjknpqrsuy
bdefghjknpqrtuy
bdefghjknpqstuy
bdefghjknprstuy
bdefghjknqrstuy
bdefghjkpqrstuy
bdefghjlmnpqrst
bdefghjlmnpqrsu
bdefghjlmnpqrsy
bdefghjlmnpqrtu
bdefghjlmnpqrty
bdefghjlmnpqruy
bdefghjlmnpqstu
bdefghjlmnpqsty
bdefghjlmnpqsuy
bdefghjlmnpqtuy
bdefghjlmnprstu
bdefghjlmnprsty
bdefghjlmnprsuy
bdefghjlmnprtuy
bdefghjlmnpstuy
bdefghjlmnqrstu
bdefghjlmnqrsty
bdefghjlmnqrsuy
bdefghjlmnqrtuy
bdefghjlmnqstuy
bdefghjlmnrstuy
bdefghjlmpqrstu
bdefghjlmpqrsty
bdefghjlmpqrsuy
bdefghjlmpqrtuy
bdefghjlmpqstuy
bdefghjlmprstuy
bdefghjlmqrstuy
bdefghjlnpqrstu
bdefghjlnpqrsty
bdefghjlnpqrsuy
bdefghjlnpqrtuy
bdefghjlnpqstuy
bdefghjlnprstuy
bdefghjlnqrstuy
bdefghjlpqrstuy
bdefghjmnpqrstu
bdefghjmnpqrsty
bdefghjmnpqrsuy
bdefghjmnpqrtuy
bdefghjmnpqstuy
bdefghjmnprstuy
bdefghjmnqrstuy
bdefghjmpqrstuy
bdefghjnpqrstuy
bdefghklmnpqrst
bdefghklmnpqrsu
bdefghklmnpqrsy
bdefghklmnpqrtu
bdefghklmnpqrty
bdefghklmnpqruy
bdefghklmnpqstu
bdefghklmnpqsty
bdefghklmnpqsuy
bdefghklmnpqtuy
bdefghklmnprstu
bdefghklmnprsty
bdefghklmnprsuy
bdefghklmnprtuy
bdefghklmnpstuy
bdefghklmnqrstu
bdefghklmnqrsty
bdefghklmnqrsuy
bdefghklmnqrtuy
bdefghklmnqstuy
bdefghklmnrstuy
bdefghklmpqrstu
bdefghklmpqrsty
bdefghklmpqrsuy
bdefghklmpqrtuy
bdefghklmpqstuy
bdefghklmprstuy
bdefghklmqrstuy
bdefghklnpqrstu
bdefghklnpqrsty
bdefghklnpqrsuy
bdefghklnpqrtuy
bdefghklnpqstuy
bdefghklnprstuy
bdefghklnqrstuy
bdefghklpqrstuy
bdefghkmnpqrstu
bdefghkmnpqrsty
bdefghkmnpqrsuy
bdefghkmnpqrtuy
bdefghkmnpqstuy
bdefghkmnprstuy
bdefghkmnqrstuy
bdefghkmpqrstuy
bdefghknpqrstuy
bdefghlmnpqrstu
bdefghlmnpqrsty
bdefghlmnpqrsuy
bdefghlmnpqrtuy
bdefghlmnpqstuy
bdefghlmnprstuy
bdefghlmnqrstuy
bdefghlmpqrstuy
bdefghlnpqrstuy
bdefghmnpqrstuy
bdefgjklmnpqrst
bdefgjklmnpqrsu
bdefgjklmnpqrsy
bdefgjklmnpqrtu
bdefgjklmnpqrty
bdefgjklmnpqruy
bdefgjklmnpqstu
bdefgjklmnpqsty
bdefgjklmnpqsuy
bdefgjklmnpqtuy
bdefgjklmnprstu
bdefgjklmnprsty
bdefgjklmnprsuy
bdefgjklmnprtuy
bdefgjklmnpstuy
bdefgjklmnqrstu
bdefgjklmnqrsty
bdefgjklmnqrsuy
bdefgjklmnqrtuy
bdefgjklmnqstuy
bdefgjklmnrstuy
bdefgjklmpqrstu
bdefgjklmpqrsty
bdefgjklmpqrsuy
bdefgjklmpqrtuy
bdefgjklmpqstuy
bdefgjklmprstuy
bdefgjklmqrstuy
bdefgjklnpqrstu
bdefgjklnpqrsty
bdefgjklnpqrsuy
bdefgjklnpqrtuy
bdefgjklnpqstuy
bdefgjklnprstuy
bdefgjklnqrstuy
bdefgjklpqrstuy
bdefgjkmnpqrstu
bdefgjkmnpqrsty
bdefgjkmnpqrsuy
bdefgjkmnpqrtuy
bdefgjkmnpqstuy
bdefgjkmnprstuy
bdefgjkmnqrstuy
bdefgjkmpqrstuy
bdefgjknpqrstuy
bdefgjlmnpqrstu
bdefgjlmnpqrsty
bdefgjlmnpqrsuy
bdefgjlmnpqrtuy
bdefgjlmnpqstuy
bdefgjlmnprstuy
bdefgjlmnqrstuy
bdefgjlmpqrstuy
bdefgjlnpqrstuy
bdefgjmnpqrstuy
bdefgklmnpqrstu
bdefgklmnpqrsty
bdefgklmnpqrsuy
bdefgklmnpqrtuy
bdefgklmnpqstuy
bdefgklmnprstuy
bdefgklmnqrstuy
bdefgklmpqrstuy
bdefgklnpqrstuy
bdefgkmnpqrstuy
bdefglmnpqrstuy
bdefhjklmnpqrst
bdefhjklmnpqrsu
bdefhjklmnpqrsy
bdefhjklmnpqrtu
bdefhjklmnpqrty
bdefhjklmnpqruy
bdefhjklmnpqstu
bdefhjklmnpqsty
bdefhjklmnpqsuy
bdefhjklmnpqtuy
bdefhjklmnprstu
bdefhjklmnprsty
bdefhjklmnprsuy
bdefhjklmnprtuy
bdefhjklmnpstuy
bdefhjklmnqrstu
bdefhjklmnqrsty
bdefhjklmnqrsuy
bdefhjklmnqrtuy
bdefhjklmnqstuy
bdefhjklmnrstuy
bdefhjklmpqrstu
bdefhjklmpqrsty
bdefhjklmpqrsuy
bdefhjklmpqrtuy
bdefhjklmpqstuy
bdefhjklmprstuy
bdefhjklmqrstuy
bdefhjklnpqrstu
bdefhjklnpqrsty
bdefhjklnpqrsuy
bdefhjklnpqrtuy
bdefhjklnpqstuy
bdefhjklnprstuy
bdefhjklnqrstuy
bdefhjklpqrstuy
bdefhjkmnpqrstu
bdefhjkmnpqrsty
bdefhjkmnpqrsuy
bdefhjkmnpqrtuy
bdefhjkmnpqstuy
bdefhjkmnprstuy
bdefhjkmnqrstuy
bdefhjkmpqrstuy
bdefhjknpqrstuy
bdefhjlmnpqrstu
bdefhjlmnpqrsty
bdefhjlmnpqrsuy
bdefhjlmnpqrtuy
bdefhjlmnpqstuy
bdefhjlmnprstuy
bdefhjlmnqrstuy
bdefhjlmpqrstuy
bdefhjlnpqrstuy
bdefhjmnpqrstuy
bdefhklmnpqrstu
bdefhklmnpqrsty
bdefhklmnpqrsuy
bdefhklmnpqrtuy
bdefhklmnpqstuy
bdefhklmnprstuy
bdefhklmnqrstuy
bdefhklmpqrstuy
bdefhklnpqrstuy
bdefhkmnpqrstuy
bdefhlmnpqrstuy
bdefjklmnpqrstu
bdefjklmnpqrsty
bdefjklmnpqrsuy
bdefjklmnpqrtuy
bdefjklmnpqstuy
bdefjklmnprstuy
bdefjklmnqrstuy
bdefjklmpqrstuy
bdefjklnpqrstuy
bdefjkmnpqrstuy
bdefjlmnpqrstuy
bdefklmnpqrstuy
bdeghjklmnpqrst
bdeghjklmnpqrsu
bdeghjklmnpqrsy
bdeghjklmnpqrtu
bdeghjklmnpqrty
bdeghjklmnpqruy
bdeghjklmnpqstu
bdeghjklmnpqsty
bdeghjklmnpqsuy
bdeghjklmnpqtuy
bdeghjklmnprstu
bdeghjklmnprsty
bdeghjklmnprsuy
bdeghjklmnprtuy
bdeghjklmnpstuy
bdeghjklmnqrstu
bdeghjklmnqrsty
bdeghjklmnqrsuy
bdeghjklmnqrtuy
bdeghjklmnqstuy
bdeghjklmnrstuy
bdeghjklmpqrstu
bdeghjklmpqrsty
bdeghjklmpqrsuy
bdeghjklmpqrtuy
bdeghjklmpqstuy
bdeghjklmprstuy
bdeghjklmqrstuy
bdeghjklnpqrstu
bdeghjklnpqrsty
bdeghjklnpqrsuy
bdeghjklnpqrtuy
bdeghjklnpqstuy
bdeghjklnprstuy
bdeghjklnqrstuy
bdeghjklpqrstuy
bdeghjkmnpqrstu
bdeghjkmnpqrsty
bdeghjkmnpqrsuy
bdeghjkmnpqrtuy
bdeghjkmnpqstuy
bdeghjkmnprstuy
bdeghjkmnqrstuy
bdeghjkmpqrstuy
bdeghjknpqrstuy
bdeghjlmnpqrstu
bdeghjlmnpqrsty
bdeghjlmnpqrsuy
bdeghjlmnpqrtuy
bdeghjlmnpqstuy
bdeghjlmnprstuy
bdeghjlmnqrstuy
bdeghjlmpqrstuy
bdeghjlnpqrstuy
bdeghjmnpqrstuy
bdeghklmnpqrstu
bdeghklmnpqrsty
bdeghklmnpqrsuy
bdeghklmnpqrtuy
bdeghklmnpqstuy
bdeghklmnprstuy
bdeghklmnqrstuy
bdeghklmpqrstuy
bdeghklnpqrstuy
bdeghkmnpqrstuy
bdeghlmnpqrstuy
bdegjklmnpqrstu
bdegjklmnpqrsty
bdegjklmnpqrsuy
bdegjklmnpqrtuy
bdegjklmnpqstuy
bdegjklmnprstuy
bdegjklmnqrstuy
bdegjklmpqrstuy
bdegjklnpqrstuy
bdegjkmnpqrstuy
bdegjlmnpqrstuy
bdegklmnpqrstuy
bdehjklmnpqrstu
bdehjklmnpqrsty
bdehjklmnpqrsuy
bdehjklmnpqrtuy
bdehjklmnpqstuy
bdehjklmnprstuy
bdehjklmnqrstuy
bdehjklmpqrstuy
bdehjklnpqrstuy
bdehjkmnpqrstuy
bdehjlmnpqrstuy
bdehklmnpqrstuy
bdejklmnpqrstuy
bdfghjklmnpqrsu
bdfghjklmnpqrtu
bdfghjklmnpqruy
bdfghjklmnpqstu
bdfghjklmnpqsuy
bdfghjklmnpqtuy
bdfghjklmnprstu
bdfghjklmnprsuy
bdfghjklmnprtuy
bdfghjklmnpstuy
bdfghjklmnqrstu
bdfghjklmnqrsuy
bdfghjklmnqrtuy
bdfghjklmnqstuy
bdfghjklmnrstuy
bdfghjklmpqrstu
bdfghjklmpqrsuy
bdfghjklmpqrtuy
bdfghjklmpqstuy
bdfghjklmprstuy
bdfghjklmqrstuy
bdfghjklnpqrstu
bdfghjklnpqrsuy
bdfghjklnpqrtuy
bdfghjklnpqstuy
bdfghjklnprstuy
bdfghjklnqrstuy
bdfghjklpqrstuy
bdfghjkmnpqrstu
bdfghjkmnpqrsuy
bdfghjkmnpqrtuy
bdfghjkmnpqstuy
bdfghjkmnprstuy
bdfghjkmnqrstuy
bdfghjkmpqrstuy
bdfghjknpqrstuy
bdfghjlmnpqrstu
bdfghjlmnpqrsuy
bdfghjlmnpqrtuy
bdfghjlmnpqstuy
bdfghjlmnprstuy
bdfghjlmnqrstuy
bdfghjlmpqrstuy
bdfghjlnpqrstuy
bdfghjmnpqrstuy
bdfghklmnpqrstu
bdfghklmnpqrsuy
bdfghklmnpqrtuy
bdfghklmnpqstuy
bdfghklmnprstuy
bdfghklmnqrstuy
bdfghklmpqrstuy
bdfghklnpqrstuy
bdfghkmnpqrstuy
bdfghlmnpqrstuy
bdfgjklmnpqrstu
bdfgjklmnpqrsuy
bdfgjklmnpqrtuy
bdfgjklmnpqstuy
bdfgjklmnprstuy
bdfgjklmnqrstuy
bdfgjklmpqrstuy
bdfgjklnpqrstuy
bdfgjkmnpqrstuy
bdfgjlmnpqrstuy
bdfgklmnpqrstuy
bdfhjklmnpqrstu
bdfhjklmnpqrsuy
bdfhjklmnpqrtuy
bdfhjklmnpqstuy
bdfhjklmnprstuy
bdfhjklmnqrstuy
bdfhjklmpqrstuy
bdfhjklnpqrstuy
bdfhjkmnpqrstuy
bdfhjlmnpqrstuy
bdfhklmnpqrstuy
bdfjklmnpqrstuy
bdghjklmnpqrstu
bdghjklmnpqrsuy
bdghjklmnpqrtuy
bdghjklmnpqstuy
bdghjklmnprstuy
bdghjklmnqrstuy
bdghjklmpqrstuy
bdghjklnpqrstuy
bdghjkmnpqrstuy
bdghjlmnpqrstuy
bdghklmnpqrstuy
bdgjklmnpqrstuy
bdhjklmnpqrstuy
befghjklmnpqrst
befghjklmnpqrsu
befghjklmnpqrsy
befghjklmnpqrtu
befghjklmnpqrty
befghjklmnpqruy
befghjklmnpqstu
befghjklmnpqsty
befghjklmnpqsuy
befghjklmnpqtuy
befghjklmnprstu
befghjklmnprsty
befghjklmnprsuy
befghjklmnprtuy
befghjklmnpstuy
befghjklmnqrstu
befghjklmnqrsty
befghjklmnqrsuy
befghjklmnqrtuy
befghjklmnqstuy
befghjklmnrstuy
befghjklmpqrstu
befghjklmpqrsty
befghjklmpqrsuy
befghjklmpqrtuy
befghjklmpqstuy
befghjklmprstuy
befghjklmqrstuy
befghjklnpqrstu
befghjklnpqrsty
befghjklnpqrsuy
befghjklnpqrtuy
befghjklnpqstuy
befghjklnprstuy
befghjklnqrstuy
befghjklpqrstuy
befghjkmnpqrstu
befghjkmnpqrsty
befghjkmnpqrsuy
befghjkmnpqrtuy
befghjkmnpqstuy
befghjkmnprstuy
befghjkmnqrstuy
befghjkmpqrstuy
befghjknpqrstuy
befghjlmnpqrstu
befghjlmnpqrsty
befghjlmnpqrsuy
befghjlmnpqrtuy
befghjlmnpqstuy
befghjlmnprstuy
befghjlmnqrstuy
befghjlmpqrstuy
befghjlnpqrstuy
befghjmnpqrstuy
befghklmnpqrstu
befghklmnpqrsty
befghklmnpqrsuy
befghklmnpqrtuy
befghklmnpqstuy
befghklmnprstuy
befghklmnqrstuy
befghklmpqrstuy
befghklnpqrstuy
befghkmnpqrstuy
befghlmnpqrstuy
befgjklmnpqrstu
befgjklmnpqrsty
befgjklmnpqrsuy
befgjklmnpqrtuy
befgjklmnpqstuy
befgjklmnprstuy
befgjklmnqrstuy
befgjklmpqrstuy
befgjklnpqrstuy
befgjkmnpqrstuy
befgjlmnpqrstuy
befgklmnpqrstuy
befhjklmnpqrstu
befhjklmnpqrsty
befhjklmnpqrsuy
befhjklmnpqrtuy
befhjklmnpqstuy
befhjklmnprstuy
befhjklmnqrstuy
befhjklmpqrstuy
befhjklnpqrstuy
befhjkmnpqrstuy
befhjlmnpqrstuy
befhklmnpqrstuy
befjklmnpqrstuy
beghjklmnpqrstu
beghjklmnpqrsty
beghjklmnpqrsuy
beghjklmnpqrtuy
beghjklmnpqstuy
beghjklmnprstuy
beghjklmnqrstuy
beghjklmpqrstuy
beghjklnpqrstuy
beghjkmnpqrstuy
beghjlmnpqrstuy
beghklmnpqrstuy
begjklmnpqrstuy
behjklmnpqrstuy
bfghjklmnpqrstu
bfghjklmnpqrsuy
bfghjklmnpqrtuy
bfghjklmnpqstuy
bfghjklmnprstuy
bfghjklmnqrstuy
bfghjklmpqrstuy
bfghjklnpqrstuy
bfghjkmnpqrstuy
bfghjlmnpqrstuy
bfghklmnpqrstuy
bfgjklmnpqrstuy
bfhjklmnpqrstuy
bghjklmnpqrstuy
cdefghjklmnpqrs
cdefghjklmnpqrt
cdefghjklmnpqru
cdefghjklmnpqry
cdefghjklmnpqst
cdefghjklmnpqsu
cdefghjklmnpqsy
cdefghjklmnpqtu
cdefghjklmnpqty
cdefghjklmnpquy
cdefghjklmnprst
cdefghjklmnprsu
cdefghjklmnprsy
cdefghjklmnprtu
cdefghjklmnprty
cdefghjklmnpruy
cdefghjklmnpstu
cdefghjklmnpsty
cdefghjklmnpsuy
cdefghjklmnptuy
cdefghjklmnqrst
cdefghjklmnqrsu
cdefghjklmnqrsy
cdefghjklmnqrtu
cdefghjklmnqrty
cdefghjklmnqruy
cdefghjklmnqstu
cdefghjklmnqsty
cdefghjklmnqsuy
cdefghjklmnqtuy
cdefghjklmnrstu
cdefghjklmnrsty
cdefghjklmnrsuy
cdefghjklmnrtuy
cdefghjklmnstuy
cdefghjklmpqrst
cdefghjklmpqrsu
cdefghjklmpqrsy
cdefghjklmpqrtu
cdefghjklmpqrty
cdefghjklmpqruy
cdefghjklmpqstu
cdefghjklmpqsty
cdefghjklmpqsuy
cdefghjklmpqtuy
cdefghjklmprstu
cdefghjklmprsty
cdefghjklmprsuy
cdefghjklmprtuy
cdefghjklmpstuy
cdefghjklmqrstu
cdefghjklmqrsty
cdefghjklmqrsuy
cdefghjklmqrtuy
cdefghjklmqstuy
cdefghjklmrstuy
cdefghjklnpqrst
cdefghjklnpqrsu
cdefghjklnpqrsy
cdefghjklnpqrtu
cdefghjklnpqrty
cdefghjklnpqruy
cdefghjklnpqstu
cdefghjklnpqsty
cdefghjklnpqsuy
cdefghjklnpqtuy
cdefghjklnprstu
cdefghjklnprsty
cdefghjklnprsuy
cdefghjklnprtuy
cdefghjklnpstuy
cdefghjklnqrstu
cdefghjklnqrsty
cdefghjklnqrsuy
cdefghjklnqrtuy
cdefghjklnqstuy
cdefghjklnrstuy
cdefghjklpqrstu
cdefghjklpqrsty
cdefghjklpqrsuy
cdefghjklpqrtuy
cdefghjklpqstuy
cdefghjklprstuy
cdefghjklqrstuy
cdefghjkmnpqrst
cdefghjkmnpqrsu
cdefghjkmnpqrsy
cdefghjkmnpqrtu
cdefghjkmnpqrty
cdefghjkmnpqruy
cdefghjkmnpqstu
cdefghjkmnpqsty
cdefghjkmnpqsuy
cdefghjkmnpqtuy
cdefghjkmnprstu
cdefghjkmnprsty
cdefghjkmnprsuy
cdefghjkmnprtuy
cdefghjkmnpstuy
cdefghjkmnqrstu
cdefghjkmnqrsty
cdefghjkmnqrsuy
cdefghjkmnqrtuy
cdefghjkmnqstuy
cdefghjkmnrstuy
cdefghjkmpqrstu
cdefghjkmpqrsty
cdefghjkmpqrsuy
cdefghjkmpqrtuy
cdefghjkmpqstuy
cdefghjkmprstuy
cdefghjkmqrstuy
cdefghjknpqrstu
cdefghjknpqrsty
cdefghjknpqrsuy
cdefghjknpqrtuy
cdefghjknpqstuy
cdefghjknprstuy
cdefghjknqrstuy
cdefghjkpqrstuy
cdefghjlmnpqrst
cdefghjlmnpqrsu
cdefghjlmnpqrsy
cdefghjlmnpqrtu
cdefghjlmnpqrty
cdefghjlmnpqruy
cdefghjlmnpqstu
cdefghjlmnpqsty
cdefghjlmnpqsuy
cdefghjlmnpqtuy
cdefghjlmnprstu
cdefghjlmnprsty
cdefghjlmnprsuy
cdefghjlmnprtuy
cdefghjlmnpstuy
cdefghjlmnqrstu
cdefghjlmnqrsty
cdefghjlmnqrsuy
cdefghjlmnqrtuy
cdefghjlmnqstuy
cdefghjlmnrstuy
cdefghjlmpqrstu
cdefghjlmpqrsty
cdefghjlmpqrsuy
cdefghjlmpqrtuy
cdefghjlmpqstuy
cdefghjlmprstuy
cdefghjlmqrstuy
cdefghjlnpqrstu
cdefghjlnpqrsty
cdefghjlnpqrsuy
cdefghjlnpqrtuy
cdefghjlnpqstuy
cdefghjlnprstuy
cdefghjlnqrstuy
cdefghjlpqrstuy
cdefghjmnpqrstu
cdefghjmnpqrsty
cdefghjmnpqrsuy
cdefghjmnpqrtuy
cdefghjmnpqstuy
cdefghjmnprstuy
cdefghjmnqrstuy
cdefghjmpqrstuy
cdefghjnpqrstuy
cdefghklmnpqrst
cdefghklmnpqrsu
cdefghklmnpqrsy
cdefghklmnpqrtu
cdefghklmnpqrty
cdefghklmnpqruy
cdefghklmnpqstu
cdefghklmnpqsty
cdefghklmnpqsuy
cdefghklmnpqtuy
cdefghklmnprstu
cdefghklmnprsty
cdefghklmnprsuy
cdefghklmnprtuy
cdefghklmnpstuy
cdefghklmnqrstu
cdefghklmnqrsty
cdefghklmnqrsuy
cdefghklmnqrtuy
cdefghklmnqstuy
cdefghklmnrstuy
cdefghklmpqrstu
cdefghklmpqrsty
cdefghklmpqrsuy
cdefghklmpqrtuy
cdefghklmpqstuy
cdefghklmprstuy
cdefghklmqrstuy
cdefghklnpqrstu
cdefghklnpqrsty
cdefghklnpqrsuy
cdefghklnpqrtuy
cdefghklnpqstuy
cdefghklnprstuy
cdefghklnqrstuy
cdefghklpqrstuy
cdefghkmnpqrstu
cdefghkmnpqrsty
cdefghkmnpqrsuy
cdefghkmnpqrtuy
cdefghkmnpqstuy
cdefghkmnprstuy
cdefghkmnqrstuy
cdefghkmpqrstuy
cdefghknpqrstuy
cdefghlmnpqrstu
cdefghlmnpqrsty
cdefghlmnpqrsuy
cdefghlmnpqrtuy
cdefghlmnpqstuy
cdefghlmnprstuy
cdefghlmnqrstuy
cdefghlmpqrstuy
cdefghlnpqrstuy
cdefghmnpqrstuy
cdefgjklmnpqrst
cdefgjklmnpqrsu
cdefgjklmnpqrsy
cdefgjklmnpqrtu
cdefgjklmnpqrty
cdefgjklmnpqruy
cdefgjklmnpqstu
cdefgjklmnpqsty
cdefgjklmnpqsuy
cdefgjklmnpqtuy
cdefgjklmnprstu
cdefgjklmnprsty
cdefgjklmnprsuy
cdefgjklmnprtuy
cdefgjklmnpstuy
cdefgjklmnqrstu
cdefgjklmnqrsty
cdefgjklmnqrsuy
cdefgjklmnqrtuy
cdefgjklmnqstuy
cdefgjklmnrstuy
cdefgjklmpqrstu
cdefgjklmpqrsty
cdefgjklmpqrsuy
cdefgjklmpqrtuy
cdefgjklmpqstuy
cdefgjklmprstuy
cdefgjklmqrstuy
cdefgjklnpqrstu
cdefgjklnpqrsty
cdefgjklnpqrsuy
cdefgjklnpqrtuy
cdefgjklnpqstuy
cdefgjklnprstuy
cdefgjklnqrstuy
cdefgjklpqrstuy
cdefgjkmnpqrstu
cdefgjkmnpqrsty
cdefgjkmnpqrsuy
cdefgjkmnpqrtuy
cdefgjkmnpqstuy
cdefgjkmnprstuy
cdefgjkmnqrstuy
cdefgjkmpqrstuy
cdefgjknpqrstuy
cdefgjlmnpqrstu
cdefgjlmnpqrsty
cdefgjlmnpqrsuy
cdefgjlmnpqrtuy
cdefgjlmnpqstuy
cdefgjlmnprstuy
cdefgjlmnqrstuy
cdefgjlmpqrstuy
cdefgjlnpqrstuy
cdefgjmnpqrstuy
cdefgklmnpqrstu
cdefgklmnpqrsty
cdefgklmnpqrsuy
cdefgklmnpqrtuy
cdefgklmnpqstuy
cdefgklmnprstuy
cdefgklmnqrstuy
cdefgklmpqrstuy
cdefgklnpqrstuy
cdefgkmnpqrstuy
cdefglmnpqrstuy
cdefhjklmnpqrst
cdefhjklmnpqrsu
cdefhjklmnpqrsy
cdefhjklmnpqrtu
cdefhjklmnpqrty
cdefhjklmnpqruy
cdefhjklmnpqstu
cdefhjklmnpqsty
cdefhjklmnpqsuy
cdefhjklmnpqtuy
cdefhjklmnprstu
cdefhjklmnprsty
cdefhjklmnprsuy
cdefhjklmnprtuy
cdefhjklmnpstuy
cdefhjklmnqrstu
cdefhjklmnqrsty
cdefhjklmnqrsuy
cdefhjklmnqrtuy
cdefhjklmnqstuy
cdefhjklmnrstuy
cdefhjklmpqrstu
cdefhjklmpqrsty
cdefhjklmpqrsuy
cdefhjklmpqrtuy
cdefhjklmpqstuy
cdefhjklmprstuy
cdefhjklmqrstuy
cdefhjklnpqrstu
cdefhjklnpqrsty
cdefhjklnpqrsuy
cdefhjklnpqrtuy
cdefhjklnpqstuy
cdefhjklnprstuy
cdefhjklnqrstuy
cdefhjklpqrstuy
cdefhjkmnpqrstu
cdefhjkmnpqrsty
cdefhjkmnpqrsuy
cdefhjkmnpqrtuy
cdefhjkmnpqstuy
cdefhjkmnprstuy
cdefhjkmnqrstuy
cdefhjkmpqrstuy
cdefhjknpqrstuy
cdefhjlmnpqrstu
cdefhjlmnpqrsty
cdefhjlmnpqrsuy
cdefhjlmnpqrtuy
cdefhjlmnpqstuy
cdefhjlmnprstuy
cdefhjlmnqrstuy
cdefhjlmpqrstuy
cdefhjlnpqrstuy
cdefhjmnpqrstuy
cdefhklmnpqrstu
cdefhklmnpqrsty
cdefhklmnpqrsuy
cdefhklmnpqrtuy
cdefhklmnpqstuy
cdefhklmnprstuy
cdefhklmnqrstuy
cdefhklmpqrstuy
cdefhklnpqrstuy
cdefhkmnpqrstuy
cdefhlmnpqrstuy
cdefjklmnpqrstu
cdefjklmnpqrsty
cdefjklmnpqrsuy
cdefjklmnpqrtuy
cdefjklmnpqstuy
cdefjklmnprstuy
cdefjklmnqrstuy
cdefjklmpqrstuy
cdefjklnpqrstuy
cdefjkmnpqrstuy
cdefjlmnpqrstuy
cdefklmnpqrstuy
cdeghjklmnpqrst
cdeghjklmnpqrsu
cdeghjklmnpqrsy
cdeghjklmnpqrtu
cdeghjklmnpqrty
cdeghjklmnpqruy
cdeghjklmnpqstu
cdeghjklmnpqsty
cdeghjklmnpqsuy
cdeghjklmnpqtuy
cdeghjklmnprstu
cdeghjklmnprsty
cdeghjklmnprsuy
cdeghjklmnprtuy
cdeghjklmnpstuy
cdeghjklmnqrstu
cdeghjklmnqrsty
cdeghjklmnqrsuy
cdeghjklmnqrtuy
cdeghjklmnqstuy
cdeghjklmnrstuy
cdeghjklmpqrstu
cdeghjklmpqrsty
cdeghjklmpqrsuy
cdeghjklmpqrtuy
cdeghjklmpqstuy
cdeghjklmprstuy
cdeghjklmqrstuy
cdeghjklnpqrstu
cdeghjklnpqrsty
cdeghjklnpqrsuy
cdeghjklnpqrtuy
cdeghjklnpqstuy
cdeghjklnprstuy
cdeghjklnqrstuy
cdeghjklpqrstuy
cdeghjkmnpqrstu
cdeghjkmnpqrsty
cdeghjkmnpqrsuy
cdeghjkmnpqrtuy
cdeghjkmnpqstuy
cdeghjkmnprstuy
cdeghjkmnqrstuy
cdeghjkmpqrstuy
cdeghjknpqrstuy
cdeghjlmnpqrstu
cdeghjlmnpqrsty
cdeghjlmnpqrsuy
cdeghjlmnpqrtuy
cdeghjlmnpqstuy
cdeghjlmnprstuy
cdeghjlmnqrstuy
cdeghjlmpqrstuy
cdeghjlnpqrstuy
cdeghjmnpqrstuy
cdeghklmnpqrstu
cdeghklmnpqrsty
cdeghklmnpqrsuy
cdeghklmnpqrtuy
cdeghklmnpqstuy
cdeghklmnprstuy
cdeghklmnqrstuy
cdeghklmpqrstuy
cdeghklnpqrstuy
cdeghkmnpqrstuy
cdeghlmnpqrstuy
cdegjklmnpqrstu
cdegjklmnpqrsty
cdegjklmnpqrsuy
cdegjklmnpqrtuy
cdegjklmnpqstuy
cdegjklmnprstuy
cdegjklmnqrstuy
cdegjklmpqrstuy
cdegjklnpqrstuy
cdegjkmnpqrstuy
cdegjlmnpqrstuy
cdegklmnpqrstuy
cdehjklmnpqrstu
cdehjklmnpqrsty
cdehjklmnpqrsuy
cdehjklmnpqrtuy
cdehjklmnpqstuy
cdehjklmnprstuy
cdehjklmnqrstuy
cdehjklmpqrstuy
cdehjklnpqrstuy
cdehjkmnpqrstuy
cdehjlmnpqrstuy
cdehklmnpqrstuy
cdejklmnpqrstuy
cdfghjklmnpqrsu
cdfghjklmnpqrtu
cdfghjklmnpqruy
cdfghjklmnpqstu
cdfghjklmnpqsuy
cdfghjklmnpqtuy
cdfghjklmnprstu
cdfghjklmnprsuy
cdfghjklmnprtuy
cdfghjklmnpstuy
cdfghjklmnqrstu
cdfghjklmnqrsuy
cdfghjklmnqrtuy
cdfghjklmnqstuy
cdfghjklmnrstuy
cdfghjklmpqrstu
cdfghjklmpqrsuy
cdfghjklmpqrtuy
cdfghjklmpqstuy
cdfghjklmprstuy
cdfghjklmqrstuy
cdfghjklnpqrstu
cdfghjklnpqrsuy
cdfghjklnpqrtuy
cdfghjklnpqstuy
cdfghjklnprstuy
cdfghjklnqrstuy
cdfghjklpqrstuy
cdfghjkmnpqrstu
cdfghjkmnpqrsuy
cdfghjkmnpqrtuy
cdfghjkmnpqstuy
cdfghjkmnprstuy
cdfghjkmnqrstuy
cdfghjkmpqrstuy
cdfghjknpqrstuy
cdfghjlmnpqrstu
cdfghjlmnpqrsuy
cdfghjlmnpqrtuy
cdfghjlmnpqstuy
cdfghjlmnprstuy
cdfghjlmnqrstuy
cdfghjlmpqrstuy
cdfghjlnpqrstuy
cdfghjmnpqrstuy
cdfghklmnpqrstu
cdfghklmnpqrsuy
cdfghklmnpqrtuy
cdfghklmnpqstuy
cdfghklmnprstuy
cdfghklmnqrstuy
cdfghklmpqrstuy
cdfghklnpqrstuy
cdfghkmnpqrstuy
cdfghlmnpqrstuy
cdfgjklmnpqrstu
cdfgjklmnpqrsuy
cdfgjklmnpqrtuy
cdfgjklmnpqstuy
cdfgjklmnprstuy
cdfgjklmnqrstuy
cdfgjklmpqrstuy
cdfgjklnpqrstuy
cdfgjkmnpqrstuy
cdfgjlmnpqrstuy
cdfgklmnpqrstuy
cdfhjklmnpqrstu
cdfhjklmnpqrsuy
cdfhjklmnpqrtuy
cdfhjklmnpqstuy
cdfhjklmnprstuy
cdfhjklmnqrstuy
cdfhjklmpqrstuy
cdfhjklnpqrstuy
cdfhjkmnpqrstuy
cdfhjlmnpqrstuy
cdfhklmnpqrstuy
cdfjklmnpqrstuy
cdghjklmnpqrstu
cdghjklmnpqrsuy
cdghjklmnpqrtuy
cdghjklmnpqstuy
cdghjklmnprstuy
cdghjklmnqrstuy
cdghjklmpqrstuy
cdghjklnpqrstuy
cdghjkmnpqrstuy
cdghjlmnpqrstuy
cdghklmnpqrstuy
cdgjklmnpqrstuy
cdhjklmnpqrstuy
cefghjklmnpqrst
cefghjklmnpqrsu
cefghjklmnpqrsy
cefghjklmnpqrtu
cefghjklmnpqrty
cefghjklmnpqruy
cefghjklmnpqstu
cefghjklmnpqsty
cefghjklmnpqsuy
cefghjklmnpqtuy
cefghjklmnprstu
cefghjklmnprsty
cefghjklmnprsuy
cefghjklmnprtuy
cefghjklmnpstuy
cefghjklmnqrstu
cefghjklmnqrsty
cefghjklmnqrsuy
cefghjklmnqrtuy
cefghjklmnqstuy
cefghjklmnrstuy
cefghjklmpqrstu
cefghjklmpqrsty
cefghjklmpqrsuy
cefghjklmpqrtuy
cefghjklmpqstuy
cefghjklmprstuy
cefghjklmqrstuy
cefghjklnpqrstu
cefghjklnpqrsty
cefghjklnpqrsuy
cefghjklnpqrtuy
cefghjklnpqstuy
cefghjklnprstuy
cefghjklnqrstuy
cefghjklpqrstuy
cefghjkmnpqrstu
cefghjkmnpqrsty
cefghjkmnpqrsuy
cefghjkmnpqrtuy
cefghjkmnpqstuy
cefghjkmnprstuy
cefghjkmnqrstuy
cefghjkmpqrstuy
cefghjknpqrstuy
cefghjlmnpqrstu
cefghjlmnpqrsty
cefghjlmnpqrsuy
cefghjlmnpqrtuy
cefghjlmnpqstuy
cefghjlmnprstuy
cefghjlmnqrstuy
cefghjlmpqrstuy
cefghjlnpqrstuy
cefghjmnpqrstuy
cefghklmnpqrstu
cefghklmnpqrsty
cefghklmnpqrsuy
cefghklmnpqrtuy
cefghklmnpqstuy
cefghklmnprstuy
cefghklmnqrstuy
cefghklmpqrstuy
cefghklnpqrstuy
cefghkmnpqrstuy
cefghlmnpqrstuy
cefgjklmnpqrstu
cefgjklmnpqrsty
cefgjklmnpqrsuy
cefgjklmnpqrtuy
cefgjklmnpqstuy
cefgjklmnprstuy
cefgjklmnqrstuy
cefgjklmpqrstuy
cefgjklnpqrstuy
cefgjkmnpqrstuy
cefgjlmnpqrstuy
cefgklmnpqrstuy
cefhjklmnpqrstu
cefhjklmnpqrsty
cefhjklmnpqrsuy
cefhjklmnpqrtuy
cefhjklmnpqstuy
cefhjklmnprstuy
cefhjklmnqrstuy
cefhjklmpqrstuy
cefhjklnpqrstuy
cefhjkmnpqrstuy
cefhjlmnpqrstuy
cefhklmnpqrstuy
cefjklmnpqrstuy
ceghjklmnpqrstu
ceghjklmnpqrsty
ceghjklmnpqrsuy
ceghjklmnpqrtuy
ceghjklmnpqstuy
ceghjklmnprstuy
ceghjklmnqrstuy
ceghjklmpqrstuy
ceghjklnpqrstuy
ceghjkmnpqrstuy
ceghjlmnpqrstuy
ceghklmnpqrstuy
cegjklmnpqrstuy
cehjklmnpqrstuy
cfghjklmnpqrstu
cfghjklmnpqrsuy
cfghjklmnpqrtuy
cfghjklmnpqstuy
cfghjklmnprstuy
cfghjklmnqrstuy
cfghjklmpqrstuy
cfghjklnpqrstuy
cfghjkmnpqrstuy
cfghjlmnpqrstuy
cfghklmnpqrstuy
cfgjklmnpqrstuy
cfhjklmnpqrstuy
cghjklmnpqrstuy
defghjklmnpqrst
defghjklmnpqrsu
defghjklmnpqrsy
defghjklmnpqrtu
defghjklmnpqrty
defghjklmnpqruy
defghjklmnpqstu
defghjklmnpqsty
defghjklmnpqsuy
defghjklmnpqtuy
defghjklmnprstu
defghjklmnprsty
defghjklmnprsuy
defghjklmnprtuy
defghjklmnpstuy
defghjklmnqrstu
defghjklmnqrsty
defghjklmnqrsuy
defghjklmnqrtuy
defghjklmnqstuy
defghjklmnrstuy
defghjklmpqrstu
defghjklmpqrsty
defghjklmpqrsuy
defghjklmpqrtuy
defghjklmpqstuy
defghjklmprstuy
defghjklmqrstuy
defghjklnpqrstu
defghjklnpqrsty
defghjklnpqrsuy
defghjklnpqrtuy
defghjklnpqstuy
defghjklnprstuy
defghjklnqrstuy
defghjklpqrstuy
defghjkmnpqrstu
defghjkmnpqrsty
defghjkmnpqrsuy
defghjkmnpqrtuy
defghjkmnpqstuy
defghjkmnprstuy
defghjkmnqrstuy
defghjkmpqrstuy
defghjknpqrstuy
defghjlmnpqrstu
defghjlmnpqrsty
defghjlmnpqrsuy
defghjlmnpqrtuy
defghjlmnpqstuy
defghjlmnprstuy
defghjlmnqrstuy
defghjlmpqrstuy
defghjlnpqrstuy
defghjmnpqrstuy
defghklmnpqrstu
defghklmnpqrsty
defghklmnpqrsuy
defghklmnpqrtuy
defghklmnpqstuy
defghklmnprstuy
defghklmnqrstuy
defghklmpqrstuy
defghklnpqrstuy
defghkmnpqrstuy
defghlmnpqrstuy
defgjklmnpqrstu
defgjklmnpqrsty
defgjklmnpqrsuy
defgjklmnpqrtuy
defgjklmnpqstuy
defgjklmnprstuy
defgjklmnqrstuy
defgjklmpqrstuy
defgjklnpqrstuy
defgjkmnpqrstuy
defgjlmnpqrstuy
defgklmnpqrstuy
defhjklmnpqrstu
defhjklmnpqrsty
defhjklmnpqrsuy
defhjklmnpqrtuy
defhjklmnpqstuy
defhjklmnprstuy
defhjklmnqrstuy
defhjklmpqrstuy
defhjklnpqrstuy
defhjkmnpqrstuy
defhjlmnpqrstuy
defhklmnpqrstuy
defjklmnpqrstuy
deghjklmnpqrstu
deghjklmnpqrsty
deghjklmnpqrsuy
deghjklmnpqrtuy
deghjklmnpqstuy
deghjklmnprstuy
deghjklmnqrstuy
deghjklmpqrstuy
deghjklnpqrstuy
deghjkmnpqrstuy
deghjlmnpqrstuy
deghklmnpqrstuy
degjklmnpqrstuy
dehjklmnpqrstuy
dfghjklmnpqrstu
dfghjklmnpqrsuy
dfghjklmnpqrtuy
dfghjklmnpqstuy
dfghjklmnprstuy
dfghjklmnqrstuy
dfghjklmpqrstuy
dfghjklnpqrstuy
dfghjkmnpqrstuy
dfghjlmnpqrstuy
dfghklmnpqrstuy
dfgjklmnpqrstuy
dfhjklmnpqrstuy
dghjklmnpqrstuy
efghjklmnpqrstu
efghjklmnpqrsty
efghjklmnpqrsuy
efghjklmnpqrtuy
efghjklmnpqstuy
efghjklmnprstuy
efghjklmnqrstuy
efghjklmpqrstuy
efghjklnpqrstuy
efghjkmnpqrstuy
efghjlmnpqrstuy
efghklmnpqrstuy
efgjklmnpqrstuy
efhjklmnpqrstuy
eghjklmnpqrstuy
fghjklmnpqrstuy
