abcd
abce
abcf
abcg
abch
abci
abcj
abck
abcl
abcm
abcn
abco
abcp
abcq
abcr
abcs
abct
abcu
abcv
abcw
abcx
abcy
abcz
abde
abdf
abdg
abdh
abdi
abdj
abdk
abdl
abdm
abdn
abdo
abdp
abdq
abdr
abds
abdt
abdu
abdv
abdw
abdx
abdy
abdz
abef
abeg
abeh
abej
abek
abel
abem
aben
abep
abeq
aber
abes
abet
abev
abew
abex
abey
abez
abfg
abfh
abfi
abfj
abfk
abfl
abfm
abfn
abfo
abfp
abfq
abfr
abfs
abft
abfu
abfv
abfw
abfx
abfy
abfz
abgh
abgi
abgj
abgk
abgl
abgm
abgn
abgo
abgp
abgq
abgr
abgs
abgt
abgu
abgv
abgw
abgx
abgy
abgz
abhi
abhj
abhk
abhl
abhm
abhn
abho
abhp
abhq
abhr
abhs
abht
abhu
abhv
abhw
abhx
abhy
abhz
abij
abik
abil
abim
abin
abip
abiq
abir
abis
abit
abiv
abiw
abix
abiy
abiz
abjk
abjl
abjm
abjn
abjo
abjp
abjq
abjr
abjs
abjt
abju
abjv
abjw
abjx
abjy
abjz
abkl
abkm
abkn
abko
abkp
abkq
abkr
abks
abkt
abku
abkv
abkw
abkx
abky
abkz
ablm
abln
ablo
ablp
ablq
ablr
abls
ablt
ablu
ablv
ablw
ablx
ably
ablz
abmn
abmo
abmp
abmq
abmr
abms
abmt
abmu
abmv
abmw
abmx
abmy
abmz
abno
abnp
abnq
abnr
abns
abnt
abnu
abnv
abnw
abnx
abny
abnz
abop
aboq
abor
abos
abot
abov
abow
abox
aboy
aboz
abpq
abpr
abps
abpt
abpu
abpv
abpw
abpx
abpy
abpz
abqr
abqs
abqt
abqu
abqv
abqw
abqx
abqy
abqz
abrs
abrt
abru
abrv
abrw
abrx
abry
abrz
abst
absu
absv
absw
absx
absy
absz
abtu
abtv
abtw
abtx
abty
abtz
abuv
abuw
abux
abuy
abuz
abvw
abvx
abvy
abvz
abwx
abwy
abwz
abxy
abxz
abyz
acde
acdf
acdg
acdh
acdi
acdj
acdk
acdl
acdm
acdn
acdo
acdp
acdq
acdr
acds
acdt
acdu
acdv
acdw
acdx
acdy
acdz
acef
aceg
aceh
acej
acek
acel
acem
acen
acep
aceq
acer
aces
acet
acev
acew
acex
acey
acez
acfg
acfh
acfi
acfj
acfk
acfl
acfm
acfn
acfo
acfp
acfq
acfr
acfs
acft
acfu
acfv
acfw
acfx
acfy
acfz
acgh
acgi
acgj
acgk
acgl
acgm
acgn
acgo
acgp
acgq
acgr
acgs
acgt
acgu
acgv
acgw
acgx
acgy
acgz
achi
achj
achk
achl
achm
achn
acho
achp
achq
achr
achs
acht
achu
achv
achw
achx
achy
achz
acij
acik
acil
acim
acin
acip
aciq
acir
acis
acit
aciv
aciw
acix
aciy
aciz
acjk
acjl
acjm
acjn
acjo
acjp
acjq
acjr
acjs
acjt
acju
acjv
acjw
acjx
acjy
acjz
ackl
ackm
ackn
acko
ackp
ackq
ackr
acks
ackt
acku
ackv
ackw
ackx
acky
ackz
aclm
acln
aclo
aclp
aclq
aclr
acls
aclt
aclu
aclv
aclw
aclx
acly
aclz
acmn
acmo
acmp
acmq
acmr
acms
acmt
acmu
acmv
acmw
acmx
acmy
acmz
acno
acnp
acnq
acnr
acns
acnt
acnu
acnv
acnw
acnx
acny
acnz
acop
acoq
acor
acos
acot
acov
acow
acox
acoy
acoz
acpq
acpr
acps
acpt
acpu
acpv
acpw
acpx
acpy
acpz
acqr
acqs
acqt
acqu
acqv
acqw
acqx
acqy
acqz
acrs
acrt
acru
acrv
acrw
acrx
acry
acrz
acst
acsu
acsv
acsw
acsx
acsy
acsz
actu
actv
actw
actx
acty
actz
acuv
acuw
acux
acuy
acuz
acvw
acvx
acvy
acvz
acwx
acwy
acwz
acxy
acxz
acyz
adef
adeg
adeh
adej
adek
adel
adem
aden
adep
adeq
ader
ades
adet
adev
adew
adex
adey
adez
adfg
adfh
adfi
adfj
adfk
adfl
adfm
adfn
adfo
adfp
adfq
adfr
adfs
adft
adfu
adfv
adfw
adfx
adfy
adfz
adgh
adgi
adgj
adgk
adgl
adgm
adgn
adgo
adgp
adgq
adgr
adgs
adgt
adgu
adgv
adgw
adgx
adgy
adgz
adhi
adhj
adhk
adhl
adhm
adhn
adho
adhp
adhq
adhr
adhs
adht
adhu
adhv
adhw
adhx
adhy
adhz
adij
adik
adil
adim
adin
adip
adiq
adir
adis
adit
adiv
adiw
adix
adiy
adiz
adjk
adjl
adjm
adjn
adjo
adjp
adjq
adjr
adjs
adjt
adju
adjv
adjw
adjx
adjy
adjz
adkl
adkm
adkn
adko
adkp
adkq
adkr
adks
adkt
adku
adkv
adkw
adkx
adky
adkz
adlm
adln
adlo
adlp
adlq
adlr
adls
adlt
adlu
adlv
adlw
adlx
adly
adlz
admn
admo
admp
admq
admr
adms
admt
admu
admv
admw
admx
admy
admz
adno
adnp
adnq
adnr
adns
adnt
adnu
adnv
adnw
adnx
adny
adnz
adop
adoq
ador
ados
adot
adov
adow
adox
adoy
adoz
adpq
adpr
adps
adpt
adpu
adpv
adpw
adpx
adpy
adpz
adqr
adqs
adqt
adqu
adqv
adqw
adqx
adqy
adqz
adrs
adrt
adru
adrv
adrw
adrx
adry
adrz
adst
adsu
adsv
adsw
adsx
adsy
adsz
adtu
adtv
adtw
adtx
adty
adtz
aduv
aduw
adux
aduy
aduz
advw
advx
advy
advz
adwx
adwy
adwz
adxy
adxz
adyz
aefg
aefh
aefj
aefk
aefl
aefm
aefn
aefp
aefq
aefr
aefs
aeft
aefv
aefw
aefx
aefy
aefz
aegh
aegj
aegk
aegl
aegm
aegn
aegp
aegq
aegr
aegs
aegt
aegv
aegw
aegx
aegy
aegz
aehj
aehk
aehl
aehm
aehn
aehp
aehq
aehr
aehs
aeht
aehv
aehw
aehx
aehy
aehz
aejk
aejl
aejm
aejn
aejp
aejq
aejr
aejs
aejt
aejv
aejw
aejx
aejy
aejz
aekl
aekm
aekn
aekp
aekq
aekr
aeks
aekt
aekv
aekw
aekx
aeky
aekz
aelm
aeln
aelp
aelq
aelr
aels
aelt
aelv
aelw
aelx
aely
aelz
aemn
aemp
aemq
aemr
aems
aemt
aemv
aemw
aemx
aemy
aemz
aenp
aenq
aenr
aens
aent
aenv
aenw
aenx
aeny
aenz
aepq
aepr
aeps
aept
aepv
aepw
aepx
aepy
aepz
aeqr
aeqs
aeqt
aeqv
aeqw
aeqx
aeqy
aeqz
aers
aert
aerv
aerw
aerx
aery
aerz
aest
aesv
aesw
aesx
aesy
aesz
aetv
aetw
aetx
aety
aetz
aevw
aevx
aevy
aevz
aewx
aewy
aewz
aexy
aexz
aeyz
afgh
afgi
afgj
afgk
afgl
afgm
afgn
afgo
afgp
afgq
afgr
afgs
afgt
afgu
afgv
afgw
afgx
afgy
afgz
afhi
afhj
afhk
afhl
afhm
afhn
afho
afhp
afhq
afhr
afhs
afht
afhu
afhv
afhw
afhx
afhy
afhz
afij
afik
afil
afim
afin
afip
afiq
afir
afis
afit
afiv
afiw
afix
afiy
afiz
afjk
afjl
afjm
afjn
afjo
afjp
afjq
afjr
afjs
afjt
afju
afjv
afjw
afjx
afjy
afjz
afkl
afkm
afkn
afko
afkp
afkq
afkr
afks
afkt
afku
afkv
afkw
afkx
afky
afkz
aflm
afln
aflo
aflp
aflq
aflr
afls
aflt
aflu
aflv
aflw
aflx
afly
aflz
afmn
afmo
afmp
afmq
afmr
afms
afmt
afmu
afmv
afmw
afmx
afmy
afmz
afno
afnp
afnq
afnr
afns
afnt
afnu
afnv
afnw
afnx
afny
afnz
afop
afoq
afor
afos
afot
afov
afow
afox
afoy
afoz
afpq
afpr
afps
afpt
afpu
afpv
afpw
afpx
afpy
afpz
afqr
afqs
afqt
afqu
afqv
afqw
afqx
afqy
afqz
afrs
afrt
afru
afrv
afrw
afrx
afry
afrz
afst
afsu
afsv
afsw
afsx
afsy
afsz
aftu
aftv
aftw
aftx
afty
aftz
afuv
afuw
afux
afuy
afuz
afvw
afvx
afvy
afvz
afwx
afwy
afwz
afxy
afxz
afyz
aghi
aghj
aghk
aghl
aghm
aghn
agho
aghp
aghq
aghr
aghs
aght
aghu
aghv
aghw
aghx
aghy
aghz
agij
agik
agil
agim
agin
agip
agiq
agir
agis
agit
agiv
agiw
agix
agiy
agiz
agjk
agjl
agjm
agjn
agjo
agjp
agjq
agjr
agjs
agjt
agju
agjv
agjw
agjx
agjy
agjz
agkl
agkm
agkn
agko
agkp
agkq
agkr
agks
agkt
agku
agkv
agkw
agkx
agky
agkz
aglm
agln
aglo
aglp
aglq
aglr
agls
aglt
aglu
aglv
aglw
aglx
agly
aglz
agmn
agmo
agmp
agmq
agmr
agms
agmt
agmu
agmv
agmw
agmx
agmy
agmz
agno
agnp
agnq
agnr
agns
agnt
agnu
agnv
agnw
agnx
agny
agnz
agop
agoq
agor
agos
agot
agov
agow
agox
agoy
agoz
agpq
agpr
agps
agpt
agpu
agpv
agpw
agpx
agpy
agpz
agqr
agqs
agqt
agqu
agqv
agqw
agqx
agqy
agqz
agrs
agrt
agru
agrv
agrw
agrx
agry
agrz
agst
agsu
agsv
agsw
agsx
agsy
agsz
agtu
agtv
agtw
agtx
agty
agtz
aguv
aguw
agux
aguy
aguz
agvw
agvx
agvy
agvz
agwx
agwy
agwz
agxy
agxz
agyz
ahij
ahik
ahil
ahim
ahin
ahip
ahiq
ahir
ahis
ahit
ahiv
ahiw
ahix
ahiy
ahiz
ahjk
ahjl
ahjm
ahjn
ahjo
ahjp
ahjq
ahjr
ahjs
ahjt
ahju
ahjv
ahjw
ahjx
ahjy
ahjz
ahkl
ahkm
ahkn
ahko
ahkp
ahkq
ahkr
ahks
ahkt
ahku
ahkv
ahkw
ahkx
ahky
ahkz
ahlm
ahln
ahlo
ahlp
ahlq
ahlr
ahls
ahlt
ahlu
ahlv
ahlw
ahlx
ahly
ahlz
ahmn
ahmo
ahmp
ahmq
ahmr
ahms
ahmt
ahmu
ahmv
ahmw
ahmx
ahmy
ahmz
ahno
ahnp
ahnq
ahnr
ahns
ahnt
ahnu
ahnv
ahnw
ahnx
ahny
ahnz
ahop
ahoq
ahor
ahos
ahot
ahov
ahow
ahox
ahoy
ahoz
ahpq
ahpr
ahps
ahpt
ahpu
ahpv
ahpw
ahpx
ahpy
ahpz
ahqr
ahqs
ahqt
ahqu
ahqv
ahqw
ahqx
ahqy
ahqz
ahrs
ahrt
ahru
ahrv
ahrw
ahrx
ahry
ahrz
ahst
ahsu
ahsv
ahsw
ahsx
ahsy
ahsz
ahtu
ahtv
ahtw
ahtx
ahty
ahtz
ahuv
ahuw
ahux
ahuy
ahuz
ahvw
ahvx
ahvy
ahvz
ahwx
ahwy
ahwz
ahxy
ahxz
ahyz
aijk
aijl
aijm
aijn
aijp
aijq
aijr
aijs
aijt
aijv
aijw
aijx
aijy
aijz
aikl
aikm
aikn
aikp
aikq
aikr
aiks
aikt
aikv
aikw
aikx
aiky
aikz
ailm
ailn
ailp
ailq
ailr
ails
ailt
ailv
ailw
ailx
aily
ailz
aimn
aimp
aimq
aimr
aims
aimt
aimv
aimw
aimx
aimy
aimz
ainp
ainq
ainr
ains
aint
ainv
ainw
ainx
ainy
ainz
aipq
aipr
aips
aipt
aipv
aipw
aipx
aipy
aipz
aiqr
aiqs
aiqt
aiqv
aiqw
aiqx
aiqy
aiqz
airs
airt
airv
airw
airx
airy
airz
aist
aisv
aisw
aisx
aisy
aisz
aitv
aitw
aitx
aity
aitz
aivw
aivx
aivy
aivz
aiwx
aiwy
aiwz
aixy
aixz
aiyz
ajkl
ajkm
ajkn
ajko
ajkp
ajkq
ajkr
ajks
ajkt
ajku
ajkv
ajkw
ajkx
ajky
ajkz
ajlm
ajln
ajlo
ajlp
ajlq
ajlr
ajls
ajlt
ajlu
ajlv
ajlw
ajlx
ajly
ajlz
ajmn
ajmo
ajmp
ajmq
ajmr
ajms
ajmt
ajmu
ajmv
ajmw
ajmx
ajmy
ajmz
ajno
ajnp
ajnq
ajnr
ajns
ajnt
ajnu
ajnv
ajnw
ajnx
ajny
ajnz
ajop
ajoq
ajor
ajos
ajot
ajov
ajow
ajox
ajoy
ajoz
ajpq
ajpr
ajps
ajpt
ajpu
ajpv
ajpw
ajpx
ajpy
ajpz
ajqr
ajqs
ajqt
ajqu
ajqv
ajqw
ajqx
ajqy
ajqz
ajrs
ajrt
ajru
ajrv
ajrw
ajrx
ajry
ajrz
ajst
ajsu
ajsv
ajsw
ajsx
ajsy
ajsz
ajtu
ajtv
ajtw
ajtx
ajty
ajtz
ajuv
ajuw
ajux
ajuy
ajuz
ajvw
ajvx
ajvy
ajvz
ajwx
ajwy
ajwz
ajxy
ajxz
ajyz
aklm
akln
aklo
aklp
aklq
aklr
akls
aklt
aklu
aklv
aklw
aklx
akly
aklz
akmn
akmo
akmp
akmq
akmr
akms
akmt
akmu
akmv
akmw
akmx
akmy
akmz
akno
aknp
aknq
aknr
akns
aknt
aknu
aknv
aknw
aknx
akny
aknz
akop
akoq
akor
akos
akot
akov
akow
akox
akoy
akoz
akpq
akpr
akps
akpt
akpu
akpv
akpw
akpx
akpy
akpz
akqr
akqs
akqt
akqu
akqv
akqw
akqx
akqy
akqz
akrs
akrt
akru
akrv
akrw
akrx
akry
akrz
akst
aksu
aksv
aksw
aksx
aksy
aksz
aktu
aktv
aktw
aktx
akty
aktz
akuv
akuw
akux
akuy
akuz
akvw
akvx
akvy
akvz
akwx
akwy
akwz
akxy
akxz
akyz
almn
almo
almp
almq
almr
alms
almt
almu
almv
almw
almx
almy
almz
alno
alnp
alnq
alnr
alns
alnt
alnu
alnv
alnw
alnx
alny
alnz
alop
aloq
alor
alos
alot
alov
alow
alox
aloy
aloz
alpq
alpr
alps
alpt
alpu
alpv
alpw
alpx
alpy
alpz
alqr
alqs
alqt
alqu
alqv
alqw
alqx
alqy
alqz
alrs
alrt
alru
alrv
alrw
alrx
alry
alrz
alst
alsu
alsv
alsw
alsx
alsy
alsz
altu
altv
altw
altx
alty
altz
aluv
aluw
alux
aluy
aluz
alvw
alvx
alvy
alvz
alwx
alwy
alwz
alxy
alxz
alyz
amno
amnp
amnq
amnr
amns
amnt
amnu
amnv
amnw
amnx
amny
amnz
amop
amoq
amor
amos
amot
amov
amow
amox
amoy
amoz
ampq
ampr
amps
ampt
ampu
ampv
ampw
ampx
ampy
ampz
amqr
amqs
amqt
amqu
amqv
amqw
amqx
amqy
amqz
amrs
amrt
amru
amrv
amrw
amrx
amry
amrz
amst
amsu
amsv
amsw
amsx
amsy
amsz
amtu
amtv
amtw
amtx
amty
amtz
amuv
amuw
amux
amuy
amuz
amvw
amvx
amvy
amvz
amwx
amwy
amwz
amxy
amxz
amyz
anop
anoq
anor
anos
anot
anov
anow
anox
anoy
anoz
anpq
anpr
anps
anpt
anpu
anpv
anpw
anpx
anpy
anpz
anqr
anqs
anqt
anqu
anqv
anqw
anqx
anqy
anqz
anrs
anrt
anru
anrv
anrw
anrx
anry
anrz
anst
ansu
ansv
answ
ansx
ansy
ansz
antu
antv
antw
antx
anty
antz
anuv
anuw
anux
anuy
anuz
anvw
anvx
anvy
anvz
anwx
anwy
anwz
anxy
anxz
anyz
aopq
aopr
aops
aopt
aopv
aopw
aopx
aopy
aopz
aoqr
aoqs
aoqt
aoqv
aoqw
aoqx
aoqy
aoqz
aors
aort
aorv
aorw
aorx
aory
aorz
aost
aosv
aosw
aosx
aosy
aosz
aotv
aotw
aotx
aoty
aotz
aovw
aovx
aovy
aovz
aowx
aowy
aowz
aoxy
aoxz
aoyz
apqr
apqs
apqt
apqu
apqv
apqw
apqx
apqy
apqz
aprs
aprt
apru
aprv
aprw
aprx
apry
aprz
apst
apsu
apsv
apsw
apsx
apsy
apsz
aptu
aptv
aptw
aptx
apty
aptz
apuv
apuw
apux
apuy
apuz
apvw
apvx
apvy
apvz
apwx
apwy
apwz
apxy
apxz
apyz
aqrs
aqrt
aqru
aqrv
aqrw
aqrx
aqry
aqrz
aqst
aqsu
aqsv
aqsw
aqsx
aqsy
aqsz
aqtu
aqtv
aqtw
aqtx
aqty
aqtz
aquv
aquw
aqux
aquy
aquz
aqvw
aqvx
aqvy
aqvz
aqwx
aqwy
aqwz
aqxy
aqxz
aqyz
arst
arsu
arsv
arsw
arsx
arsy
arsz
artu
artv
artw
artx
arty
artz
aruv
aruw
arux
aruy
aruz
arvw
arvx
arvy
arvz
arwx
arwy
arwz
arxy
arxz
aryz
astu
astv
astw
astx
asty
astz
asuv
asuw
asux
asuy
asuz
asvw
asvx
asvy
asvz
aswx
aswy
aswz
asxy
asxz
asyz
atuv
atuw
atux
atuy
atuz
atvw
atvx
atvy
atvz
atwx
atwy
atwz
atxy
atxz
atyz
auvw
auvx
auvy
auvz
auwx
auwy
auwz
auxy
auxz
auyz
avwx
avwy
avwz
avxy
avxz
avyz
awxy
awxz
awyz
axyz
bcde
bcdi
bcdo
bcdu
bcef
bceg
bceh
bcei
bcej
bcek
bcel
bcem
bcen
bceo
bcep
bceq
bcer
bces
bcet
bceu
bcev
bcew
bcex
bcey
bcez
bcfi
bcfo
bcfu
bcgi
bcgo
bcgu
bchi
bcho
bchu
bcij
bcik
bcil
bcim
bcin
bcio
bcip
bciq
bcir
bcis
bcit
bciu
bciv
bciw
bcix
bciy
bciz
bcjo
bcju
bcko
bcku
bclo
bclu
bcmo
bcmu
bcno
bcnu
bcop
bcoq
bcor
bcos
bcot
bcou
bcov
bcow
bcox
bcoy
bcoz
bcpu
bcqu
bcru
bcsu
bctu
bcuv
bcuw
bcux
bcuy
bcuz
bdef
bdeg
bdeh
bdei
bdej
bdek
bdel
bdem
bden
bdeo
bdep
bdeq
bder
bdes
bdet
bdeu
bdev
bdew
bdex
bdey
bdez
bdfi
bdfo
bdfu
bdgi
bdgo
bdgu
bdhi
bdho
bdhu
bdij
bdik
bdil
bdim
bdin
bdio
bdip
bdiq
bdir
bdis
bdit
bdiu
bdiv
bdiw
bdix
bdiy
bdiz
bdjo
bdju
bdko
bdku
bdlo
bdlu
bdmo
bdmu
bdno
bdnu
bdop
bdoq
bdor
bdos
bdot
bdou
bdov
bdow
bdox
bdoy
bdoz
bdpu
bdqu
bdru
bdsu
bdtu
bduv
bduw
bdux
bduy
bduz
befg
befh
befi
befj
befk
befl
befm
befn
befo
befp
befq
befr
befs
beft
befu
befv
befw
befx
befy
befz
begh
begi
begj
begk
begl
begm
begn
bego
begp
begq
begr
begs
begt
begu
begv
begw
begx
begy
begz
behi
behj
behk
behl
behm
behn
beho
behp
behq
behr
behs
beht
behu
behv
behw
behx
behy
behz
beij
beik
beil
beim
bein
beip
beiq
beir
beis
beit
beiv
beiw
beix
beiy
beiz
bejk
bejl
bejm
bejn
bejo
bejp
bejq
bejr
bejs
bejt
beju
bejv
bejw
bejx
bejy
bejz
bekl
bekm
bekn
beko
bekp
bekq
bekr
beks
bekt
beku
bekv
bekw
bekx
beky
bekz
belm
beln
belo
belp
belq
belr
bels
belt
belu
belv
belw
belx
bely
belz
bemn
bemo
bemp
bemq
bemr
bems
bemt
bemu
bemv
bemw
bemx
bemy
bemz
beno
benp
benq
benr
bens
bent
benu
benv
benw
benx
beny
benz
beop
beoq
beor
beos
beot
beov
beow
beox
beoy
beoz
bepq
bepr
beps
bept
bepu
bepv
bepw
bepx
bepy
bepz
beqr
beqs
beqt
bequ
beqv
beqw
beqx
beqy
beqz
bers
bert
beru
berv
berw
berx
bery
berz
best
besu
besv
besw
besx
besy
besz
betu
betv
betw
betx
bety
betz
beuv
beuw
beux
beuy
beuz
bevw
bevx
bevy
bevz
bewx
bewy
bewz
bexy
bexz
beyz
bfgi
bfgo
bfgu
bfhi
bfho
bfhu
bfij
bfik
bfil
bfim
bfin
bfio
bfip
bfiq
bfir
bfis
bfit
bfiu
bfiv
bfiw
bfix
bfiy
bfiz
bfjo
bfju
bfko
bfku
bflo
bflu
bfmo
bfmu
bfno
bfnu
bfop
bfoq
bfor
bfos
bfot
bfou
bfov
bfow
bfox
bfoy
bfoz
bfpu
bfqu
bfru
bfsu
bftu
bfuv
bfuw
bfux
bfuy
bfuz
bghi
bgho
bghu
bgij
bgik
bgil
bgim
bgin
bgio
bgip
bgiq
bgir
bgis
bgit
bgiu
bgiv
bgiw
bgix
bgiy
bgiz
bgjo
bgju
bgko
bgku
bglo
bglu
bgmo
bgmu
bgno
bgnu
bgop
bgoq
bgor
bgos
bgot
bgou
bgov
bgow
bgox
bgoy
bgoz
bgpu
bgqu
bgru
bgsu
bgtu
bguv
bguw
bgux
bguy
bguz
bhij
bhik
bhil
bhim
bhin
bhio
bhip
bhiq
bhir
bhis
bhit
bhiu
bhiv
bhiw
bhix
bhiy
bhiz
bhjo
bhju
bhko
bhku
bhlo
bhlu
bhmo
bhmu
bhno
bhnu
bhop
bhoq
bhor
bhos
bhot
bhou
bhov
bhow
bhox
bhoy
bhoz
bhpu
bhqu
bhru
bhsu
bhtu
bhuv
bhuw
bhux
bhuy
bhuz
bijk
bijl
bijm
bijn
bijo
bijp
bijq
bijr
bijs
bijt
biju
bijv
bijw
bijx
bijy
bijz
bikl
bikm
bikn
biko
bikp
bikq
bikr
biks
bikt
biku
bikv
bikw
bikx
biky
bikz
bilm
biln
bilo
bilp
bilq
bilr
bils
bilt
bilu
bilv
bilw
bilx
bily
bilz
bimn
bimo
bimp
bimq
bimr
bims
bimt
bimu
bimv
bimw
bimx
bimy
bimz
bino
binp
binq
binr
bins
bint
binu
binv
binw
binx
biny
binz
biop
bioq
bior
bios
biot
biov
biow
biox
bioy
bioz
bipq
bipr
bips
bipt
bipu
bipv
bipw
bipx
bipy
bipz
biqr
biqs
biqt
biqu
biqv
biqw
biqx
biqy
biqz
birs
birt
biru
birv
birw
birx
biry
birz
bist
bisu
bisv
bisw
bisx
bisy
bisz
bitu
bitv
bitw
bitx
bity
bitz
biuv
biuw
biux
biuy
biuz
bivw
bivx
bivy
bivz
biwx
biwy
biwz
bixy
bixz
biyz
bjko
bjku
bjlo
bjlu
bjmo
bjmu
bjno
bjnu
bjop
bjoq
bjor
bjos
bjot
bjou
bjov
bjow
bjox
bjoy
bjoz
bjpu
bjqu
bjru
bjsu
bjtu
bjuv
bjuw
bjux
bjuy
bjuz
bklo
bklu
bkmo
bkmu
bkno
bknu
bkop
bkoq
bkor
bkos
bkot
bkou
bkov
bkow
bkox
bkoy
bkoz
bkpu
bkqu
bkru
bksu
bktu
bkuv
bkuw
bkux
bkuy
bkuz
blmo
blmu
blno
blnu
blop
bloq
blor
blos
blot
blou
blov
blow
blox
bloy
bloz
blpu
blqu
blru
blsu
bltu
bluv
bluw
blux
bluy
bluz
bmno
bmnu
bmop
bmoq
bmor
bmos
bmot
bmou
bmov
bmow
bmox
bmoy
bmoz
bmpu
bmqu
bmru
bmsu
bmtu
bmuv
bmuw
bmux
bmuy
bmuz
bnop
bnoq
bnor
bnos
bnot
bnou
bnov
bnow
bnox
bnoy
bnoz
bnpu
bnqu
bnru
bnsu
bntu
bnuv
bnuw
bnux
bnuy
bnuz
bopq
bopr
bops
bopt
bopu
bopv
bopw
bopx
bopy
bopz
boqr
boqs
boqt
boqu
boqv
boqw
boqx
boqy
boqz
bors
bort
boru
borv
borw
borx
bory
borz
bost
bosu
bosv
bosw
bosx
bosy
bosz
botu
botv
botw
botx
boty
botz
bouv
bouw
boux
bouy
bouz
bovw
bovx
bovy
bovz
bowx
bowy
bowz
boxy
boxz
boyz
bpqu
bpru
bpsu
bptu
bpuv
bpuw
bpux
bpuy
bpuz
bqru
bqsu
bqtu
bquv
bquw
bqux
bquy
bquz
brsu
brtu
bruv
bruw
brux
bruy
bruz
bstu
bsuv
bsuw
bsux
bsuy
bsuz
btuv
btuw
btux
btuy
btuz
buvw
buvx
buvy
buvz
buwx
buwy
buwz
buxy
buxz
buyz
cdef
cdeg
cdeh
cdei
cdej
cdek
cdel
cdem
cden
cdeo
cdep
cdeq
cder
cdes
cdet
cdeu
cdev
cdew
cdex
cdey
cdez
cdfi
cdfo
cdfu
cdgi
cdgo
cdgu
cdhi
cdho
cdhu
cdij
cdik
cdil
cdim
cdin
cdio
cdip
cdiq
cdir
cdis
cdit
cdiu
cdiv
cdiw
cdix
cdiy
cdiz
cdjo
cdju
cdko
cdku
cdlo
cdlu
cdmo
cdmu
cdno
cdnu
cdop
cdoq
cdor
cdos
cdot
cdou
cdov
cdow
cdox
cdoy
cdoz
cdpu
cdqu
cdru
cdsu
cdtu
cduv
cduw
cdux
cduy
cduz
cefg
cefh
cefi
cefj
cefk
cefl
cefm
cefn
cefo
cefp
cefq
cefr
cefs
ceft
cefu
cefv
cefw
cefx
cefy
cefz
cegh
cegi
cegj
cegk
cegl
cegm
cegn
cego
cegp
cegq
cegr
cegs
cegt
cegu
cegv
cegw
cegx
cegy
cegz
cehi
cehj
cehk
cehl
cehm
cehn
ceho
cehp
cehq
cehr
cehs
ceht
cehu
cehv
cehw
cehx
cehy
cehz
ceij
ceik
ceil
ceim
cein
ceip
ceiq
ceir
ceis
ceit
ceiv
ceiw
ceix
ceiy
ceiz
cejk
cejl
cejm
cejn
cejo
cejp
cejq
cejr
cejs
cejt
ceju
cejv
cejw
cejx
cejy
cejz
cekl
cekm
cekn
ceko
cekp
cekq
cekr
ceks
cekt
ceku
cekv
cekw
cekx
ceky
cekz
celm
celn
celo
celp
celq
celr
cels
celt
celu
celv
celw
celx
cely
celz
cemn
cemo
cemp
cemq
cemr
cems
cemt
cemu
cemv
cemw
cemx
cemy
cemz
ceno
cenp
cenq
cenr
cens
cent
cenu
cenv
cenw
cenx
ceny
cenz
ceop
ceoq
ceor
ceos
ceot
ceov
ceow
ceox
ceoy
ceoz
cepq
cepr
ceps
cept
cepu
cepv
cepw
cepx
cepy
cepz
ceqr
ceqs
ceqt
cequ
ceqv
ceqw
ceqx
ceqy
ceqz
cers
cert
ceru
cerv
cerw
cerx
cery
cerz
cest
cesu
cesv
cesw
cesx
cesy
cesz
cetu
cetv
cetw
cetx
cety
cetz
ceuv
ceuw
ceux
ceuy
ceuz
cevw
cevx
cevy
cevz
cewx
cewy
cewz
cexy
cexz
ceyz
cfgi
cfgo
cfgu
cfhi
cfho
cfhu
cfij
cfik
cfil
cfim
cfin
cfio
cfip
cfiq
cfir
cfis
cfit
cfiu
cfiv
cfiw
cfix
cfiy
cfiz
cfjo
cfju
cfko
cfku
cflo
cflu
cfmo
cfmu
cfno
cfnu
cfop
cfoq
cfor
cfos
cfot
cfou
cfov
cfow
cfox
cfoy
cfoz
cfpu
cfqu
cfru
cfsu
cftu
cfuv
cfuw
cfux
cfuy
cfuz
cghi
cgho
cghu
cgij
cgik
cgil
cgim
cgin
cgio
cgip
cgiq
cgir
cgis
cgit
cgiu
cgiv
cgiw
cgix
cgiy
cgiz
cgjo
cgju
cgko
cgku
cglo
cglu
cgmo
cgmu
cgno
cgnu
cgop
cgoq
cgor
cgos
cgot
cgou
cgov
cgow
cgox
cgoy
cgoz
cgpu
cgqu
cgru
cgsu
cgtu
cguv
cguw
cgux
cguy
cguz
chij
chik
chil
chim
chin
chio
chip
chiq
chir
chis
chit
chiu
chiv
chiw
chix
chiy
chiz
chjo
chju
chko
chku
chlo
chlu
chmo
chmu
chno
chnu
chop
choq
chor
chos
chot
chou
chov
chow
chox
choy
choz
chpu
chqu
chru
chsu
chtu
chuv
chuw
chux
chuy
chuz
cijk
cijl
cijm
cijn
cijo
cijp
cijq
cijr
cijs
cijt
ciju
cijv
cijw
cijx
cijy
cijz
cikl
cikm
cikn
ciko
cikp
cikq
cikr
ciks
cikt
ciku
cikv
cikw
cikx
ciky
cikz
cilm
ciln
cilo
cilp
cilq
cilr
cils
cilt
cilu
cilv
cilw
cilx
cily
cilz
cimn
cimo
cimp
cimq
cimr
cims
cimt
cimu
cimv
cimw
cimx
cimy
cimz
cino
cinp
cinq
cinr
cins
cint
cinu
cinv
cinw
cinx
ciny
cinz
ciop
cioq
cior
cios
ciot
ciov
ciow
ciox
cioy
cioz
cipq
cipr
cips
cipt
cipu
cipv
cipw
cipx
cipy
cipz
ciqr
ciqs
ciqt
ciqu
ciqv
ciqw
ciqx
ciqy
ciqz
cirs
cirt
ciru
cirv
cirw
cirx
ciry
cirz
cist
cisu
cisv
cisw
cisx
cisy
cisz
citu
citv
citw
citx
city
citz
ciuv
ciuw
ciux
ciuy
ciuz
civw
civx
civy
civz
ciwx
ciwy
ciwz
cixy
cixz
ciyz
cjko
cjku
cjlo
cjlu
cjmo
cjmu
cjno
cjnu
cjop
cjoq
cjor
cjos
cjot
cjou
cjov
cjow
cjox
cjoy
cjoz
cjpu
cjqu
cjru
cjsu
cjtu
cjuv
cjuw
cjux
cjuy
cjuz
cklo
cklu
ckmo
ckmu
ckno
cknu
ckop
ckoq
ckor
ckos
ckot
ckou
ckov
ckow
ckox
ckoy
ckoz
ckpu
ckqu
ckru
cksu
cktu
ckuv
ckuw
ckux
ckuy
ckuz
clmo
clmu
clno
clnu
clop
cloq
clor
clos
clot
clou
clov
clow
clox
cloy
cloz
clpu
clqu
clru
clsu
cltu
cluv
cluw
clux
cluy
cluz
cmno
cmnu
cmop
cmoq
cmor
cmos
cmot
cmou
cmov
cmow
cmox
cmoy
cmoz
cmpu
cmqu
cmru
cmsu
cmtu
cmuv
cmuw
cmux
cmuy
cmuz
cnop
cnoq
cnor
cnos
cnot
cnou
cnov
cnow
cnox
cnoy
cnoz
cnpu
cnqu
cnru
cnsu
cntu
cnuv
cnuw
cnux
cnuy
cnuz
copq
copr
cops
copt
copu
copv
copw
copx
copy
copz
coqr
coqs
coqt
coqu
coqv
coqw
coqx
coqy
coqz
cors
cort
coru
corv
corw
corx
cory
corz
cost
cosu
cosv
cosw
cosx
cosy
cosz
cotu
cotv
cotw
cotx
coty
cotz
couv
couw
coux
couy
couz
covw
covx
covy
covz
cowx
cowy
cowz
coxy
coxz
coyz
cpqu
cpru
cpsu
cptu
cpuv
cpuw
cpux
cpuy
cpuz
cqru
cqsu
cqtu
cquv
cquw
cqux
cquy
cquz
crsu
crtu
cruv
cruw
crux
cruy
cruz
cstu
csuv
csuw
csux
csuy
csuz
ctuv
ctuw
ctux
ctuy
ctuz
cuvw
cuvx
cuvy
cuvz
cuwx
cuwy
cuwz
cuxy
cuxz
cuyz
defg
defh
defi
defj
defk
defl
defm
defn
defo
defp
defq
defr
defs
deft
defu
defv
defw
defx
defy
defz
degh
degi
degj
degk
degl
degm
degn
dego
degp
degq
degr
degs
degt
degu
degv
degw
degx
degy
degz
dehi
dehj
dehk
dehl
dehm
dehn
deho
dehp
dehq
dehr
dehs
deht
dehu
dehv
dehw
dehx
dehy
dehz
deij
deik
deil
deim
dein
deip
deiq
deir
deis
deit
deiv
deiw
deix
deiy
deiz
dejk
dejl
dejm
dejn
dejo
dejp
dejq
dejr
dejs
dejt
deju
dejv
dejw
dejx
dejy
dejz
dekl
dekm
dekn
deko
dekp
dekq
dekr
deks
dekt
deku
dekv
dekw
dekx
deky
dekz
delm
deln
delo
delp
delq
delr
dels
delt
delu
delv
delw
delx
dely
delz
demn
demo
demp
demq
demr
dems
demt
demu
demv
demw
demx
demy
demz
deno
denp
denq
denr
dens
dent
denu
denv
denw
denx
deny
denz
deop
deoq
deor
deos
deot
deov
deow
deox
deoy
deoz
depq
depr
deps
dept
depu
depv
depw
depx
depy
depz
deqr
deqs
deqt
dequ
deqv
deqw
deqx
deqy
deqz
ders
dert
deru
derv
derw
derx
dery
derz
dest
desu
desv
desw
desx
desy
desz
detu
detv
detw
detx
dety
detz
deuv
deuw
deux
deuy
deuz
devw
devx
devy
devz
dewx
dewy
dewz
dexy
dexz
deyz
dfgi
dfgo
dfgu
dfhi
dfho
dfhu
dfij
dfik
dfil
dfim
dfin
dfio
dfip
dfiq
dfir
dfis
dfit
dfiu
dfiv
dfiw
dfix
dfiy
dfiz
dfjo
dfju
dfko
dfku
dflo
dflu
dfmo
dfmu
dfno
dfnu
dfop
dfoq
dfor
dfos
dfot
dfou
dfov
dfow
dfox
dfoy
dfoz
dfpu
dfqu
dfru
dfsu
dftu
dfuv
dfuw
dfux
dfuy
dfuz
dghi
dgho
dghu
dgij
dgik
dgil
dgim
dgin
dgio
dgip
dgiq
dgir
dgis
dgit
dgiu
dgiv
dgiw
dgix
dgiy
dgiz
dgjo
dgju
dgko
dgku
dglo
dglu
dgmo
dgmu
dgno
dgnu
dgop
dgoq
dgor
dgos
dgot
dgou
dgov
dgow
dgox
dgoy
dgoz
dgpu
dgqu
dgru
dgsu
dgtu
dguv
dguw
dgux
dguy
dguz
dhij
dhik
dhil
dhim
dhin
dhio
dhip
dhiq
dhir
dhis
dhit
dhiu
dhiv
dhiw
dhix
dhiy
dhiz
dhjo
dhju
dhko
dhku
dhlo
dhlu
dhmo
dhmu
dhno
dhnu
dhop
dhoq
dhor
dhos
dhot
dhou
dhov
dhow
dhox
dhoy
dhoz
dhpu
dhqu
dhru
dhsu
dhtu
dhuv
dhuw
dhux
dhuy
dhuz
dijk
dijl
dijm
dijn
dijo
dijp
dijq
dijr
dijs
dijt
diju
dijv
dijw
dijx
dijy
dijz
dikl
dikm
dikn
diko
dikp
dikq
dikr
diks
dikt
diku
dikv
dikw
dikx
diky
dikz
dilm
diln
dilo
dilp
dilq
dilr
dils
dilt
dilu
dilv
dilw
dilx
dily
dilz
dimn
dimo
dimp
dimq
dimr
dims
dimt
dimu
dimv
dimw
dimx
dimy
dimz
dino
dinp
dinq
dinr
dins
dint
dinu
dinv
dinw
dinx
diny
dinz
diop
dioq
dior
dios
diot
diov
diow
diox
dioy
dioz
dipq
dipr
dips
dipt
dipu
dipv
dipw
dipx
dipy
dipz
diqr
diqs
diqt
diqu
diqv
diqw
diqx
diqy
diqz
dirs
dirt
diru
dirv
dirw
dirx
diry
dirz
dist
disu
disv
disw
disx
disy
disz
ditu
ditv
ditw
ditx
dity
ditz
diuv
diuw
diux
diuy
diuz
divw
divx
divy
divz
diwx
diwy
diwz
dixy
dixz
diyz
djko
djku
djlo
djlu
djmo
djmu
djno
djnu
djop
djoq
djor
djos
djot
djou
djov
djow
djox
djoy
djoz
djpu
djqu
djru
djsu
djtu
djuv
djuw
djux
djuy
djuz
dklo
dklu
dkmo
dkmu
dkno
dknu
dkop
dkoq
dkor
dkos
dkot
dkou
dkov
dkow
dkox
dkoy
dkoz
dkpu
dkqu
dkru
dksu
dktu
dkuv
dkuw
dkux
dkuy
dkuz
dlmo
dlmu
dlno
dlnu
dlop
dloq
dlor
dlos
dlot
dlou
dlov
dlow
dlox
dloy
dloz
dlpu
dlqu
dlru
dlsu
dltu
dluv
dluw
dlux
dluy
dluz
dmno
dmnu
dmop
dmoq
dmor
dmos
dmot
dmou
dmov
dmow
dmox
dmoy
dmoz
dmpu
dmqu
dmru
dmsu
dmtu
dmuv
dmuw
dmux
dmuy
dmuz
dnop
dnoq
dnor
dnos
dnot
dnou
dnov
dnow
dnox
dnoy
dnoz
dnpu
dnqu
dnru
dnsu
dntu
dnuv
dnuw
dnux
dnuy
dnuz
dopq
dopr
dops
dopt
dopu
dopv
dopw
dopx
dopy
dopz
doqr
doqs
doqt
doqu
doqv
doqw
doqx
doqy
doqz
dors
dort
doru
dorv
dorw
dorx
dory
dorz
dost
dosu
dosv
dosw
dosx
dosy
dosz
dotu
dotv
dotw
dotx
doty
dotz
douv
douw
doux
douy
douz
dovw
dovx
dovy
dovz
dowx
dowy
dowz
doxy
doxz
doyz
dpqu
dpru
dpsu
dptu
dpuv
dpuw
dpux
dpuy
dpuz
dqru
dqsu
dqtu
dquv
dquw
dqux
dquy
dquz
drsu
drtu
druv
druw
drux
druy
druz
dstu
dsuv
dsuw
dsux
dsuy
dsuz
dtuv
dtuw
dtux
dtuy
dtuz
duvw
duvx
duvy
duvz
duwx
duwy
duwz
duxy
duxz
duyz
efgh
efgi
efgj
efgk
efgl
efgm
efgn
efgo
efgp
efgq
efgr
efgs
efgt
efgu
efgv
efgw
efgx
efgy
efgz
efhi
efhj
efhk
efhl
efhm
efhn
efho
efhp
efhq
efhr
efhs
efht
efhu
efhv
efhw
efhx
efhy
efhz
efij
efik
efil
efim
efin
efip
efiq
efir
efis
efit
efiv
efiw
efix
efiy
efiz
efjk
efjl
efjm
efjn
efjo
efjp
efjq
efjr
efjs
efjt
efju
efjv
efjw
efjx
efjy
efjz
efkl
efkm
efkn
efko
efkp
efkq
efkr
efks
efkt
efku
efkv
efkw
efkx
efky
efkz
eflm
efln
eflo
eflp
eflq
eflr
efls
eflt
eflu
eflv
eflw
eflx
efly
eflz
efmn
efmo
efmp
efmq
efmr
efms
efmt
efmu
efmv
efmw
efmx
efmy
efmz
efno
efnp
efnq
efnr
efns
efnt
efnu
efnv
efnw
efnx
efny
efnz
efop
efoq
efor
efos
efot
efov
efow
efox
efoy
efoz
efpq
efpr
efps
efpt
efpu
efpv
efpw
efpx
efpy
efpz
efqr
efqs
efqt
efqu
efqv
efqw
efqx
efqy
efqz
efrs
efrt
efru
efrv
efrw
efrx
efry
efrz
efst
efsu
efsv
efsw
efsx
efsy
efsz
eftu
eftv
eftw
eftx
efty
eftz
efuv
efuw
efux
efuy
efuz
efvw
efvx
efvy
efvz
efwx
efwy
efwz
efxy
efxz
efyz
eghi
eghj
eghk
eghl
eghm
eghn
egho
eghp
eghq
eghr
eghs
eght
eghu
eghv
eghw
eghx
eghy
eghz
egij
egik
egil
egim
egin
egip
egiq
egir
egis
egit
egiv
egiw
egix
egiy
egiz
egjk
egjl
egjm
egjn
egjo
egjp
egjq
egjr
egjs
egjt
egju
egjv
egjw
egjx
egjy
egjz
egkl
egkm
egkn
egko
egkp
egkq
egkr
egks
egkt
egku
egkv
egkw
egkx
egky
egkz
eglm
egln
eglo
eglp
eglq
eglr
egls
eglt
eglu
eglv
eglw
eglx
egly
eglz
egmn
egmo
egmp
egmq
egmr
egms
egmt
egmu
egmv
egmw
egmx
egmy
egmz
egno
egnp
egnq
egnr
egns
egnt
egnu
egnv
egnw
egnx
egny
egnz
egop
egoq
egor
egos
egot
egov
egow
egox
egoy
egoz
egpq
egpr
egps
egpt
egpu
egpv
egpw
egpx
egpy
egpz
egqr
egqs
egqt
egqu
egqv
egqw
egqx
egqy
egqz
egrs
egrt
egru
egrv
egrw
egrx
egry
egrz
egst
egsu
egsv
egsw
egsx
egsy
egsz
egtu
egtv
egtw
egtx
egty
egtz
eguv
eguw
egux
eguy
eguz
egvw
egvx
egvy
egvz
egwx
egwy
egwz
egxy
egxz
egyz
ehij
ehik
ehil
ehim
ehin
ehip
ehiq
ehir
ehis
ehit
ehiv
ehiw
ehix
ehiy
ehiz
ehjk
ehjl
ehjm
ehjn
ehjo
ehjp
ehjq
ehjr
ehjs
ehjt
ehju
ehjv
ehjw
ehjx
ehjy
ehjz
ehkl
ehkm
ehkn
ehko
ehkp
ehkq
ehkr
ehks
ehkt
ehku
ehkv
ehkw
ehkx
ehky
ehkz
ehlm
ehln
ehlo
ehlp
ehlq
ehlr
ehls
ehlt
ehlu
ehlv
ehlw
ehlx
ehly
ehlz
ehmn
ehmo
ehmp
ehmq
ehmr
ehms
ehmt
ehmu
ehmv
ehmw
ehmx
ehmy
ehmz
ehno
ehnp
ehnq
ehnr
ehns
ehnt
ehnu
ehnv
ehnw
ehnx
ehny
ehnz
ehop
ehoq
ehor
ehos
ehot
ehov
ehow
ehox
ehoy
ehoz
ehpq
ehpr
ehps
ehpt
ehpu
ehpv
ehpw
ehpx
ehpy
ehpz
ehqr
ehqs
ehqt
ehqu
ehqv
ehqw
ehqx
ehqy
ehqz
ehrs
ehrt
ehru
ehrv
ehrw
ehrx
ehry
ehrz
ehst
ehsu
ehsv
ehsw
ehsx
ehsy
ehsz
ehtu
ehtv
ehtw
ehtx
ehty
ehtz
ehuv
ehuw
ehux
ehuy
ehuz
ehvw
ehvx
ehvy
ehvz
ehwx
ehwy
ehwz
ehxy
ehxz
ehyz
eijk
eijl
eijm
eijn
eijp
eijq
eijr
eijs
eijt
eijv
eijw
eijx
eijy
eijz
eikl
eikm
eikn
eikp
eikq
eikr
eiks
eikt
eikv
eikw
eikx
eiky
eikz
eilm
eiln
eilp
eilq
eilr
eils
eilt
eilv
eilw
eilx
eily
eilz
eimn
eimp
eimq
eimr
eims
eimt
eimv
eimw
eimx
eimy
eimz
einp
einq
einr
eins
eint
einv
einw
einx
einy
einz
eipq
eipr
eips
eipt
eipv
eipw
eipx
eipy
eipz
eiqr
eiqs
eiqt
eiqv
eiqw
eiqx
eiqy
eiqz
eirs
eirt
eirv
eirw
eirx
eiry
eirz
eist
eisv
eisw
eisx
eisy
eisz
eitv
eitw
eitx
eity
eitz
eivw
eivx
eivy
eivz
eiwx
eiwy
eiwz
eixy
eixz
eiyz
ejkl
ejkm
ejkn
ejko
ejkp
ejkq
ejkr
ejks
ejkt
ejku
ejkv
ejkw
ejkx
ejky
ejkz
ejlm
ejln
ejlo
ejlp
ejlq
ejlr
ejls
ejlt
ejlu
ejlv
ejlw
ejlx
ejly
ejlz
ejmn
ejmo
ejmp
ejmq
ejmr
ejms
ejmt
ejmu
ejmv
ejmw
ejmx
ejmy
ejmz
ejno
ejnp
ejnq
ejnr
ejns
ejnt
ejnu
ejnv
ejnw
ejnx
ejny
ejnz
ejop
ejoq
ejor
ejos
ejot
ejov
ejow
ejox
ejoy
ejoz
ejpq
ejpr
ejps
ejpt
ejpu
ejpv
ejpw
ejpx
ejpy
ejpz
ejqr
ejqs
ejqt
ejqu
ejqv
ejqw
ejqx
ejqy
ejqz
ejrs
ejrt
ejru
ejrv
ejrw
ejrx
ejry
ejrz
ejst
ejsu
ejsv
ejsw
ejsx
ejsy
ejsz
ejtu
ejtv
ejtw
ejtx
ejty
ejtz
ejuv
ejuw
ejux
ejuy
ejuz
ejvw
ejvx
ejvy
ejvz
ejwx
ejwy
ejwz
ejxy
ejxz
ejyz
eklm
ekln
eklo
eklp
eklq
eklr
ekls
eklt
eklu
eklv
eklw
eklx
ekly
eklz
ekmn
ekmo
ekmp
ekmq
ekmr
ekms
ekmt
ekmu
ekmv
ekmw
ekmx
ekmy
ekmz
ekno
eknp
eknq
eknr
ekns
eknt
eknu
eknv
eknw
eknx
ekny
eknz
ekop
ekoq
ekor
ekos
ekot
ekov
ekow
ekox
ekoy
ekoz
ekpq
ekpr
ekps
ekpt
ekpu
ekpv
ekpw
ekpx
ekpy
ekpz
ekqr
ekqs
ekqt
ekqu
ekqv
ekqw
ekqx
ekqy
ekqz
ekrs
ekrt
ekru
ekrv
ekrw
ekrx
ekry
ekrz
ekst
eksu
eksv
eksw
eksx
eksy
eksz
ektu
ektv
ektw
ektx
ekty
ektz
ekuv
ekuw
ekux
ekuy
ekuz
ekvw
ekvx
ekvy
ekvz
ekwx
ekwy
ekwz
ekxy
ekxz
ekyz
elmn
elmo
elmp
elmq
elmr
elms
elmt
elmu
elmv
elmw
elmx
elmy
elmz
elno
elnp
elnq
elnr
elns
elnt
elnu
elnv
elnw
elnx
elny
elnz
elop
eloq
elor
elos
elot
elov
elow
elox
eloy
eloz
elpq
elpr
elps
elpt
elpu
elpv
elpw
elpx
elpy
elpz
elqr
elqs
elqt
elqu
elqv
elqw
elqx
elqy
elqz
elrs
elrt
elru
elrv
elrw
elrx
elry
elrz
elst
elsu
elsv
elsw
elsx
elsy
elsz
eltu
eltv
eltw
eltx
elty
eltz
eluv
eluw
elux
eluy
eluz
elvw
elvx
elvy
elvz
elwx
elwy
elwz
elxy
elxz
elyz
emno
emnp
emnq
emnr
emns
emnt
emnu
emnv
emnw
emnx
emny
emnz
emop
emoq
emor
emos
emot
emov
emow
emox
emoy
emoz
empq
empr
emps
empt
empu
empv
empw
empx
empy
empz
emqr
emqs
emqt
emqu
emqv
emqw
emqx
emqy
emqz
emrs
emrt
emru
emrv
emrw
emrx
emry
emrz
emst
emsu
emsv
emsw
emsx
emsy
emsz
emtu
emtv
emtw
emtx
emty
emtz
emuv
emuw
emux
emuy
emuz
emvw
emvx
emvy
emvz
emwx
emwy
emwz
emxy
emxz
emyz
enop
enoq
enor
enos
enot
enov
enow
enox
enoy
enoz
enpq
enpr
enps
enpt
enpu
enpv
enpw
enpx
enpy
enpz
enqr
enqs
enqt
enqu
enqv
enqw
enqx
enqy
enqz
enrs
enrt
enru
enrv
enrw
enrx
enry
enrz
enst
ensu
ensv
ensw
ensx
ensy
ensz
entu
entv
entw
entx
enty
entz
enuv
enuw
enux
enuy
enuz
envw
envx
envy
envz
enwx
enwy
enwz
enxy
enxz
enyz
eopq
eopr
eops
eopt
eopv
eopw
eopx
eopy
eopz
eoqr
eoqs
eoqt
eoqv
eoqw
eoqx
eoqy
eoqz
eors
eort
eorv
eorw
eorx
eory
eorz
eost
eosv
eosw
eosx
eosy
eosz
eotv
eotw
eotx
eoty
eotz
eovw
eovx
eovy
eovz
eowx
eowy
eowz
eoxy
eoxz
eoyz
epqr
epqs
epqt
epqu
epqv
epqw
epqx
epqy
epqz
eprs
eprt
epru
eprv
eprw
eprx
epry
eprz
epst
epsu
epsv
epsw
epsx
epsy
epsz
eptu
eptv
eptw
eptx
epty
eptz
epuv
epuw
epux
epuy
epuz
epvw
epvx
epvy
epvz
epwx
epwy
epwz
epxy
epxz
epyz
eqrs
eqrt
eqru
eqrv
eqrw
eqrx
eqry
eqrz
eqst
eqsu
eqsv
eqsw
eqsx
eqsy
eqsz
eqtu
eqtv
eqtw
eqtx
eqty
eqtz
equv
equw
equx
equy
equz
eqvw
eqvx
eqvy
eqvz
eqwx
eqwy
eqwz
eqxy
eqxz
eqyz
erst
ersu
ersv
ersw
ersx
ersy
ersz
ertu
ertv
ertw
ertx
erty
ertz
eruv
eruw
erux
eruy
eruz
ervw
ervx
ervy
ervz
erwx
erwy
erwz
erxy
erxz
eryz
estu
estv
estw
estx
esty
estz
esuv
esuw
esux
esuy
esuz
esvw
esvx
esvy
esvz
eswx
eswy
eswz
esxy
esxz
esyz
etuv
etuw
etux
etuy
etuz
etvw
etvx
etvy
etvz
etwx
etwy
etwz
etxy
etxz
etyz
euvw
euvx
euvy
euvz
euwx
euwy
euwz
euxy
euxz
euyz
evwx
evwy
evwz
evxy
evxz
evyz
ewxy
ewxz
ewyz
exyz
fghi
fgho
fghu
fgij
fgik
fgil
fgim
fgin
fgio
fgip
fgiq
fgir
fgis
fgit
fgiu
fgiv
fgiw
fgix
fgiy
fgiz
fgjo
fgju
fgko
fgku
fglo
fglu
fgmo
fgmu
fgno
fgnu
fgop
fgoq
fgor
fgos
fgot
fgou
fgov
fgow
fgox
fgoy
fgoz
fgpu
fgqu
fgru
fgsu
fgtu
fguv
fguw
fgux
fguy
fguz
fhij
fhik
fhil
fhim
fhin
fhio
fhip
fhiq
fhir
fhis
fhit
fhiu
fhiv
fhiw
fhix
fhiy
fhiz
fhjo
fhju
fhko
fhku
fhlo
fhlu
fhmo
fhmu
fhno
fhnu
fhop
fhoq
fhor
fhos
fhot
fhou
fhov
fhow
fhox
fhoy
fhoz
fhpu
fhqu
fhru
fhsu
fhtu
fhuv
fhuw
fhux
fhuy
fhuz
fijk
fijl
fijm
fijn
fijo
fijp
fijq
fijr
fijs
fijt
fiju
fijv
fijw
fijx
fijy
fijz
fikl
fikm
fikn
fiko
fikp
fikq
fikr
fiks
fikt
fiku
fikv
fikw
fikx
fiky
fikz
film
filn
filo
filp
filq
filr
fils
filt
filu
filv
filw
filx
fily
filz
fimn
fimo
fimp
fimq
fimr
fims
fimt
fimu
fimv
fimw
fimx
fimy
fimz
fino
finp
finq
finr
fins
fint
finu
finv
finw
finx
finy
finz
fiop
fioq
fior
fios
fiot
fiov
fiow
fiox
fioy
fioz
fipq
fipr
fips
fipt
fipu
fipv
fipw
fipx
fipy
fipz
fiqr
fiqs
fiqt
fiqu
fiqv
fiqw
fiqx
fiqy
fiqz
firs
firt
firu
firv
firw
firx
firy
firz
fist
fisu
fisv
fisw
fisx
fisy
fisz
fitu
fitv
fitw
fitx
fity
fitz
fiuv
fiuw
fiux
fiuy
fiuz
fivw
fivx
fivy
fivz
fiwx
fiwy
fiwz
fixy
fixz
fiyz
fjko
fjku
fjlo
fjlu
fjmo
fjmu
fjno
fjnu
fjop
fjoq
fjor
fjos
fjot
fjou
fjov
fjow
fjox
fjoy
fjoz
fjpu
fjqu
fjru
fjsu
fjtu
fjuv
fjuw
fjux
fjuy
fjuz
fklo
fklu
fkmo
fkmu
fkno
fknu
fkop
fkoq
fkor
fkos
fkot
fkou
fkov
fkow
fkox
fkoy
fkoz
fkpu
fkqu
fkru
fksu
fktu
fkuv
fkuw
fkux
fkuy
fkuz
flmo
flmu
flno
flnu
flop
floq
flor
flos
flot
flou
flov
flow
flox
floy
floz
flpu
flqu
flru
flsu
fltu
fluv
fluw
flux
fluy
fluz
fmno
fmnu
fmop
fmoq
fmor
fmos
fmot
fmou
fmov
fmow
fmox
fmoy
fmoz
fmpu
fmqu
fmru
fmsu
fmtu
fmuv
fmuw
fmux
fmuy
fmuz
fnop
fnoq
fnor
fnos
fnot
fnou
fnov
fnow
fnox
fnoy
fnoz
fnpu
fnqu
fnru
fnsu
fntu
fnuv
fnuw
fnux
fnuy
fnuz
fopq
fopr
fops
fopt
fopu
fopv
fopw
fopx
fopy
fopz
foqr
foqs
foqt
foqu
foqv
foqw
foqx
foqy
foqz
fors
fort
foru
forv
forw
forx
fory
forz
fost
fosu
fosv
fosw
fosx
fosy
fosz
fotu
fotv
fotw
fotx
foty
fotz
fouv
fouw
foux
fouy
fouz
fovw
fovx
fovy
fovz
fowx
fowy
fowz
foxy
foxz
foyz
fpqu
fpru
fpsu
fptu
fpuv
fpuw
fpux
fpuy
fpuz
fqru
fqsu
fqtu
fquv
fquw
fqux
fquy
fquz
frsu
frtu
fruv
fruw
frux
fruy
fruz
fstu
fsuv
fsuw
fsux
fsuy
fsuz
ftuv
ftuw
ftux
ftuy
ftuz
fuvw
fuvx
fuvy
fuvz
fuwx
fuwy
fuwz
fuxy
fuxz
fuyz
ghij
ghik
ghil
ghim
ghin
ghio
ghip
ghiq
ghir
ghis
ghit
ghiu
ghiv
ghiw
ghix
ghiy
ghiz
ghjo
ghju
ghko
ghku
ghlo
ghlu
ghmo
ghmu
ghno
ghnu
ghop
ghoq
ghor
ghos
ghot
ghou
ghov
ghow
ghox
ghoy
ghoz
ghpu
ghqu
ghru
ghsu
ghtu
ghuv
ghuw
ghux
ghuy
ghuz
gijk
gijl
gijm
gijn
gijo
gijp
gijq
gijr
gijs
gijt
giju
gijv
gijw
gijx
gijy
gijz
gikl
gikm
gikn
giko
gikp
gikq
gikr
giks
gikt
giku
gikv
gikw
gikx
giky
gikz
gilm
giln
gilo
gilp
gilq
gilr
gils
gilt
gilu
gilv
gilw
gilx
gily
gilz
gimn
gimo
gimp
gimq
gimr
gims
gimt
gimu
gimv
gimw
gimx
gimy
gimz
gino
ginp
ginq
ginr
gins
gint
ginu
ginv
ginw
ginx
giny
ginz
giop
gioq
gior
gios
giot
giov
giow
giox
gioy
gioz
gipq
gipr
gips
gipt
gipu
gipv
gipw
gipx
gipy
gipz
giqr
giqs
giqt
giqu
giqv
giqw
giqx
giqy
giqz
girs
girt
giru
girv
girw
girx
giry
girz
gist
gisu
gisv
gisw
gisx
gisy
gisz
gitu
gitv
gitw
gitx
gity
gitz
giuv
giuw
giux
giuy
giuz
givw
givx
givy
givz
giwx
giwy
giwz
gixy
gixz
giyz
gjko
gjku
gjlo
gjlu
gjmo
gjmu
gjno
gjnu
gjop
gjoq
gjor
gjos
gjot
gjou
gjov
gjow
gjox
gjoy
gjoz
gjpu
gjqu
gjru
gjsu
gjtu
gjuv
gjuw
gjux
gjuy
gjuz
gklo
gklu
gkmo
gkmu
gkno
gknu
gkop
gkoq
gkor
gkos
gkot
gkou
gkov
gkow
gkox
gkoy
gkoz
gkpu
gkqu
gkru
gksu
gktu
gkuv
gkuw
gkux
gkuy
gkuz
glmo
glmu
glno
glnu
glop
gloq
glor
glos
glot
glou
glov
glow
glox
gloy
gloz
glpu
glqu
glru
glsu
gltu
gluv
gluw
glux
gluy
gluz
gmno
gmnu
gmop
gmoq
gmor
gmos
gmot
gmou
gmov
gmow
gmox
gmoy
gmoz
gmpu
gmqu
gmru
gmsu
gmtu
gmuv
gmuw
gmux
gmuy
gmuz
gnop
gnoq
gnor
gnos
gnot
gnou
gnov
gnow
gnox
gnoy
gnoz
gnpu
gnqu
gnru
gnsu
gntu
gnuv
gnuw
gnux
gnuy
gnuz
gopq
gopr
gops
gopt
gopu
gopv
gopw
gopx
gopy
gopz
goqr
goqs
goqt
goqu
goqv
goqw
goqx
goqy
goqz
gors
gort
goru
gorv
gorw
gorx
gory
gorz
gost
gosu
gosv
gosw
gosx
gosy
gosz
gotu
gotv
gotw
gotx
goty
gotz
gouv
gouw
goux
gouy
gouz
govw
govx
govy
govz
gowx
gowy
gowz
goxy
goxz
goyz
gpqu
gpru
gpsu
gptu
gpuv
gpuw
gpux
gpuy
gpuz
gqru
gqsu
gqtu
gquv
gquw
gqux
gquy
gquz
grsu
grtu
gruv
gruw
grux
gruy
gruz
gstu
gsuv
gsuw
gsux
gsuy
gsuz
gtuv
gtuw
gtux
gtuy
gtuz
guvw
guvx
guvy
guvz
guwx
guwy
guwz
guxy
guxz
guyz
hijk
hijl
hijm
hijn
hijo
hijp
hijq
hijr
hijs
hijt
hiju
hijv
hijw
hijx
hijy
hijz
hikl
hikm
hikn
hiko
hikp
hikq
hikr
hiks
hikt
hiku
hikv
hikw
hikx
hiky
hikz
hilm
hiln
hilo
hilp
hilq
hilr
hils
hilt
hilu
hilv
hilw
hilx
hily
hilz
himn
himo
himp
himq
himr
hims
himt
himu
himv
himw
himx
himy
himz
hino
hinp
hinq
hinr
hins
hint
hinu
hinv
hinw
hinx
hiny
hinz
hiop
hioq
hior
hios
hiot
hiov
hiow
hiox
hioy
hioz
hipq
hipr
hips
hipt
hipu
hipv
hipw
hipx
hipy
hipz
hiqr
hiqs
hiqt
hiqu
hiqv
hiqw
hiqx
hiqy
hiqz
hirs
hirt
hiru
hirv
hirw
hirx
hiry
hirz
hist
hisu
hisv
hisw
hisx
hisy
hisz
hitu
hitv
hitw
hitx
hity
hitz
hiuv
hiuw
hiux
hiuy
hiuz
hivw
hivx
hivy
hivz
hiwx
hiwy
hiwz
hixy
hixz
hiyz
hjko
hjku
hjlo
hjlu
hjmo
hjmu
hjno
hjnu
hjop
hjoq
hjor
hjos
hjot
hjou
hjov
hjow
hjox
hjoy
hjoz
hjpu
hjqu
hjru
hjsu
hjtu
hjuv
hjuw
hjux
hjuy
hjuz
hklo
hklu
hkmo
hkmu
hkno
hknu
hkop
hkoq
hkor
hkos
hkot
hkou
hkov
hkow
hkox
hkoy
hkoz
hkpu
hkqu
hkru
hksu
hktu
hkuv
hkuw
hkux
hkuy
hkuz
hlmo
hlmu
hlno
hlnu
hlop
hloq
hlor
hlos
hlot
hlou
hlov
hlow
hlox
hloy
hloz
hlpu
hlqu
hlru
hlsu
hltu
hluv
hluw
hlux
hluy
hluz
hmno
hmnu
hmop
hmoq
hmor
hmos
hmot
hmou
hmov
hmow
hmox
hmoy
hmoz
hmpu
hmqu
hmru
hmsu
hmtu
hmuv
hmuw
hmux
hmuy
hmuz
hnop
hnoq
hnor
hnos
hnot
hnou
hnov
hnow
hnox
hnoy
hnoz
hnpu
hnqu
hnru
hnsu
hntu
hnuv
hnuw
hnux
hnuy
hnuz
hopq
hopr
hops
hopt
hopu
hopv
hopw
hopx
hopy
hopz
hoqr
hoqs
hoqt
hoqu
hoqv
hoqw
hoqx
hoqy
hoqz
hors
hort
horu
horv
horw
horx
hory
horz
host
hosu
hosv
hosw
hosx
hosy
hosz
hotu
hotv
hotw
hotx
hoty
hotz
houv
houw
houx
houy
houz
hovw
hovx
hovy
hovz
howx
howy
howz
hoxy
hoxz
hoyz
hpqu
hpru
hpsu
hptu
hpuv
hpuw
hpux
hpuy
hpuz
hqru
hqsu
hqtu
hquv
hquw
hqux
hquy
hquz
hrsu
hrtu
hruv
hruw
hrux
hruy
hruz
hstu
hsuv
hsuw
hsux
hsuy
hsuz
htuv
htuw
htux
htuy
htuz
huvw
huvx
huvy
huvz
huwx
huwy
huwz
huxy
huxz
huyz
ijkl
ijkm
ijkn
ijko
ijkp
ijkq
ijkr
ijks
ijkt
ijku
ijkv
ijkw
ijkx
ijky
ijkz
ijlm
ijln
ijlo
ijlp
ijlq
ijlr
ijls
ijlt
ijlu
ijlv
ijlw
ijlx
ijly
ijlz
ijmn
ijmo
ijmp
ijmq
ijmr
ijms
ijmt
ijmu
ijmv
ijmw
ijmx
ijmy
ijmz
ijno
ijnp
ijnq
ijnr
ijns
ijnt
ijnu
ijnv
ijnw
ijnx
ijny
ijnz
ijop
ijoq
ijor
ijos
ijot
ijov
ijow
ijox
ijoy
ijoz
ijpq
ijpr
ijps
ijpt
ijpu
ijpv
ijpw
ijpx
ijpy
ijpz
ijqr
ijqs
ijqt
ijqu
ijqv
ijqw
ijqx
ijqy
ijqz
ijrs
ijrt
ijru
ijrv
ijrw
ijrx
ijry
ijrz
ijst
ijsu
ijsv
ijsw
ijsx
ijsy
ijsz
ijtu
ijtv
ijtw
ijtx
ijty
ijtz
ijuv
ijuw
ijux
ijuy
ijuz
ijvw
ijvx
ijvy
ijvz
ijwx
ijwy
ijwz
ijxy
ijxz
ijyz
iklm
ikln
iklo
iklp
iklq
iklr
ikls
iklt
iklu
iklv
iklw
iklx
ikly
iklz
ikmn
ikmo
ikmp
ikmq
ikmr
ikms
ikmt
ikmu
ikmv
ikmw
ikmx
ikmy
ikmz
ikno
iknp
iknq
iknr
ikns
iknt
iknu
iknv
iknw
iknx
ikny
iknz
ikop
ikoq
ikor
ikos
ikot
ikov
ikow
ikox
ikoy
ikoz
ikpq
ikpr
ikps
ikpt
ikpu
ikpv
ikpw
ikpx
ikpy
ikpz
ikqr
ikqs
ikqt
ikqu
ikqv
ikqw
ikqx
ikqy
ikqz
ikrs
ikrt
ikru
ikrv
ikrw
ikrx
ikry
ikrz
ikst
iksu
iksv
iksw
iksx
iksy
iksz
iktu
iktv
iktw
iktx
ikty
iktz
ikuv
ikuw
ikux
ikuy
ikuz
ikvw
ikvx
ikvy
ikvz
ikwx
ikwy
ikwz
ikxy
ikxz
ikyz
ilmn
ilmo
ilmp
ilmq
ilmr
ilms
ilmt
ilmu
ilmv
ilmw
ilmx
ilmy
ilmz
ilno
ilnp
ilnq
ilnr
ilns
ilnt
ilnu
ilnv
ilnw
ilnx
ilny
ilnz
ilop
iloq
ilor
ilos
ilot
ilov
ilow
ilox
iloy
iloz
ilpq
ilpr
ilps
ilpt
ilpu
ilpv
ilpw
ilpx
ilpy
ilpz
ilqr
ilqs
ilqt
ilqu
ilqv
ilqw
ilqx
ilqy
ilqz
ilrs
ilrt
ilru
ilrv
ilrw
ilrx
ilry
ilrz
ilst
ilsu
ilsv
ilsw
ilsx
ilsy
ilsz
iltu
iltv
iltw
iltx
ilty
iltz
iluv
iluw
ilux
iluy
iluz
ilvw
ilvx
ilvy
ilvz
ilwx
ilwy
ilwz
ilxy
ilxz
ilyz
imno
imnp
imnq
imnr
imns
imnt
imnu
imnv
imnw
imnx
imny
imnz
imop
imoq
imor
imos
imot
imov
imow
imox
imoy
imoz
impq
impr
imps
impt
impu
impv
impw
impx
impy
impz
imqr
imqs
imqt
imqu
imqv
imqw
imqx
imqy
imqz
imrs
imrt
imru
imrv
imrw
imrx
imry
imrz
imst
imsu
imsv
imsw
imsx
imsy
imsz
imtu
imtv
imtw
imtx
imty
imtz
imuv
imuw
imux
imuy
imuz
imvw
imvx
imvy
imvz
imwx
imwy
imwz
imxy
imxz
imyz
inop
inoq
inor
inos
inot
inov
inow
inox
inoy
inoz
inpq
inpr
inps
inpt
inpu
inpv
inpw
inpx
inpy
inpz
inqr
inqs
inqt
inqu
inqv
inqw
inqx
inqy
inqz
inrs
inrt
inru
inrv
inrw
inrx
inry
inrz
inst
insu
insv
insw
insx
insy
insz
intu
intv
intw
intx
inty
intz
inuv
inuw
inux
inuy
inuz
invw
invx
invy
invz
inwx
inwy
inwz
inxy
inxz
inyz
iopq
iopr
iops
iopt
iopv
iopw
iopx
iopy
iopz
ioqr
ioqs
ioqt
ioqv
ioqw
ioqx
ioqy
ioqz
iors
iort
iorv
iorw
iorx
iory
iorz
iost
iosv
iosw
iosx
iosy
iosz
iotv
iotw
iotx
ioty
iotz
iovw
iovx
iovy
iovz
iowx
iowy
iowz
ioxy
ioxz
ioyz
ipqr
ipqs
ipqt
ipqu
ipqv
ipqw
ipqx
ipqy
ipqz
iprs
iprt
ipru
iprv
iprw
iprx
ipry
iprz
ipst
ipsu
ipsv
ipsw
ipsx
ipsy
ipsz
iptu
iptv
iptw
iptx
ipty
iptz
ipuv
ipuw
ipux
ipuy
ipuz
ipvw
ipvx
ipvy
ipvz
ipwx
ipwy
ipwz
ipxy
ipxz
ipyz
iqrs
iqrt
iqru
iqrv
iqrw
iqrx
iqry
iqrz
iqst
iqsu
iqsv
iqsw
iqsx
iqsy
iqsz
iqtu
iqtv
iqtw
iqtx
iqty
iqtz
iquv
iquw
iqux
iquy
iquz
iqvw
iqvx
iqvy
iqvz
iqwx
iqwy
iqwz
iqxy
iqxz
iqyz
irst
irsu
irsv
irsw
irsx
irsy
irsz
irtu
irtv
irtw
irtx
irty
irtz
iruv
iruw
irux
iruy
iruz
irvw
irvx
irvy
irvz
irwx
irwy
irwz
irxy
irxz
iryz
istu
istv
istw
istx
isty
istz
isuv
isuw
isux
isuy
isuz
isvw
isvx
isvy
isvz
iswx
iswy
iswz
isxy
isxz
isyz
ituv
ituw
itux
ituy
ituz
itvw
itvx
itvy
itvz
itwx
itwy
itwz
itxy
itxz
ityz
iuvw
iuvx
iuvy
iuvz
iuwx
iuwy
iuwz
iuxy
iuxz
iuyz
ivwx
ivwy
ivwz
ivxy
ivxz
ivyz
iwxy
iwxz
iwyz
ixyz
jklo
jklu
jkmo
jkmu
jkno
jknu
jkop
jkoq
jkor
jkos
jkot
jkou
jkov
jkow
jkox
jkoy
jkoz
jkpu
jkqu
jkru
jksu
jktu
jkuv
jkuw
jkux
jkuy
jkuz
jlmo
jlmu
jlno
jlnu
jlop
jloq
jlor
jlos
jlot
jlou
jlov
jlow
jlox
jloy
jloz
jlpu
jlqu
jlru
jlsu
jltu
jluv
jluw
jlux
jluy
jluz
jmno
jmnu
jmop
jmoq
jmor
jmos
jmot
jmou
jmov
jmow
jmox
jmoy
jmoz
jmpu
jmqu
jmru
jmsu
jmtu
jmuv
jmuw
jmux
jmuy
jmuz
jnop
jnoq
jnor
jnos
jnot
jnou
jnov
jnow
jnox
jnoy
jnoz
jnpu
jnqu
jnru
jnsu
jntu
jnuv
jnuw
jnux
jnuy
jnuz
jopq
jopr
jops
jopt
jopu
jopv
jopw
jopx
jopy
jopz
joqr
joqs
joqt
joqu
joqv
joqw
joqx
joqy
joqz
jors
jort
joru
jorv
jorw
jorx
jory
jorz
jost
josu
josv
josw
josx
josy
josz
jotu
jotv
jotw
jotx
joty
jotz
jouv
jouw
joux
jouy
jouz
jovw
jovx
jovy
jovz
jowx
jowy
jowz
joxy
joxz
joyz
jpqu
jpru
jpsu
jptu
jpuv
jpuw
jpux
jpuy
jpuz
jqru
jqsu
jqtu
jquv
jquw
jqux
jquy
jquz
jrsu
jrtu
jruv
jruw
jrux
jruy
jruz
jstu
jsuv
jsuw
jsux
jsuy
jsuz
jtuv
jtuw
jtux
jtuy
jtuz
juvw
juvx
juvy
juvz
juwx
juwy
juwz
juxy
juxz
juyz
klmo
klmu
klno
klnu
klop
kloq
klor
klos
klot
klou
klov
klow
klox
kloy
kloz
klpu
klqu
klru
klsu
kltu
kluv
kluw
klux
kluy
kluz
kmno
kmnu
kmop
kmoq
kmor
kmos
kmot
kmou
kmov
kmow
kmox
kmoy
kmoz
kmpu
kmqu
kmru
kmsu
kmtu
kmuv
kmuw
kmux
kmuy
kmuz
knop
knoq
knor
knos
knot
knou
knov
know
knox
knoy
knoz
knpu
knqu
knru
knsu
kntu
knuv
knuw
knux
knuy
knuz
kopq
kopr
kops
kopt
kopu
kopv
kopw
kopx
kopy
kopz
koqr
koqs
koqt
koqu
koqv
koqw
koqx
koqy
koqz
kors
kort
koru
korv
korw
korx
kory
korz
kost
kosu
kosv
kosw
kosx
kosy
kosz
kotu
kotv
kotw
kotx
koty
kotz
kouv
kouw
koux
kouy
kouz
kovw
kovx
kovy
kovz
kowx
kowy
kowz
koxy
koxz
koyz
kpqu
kpru
kpsu
kptu
kpuv
kpuw
kpux
kpuy
kpuz
kqru
kqsu
kqtu
kquv
kquw
kqux
kquy
kquz
krsu
krtu
kruv
kruw
krux
kruy
kruz
kstu
ksuv
ksuw
ksux
ksuy
ksuz
ktuv
ktuw
ktux
ktuy
ktuz
kuvw
kuvx
kuvy
kuvz
kuwx
kuwy
kuwz
kuxy
kuxz
kuyz
lmno
lmnu
lmop
lmoq
lmor
lmos
lmot
lmou
lmov
lmow
lmox
lmoy
lmoz
lmpu
lmqu
lmru
lmsu
lmtu
lmuv
lmuw
lmux
lmuy
lmuz
lnop
lnoq
lnor
lnos
lnot
lnou
lnov
lnow
lnox
lnoy
lnoz
lnpu
lnqu
lnru
lnsu
lntu
lnuv
lnuw
lnux
lnuy
lnuz
lopq
lopr
lops
lopt
lopu
lopv
lopw
lopx
lopy
lopz
loqr
loqs
loqt
loqu
loqv
loqw
loqx
loqy
loqz
lors
lort
loru
lorv
lorw
lorx
lory
lorz
lost
losu
losv
losw
losx
losy
losz
lotu
lotv
lotw
lotx
loty
lotz
louv
louw
loux
louy
louz
lovw
lovx
lovy
lovz
lowx
lowy
lowz
loxy
loxz
loyz
lpqu
lpru
lpsu
lptu
lpuv
lpuw
lpux
lpuy
lpuz
lqru
lqsu
lqtu
lquv
lquw
lqux
lquy
lquz
lrsu
lrtu
lruv
lruw
lrux
lruy
lruz
lstu
lsuv
lsuw
lsux
lsuy
lsuz
ltuv
ltuw
ltux
ltuy
ltuz
luvw
luvx
luvy
luvz
luwx
luwy
luwz
luxy
luxz
luyz
mnop
mnoq
mnor
mnos
mnot
mnou
mnov
mnow
mnox
mnoy
mnoz
mnpu
mnqu
mnru
mnsu
mntu
mnuv
mnuw
mnux
mnuy
mnuz
mopq
mopr
mops
mopt
mopu
mopv
mopw
mopx
mopy
mopz
moqr
moqs
moqt
moqu
moqv
moqw
moqx
moqy
moqz
mors
mort
moru
morv
morw
morx
mory
morz
most
mosu
mosv
mosw
mosx
mosy
mosz
motu
motv
motw
motx
moty
motz
mouv
mouw
moux
mouy
mouz
movw
movx
movy
movz
mowx
mowy
mowz
moxy
moxz
moyz
mpqu
mpru
mpsu
mptu
mpuv
mpuw
mpux
mpuy
mpuz
mqru
mqsu
mqtu
mquv
mquw
mqux
mquy
mquz
mrsu
mrtu
mruv
mruw
mrux
mruy
mruz
mstu
msuv
msuw
msux
msuy
msuz
mtuv
mtuw
mtux
mtuy
mtuz
muvw
muvx
muvy
muvz
muwx
muwy
muwz
muxy
muxz
muyz
nopq
nopr
nops
nopt
nopu
nopv
nopw
nopx
nopy
nopz
noqr
noqs
noqt
noqu
noqv
noqw
noqx
noqy
noqz
nors
nort
noru
norv
norw
norx
nory
norz
nost
nosu
nosv
nosw
nosx
nosy
nosz
notu
notv
notw
notx
noty
notz
nouv
nouw
noux
nouy
nouz
novw
novx
novy
novz
nowx
nowy
nowz
noxy
noxz
noyz
npqu
npru
npsu
nptu
npuv
npuw
npux
npuy
npuz
nqru
nqsu
nqtu
nquv
nquw
nqux
nquy
nquz
nrsu
nrtu
nruv
nruw
nrux
nruy
nruz
nstu
nsuv
nsuw
nsux
nsuy
nsuz
ntuv
ntuw
ntux
ntuy
ntuz
nuvw
nuvx
nuvy
nuvz
nuwx
nuwy
nuwz
nuxy
nuxz
nuyz
opqr
opqs
opqt
opqu
opqv
opqw
opqx
opqy
opqz
oprs
oprt
opru
oprv
oprw
oprx
opry
oprz
opst
opsu
opsv
opsw
opsx
opsy
opsz
optu
optv
optw
optx
opty
optz
opuv
opuw
opux
opuy
opuz
opvw
opvx
opvy
opvz
opwx
opwy
opwz
opxy
opxz
opyz
oqrs
oqrt
oqru
oqrv
oqrw
oqrx
oqry
oqrz
oqst
oqsu
oqsv
oqsw
oqsx
oqsy
oqsz
oqtu
oqtv
oqtw
oqtx
oqty
oqtz
oquv
oquw
oqux
oquy
oquz
oqvw
oqvx
oqvy
oqvz
oqwx
oqwy
oqwz
oqxy
oqxz
oqyz
orst
orsu
orsv
orsw
orsx
orsy
orsz
ortu
ortv
ortw
ortx
orty
ortz
oruv
oruw
orux
oruy
oruz
orvw
orvx
orvy
orvz
orwx
orwy
orwz
orxy
orxz
oryz
ostu
ostv
ostw
ostx
osty
ostz
osuv
osuw
osux
osuy
osuz
osvw
osvx
osvy
osvz
oswx
oswy
oswz
osxy
osxz
osyz
otuv
otuw
otux
otuy
otuz
otvw
otvx
otvy
otvz
otwx
otwy
otwz
otxy
otxz
otyz
ouvw
ouvx
ouvy
ouvz
ouwx
ouwy
ouwz
ouxy
ouxz
ouyz
ovwx
ovwy
ovwz
ovxy
ovxz
ovyz
owxy
owxz
owyz
oxyz
pqru
pqsu
pqtu
pquv
pquw
pqux
pquy
pquz
prsu
prtu
pruv
pruw
prux
pruy
pruz
pstu
psuv
psuw
psux
psuy
psuz
ptuv
ptuw
ptux
ptuy
ptuz
puvw
puvx
puvy
puvz
puwx
puwy
puwz
puxy
puxz
puyz
qrsu
qrtu
qruv
qruw
qrux
qruy
qruz
qstu
qsuv
qsuw
qsux
qsuy
qsuz
qtuv
qtuw
qtux
qtuy
qtuz
quvw
quvx
quvy
quvz
quwx
quwy
quwz
quxy
quxz
quyz
rstu
rsuv
rsuw
rsux
rsuy
rsuz
rtuv
rtuw
rtux
rtuy
rtuz
ruvw
ruvx
ruvy
ruvz
ruwx
ruwy
ruwz
ruxy
ruxz
ruyz
stuv
stuw
stux
stuy
stuz
suvw
suvx
suvy
suvz
suwx
suwy
suwz
suxy
suxz
suyz
tuvw
tuvx
tuvy
tuvz
tuwx
tuwy
tuwz
tuxy
tuxz
tuyz
uvwx
uvwy
uvwz
uvxy
uvxz
uvyz
uwxy
uwxz
uwyz
uxyz